#
# A fatal error has been detected by the Java Runtime Environment:
#
#  EXCEPTION_ACCESS_VIOLATION (0xc0000005) at pc=0x00007ffbc3dc4f3f, pid=2148, tid=10380
#
# JRE version: Java(TM) SE Runtime Environment (11.0+28) (build 11+28)
# Java VM: Java HotSpot(TM) 64-Bit Server VM (11+28, mixed mode, tiered, compressed oops, g1 gc, windows-amd64)
# Problematic frame:
# C  [freetype.dll+0x44f3f]
#
# No core dump will be written. Minidumps are not enabled by default on client versions of Windows
#
# If you would like to submit a bug report, please visit:
#   http://bugreport.java.com/bugreport/crash.jsp
# The crash happened outside the Java Virtual Machine in native code.
# See problematic frame for where to report the bug.
#

---------------  S U M M A R Y ------------

Command Line: -javaagent:C:\Program Files\JetBrains\IntelliJ IDEA 2018.3.4\lib\idea_rt.jar=2657:C:\Program Files\JetBrains\IntelliJ IDEA 2018.3.4\bin -Dfile.encoding=UTF-8 ir.farzinnasiri.Client.ClientMain

Host: Intel(R) Core(TM) i5-7200U CPU @ 2.50GHz, 4 cores, 11G,  Windows 10 , 64 bit Build 17763 (10.0.17763.1)
Time: Thu Aug  1 13:32:32 2019 Iran Daylight Time elapsed time: 39 seconds (0d 0h 0m 39s)

---------------  T H R E A D  ---------------

Current thread (0x0000021191a86000):  JavaThread "Client Thread" [_thread_in_native, id=10380, stack(0x000000f923b00000,0x000000f923c00000)]

Stack: [0x000000f923b00000,0x000000f923c00000],  sp=0x000000f923bfdef0,  free space=1015k
Native frames: (J=compiled Java code, j=interpreted, Vv=VM code, C=native code)
C  [freetype.dll+0x44f3f]

Java frames: (J=compiled Java code, j=interpreted, Vv=VM code)
J 3565  sun.font.FreetypeFontScaler.getGlyphOutlineNative(Lsun/font/Font2D;JJIFF)Ljava/awt/geom/GeneralPath; java.desktop@11 (0 bytes) @ 0x0000021187ce31b8 [0x0000021187ce3140+0x0000000000000078]
J 3564 c1 sun.font.FreetypeFontScaler.getGlyphOutline(JIFF)Ljava/awt/geom/GeneralPath; java.desktop@11 (47 bytes) @ 0x0000021180d4c82c [0x0000021180d4c140+0x00000000000006ec]
J 3486 c1 sun.font.FileFontStrike.getGlyphOutline(IFF)Ljava/awt/geom/GeneralPath; java.desktop@11 (141 bytes) @ 0x0000021180d38514 [0x0000021180d37c60+0x00000000000008b4]
J 3485 c1 sun.font.StandardGlyphVector$GlyphStrike.appendGlyphOutline(ILjava/awt/geom/GeneralPath;FF)V java.desktop@11 (102 bytes) @ 0x0000021180d36b7c [0x0000021180d36900+0x000000000000027c]
J 3640 c1 sun.font.StandardGlyphVector.getGlyphsOutline(IIFF)Ljava/awt/Shape; java.desktop@11 (97 bytes) @ 0x0000021180d77324 [0x0000021180d76ca0+0x0000000000000684]
j  sun.font.StandardGlyphVector.getOutline(FF)Ljava/awt/Shape;+9 java.desktop@11
j  sun.font.ExtendedTextSourceLabel.handleGetOutline(FF)Ljava/awt/Shape;+6 java.desktop@11
j  sun.font.Decoration.getOutline(Lsun/font/Decoration$Label;FF)Ljava/awt/Shape;+3 java.desktop@11
j  sun.font.ExtendedTextSourceLabel.getOutline(FF)Ljava/awt/Shape;+7 java.desktop@11
j  java.awt.font.TextLine.getOutline(Ljava/awt/geom/AffineTransform;)Ljava/awt/Shape;+54 java.desktop@11
J 3608 c1 sun.java2d.pipe.OutlineTextRenderer.drawString(Lsun/java2d/SunGraphics2D;Ljava/lang/String;DD)V java.desktop@11 (137 bytes) @ 0x0000021180d6057c [0x0000021180d60060+0x000000000000051c]
J 3592 c2 sun.java2d.pipe.GlyphListPipe.drawString(Lsun/java2d/SunGraphics2D;Ljava/lang/String;DD)V java.desktop@11 (202 bytes) @ 0x0000021187ce991c [0x0000021187ce8f00+0x0000000000000a1c]
J 2811 c1 sun.java2d.pipe.ValidatePipe.drawString(Lsun/java2d/SunGraphics2D;Ljava/lang/String;DD)V java.desktop@11 (23 bytes) @ 0x0000021180b557ac [0x0000021180b554a0+0x000000000000030c]
J 3589 c2 sun.java2d.SunGraphics2D.drawString(Ljava/lang/String;II)V java.desktop@11 (132 bytes) @ 0x0000021187ce867c [0x0000021187ce85e0+0x000000000000009c]
J 3607 c1 ir.farzinnasiri.Client.animations.Message.draw(Ljava/awt/Graphics2D;)V (163 bytes) @ 0x0000021180d5a964 [0x0000021180d5a260+0x0000000000000704]
J 3248 c1 ir.farzinnasiri.Client.menus.game.GameScreen.drawMessages(Ljava/awt/Graphics2D;)V (92 bytes) @ 0x0000021180c80b0c [0x0000021180c80660+0x00000000000004ac]
J 3211 c1 ir.farzinnasiri.Client.menus.game.GameScreen.draw(Ljava/awt/Graphics2D;)V (408 bytes) @ 0x0000021180c5d8e4 [0x0000021180c5ad20+0x0000000000002bc4]
J 2381 c1 ir.farzinnasiri.Client.Client.render(Ljava/awt/image/BufferStrategy;)V (48 bytes) @ 0x0000021180a4339c [0x0000021180a42f60+0x000000000000043c]
j  ir.farzinnasiri.Client.Client.run()V+81
j  java.lang.Thread.run()V+11 java.base@11
v  ~StubRoutines::call_stub

siginfo: EXCEPTION_ACCESS_VIOLATION (0xc0000005), reading address 0x00000000000000e0


Register to memory mapping:

RIP=0x00007ffbc3dc4f3f freetype.dll
RAX=0x000000f923bfdf20 is pointing into the stack for thread: 0x0000021191a86000
RBX=0x000000f923bfe130 is pointing into the stack for thread: 0x0000021191a86000
RCX=0x00000211994824b0 points into unknown readable memory
RDX=0x0 is NULL
RSP=0x000000f923bfdef0 is pointing into the stack for thread: 0x0000021191a86000
RBP=0x00000211990d35e0 points into unknown readable memory
RSI=0x0000000000000020 is an unknown value
RDI=0x00000211994824b0 points into unknown readable memory
R8 =0x0000000000000020 is an unknown value
R9 =0x000000f923bfdf78 is pointing into the stack for thread: 0x0000021191a86000
R10=0x0 is NULL
R11=0x00000211919e76f0 points into unknown readable memory
R12=0x0000000000000020 is an unknown value
R13=0x0 is NULL
R14=0x0000000000002fdc is an unknown value
R15=0x0000021198836c80 points into unknown readable memory


Registers:
RAX=0x000000f923bfdf20, RBX=0x000000f923bfe130, RCX=0x00000211994824b0, RDX=0x0000000000000000
RSP=0x000000f923bfdef0, RBP=0x00000211990d35e0, RSI=0x0000000000000020, RDI=0x00000211994824b0
R8 =0x0000000000000020, R9 =0x000000f923bfdf78, R10=0x0000000000000000, R11=0x00000211919e76f0
R12=0x0000000000000020, R13=0x0000000000000000, R14=0x0000000000002fdc, R15=0x0000021198836c80
RIP=0x00007ffbc3dc4f3f, EFLAGS=0x0000000000010246

Top of Stack: (sp=0x000000f923bfdef0)
0x000000f923bfdef0:   00000211990d35e0 000002119948bce0
0x000000f923bfdf00:   0000000000000000 00000000000000cc
0x000000f923bfdf10:   000000f923bfdf20 00000000000000cc
0x000000f923bfdf20:   00000211990d0000 00007ffbc3dc2a92
0x000000f923bfdf30:   00000211994824b0 0000000000000000
0x000000f923bfdf40:   0000000000000e08 000000f923bfe060
0x000000f923bfdf50:   000000f923bfe130 00007ffbc3dc4622
0x000000f923bfdf60:   000000f923bf0000 0000000000000e08
0x000000f923bfdf70:   0000021191a80000 00007ffbc4600000
0x000000f923bfdf80:   0000000000000002 00007ffbc46024fc
0x000000f923bfdf90:   0000000100000000 0006bcc023bfe248
0x000000f923bfdfa0:   000000000006bcc0 0000021191a86000
0x000000f923bfdfb0:   0000021191914400 00007ffbdc12df7b
0x000000f923bfdfc0:   0000021191a86000 00007ffb00000000
0x000000f923bfdfd0:   0000000000000006 0000000000000006
0x000000f923bfdfe0:   000000f923bfe248 00007ffb91363dfb 

Instructions: (pc=0x00007ffbc3dc4f3f)
0x00007ffbc3dc4f1f:   02 00 00 4c 8d 8c 24 88 00 00 00 44 8b f0 44 8b
0x00007ffbc3dc4f2f:   c6 48 8d 44 24 30 33 d2 48 8b cf 48 89 44 24 20
0x00007ffbc3dc4f3f:   41 ff 92 e0 00 00 00 80 bf 90 01 00 00 00 8b 4b
0x00007ffbc3dc4f4f:   44 74 2d 4c 8b 97 d0 02 00 00 48 8d 84 24 80 00 



---------------  P R O C E S S  ---------------

Threads class SMR info:
_java_thread_list=0x000002119944bfc0, length=45, elements={
0x0000021191020800, 0x000002119102c800, 0x00000211ff45e000, 0x0000021191086800,
0x000002119108a000, 0x000002119108e000, 0x000002119103b000, 0x00000211ff409000,
0x0000021191393800, 0x0000021191394000, 0x000002119158d000, 0x00000211932a9000,
0x0000021192e94000, 0x00000211939ae000, 0x0000021193b90000, 0x0000021198686800,
0x0000021193604000, 0x0000021193602800, 0x0000021191a78800, 0x0000021191a7a800,
0x0000021191a7a000, 0x0000021191a7d000, 0x0000021191a7e000, 0x0000021191a77800,
0x0000021191a7b800, 0x0000021191a7f000, 0x0000021191a7c800, 0x0000021191a82000,
0x0000021191a79000, 0x0000021191a85800, 0x0000021191a83000, 0x0000021191a80800,
0x0000021191a7f800, 0x0000021191a83800, 0x0000021191a84800, 0x0000021191a86000,
0x0000021191a81000, 0x000002119941a000, 0x0000021199416000, 0x0000021199417000,
0x0000021199417800, 0x0000021199413800, 0x0000021199414800, 0x000002119941c800,
0x000002119941d800
}

Java Threads: ( => current thread )
  0x0000021191020800 JavaThread "Reference Handler" daemon [_thread_blocked, id=11552, stack(0x000000f91c400000,0x000000f91c500000)]
  0x000002119102c800 JavaThread "Finalizer" daemon [_thread_blocked, id=3568, stack(0x000000f91c500000,0x000000f91c600000)]
  0x00000211ff45e000 JavaThread "Signal Dispatcher" daemon [_thread_blocked, id=6300, stack(0x000000f91c600000,0x000000f91c700000)]
  0x0000021191086800 JavaThread "Attach Listener" daemon [_thread_blocked, id=4208, stack(0x000000f91c700000,0x000000f91c800000)]
  0x000002119108a000 JavaThread "C2 CompilerThread0" daemon [_thread_blocked, id=12068, stack(0x000000f91c800000,0x000000f91c900000)]
  0x000002119108e000 JavaThread "C1 CompilerThread0" daemon [_thread_blocked, id=6664, stack(0x000000f91c900000,0x000000f91ca00000)]
  0x000002119103b000 JavaThread "Sweeper thread" daemon [_thread_blocked, id=8332, stack(0x000000f91ca00000,0x000000f91cb00000)]
  0x00000211ff409000 JavaThread "Common-Cleaner" daemon [_thread_blocked, id=5716, stack(0x000000f91cb00000,0x000000f91cc00000)]
  0x0000021191393800 JavaThread "Monitor Ctrl-Break" daemon [_thread_in_native, id=4432, stack(0x000000f91cc00000,0x000000f91cd00000)]
  0x0000021191394000 JavaThread "Service Thread" daemon [_thread_blocked, id=5596, stack(0x000000f91cd00000,0x000000f91ce00000)]
  0x000002119158d000 JavaThread "Java2D Disposer" daemon [_thread_blocked, id=4756, stack(0x000000f91cf00000,0x000000f91d000000)]
  0x00000211932a9000 JavaThread "InvokeLaterDispatcher" daemon [_thread_blocked, id=1096, stack(0x000000f91d700000,0x000000f91d800000)]
  0x0000021192e94000 JavaThread "JavaFX Application Thread" [_thread_in_native, id=3900, stack(0x000000f91d800000,0x000000f91d900000)]
  0x00000211939ae000 JavaThread "Thread-2" daemon [_thread_in_native, id=4748, stack(0x000000f91d300000,0x000000f91d400000)]
  0x0000021193b90000 JavaThread "JFXMedia Player EventQueueThread" daemon [_thread_blocked, id=10340, stack(0x000000f91df00000,0x000000f91e000000)]
  0x0000021198686800 JavaThread "Media Resource Disposer" daemon [_thread_blocked, id=232, stack(0x000000f91e500000,0x000000f91e600000)]
  0x0000021193604000 JavaThread "JFXMedia Player EventQueueThread" daemon [_thread_blocked, id=10248, stack(0x000000f91e600000,0x000000f91e700000)]
  0x0000021193602800 JavaThread "JFXMedia Player EventQueueThread" daemon [_thread_blocked, id=3976, stack(0x000000f91e900000,0x000000f91ea00000)]
  0x0000021191a78800 JavaThread "JFXMedia Player EventQueueThread" daemon [_thread_blocked, id=1768, stack(0x000000f91f000000,0x000000f91f100000)]
  0x0000021191a7a800 JavaThread "JFXMedia Player EventQueueThread" daemon [_thread_blocked, id=6956, stack(0x000000f91f300000,0x000000f91f400000)]
  0x0000021191a7a000 JavaThread "JFXMedia Player EventQueueThread" daemon [_thread_blocked, id=6872, stack(0x000000f91f700000,0x000000f91f800000)]
  0x0000021191a7d000 JavaThread "JFXMedia Player EventQueueThread" daemon [_thread_blocked, id=10012, stack(0x000000f91fc00000,0x000000f91fd00000)]
  0x0000021191a7e000 JavaThread "JFXMedia Player EventQueueThread" daemon [_thread_blocked, id=1380, stack(0x000000f920100000,0x000000f920200000)]
  0x0000021191a77800 JavaThread "JFXMedia Player EventQueueThread" daemon [_thread_blocked, id=10784, stack(0x000000f920700000,0x000000f920800000)]
  0x0000021191a7b800 JavaThread "JFXMedia Player EventQueueThread" daemon [_thread_blocked, id=11884, stack(0x000000f920a00000,0x000000f920b00000)]
  0x0000021191a7f000 JavaThread "JFXMedia Player EventQueueThread" daemon [_thread_blocked, id=11380, stack(0x000000f920f00000,0x000000f921000000)]
  0x0000021191a7c800 JavaThread "JFXMedia Player EventQueueThread" daemon [_thread_blocked, id=6636, stack(0x000000f921500000,0x000000f921600000)]
  0x0000021191a82000 JavaThread "JFXMedia Player EventQueueThread" daemon [_thread_blocked, id=1376, stack(0x000000f921a00000,0x000000f921b00000)]
  0x0000021191a79000 JavaThread "JFXMedia Player EventQueueThread" daemon [_thread_blocked, id=1176, stack(0x000000f921d00000,0x000000f921e00000)]
  0x0000021191a85800 JavaThread "JFXMedia Player EventQueueThread" daemon [_thread_blocked, id=10704, stack(0x000000f922400000,0x000000f922500000)]
  0x0000021191a83000 JavaThread "JFXMedia Player EventQueueThread" daemon [_thread_blocked, id=9800, stack(0x000000f922700000,0x000000f922800000)]
  0x0000021191a80800 JavaThread "JFXMedia Player EventQueueThread" daemon [_thread_blocked, id=11556, stack(0x000000f922e00000,0x000000f922f00000)]
  0x0000021191a7f800 JavaThread "JFXMedia Player EventQueueThread" daemon [_thread_blocked, id=11892, stack(0x000000f923100000,0x000000f923200000)]
  0x0000021191a83800 JavaThread "AWT-Shutdown" [_thread_blocked, id=12024, stack(0x000000f923900000,0x000000f923a00000)]
  0x0000021191a84800 JavaThread "AWT-EventQueue-0" [_thread_blocked, id=6268, stack(0x000000f923a00000,0x000000f923b00000)]
=>0x0000021191a86000 JavaThread "Client Thread" [_thread_in_native, id=10380, stack(0x000000f923b00000,0x000000f923c00000)]
  0x0000021191a81000 JavaThread "DestroyJavaVM" [_thread_blocked, id=11740, stack(0x000000f91bd00000,0x000000f91be00000)]
  0x000002119941a000 JavaThread "Timer-1" daemon [_thread_blocked, id=11312, stack(0x000000f923e00000,0x000000f923f00000)]
  0x0000021199416000 JavaThread "Connection Thread" [_thread_in_native, id=9496, stack(0x000000f923f00000,0x000000f924000000)]
  0x0000021199417000 JavaThread "Server Thread" [_thread_blocked, id=304, stack(0x000000f924000000,0x000000f924100000)]
  0x0000021199417800 JavaThread "Receive" [_thread_in_native, id=9528, stack(0x000000f924300000,0x000000f924400000)]
  0x0000021199413800 JavaThread "Timer-2" [_thread_blocked, id=9936, stack(0x000000f924500000,0x000000f924600000)]
  0x0000021199414800 JavaThread "text box thread" [_thread_blocked, id=7728, stack(0x000000f924400000,0x000000f924500000)]
  0x000002119941c800 JavaThread "Timer-4" daemon [_thread_blocked, id=11544, stack(0x000000f923c00000,0x000000f923d00000)]
  0x000002119941d800 JavaThread "Waves Handler Thread" [_thread_in_Java, id=5236, stack(0x000000f924200000,0x000000f924300000)]

Other Threads:
  0x00000211ff44c000 VMThread "VM Thread" [stack: 0x000000f91c300000,0x000000f91c400000] [id=9492]
  0x0000021191399000 WatcherThread [stack: 0x000000f91ce00000,0x000000f91cf00000] [id=9544]
  0x00000211efb00000 GCTaskThread "GC Thread#0" [stack: 0x000000f91be00000,0x000000f91bf00000] [id=2124]
  0x00000211936bd000 GCTaskThread "GC Thread#1" [stack: 0x000000f91db00000,0x000000f91dc00000] [id=6676]
  0x00000211936d0800 GCTaskThread "GC Thread#2" [stack: 0x000000f91dc00000,0x000000f91dd00000] [id=5680]
  0x0000021193990800 GCTaskThread "GC Thread#3" [stack: 0x000000f91dd00000,0x000000f91de00000] [id=7676]
  0x00000211efb45800 ConcurrentGCThread "G1 Main Marker" [stack: 0x000000f91bf00000,0x000000f91c000000] [id=9812]
  0x00000211efb47000 ConcurrentGCThread "G1 Conc#0" [stack: 0x000000f91c000000,0x000000f91c100000] [id=12004]
  0x00000211efbbd800 ConcurrentGCThread "G1 Refine#0" [stack: 0x000000f91c100000,0x000000f91c200000] [id=8732]
  0x00000211ff2b7800 ConcurrentGCThread "G1 Young RemSet Sampling" [stack: 0x000000f91c200000,0x000000f91c300000] [id=6304]

Threads with active compile tasks:

VM state:not at safepoint (normal execution)

VM Mutex/Monitor currently owned by a thread: None

Heap address: 0x0000000741c00000, size: 3044 MB, Compressed Oops mode: Zero based, Oop shift amount: 3
Narrow klass base: 0x0000000800000000, Narrow klass shift: 0
Compressed class space size: 1073741824 Address: 0x0000000800000000

Heap:
 garbage-first heap   total 271360K, used 196604K [0x0000000741c00000, 0x0000000800000000)
  region size 1024K, 112 young (114688K), 1 survivors (1024K)
 Metaspace       used 24823K, capacity 25488K, committed 25728K, reserved 1073152K
  class space    used 2548K, capacity 2839K, committed 2944K, reserved 1048576K
Heap Regions: E=young(eden), S=young(survivor), O=old, HS=humongous(starts), HC=humongous(continues), CS=collection set, F=free, A=archive, TAMS=top-at-mark-start (previous, next)
|   0|0x0000000741c00000, 0x0000000741d00000, 0x0000000741d00000|100%| O|  |TAMS 0x0000000741d00000, 0x0000000741c00000| Untracked 
|   1|0x0000000741d00000, 0x0000000741e00000, 0x0000000741e00000|100%|HS|  |TAMS 0x0000000741e00000, 0x0000000741d00000| Complete 
|   2|0x0000000741e00000, 0x0000000741f00000, 0x0000000741f00000|100%|HC|  |TAMS 0x0000000741f00000, 0x0000000741e00000| Complete 
|   3|0x0000000741f00000, 0x0000000742000000, 0x0000000742000000|100%|HS|  |TAMS 0x0000000742000000, 0x0000000741f00000| Complete 
|   4|0x0000000742000000, 0x0000000742100000, 0x0000000742100000|100%|HC|  |TAMS 0x0000000742100000, 0x0000000742000000| Complete 
|   5|0x0000000742100000, 0x0000000742200000, 0x0000000742200000|100%|HS|  |TAMS 0x0000000742200000, 0x0000000742100000| Complete 
|   6|0x0000000742200000, 0x0000000742300000, 0x0000000742300000|100%|HS|  |TAMS 0x0000000742300000, 0x0000000742200000| Complete 
|   7|0x0000000742300000, 0x0000000742400000, 0x0000000742400000|100%|HC|  |TAMS 0x0000000742400000, 0x0000000742300000| Complete 
|   8|0x0000000742400000, 0x0000000742500000, 0x0000000742500000|100%|HC|  |TAMS 0x0000000742500000, 0x0000000742400000| Complete 
|   9|0x0000000742500000, 0x0000000742600000, 0x0000000742600000|100%|HS|  |TAMS 0x0000000742600000, 0x0000000742500000| Complete 
|  10|0x0000000742600000, 0x0000000742700000, 0x0000000742700000|100%|HC|  |TAMS 0x0000000742700000, 0x0000000742600000| Complete 
|  11|0x0000000742700000, 0x0000000742800000, 0x0000000742800000|100%|HC|  |TAMS 0x0000000742800000, 0x0000000742700000| Complete 
|  12|0x0000000742800000, 0x0000000742900000, 0x0000000742900000|100%|HC|  |TAMS 0x0000000742900000, 0x0000000742800000| Complete 
|  13|0x0000000742900000, 0x0000000742a00000, 0x0000000742a00000|100%|HC|  |TAMS 0x0000000742a00000, 0x0000000742900000| Complete 
|  14|0x0000000742a00000, 0x0000000742b00000, 0x0000000742b00000|100%|HC|  |TAMS 0x0000000742b00000, 0x0000000742a00000| Complete 
|  15|0x0000000742b00000, 0x0000000742c00000, 0x0000000742c00000|100%|HS|  |TAMS 0x0000000742c00000, 0x0000000742b00000| Complete 
|  16|0x0000000742c00000, 0x0000000742d00000, 0x0000000742d00000|100%|HC|  |TAMS 0x0000000742d00000, 0x0000000742c00000| Complete 
|  17|0x0000000742d00000, 0x0000000742e00000, 0x0000000742e00000|100%|HC|  |TAMS 0x0000000742e00000, 0x0000000742d00000| Complete 
|  18|0x0000000742e00000, 0x0000000742f00000, 0x0000000742f00000|100%|HC|  |TAMS 0x0000000742f00000, 0x0000000742e00000| Complete 
|  19|0x0000000742f00000, 0x0000000743000000, 0x0000000743000000|100%|HC|  |TAMS 0x0000000743000000, 0x0000000742f00000| Complete 
|  20|0x0000000743000000, 0x0000000743100000, 0x0000000743100000|100%|HS|  |TAMS 0x0000000743100000, 0x0000000743000000| Complete 
|  21|0x0000000743100000, 0x0000000743200000, 0x0000000743200000|100%|HC|  |TAMS 0x0000000743200000, 0x0000000743100000| Complete 
|  22|0x0000000743200000, 0x0000000743300000, 0x0000000743300000|100%|HC|  |TAMS 0x0000000743300000, 0x0000000743200000| Complete 
|  23|0x0000000743300000, 0x0000000743400000, 0x0000000743400000|100%|HS|  |TAMS 0x0000000743400000, 0x0000000743300000| Complete 
|  24|0x0000000743400000, 0x0000000743500000, 0x0000000743500000|100%|HC|  |TAMS 0x0000000743500000, 0x0000000743400000| Complete 
|  25|0x0000000743500000, 0x0000000743600000, 0x0000000743600000|100%|HC|  |TAMS 0x0000000743600000, 0x0000000743500000| Complete 
|  26|0x0000000743600000, 0x0000000743700000, 0x0000000743700000|100%|HC|  |TAMS 0x0000000743700000, 0x0000000743600000| Complete 
|  27|0x0000000743700000, 0x0000000743800000, 0x0000000743800000|100%|HC|  |TAMS 0x0000000743800000, 0x0000000743700000| Complete 
|  28|0x0000000743800000, 0x0000000743900000, 0x0000000743900000|100%|HC|  |TAMS 0x0000000743900000, 0x0000000743800000| Complete 
|  29|0x0000000743900000, 0x0000000743a00000, 0x0000000743a00000|100%|HC|  |TAMS 0x0000000743a00000, 0x0000000743900000| Complete 
|  30|0x0000000743a00000, 0x0000000743b00000, 0x0000000743b00000|100%|HC|  |TAMS 0x0000000743b00000, 0x0000000743a00000| Complete 
|  31|0x0000000743b00000, 0x0000000743c00000, 0x0000000743c00000|100%|HS|  |TAMS 0x0000000743c00000, 0x0000000743b00000| Complete 
|  32|0x0000000743c00000, 0x0000000743d00000, 0x0000000743d00000|100%|HC|  |TAMS 0x0000000743d00000, 0x0000000743c00000| Complete 
|  33|0x0000000743d00000, 0x0000000743e00000, 0x0000000743e00000|100%|HC|  |TAMS 0x0000000743e00000, 0x0000000743d00000| Complete 
|  34|0x0000000743e00000, 0x0000000743f00000, 0x0000000743f00000|100%|HC|  |TAMS 0x0000000743f00000, 0x0000000743e00000| Complete 
|  35|0x0000000743f00000, 0x0000000744000000, 0x0000000744000000|100%| O|  |TAMS 0x0000000744000000, 0x0000000743f00000| Untracked 
|  36|0x0000000744000000, 0x0000000744100000, 0x0000000744100000|100%| O|  |TAMS 0x0000000744100000, 0x0000000744000000| Untracked 
|  37|0x0000000744100000, 0x0000000744200000, 0x0000000744200000|100%| O|  |TAMS 0x0000000744200000, 0x0000000744100000| Untracked 
|  38|0x0000000744200000, 0x0000000744300000, 0x0000000744300000|100%| O|  |TAMS 0x0000000744300000, 0x0000000744200000| Untracked 
|  39|0x0000000744300000, 0x0000000744400000, 0x0000000744400000|100%| O|  |TAMS 0x0000000744400000, 0x0000000744300000| Untracked 
|  40|0x0000000744400000, 0x0000000744500000, 0x0000000744500000|100%| O|  |TAMS 0x0000000744500000, 0x0000000744400000| Untracked 
|  41|0x0000000744500000, 0x0000000744600000, 0x0000000744600000|100%| O|  |TAMS 0x0000000744600000, 0x0000000744500000| Untracked 
|  42|0x0000000744600000, 0x0000000744700000, 0x0000000744700000|100%| O|  |TAMS 0x0000000744700000, 0x0000000744600000| Untracked 
|  43|0x0000000744700000, 0x0000000744800000, 0x0000000744800000|100%| O|  |TAMS 0x0000000744800000, 0x0000000744700000| Untracked 
|  44|0x0000000744800000, 0x0000000744900000, 0x0000000744900000|100%| O|  |TAMS 0x0000000744900000, 0x0000000744800000| Untracked 
|  45|0x0000000744900000, 0x0000000744a00000, 0x0000000744a00000|100%| O|  |TAMS 0x0000000744a00000, 0x0000000744900000| Untracked 
|  46|0x0000000744a00000, 0x0000000744b00000, 0x0000000744b00000|100%| O|  |TAMS 0x0000000744b00000, 0x0000000744a00000| Untracked 
|  47|0x0000000744b00000, 0x0000000744c00000, 0x0000000744c00000|100%| O|  |TAMS 0x0000000744c00000, 0x0000000744b00000| Untracked 
|  48|0x0000000744c00000, 0x0000000744d00000, 0x0000000744d00000|100%| O|  |TAMS 0x0000000744d00000, 0x0000000744c00000| Untracked 
|  49|0x0000000744d00000, 0x0000000744e00000, 0x0000000744e00000|100%| O|  |TAMS 0x0000000744e00000, 0x0000000744d00000| Untracked 
|  50|0x0000000744e00000, 0x0000000744f00000, 0x0000000744f00000|100%| O|  |TAMS 0x0000000744f00000, 0x0000000744e00000| Untracked 
|  51|0x0000000744f00000, 0x0000000745000000, 0x0000000745000000|100%| O|  |TAMS 0x0000000745000000, 0x0000000744f00000| Untracked 
|  52|0x0000000745000000, 0x0000000745100000, 0x0000000745100000|100%| O|  |TAMS 0x0000000745100000, 0x0000000745000000| Untracked 
|  53|0x0000000745100000, 0x0000000745200000, 0x0000000745200000|100%| O|  |TAMS 0x0000000745200000, 0x0000000745100000| Untracked 
|  54|0x0000000745200000, 0x0000000745300000, 0x0000000745300000|100%| O|  |TAMS 0x0000000745300000, 0x0000000745200000| Untracked 
|  55|0x0000000745300000, 0x0000000745400000, 0x0000000745400000|100%| O|  |TAMS 0x0000000745400000, 0x0000000745300000| Untracked 
|  56|0x0000000745400000, 0x0000000745500000, 0x0000000745500000|100%| O|  |TAMS 0x0000000745500000, 0x0000000745400000| Untracked 
|  57|0x0000000745500000, 0x0000000745600000, 0x0000000745600000|100%| O|  |TAMS 0x0000000745600000, 0x0000000745500000| Untracked 
|  58|0x0000000745600000, 0x0000000745700000, 0x0000000745700000|100%| O|  |TAMS 0x00000007456c2c00, 0x0000000745600000| Untracked 
|  59|0x0000000745700000, 0x0000000745800000, 0x0000000745800000|100%|HS|  |TAMS 0x0000000745700000, 0x0000000745700000| Complete 
|  60|0x0000000745800000, 0x0000000745900000, 0x0000000745900000|100%|HC|  |TAMS 0x0000000745800000, 0x0000000745800000| Complete 
|  61|0x0000000745900000, 0x0000000745a00000, 0x0000000745a00000|100%|HC|  |TAMS 0x0000000745900000, 0x0000000745900000| Complete 
|  62|0x0000000745a00000, 0x0000000745b00000, 0x0000000745b00000|100%|HC|  |TAMS 0x0000000745a00000, 0x0000000745a00000| Complete 
|  63|0x0000000745b00000, 0x0000000745c00000, 0x0000000745c00000|100%|HC|  |TAMS 0x0000000745b00000, 0x0000000745b00000| Complete 
|  64|0x0000000745c00000, 0x0000000745d00000, 0x0000000745d00000|100%|HC|  |TAMS 0x0000000745c00000, 0x0000000745c00000| Complete 
|  65|0x0000000745d00000, 0x0000000745e00000, 0x0000000745e00000|100%|HC|  |TAMS 0x0000000745d00000, 0x0000000745d00000| Complete 
|  66|0x0000000745e00000, 0x0000000745f00000, 0x0000000745f00000|100%|HS|  |TAMS 0x0000000745e00000, 0x0000000745e00000| Complete 
|  67|0x0000000745f00000, 0x0000000746000000, 0x0000000746000000|100%|HC|  |TAMS 0x0000000745f00000, 0x0000000745f00000| Complete 
|  68|0x0000000746000000, 0x0000000746100000, 0x0000000746100000|100%|HC|  |TAMS 0x0000000746000000, 0x0000000746000000| Complete 
|  69|0x0000000746100000, 0x0000000746200000, 0x0000000746200000|100%|HC|  |TAMS 0x0000000746100000, 0x0000000746100000| Complete 
|  70|0x0000000746200000, 0x0000000746300000, 0x0000000746300000|100%|HC|  |TAMS 0x0000000746200000, 0x0000000746200000| Complete 
|  71|0x0000000746300000, 0x0000000746400000, 0x0000000746400000|100%|HC|  |TAMS 0x0000000746300000, 0x0000000746300000| Complete 
|  72|0x0000000746400000, 0x0000000746500000, 0x0000000746500000|100%|HC|  |TAMS 0x0000000746400000, 0x0000000746400000| Complete 
|  73|0x0000000746500000, 0x0000000746600000, 0x0000000746600000|100%|HS|  |TAMS 0x0000000746500000, 0x0000000746500000| Complete 
|  74|0x0000000746600000, 0x0000000746700000, 0x0000000746700000|100%|HC|  |TAMS 0x0000000746600000, 0x0000000746600000| Complete 
|  75|0x0000000746700000, 0x0000000746800000, 0x0000000746800000|100%|HC|  |TAMS 0x0000000746700000, 0x0000000746700000| Complete 
|  76|0x0000000746800000, 0x0000000746900000, 0x0000000746900000|100%|HC|  |TAMS 0x0000000746800000, 0x0000000746800000| Complete 
|  77|0x0000000746900000, 0x0000000746a00000, 0x0000000746a00000|100%|HC|  |TAMS 0x0000000746900000, 0x0000000746900000| Complete 
|  78|0x0000000746a00000, 0x0000000746b00000, 0x0000000746b00000|100%|HC|  |TAMS 0x0000000746a00000, 0x0000000746a00000| Complete 
|  79|0x0000000746b00000, 0x0000000746c00000, 0x0000000746c00000|100%|HC|  |TAMS 0x0000000746b00000, 0x0000000746b00000| Complete 
|  80|0x0000000746c00000, 0x0000000746d00000, 0x0000000746d00000|100%| O|  |TAMS 0x0000000746c00000, 0x0000000746c00000| Untracked 
|  81|0x0000000746d00000, 0x0000000746df7800, 0x0000000746e00000| 96%| O|  |TAMS 0x0000000746d00000, 0x0000000746d00000| Untracked 
|  82|0x0000000746e00000, 0x0000000746e00000, 0x0000000746f00000|  0%| F|  |TAMS 0x0000000746e00000, 0x0000000746e00000| Untracked 
|  83|0x0000000746f00000, 0x0000000746f00000, 0x0000000747000000|  0%| F|  |TAMS 0x0000000746f00000, 0x0000000746f00000| Untracked 
|  84|0x0000000747000000, 0x0000000747000000, 0x0000000747100000|  0%| F|  |TAMS 0x0000000747000000, 0x0000000747000000| Untracked 
|  85|0x0000000747100000, 0x0000000747100000, 0x0000000747200000|  0%| F|  |TAMS 0x0000000747100000, 0x0000000747100000| Untracked 
|  86|0x0000000747200000, 0x0000000747200000, 0x0000000747300000|  0%| F|  |TAMS 0x0000000747200000, 0x0000000747200000| Untracked 
|  87|0x0000000747300000, 0x0000000747300000, 0x0000000747400000|  0%| F|  |TAMS 0x0000000747300000, 0x0000000747300000| Untracked 
|  88|0x0000000747400000, 0x0000000747400000, 0x0000000747500000|  0%| F|  |TAMS 0x0000000747400000, 0x0000000747400000| Untracked 
|  89|0x0000000747500000, 0x0000000747500000, 0x0000000747600000|  0%| F|  |TAMS 0x0000000747500000, 0x0000000747500000| Untracked 
|  90|0x0000000747600000, 0x0000000747600000, 0x0000000747700000|  0%| F|  |TAMS 0x0000000747600000, 0x0000000747600000| Untracked 
|  91|0x0000000747700000, 0x0000000747700000, 0x0000000747800000|  0%| F|  |TAMS 0x0000000747700000, 0x0000000747700000| Untracked 
|  92|0x0000000747800000, 0x0000000747800000, 0x0000000747900000|  0%| F|  |TAMS 0x0000000747800000, 0x0000000747800000| Untracked 
|  93|0x0000000747900000, 0x0000000747900000, 0x0000000747a00000|  0%| F|  |TAMS 0x0000000747900000, 0x0000000747900000| Untracked 
|  94|0x0000000747a00000, 0x0000000747a00000, 0x0000000747b00000|  0%| F|  |TAMS 0x0000000747a00000, 0x0000000747a00000| Untracked 
|  95|0x0000000747b00000, 0x0000000747b00000, 0x0000000747c00000|  0%| F|  |TAMS 0x0000000747b00000, 0x0000000747b00000| Untracked 
|  96|0x0000000747c00000, 0x0000000747c00000, 0x0000000747d00000|  0%| F|  |TAMS 0x0000000747c00000, 0x0000000747c00000| Untracked 
|  97|0x0000000747d00000, 0x0000000747d00000, 0x0000000747e00000|  0%| F|  |TAMS 0x0000000747d00000, 0x0000000747d00000| Untracked 
|  98|0x0000000747e00000, 0x0000000747e00000, 0x0000000747f00000|  0%| F|  |TAMS 0x0000000747e00000, 0x0000000747e00000| Untracked 
|  99|0x0000000747f00000, 0x0000000747f00000, 0x0000000748000000|  0%| F|  |TAMS 0x0000000747f00000, 0x0000000747f00000| Untracked 
| 100|0x0000000748000000, 0x0000000748000000, 0x0000000748100000|  0%| F|  |TAMS 0x0000000748000000, 0x0000000748000000| Untracked 
| 101|0x0000000748100000, 0x0000000748100000, 0x0000000748200000|  0%| F|  |TAMS 0x0000000748100000, 0x0000000748100000| Untracked 
| 102|0x0000000748200000, 0x0000000748200000, 0x0000000748300000|  0%| F|  |TAMS 0x0000000748200000, 0x0000000748200000| Untracked 
| 103|0x0000000748300000, 0x0000000748300000, 0x0000000748400000|  0%| F|  |TAMS 0x0000000748300000, 0x0000000748300000| Untracked 
| 104|0x0000000748400000, 0x0000000748400000, 0x0000000748500000|  0%| F|  |TAMS 0x0000000748400000, 0x0000000748400000| Untracked 
| 105|0x0000000748500000, 0x0000000748500000, 0x0000000748600000|  0%| F|  |TAMS 0x0000000748500000, 0x0000000748500000| Untracked 
| 106|0x0000000748600000, 0x0000000748600000, 0x0000000748700000|  0%| F|  |TAMS 0x0000000748600000, 0x0000000748600000| Untracked 
| 107|0x0000000748700000, 0x0000000748700000, 0x0000000748800000|  0%| F|  |TAMS 0x0000000748700000, 0x0000000748700000| Untracked 
| 108|0x0000000748800000, 0x0000000748800000, 0x0000000748900000|  0%| F|  |TAMS 0x0000000748800000, 0x0000000748800000| Untracked 
| 109|0x0000000748900000, 0x0000000748907a00, 0x0000000748a00000|  2%| S|CS|TAMS 0x0000000748900000, 0x0000000748900000| Complete 
| 110|0x0000000748a00000, 0x0000000748a00000, 0x0000000748b00000|  0%| F|  |TAMS 0x0000000748a00000, 0x0000000748a00000| Untracked 
| 111|0x0000000748b00000, 0x0000000748b00000, 0x0000000748c00000|  0%| F|  |TAMS 0x0000000748b00000, 0x0000000748b00000| Untracked 
| 112|0x0000000748c00000, 0x0000000748c00000, 0x0000000748d00000|  0%| F|  |TAMS 0x0000000748c00000, 0x0000000748c00000| Untracked 
| 113|0x0000000748d00000, 0x0000000748d00000, 0x0000000748e00000|  0%| F|  |TAMS 0x0000000748d00000, 0x0000000748d00000| Untracked 
| 114|0x0000000748e00000, 0x0000000748e00000, 0x0000000748f00000|  0%| F|  |TAMS 0x0000000748e00000, 0x0000000748e00000| Untracked 
| 115|0x0000000748f00000, 0x0000000748f00000, 0x0000000749000000|  0%| F|  |TAMS 0x0000000748f00000, 0x0000000748f00000| Untracked 
| 116|0x0000000749000000, 0x0000000749000000, 0x0000000749100000|  0%| F|  |TAMS 0x0000000749000000, 0x0000000749000000| Untracked 
| 117|0x0000000749100000, 0x0000000749100000, 0x0000000749200000|  0%| F|  |TAMS 0x0000000749100000, 0x0000000749100000| Untracked 
| 118|0x0000000749200000, 0x0000000749200000, 0x0000000749300000|  0%| F|  |TAMS 0x0000000749200000, 0x0000000749200000| Untracked 
| 119|0x0000000749300000, 0x0000000749300000, 0x0000000749400000|  0%| F|  |TAMS 0x0000000749300000, 0x0000000749300000| Untracked 
| 120|0x0000000749400000, 0x0000000749400000, 0x0000000749500000|  0%| F|  |TAMS 0x0000000749400000, 0x0000000749400000| Untracked 
| 121|0x0000000749500000, 0x0000000749500000, 0x0000000749600000|  0%| F|  |TAMS 0x0000000749500000, 0x0000000749500000| Untracked 
| 122|0x0000000749600000, 0x0000000749600000, 0x0000000749700000|  0%| F|  |TAMS 0x0000000749600000, 0x0000000749600000| Untracked 
| 123|0x0000000749700000, 0x0000000749700000, 0x0000000749800000|  0%| F|  |TAMS 0x0000000749700000, 0x0000000749700000| Untracked 
| 124|0x0000000749800000, 0x0000000749800000, 0x0000000749900000|  0%| F|  |TAMS 0x0000000749800000, 0x0000000749800000| Untracked 
| 125|0x0000000749900000, 0x0000000749900000, 0x0000000749a00000|  0%| F|  |TAMS 0x0000000749900000, 0x0000000749900000| Untracked 
| 126|0x0000000749a00000, 0x0000000749a00000, 0x0000000749b00000|  0%| F|  |TAMS 0x0000000749a00000, 0x0000000749a00000| Untracked 
| 127|0x0000000749b00000, 0x0000000749b00000, 0x0000000749c00000|  0%| F|  |TAMS 0x0000000749b00000, 0x0000000749b00000| Untracked 
| 128|0x0000000749c00000, 0x0000000749c00000, 0x0000000749d00000|  0%| F|  |TAMS 0x0000000749c00000, 0x0000000749c00000| Untracked 
| 129|0x0000000749d00000, 0x0000000749d00000, 0x0000000749e00000|  0%| F|  |TAMS 0x0000000749d00000, 0x0000000749d00000| Untracked 
| 130|0x0000000749e00000, 0x0000000749e00000, 0x0000000749f00000|  0%| F|  |TAMS 0x0000000749e00000, 0x0000000749e00000| Untracked 
| 131|0x0000000749f00000, 0x0000000749f00000, 0x000000074a000000|  0%| F|  |TAMS 0x0000000749f00000, 0x0000000749f00000| Untracked 
| 132|0x000000074a000000, 0x000000074a000000, 0x000000074a100000|  0%| F|  |TAMS 0x000000074a000000, 0x000000074a000000| Untracked 
| 133|0x000000074a100000, 0x000000074a100000, 0x000000074a200000|  0%| F|  |TAMS 0x000000074a100000, 0x000000074a100000| Untracked 
| 134|0x000000074a200000, 0x000000074a200000, 0x000000074a300000|  0%| F|  |TAMS 0x000000074a200000, 0x000000074a200000| Untracked 
| 135|0x000000074a300000, 0x000000074a300000, 0x000000074a400000|  0%| F|  |TAMS 0x000000074a300000, 0x000000074a300000| Untracked 
| 136|0x000000074a400000, 0x000000074a400000, 0x000000074a500000|  0%| F|  |TAMS 0x000000074a400000, 0x000000074a400000| Untracked 
| 137|0x000000074a500000, 0x000000074a500000, 0x000000074a600000|  0%| F|  |TAMS 0x000000074a500000, 0x000000074a500000| Untracked 
| 138|0x000000074a600000, 0x000000074a600000, 0x000000074a700000|  0%| F|  |TAMS 0x000000074a600000, 0x000000074a600000| Untracked 
| 139|0x000000074a700000, 0x000000074a700000, 0x000000074a800000|  0%| F|  |TAMS 0x000000074a700000, 0x000000074a700000| Untracked 
| 140|0x000000074a800000, 0x000000074a800000, 0x000000074a900000|  0%| F|  |TAMS 0x000000074a800000, 0x000000074a800000| Untracked 
| 141|0x000000074a900000, 0x000000074a900000, 0x000000074aa00000|  0%| F|  |TAMS 0x000000074a900000, 0x000000074a900000| Untracked 
| 142|0x000000074aa00000, 0x000000074aa00000, 0x000000074ab00000|  0%| F|  |TAMS 0x000000074aa00000, 0x000000074aa00000| Untracked 
| 143|0x000000074ab00000, 0x000000074ab00000, 0x000000074ac00000|  0%| F|  |TAMS 0x000000074ab00000, 0x000000074ab00000| Untracked 
| 144|0x000000074ac00000, 0x000000074ac00000, 0x000000074ad00000|  0%| F|  |TAMS 0x000000074ac00000, 0x000000074ac00000| Untracked 
| 145|0x000000074ad00000, 0x000000074ad00000, 0x000000074ae00000|  0%| F|  |TAMS 0x000000074ad00000, 0x000000074ad00000| Untracked 
| 146|0x000000074ae00000, 0x000000074ae80800, 0x000000074af00000| 50%| E|  |TAMS 0x000000074ae00000, 0x000000074ae00000| Complete 
| 147|0x000000074af00000, 0x000000074b000000, 0x000000074b000000|100%| E|CS|TAMS 0x000000074af00000, 0x000000074af00000| Complete 
| 148|0x000000074b000000, 0x000000074b100000, 0x000000074b100000|100%| E|CS|TAMS 0x000000074b000000, 0x000000074b000000| Complete 
| 149|0x000000074b100000, 0x000000074b200000, 0x000000074b200000|100%| E|CS|TAMS 0x000000074b100000, 0x000000074b100000| Complete 
| 150|0x000000074b200000, 0x000000074b300000, 0x000000074b300000|100%| E|CS|TAMS 0x000000074b200000, 0x000000074b200000| Complete 
| 151|0x000000074b300000, 0x000000074b400000, 0x000000074b400000|100%| E|CS|TAMS 0x000000074b300000, 0x000000074b300000| Complete 
| 152|0x000000074b400000, 0x000000074b500000, 0x000000074b500000|100%| E|CS|TAMS 0x000000074b400000, 0x000000074b400000| Complete 
| 153|0x000000074b500000, 0x000000074b600000, 0x000000074b600000|100%| E|CS|TAMS 0x000000074b500000, 0x000000074b500000| Complete 
| 154|0x000000074b600000, 0x000000074b700000, 0x000000074b700000|100%| E|CS|TAMS 0x000000074b600000, 0x000000074b600000| Complete 
| 155|0x000000074b700000, 0x000000074b800000, 0x000000074b800000|100%| E|CS|TAMS 0x000000074b700000, 0x000000074b700000| Complete 
| 156|0x000000074b800000, 0x000000074b900000, 0x000000074b900000|100%| E|CS|TAMS 0x000000074b800000, 0x000000074b800000| Complete 
| 157|0x000000074b900000, 0x000000074ba00000, 0x000000074ba00000|100%| E|CS|TAMS 0x000000074b900000, 0x000000074b900000| Complete 
| 158|0x000000074ba00000, 0x000000074bb00000, 0x000000074bb00000|100%| E|CS|TAMS 0x000000074ba00000, 0x000000074ba00000| Complete 
| 159|0x000000074bb00000, 0x000000074bc00000, 0x000000074bc00000|100%| E|CS|TAMS 0x000000074bb00000, 0x000000074bb00000| Complete 
| 160|0x000000074bc00000, 0x000000074bd00000, 0x000000074bd00000|100%| E|CS|TAMS 0x000000074bc00000, 0x000000074bc00000| Complete 
| 161|0x000000074bd00000, 0x000000074be00000, 0x000000074be00000|100%| E|CS|TAMS 0x000000074bd00000, 0x000000074bd00000| Complete 
| 162|0x000000074be00000, 0x000000074bf00000, 0x000000074bf00000|100%| E|CS|TAMS 0x000000074be00000, 0x000000074be00000| Complete 
| 163|0x000000074bf00000, 0x000000074c000000, 0x000000074c000000|100%| E|CS|TAMS 0x000000074bf00000, 0x000000074bf00000| Complete 
| 164|0x000000074c000000, 0x000000074c100000, 0x000000074c100000|100%| E|CS|TAMS 0x000000074c000000, 0x000000074c000000| Complete 
| 165|0x000000074c100000, 0x000000074c200000, 0x000000074c200000|100%| E|CS|TAMS 0x000000074c100000, 0x000000074c100000| Complete 
| 166|0x000000074c200000, 0x000000074c300000, 0x000000074c300000|100%| E|CS|TAMS 0x000000074c200000, 0x000000074c200000| Complete 
| 167|0x000000074c300000, 0x000000074c400000, 0x000000074c400000|100%| E|CS|TAMS 0x000000074c300000, 0x000000074c300000| Complete 
| 168|0x000000074c400000, 0x000000074c500000, 0x000000074c500000|100%| E|CS|TAMS 0x000000074c400000, 0x000000074c400000| Complete 
| 169|0x000000074c500000, 0x000000074c600000, 0x000000074c600000|100%| E|CS|TAMS 0x000000074c500000, 0x000000074c500000| Complete 
| 170|0x000000074c600000, 0x000000074c700000, 0x000000074c700000|100%| E|CS|TAMS 0x000000074c600000, 0x000000074c600000| Complete 
| 171|0x000000074c700000, 0x000000074c800000, 0x000000074c800000|100%| E|CS|TAMS 0x000000074c700000, 0x000000074c700000| Complete 
| 172|0x000000074c800000, 0x000000074c900000, 0x000000074c900000|100%| E|CS|TAMS 0x000000074c800000, 0x000000074c800000| Complete 
| 173|0x000000074c900000, 0x000000074ca00000, 0x000000074ca00000|100%| E|CS|TAMS 0x000000074c900000, 0x000000074c900000| Complete 
| 174|0x000000074ca00000, 0x000000074cb00000, 0x000000074cb00000|100%| E|CS|TAMS 0x000000074ca00000, 0x000000074ca00000| Complete 
| 175|0x000000074cb00000, 0x000000074cc00000, 0x000000074cc00000|100%| E|CS|TAMS 0x000000074cb00000, 0x000000074cb00000| Complete 
| 176|0x000000074cc00000, 0x000000074cd00000, 0x000000074cd00000|100%| E|CS|TAMS 0x000000074cc00000, 0x000000074cc00000| Complete 
| 177|0x000000074cd00000, 0x000000074ce00000, 0x000000074ce00000|100%| E|CS|TAMS 0x000000074cd00000, 0x000000074cd00000| Complete 
| 178|0x000000074ce00000, 0x000000074cf00000, 0x000000074cf00000|100%| E|CS|TAMS 0x000000074ce00000, 0x000000074ce00000| Complete 
| 179|0x000000074cf00000, 0x000000074d000000, 0x000000074d000000|100%| E|CS|TAMS 0x000000074cf00000, 0x000000074cf00000| Complete 
| 180|0x000000074d000000, 0x000000074d100000, 0x000000074d100000|100%| E|CS|TAMS 0x000000074d000000, 0x000000074d000000| Complete 
| 181|0x000000074d100000, 0x000000074d200000, 0x000000074d200000|100%| E|CS|TAMS 0x000000074d100000, 0x000000074d100000| Complete 
| 182|0x000000074d200000, 0x000000074d300000, 0x000000074d300000|100%| E|CS|TAMS 0x000000074d200000, 0x000000074d200000| Complete 
| 183|0x000000074d300000, 0x000000074d400000, 0x000000074d400000|100%| E|CS|TAMS 0x000000074d300000, 0x000000074d300000| Complete 
| 184|0x000000074d400000, 0x000000074d500000, 0x000000074d500000|100%| E|CS|TAMS 0x000000074d400000, 0x000000074d400000| Complete 
| 185|0x000000074d500000, 0x000000074d600000, 0x000000074d600000|100%| E|CS|TAMS 0x000000074d500000, 0x000000074d500000| Complete 
| 186|0x000000074d600000, 0x000000074d700000, 0x000000074d700000|100%| E|CS|TAMS 0x000000074d600000, 0x000000074d600000| Complete 
| 187|0x000000074d700000, 0x000000074d800000, 0x000000074d800000|100%| E|CS|TAMS 0x000000074d700000, 0x000000074d700000| Complete 
| 188|0x000000074d800000, 0x000000074d900000, 0x000000074d900000|100%| E|CS|TAMS 0x000000074d800000, 0x000000074d800000| Complete 
| 189|0x000000074d900000, 0x000000074da00000, 0x000000074da00000|100%| E|CS|TAMS 0x000000074d900000, 0x000000074d900000| Complete 
| 190|0x000000074da00000, 0x000000074db00000, 0x000000074db00000|100%| E|CS|TAMS 0x000000074da00000, 0x000000074da00000| Complete 
| 191|0x000000074db00000, 0x000000074dc00000, 0x000000074dc00000|100%| E|CS|TAMS 0x000000074db00000, 0x000000074db00000| Complete 
| 192|0x000000074dc00000, 0x000000074dd00000, 0x000000074dd00000|100%| E|CS|TAMS 0x000000074dc00000, 0x000000074dc00000| Complete 
| 193|0x000000074dd00000, 0x000000074de00000, 0x000000074de00000|100%| E|CS|TAMS 0x000000074dd00000, 0x000000074dd00000| Complete 
| 194|0x000000074de00000, 0x000000074df00000, 0x000000074df00000|100%| E|CS|TAMS 0x000000074de00000, 0x000000074de00000| Complete 
| 195|0x000000074df00000, 0x000000074e000000, 0x000000074e000000|100%| E|CS|TAMS 0x000000074df00000, 0x000000074df00000| Complete 
| 196|0x000000074e000000, 0x000000074e100000, 0x000000074e100000|100%| E|CS|TAMS 0x000000074e000000, 0x000000074e000000| Complete 
| 197|0x000000074e100000, 0x000000074e200000, 0x000000074e200000|100%| E|CS|TAMS 0x000000074e100000, 0x000000074e100000| Complete 
| 198|0x000000074e200000, 0x000000074e300000, 0x000000074e300000|100%| E|CS|TAMS 0x000000074e200000, 0x000000074e200000| Complete 
| 199|0x000000074e300000, 0x000000074e400000, 0x000000074e400000|100%| E|CS|TAMS 0x000000074e300000, 0x000000074e300000| Complete 
| 200|0x000000074e400000, 0x000000074e500000, 0x000000074e500000|100%| E|CS|TAMS 0x000000074e400000, 0x000000074e400000| Complete 
| 201|0x000000074e500000, 0x000000074e600000, 0x000000074e600000|100%| E|CS|TAMS 0x000000074e500000, 0x000000074e500000| Complete 
| 202|0x000000074e600000, 0x000000074e700000, 0x000000074e700000|100%| E|CS|TAMS 0x000000074e600000, 0x000000074e600000| Complete 
| 203|0x000000074e700000, 0x000000074e800000, 0x000000074e800000|100%| E|CS|TAMS 0x000000074e700000, 0x000000074e700000| Complete 
| 204|0x000000074e800000, 0x000000074e900000, 0x000000074e900000|100%| E|CS|TAMS 0x000000074e800000, 0x000000074e800000| Complete 
| 205|0x000000074e900000, 0x000000074ea00000, 0x000000074ea00000|100%| E|CS|TAMS 0x000000074e900000, 0x000000074e900000| Complete 
| 206|0x000000074ea00000, 0x000000074eb00000, 0x000000074eb00000|100%| E|CS|TAMS 0x000000074ea00000, 0x000000074ea00000| Complete 
| 207|0x000000074eb00000, 0x000000074ec00000, 0x000000074ec00000|100%| E|CS|TAMS 0x000000074eb00000, 0x000000074eb00000| Complete 
| 208|0x000000074ec00000, 0x000000074ed00000, 0x000000074ed00000|100%| E|CS|TAMS 0x000000074ec00000, 0x000000074ec00000| Complete 
| 209|0x000000074ed00000, 0x000000074ee00000, 0x000000074ee00000|100%| E|CS|TAMS 0x000000074ed00000, 0x000000074ed00000| Complete 
| 210|0x000000074ee00000, 0x000000074ef00000, 0x000000074ef00000|100%| E|CS|TAMS 0x000000074ee00000, 0x000000074ee00000| Complete 
| 211|0x000000074ef00000, 0x000000074f000000, 0x000000074f000000|100%| E|CS|TAMS 0x000000074ef00000, 0x000000074ef00000| Complete 
| 212|0x000000074f000000, 0x000000074f100000, 0x000000074f100000|100%| E|CS|TAMS 0x000000074f000000, 0x000000074f000000| Complete 
| 213|0x000000074f100000, 0x000000074f200000, 0x000000074f200000|100%| E|CS|TAMS 0x000000074f100000, 0x000000074f100000| Complete 
| 214|0x000000074f200000, 0x000000074f300000, 0x000000074f300000|100%| E|CS|TAMS 0x000000074f200000, 0x000000074f200000| Complete 
| 215|0x000000074f300000, 0x000000074f400000, 0x000000074f400000|100%| E|CS|TAMS 0x000000074f300000, 0x000000074f300000| Complete 
| 216|0x000000074f400000, 0x000000074f500000, 0x000000074f500000|100%| E|CS|TAMS 0x000000074f400000, 0x000000074f400000| Complete 
| 217|0x000000074f500000, 0x000000074f600000, 0x000000074f600000|100%| E|CS|TAMS 0x000000074f500000, 0x000000074f500000| Complete 
| 218|0x000000074f600000, 0x000000074f700000, 0x000000074f700000|100%| E|CS|TAMS 0x000000074f600000, 0x000000074f600000| Complete 
| 219|0x000000074f700000, 0x000000074f800000, 0x000000074f800000|100%| E|CS|TAMS 0x000000074f700000, 0x000000074f700000| Complete 
| 220|0x000000074f800000, 0x000000074f900000, 0x000000074f900000|100%| E|CS|TAMS 0x000000074f800000, 0x000000074f800000| Complete 
| 221|0x000000074f900000, 0x000000074fa00000, 0x000000074fa00000|100%| E|CS|TAMS 0x000000074f900000, 0x000000074f900000| Complete 
| 222|0x000000074fa00000, 0x000000074fb00000, 0x000000074fb00000|100%| E|CS|TAMS 0x000000074fa00000, 0x000000074fa00000| Complete 
| 223|0x000000074fb00000, 0x000000074fc00000, 0x000000074fc00000|100%| E|CS|TAMS 0x000000074fb00000, 0x000000074fb00000| Complete 
| 224|0x000000074fc00000, 0x000000074fd00000, 0x000000074fd00000|100%| E|CS|TAMS 0x000000074fc00000, 0x000000074fc00000| Complete 
| 225|0x000000074fd00000, 0x000000074fe00000, 0x000000074fe00000|100%| E|CS|TAMS 0x000000074fd00000, 0x000000074fd00000| Complete 
| 226|0x000000074fe00000, 0x000000074ff00000, 0x000000074ff00000|100%| E|CS|TAMS 0x000000074fe00000, 0x000000074fe00000| Complete 
| 227|0x000000074ff00000, 0x0000000750000000, 0x0000000750000000|100%| E|CS|TAMS 0x000000074ff00000, 0x000000074ff00000| Complete 
| 228|0x0000000750000000, 0x0000000750100000, 0x0000000750100000|100%| E|CS|TAMS 0x0000000750000000, 0x0000000750000000| Complete 
| 229|0x0000000750100000, 0x0000000750200000, 0x0000000750200000|100%| E|CS|TAMS 0x0000000750100000, 0x0000000750100000| Complete 
| 230|0x0000000750200000, 0x0000000750300000, 0x0000000750300000|100%| E|CS|TAMS 0x0000000750200000, 0x0000000750200000| Complete 
| 231|0x0000000750300000, 0x0000000750400000, 0x0000000750400000|100%| E|CS|TAMS 0x0000000750300000, 0x0000000750300000| Complete 
| 232|0x0000000750400000, 0x0000000750500000, 0x0000000750500000|100%| E|CS|TAMS 0x0000000750400000, 0x0000000750400000| Complete 
| 233|0x0000000750500000, 0x0000000750600000, 0x0000000750600000|100%| E|CS|TAMS 0x0000000750500000, 0x0000000750500000| Complete 
| 234|0x0000000750600000, 0x0000000750700000, 0x0000000750700000|100%| E|CS|TAMS 0x0000000750600000, 0x0000000750600000| Complete 
| 235|0x0000000750700000, 0x0000000750800000, 0x0000000750800000|100%| E|CS|TAMS 0x0000000750700000, 0x0000000750700000| Complete 
| 236|0x0000000750800000, 0x0000000750900000, 0x0000000750900000|100%| E|CS|TAMS 0x0000000750800000, 0x0000000750800000| Complete 
| 237|0x0000000750900000, 0x0000000750a00000, 0x0000000750a00000|100%| E|CS|TAMS 0x0000000750900000, 0x0000000750900000| Complete 
| 238|0x0000000750a00000, 0x0000000750b00000, 0x0000000750b00000|100%| E|CS|TAMS 0x0000000750a00000, 0x0000000750a00000| Complete 
| 239|0x0000000750b00000, 0x0000000750c00000, 0x0000000750c00000|100%| E|CS|TAMS 0x0000000750b00000, 0x0000000750b00000| Complete 
| 240|0x0000000750c00000, 0x0000000750d00000, 0x0000000750d00000|100%| E|CS|TAMS 0x0000000750c00000, 0x0000000750c00000| Complete 
| 241|0x0000000750d00000, 0x0000000750e00000, 0x0000000750e00000|100%| E|CS|TAMS 0x0000000750d00000, 0x0000000750d00000| Complete 
| 242|0x0000000750e00000, 0x0000000750f00000, 0x0000000750f00000|100%| E|CS|TAMS 0x0000000750e00000, 0x0000000750e00000| Complete 
| 243|0x0000000750f00000, 0x0000000751000000, 0x0000000751000000|100%| E|CS|TAMS 0x0000000750f00000, 0x0000000750f00000| Complete 
| 244|0x0000000751000000, 0x0000000751100000, 0x0000000751100000|100%| E|CS|TAMS 0x0000000751000000, 0x0000000751000000| Complete 
| 245|0x0000000751100000, 0x0000000751200000, 0x0000000751200000|100%| E|CS|TAMS 0x0000000751100000, 0x0000000751100000| Complete 
| 246|0x0000000751200000, 0x0000000751300000, 0x0000000751300000|100%| E|CS|TAMS 0x0000000751200000, 0x0000000751200000| Complete 
| 247|0x0000000751300000, 0x0000000751400000, 0x0000000751400000|100%| E|CS|TAMS 0x0000000751300000, 0x0000000751300000| Complete 
| 248|0x0000000751400000, 0x0000000751500000, 0x0000000751500000|100%| E|CS|TAMS 0x0000000751400000, 0x0000000751400000| Complete 
| 249|0x0000000751500000, 0x0000000751600000, 0x0000000751600000|100%| E|CS|TAMS 0x0000000751500000, 0x0000000751500000| Complete 
| 250|0x0000000751600000, 0x0000000751700000, 0x0000000751700000|100%| E|CS|TAMS 0x0000000751600000, 0x0000000751600000| Complete 
| 251|0x0000000751700000, 0x0000000751800000, 0x0000000751800000|100%| E|CS|TAMS 0x0000000751700000, 0x0000000751700000| Complete 
| 252|0x0000000751800000, 0x0000000751900000, 0x0000000751900000|100%| E|CS|TAMS 0x0000000751800000, 0x0000000751800000| Complete 
| 253|0x0000000751900000, 0x0000000751a00000, 0x0000000751a00000|100%| E|CS|TAMS 0x0000000751900000, 0x0000000751900000| Complete 
| 254|0x0000000751a00000, 0x0000000751b00000, 0x0000000751b00000|100%| E|CS|TAMS 0x0000000751a00000, 0x0000000751a00000| Complete 
| 255|0x0000000751b00000, 0x0000000751c00000, 0x0000000751c00000|100%| E|CS|TAMS 0x0000000751b00000, 0x0000000751b00000| Complete 
| 256|0x0000000751c00000, 0x0000000751d00000, 0x0000000751d00000|100%| E|CS|TAMS 0x0000000751c00000, 0x0000000751c00000| Complete 
| 257|0x0000000751d00000, 0x0000000751e00000, 0x0000000751e00000|100%| E|CS|TAMS 0x0000000751d00000, 0x0000000751d00000| Complete 
| 258|0x0000000751e00000, 0x0000000751f00000, 0x0000000751f00000|100%| E|CS|TAMS 0x0000000751e00000, 0x0000000751e00000| Complete 
| 259|0x0000000751f00000, 0x0000000752000000, 0x0000000752000000|100%| E|CS|TAMS 0x0000000751f00000, 0x0000000751f00000| Complete 
| 260|0x0000000752000000, 0x0000000752100000, 0x0000000752100000|100%| E|CS|TAMS 0x0000000752000000, 0x0000000752000000| Complete 
| 261|0x0000000752100000, 0x0000000752200000, 0x0000000752200000|100%| E|CS|TAMS 0x0000000752100000, 0x0000000752100000| Complete 
| 262|0x0000000752200000, 0x0000000752300000, 0x0000000752300000|100%| E|CS|TAMS 0x0000000752200000, 0x0000000752200000| Complete 
| 263|0x0000000752300000, 0x0000000752400000, 0x0000000752400000|100%| E|CS|TAMS 0x0000000752300000, 0x0000000752300000| Complete 
| 264|0x0000000752400000, 0x0000000752500000, 0x0000000752500000|100%| E|CS|TAMS 0x0000000752400000, 0x0000000752400000| Complete 

Card table byte_map: [0x00000211f8410000,0x00000211f8a10000] _byte_map_base: 0x00000211f4a02000

Marking Bits (Prev, Next): (CMBitMap*) 0x00000211efb38ef0, (CMBitMap*) 0x00000211efb38eb8
 Prev Bits: [0x00000211fbfa0000, 0x00000211fef30000)
 Next Bits: [0x00000211f9010000, 0x00000211fbfa0000)

Polling page: 0x00000211ef2c0000

Metaspace:

Usage:
  Non-class:     22.12 MB capacity,    21.75 MB ( 98%) used,   296.94 KB (  1%) free+waste,    77.38 KB ( <1%) overhead. 
      Class:      2.77 MB capacity,     2.49 MB ( 90%) used,   251.96 KB (  9%) free+waste,    38.69 KB (  1%) overhead. 
       Both:     24.89 MB capacity,    24.24 MB ( 97%) used,   548.90 KB (  2%) free+waste,   116.06 KB ( <1%) overhead. 

Virtual space:
  Non-class space:       24.00 MB reserved,      22.25 MB ( 93%) committed 
      Class space:        1.00 GB reserved,       2.88 MB ( <1%) committed 
             Both:        1.02 GB reserved,      25.13 MB (  2%) committed 

Chunk freelists:
   Non-Class:  896 bytes
       Class:  1.13 KB
        Both:  2.00 KB

CodeHeap 'non-profiled nmethods': size=120064Kb used=2299Kb max_used=2299Kb free=117764Kb
 bounds [0x0000021187ac0000, 0x0000021187d30000, 0x000002118f000000]
CodeHeap 'profiled nmethods': size=120000Kb used=8100Kb max_used=8100Kb free=111899Kb
 bounds [0x0000021180590000, 0x0000021180d80000, 0x0000021187ac0000]
CodeHeap 'non-nmethods': size=5696Kb used=1319Kb max_used=1355Kb free=4376Kb
 bounds [0x0000021180000000, 0x0000021180270000, 0x0000021180590000]
 total_blobs=5520 nmethods=3616 adapters=639
 compilation: enabled
              stopped_count=0, restarted_count=0
 full_count=0

Compilation events (10 events):
Event: 38.967 Thread 0x000002119108e000 3641       1       java.util.concurrent.CopyOnWriteArrayList::getArray (5 bytes)
Event: 38.967 Thread 0x000002119108e000 nmethod 3641 0x0000021187cfec10 code [0x0000021187cfedc0, 0x0000021187cfeed8]
Event: 38.970 Thread 0x000002119108e000 3642       3       java.lang.invoke.MethodHandle::asType (28 bytes)
Event: 38.970 Thread 0x000002119108e000 nmethod 3642 0x0000021180d78390 code [0x0000021180d78560, 0x0000021180d78910]
Event: 38.972 Thread 0x000002119108e000 3643       3       java.lang.invoke.DirectMethodHandle$Holder::invokeStatic (24 bytes)
Event: 38.972 Thread 0x000002119108e000 nmethod 3643 0x0000021180d78a10 code [0x0000021180d78c00, 0x0000021180d79220]
Event: 38.986 Thread 0x000002119108e000 3644       3       java.nio.ByteBufferAsIntBufferB::get (26 bytes)
Event: 38.987 Thread 0x000002119108e000 nmethod 3644 0x0000021180d79390 code [0x0000021180d79580, 0x0000021180d79a90]
Event: 38.987 Thread 0x000002119108e000 3645       3       java.nio.ByteBufferAsIntBufferB::byteOffset (9 bytes)
Event: 38.987 Thread 0x000002119108e000 nmethod 3645 0x0000021180d79c90 code [0x0000021180d79e40, 0x0000021180d79fb8]

GC Heap History (10 events):
Event: 38.686 GC heap before
{Heap before GC invocations=95 (full 0):
 garbage-first heap   total 271360K, used 243675K [0x0000000741c00000, 0x0000000800000000)
  region size 1024K, 158 young (161792K), 1 survivors (1024K)
 Metaspace       used 24782K, capacity 25482K, committed 25728K, reserved 1073152K
  class space    used 2542K, capacity 2837K, committed 2944K, reserved 1048576K
}
Event: 38.687 GC heap after
{Heap after GC invocations=96 (full 0):
 garbage-first heap   total 271360K, used 83933K [0x0000000741c00000, 0x0000000800000000)
  region size 1024K, 1 young (1024K), 1 survivors (1024K)
 Metaspace       used 24782K, capacity 25482K, committed 25728K, reserved 1073152K
  class space    used 2542K, capacity 2837K, committed 2944K, reserved 1048576K
}
Event: 38.755 GC heap before
{Heap before GC invocations=96 (full 0):
 garbage-first heap   total 271360K, used 241629K [0x0000000741c00000, 0x0000000800000000)
  region size 1024K, 155 young (158720K), 1 survivors (1024K)
 Metaspace       used 24783K, capacity 25482K, committed 25728K, reserved 1073152K
  class space    used 2542K, capacity 2837K, committed 2944K, reserved 1048576K
}
Event: 38.755 GC heap after
{Heap after GC invocations=97 (full 0):
 garbage-first heap   total 271360K, used 83936K [0x0000000741c00000, 0x0000000800000000)
  region size 1024K, 1 young (1024K), 1 survivors (1024K)
 Metaspace       used 24783K, capacity 25482K, committed 25728K, reserved 1073152K
  class space    used 2542K, capacity 2837K, committed 2944K, reserved 1048576K
}
Event: 38.826 GC heap before
{Heap before GC invocations=97 (full 0):
 garbage-first heap   total 271360K, used 241632K [0x0000000741c00000, 0x0000000800000000)
  region size 1024K, 155 young (158720K), 1 survivors (1024K)
 Metaspace       used 24783K, capacity 25482K, committed 25728K, reserved 1073152K
  class space    used 2542K, capacity 2837K, committed 2944K, reserved 1048576K
}
Event: 38.827 GC heap after
{Heap after GC invocations=98 (full 0):
 garbage-first heap   total 271360K, used 83938K [0x0000000741c00000, 0x0000000800000000)
  region size 1024K, 1 young (1024K), 1 survivors (1024K)
 Metaspace       used 24783K, capacity 25482K, committed 25728K, reserved 1073152K
  class space    used 2542K, capacity 2837K, committed 2944K, reserved 1048576K
}
Event: 38.893 GC heap before
{Heap before GC invocations=98 (full 0):
 garbage-first heap   total 271360K, used 242658K [0x0000000741c00000, 0x0000000800000000)
  region size 1024K, 157 young (160768K), 1 survivors (1024K)
 Metaspace       used 24783K, capacity 25482K, committed 25728K, reserved 1073152K
  class space    used 2542K, capacity 2837K, committed 2944K, reserved 1048576K
}
Event: 38.893 GC heap after
{Heap after GC invocations=99 (full 0):
 garbage-first heap   total 271360K, used 83939K [0x0000000741c00000, 0x0000000800000000)
  region size 1024K, 1 young (1024K), 1 survivors (1024K)
 Metaspace       used 24783K, capacity 25482K, committed 25728K, reserved 1073152K
  class space    used 2542K, capacity 2837K, committed 2944K, reserved 1048576K
}
Event: 38.957 GC heap before
{Heap before GC invocations=99 (full 0):
 garbage-first heap   total 271360K, used 241635K [0x0000000741c00000, 0x0000000800000000)
  region size 1024K, 155 young (158720K), 1 survivors (1024K)
 Metaspace       used 24790K, capacity 25482K, committed 25728K, reserved 1073152K
  class space    used 2542K, capacity 2837K, committed 2944K, reserved 1048576K
}
Event: 38.957 GC heap after
{Heap after GC invocations=100 (full 0):
 garbage-first heap   total 271360K, used 83941K [0x0000000741c00000, 0x0000000800000000)
  region size 1024K, 1 young (1024K), 1 survivors (1024K)
 Metaspace       used 24790K, capacity 25482K, committed 25728K, reserved 1073152K
  class space    used 2542K, capacity 2837K, committed 2944K, reserved 1048576K
}

Deoptimization events (10 events):
Event: 34.117 Thread 0x0000021199415000 Uncommon trap: reason=unstable_if action=reinterpret pc=0x0000021187c68e90 method=org.json.JSONObject.get(Ljava/lang/String;)Ljava/lang/Object; @ 21 c2
Event: 34.409 Thread 0x0000021199417800 Uncommon trap: reason=unstable_if action=reinterpret pc=0x0000021187caeb0c method=jdk.internal.math.FloatingDecimal$BinaryToASCIIBuffer.dtoa(IJIZ)V @ 859 c2
Event: 34.543 Thread 0x0000021199417800 Uncommon trap: reason=unstable_if action=reinterpret pc=0x0000021187cab00c method=java.math.BigDecimal.<init>([CIILjava/math/MathContext;)V @ 189 c2
Event: 38.048 Thread 0x0000021191a84800 Uncommon trap: reason=class_check action=maybe_recompile pc=0x0000021187ccc37c method=java.awt.geom.Path2D$Float.append(Ljava/awt/geom/PathIterator;Z)V @ 6 c2
Event: 38.049 Thread 0x0000021191a84800 Uncommon trap: reason=class_check action=maybe_recompile pc=0x0000021187ccc37c method=java.awt.geom.Path2D$Float.append(Ljava/awt/geom/PathIterator;Z)V @ 6 c2
Event: 38.055 Thread 0x0000021191a84800 Uncommon trap: reason=class_check action=maybe_recompile pc=0x0000021187ccc37c method=java.awt.geom.Path2D$Float.append(Ljava/awt/geom/PathIterator;Z)V @ 6 c2
Event: 38.055 Thread 0x0000021191a84800 Uncommon trap: reason=class_check action=maybe_recompile pc=0x0000021187ccc37c method=java.awt.geom.Path2D$Float.append(Ljava/awt/geom/PathIterator;Z)V @ 6 c2
Event: 38.811 Thread 0x0000021199417800 Uncommon trap: reason=unstable_if action=reinterpret pc=0x0000021187cc70f8 method=jdk.internal.math.FloatingDecimal$BinaryToASCIIBuffer.dtoa(IJIZ)V @ 116 c2
Event: 38.968 Thread 0x000002119941b800 Uncommon trap: reason=class_check action=maybe_recompile pc=0x0000021187bfbd30 method=java.util.concurrent.locks.AbstractQueuedSynchronizer.release(I)Z @ 2 c2
Event: 38.971 Thread 0x0000021191a86000 Uncommon trap: reason=unstable_if action=reinterpret pc=0x0000021187c43534 method=java.lang.StringLatin1.regionMatchesCI([BI[BII)Z @ 66 c2

Classes redefined (0 events):
No events

Internal exceptions (10 events):
Event: 4.534 Thread 0x00000211efae7800 Exception <a 'java/lang/NoSuchMethodError'{0x000000074ad3fce0}: java.lang.invoke.DirectMethodHandle$Holder.invokeStatic(Ljava/lang/Object;ILjava/lang/Object;Ljava/lang/Object;Ljava/lang/Object;Ljava/lang/Object;)Ljava/lang/Object;> (0x000000074ad3fce0) th
Event: 4.535 Thread 0x00000211efae7800 Exception <a 'java/lang/NoSuchMethodError'{0x000000074ad46da0}: java.lang.invoke.DirectMethodHandle$Holder.invokeStatic(Ljava/lang/Object;ILjava/lang/Object;Ljava/lang/Object;Ljava/lang/Object;)Ljava/lang/Object;> (0x000000074ad46da0) thrown at [t:/worksp
Event: 4.535 Thread 0x00000211efae7800 Exception <a 'java/lang/NoSuchMethodError'{0x000000074ad4a8e0}: java.lang.invoke.DirectMethodHandle$Holder.invokeSpecial(Ljava/lang/Object;Ljava/lang/Object;ILjava/lang/Object;Ljava/lang/Object;Ljava/lang/Object;)Ljava/lang/Object;> (0x000000074ad4a8e0) t
Event: 4.555 Thread 0x00000211efae7800 Exception <a 'java/lang/ClassNotFoundException'{0x000000074db80e30}: com/sun/swing/internal/plaf/metal/resources/spi/metalProvider> (0x000000074db80e30) thrown at [t:/workspace/open/src/hotspot/share/classfile/systemDictionary.cpp, line 231]
Event: 4.556 Thread 0x00000211efae7800 Exception <a 'java/lang/ClassNotFoundException'{0x000000074db84c90}: com/sun/swing/internal/plaf/basic/resources/spi/basicProvider> (0x000000074db84c90) thrown at [t:/workspace/open/src/hotspot/share/classfile/systemDictionary.cpp, line 231]
Event: 4.570 Thread 0x00000211efae7800 Implicit null exception at 0x0000021187b1c0f8 to 0x0000021187b1c18a
Event: 11.976 Thread 0x0000021191a86000 Exception <a 'java/lang/NoSuchMethodError'{0x000000074d887060}: java.lang.invoke.DirectMethodHandle$Holder.invokeSpecialIFC(Ljava/lang/Object;Ljava/lang/Object;I)I> (0x000000074d887060) thrown at [t:/workspace/open/src/hotspot/share/interpreter/linkResolv
Event: 38.969 Thread 0x000002119941b800 Exception <a 'java/lang/IllegalStateException'{0x0000000750f874c8}> (0x0000000750f874c8) thrown at [t:/workspace/open/src/hotspot/share/prims/jvm.cpp, line 1312]
Event: 38.969 Thread 0x0000021191a86000 Exception <a 'java/io/FileNotFoundException'{0x0000000750f819a8}> (0x0000000750f819a8) thrown at [t:/workspace/open/src/hotspot/share/prims/jni.cpp, line 615]
Event: 38.988 Thread 0x0000021191a86000 Exception <a 'java/io/FileNotFoundException'{0x000000074fd00708}> (0x000000074fd00708) thrown at [t:/workspace/open/src/hotspot/share/prims/jni.cpp, line 615]

Events (10 events):
Event: 38.989 Thread 0x0000021199418800 Thread exited: 0x0000021199418800
Event: 38.992 Executing VM operation: RevokeBias
Event: 38.992 Executing VM operation: RevokeBias done
Event: 38.992 Thread 0x00000211930bd000 Thread exited: 0x00000211930bd000
Event: 38.998 loading class sun/font/NullFontScaler
Event: 38.998 loading class sun/font/NullFontScaler done
Event: 39.019 Thread 0x0000021199418800 Thread added: 0x0000021199418800
Event: 39.019 Thread 0x0000021199418800 Thread exited: 0x0000021199418800
Event: 39.019 Thread 0x0000021199415000 Thread added: 0x0000021199415000
Event: 39.019 Thread 0x0000021199415000 Thread exited: 0x0000021199415000


Dynamic libraries:
0x00007ff61a830000 - 0x00007ff61a877000 	C:\Program Files\Java\jdk-11\bin\java.exe
0x00007ffbdf910000 - 0x00007ffbdfafd000 	C:\Windows\SYSTEM32\ntdll.dll
0x00007ffbdd2a0000 - 0x00007ffbdd353000 	C:\Windows\System32\KERNEL32.DLL
0x00007ffbdbc80000 - 0x00007ffbdbf13000 	C:\Windows\System32\KERNELBASE.dll
0x00007ffbdee80000 - 0x00007ffbdef23000 	C:\Windows\System32\ADVAPI32.dll
0x00007ffbdf380000 - 0x00007ffbdf41e000 	C:\Windows\System32\msvcrt.dll
0x00007ffbdcbf0000 - 0x00007ffbdcc8e000 	C:\Windows\System32\sechost.dll
0x00007ffbdd170000 - 0x00007ffbdd293000 	C:\Windows\System32\RPCRT4.dll
0x00007ffbdf010000 - 0x00007ffbdf1a7000 	C:\Windows\System32\USER32.dll
0x00007ffbdbf20000 - 0x00007ffbdbf40000 	C:\Windows\System32\win32u.dll
0x00007ffbdee50000 - 0x00007ffbdee79000 	C:\Windows\System32\GDI32.dll
0x00007ffbdc970000 - 0x00007ffbdcb0a000 	C:\Windows\System32\gdi32full.dll
0x00007ffbdb9e0000 - 0x00007ffbdba80000 	C:\Windows\System32\msvcp_win.dll
0x00007ffbdc120000 - 0x00007ffbdc21c000 	C:\Windows\System32\ucrtbase.dll
0x00007ffbc94d0000 - 0x00007ffbc9749000 	C:\Windows\WinSxS\amd64_microsoft.windows.common-controls_6595b64144ccf1df_6.0.17763.134_none_05b3373a07211a5c\COMCTL32.dll
0x00007ffbdd5c0000 - 0x00007ffbdd8ed000 	C:\Windows\System32\combase.dll
0x00007ffbdbfa0000 - 0x00007ffbdc01e000 	C:\Windows\System32\bcryptPrimitives.dll
0x00007ffbcdbc0000 - 0x00007ffbcdbca000 	C:\Windows\SYSTEM32\VERSION.dll
0x00007ffbdf6d0000 - 0x00007ffbdf6fe000 	C:\Windows\System32\IMM32.DLL
0x00007ffb920c0000 - 0x00007ffb920d6000 	C:\Program Files\Java\jdk-11\bin\vcruntime140.dll
0x00007ffb92010000 - 0x00007ffb920ba000 	C:\Program Files\Java\jdk-11\bin\msvcp140.dll
0x00007ffb90f90000 - 0x00007ffb91ad2000 	C:\Program Files\Java\jdk-11\bin\server\jvm.dll
0x00007ffbdef90000 - 0x00007ffbdef98000 	C:\Windows\System32\PSAPI.DLL
0x00007ffbd7bf0000 - 0x00007ffbd7bf9000 	C:\Windows\SYSTEM32\WSOCK32.dll
0x00007ffbdefa0000 - 0x00007ffbdf00d000 	C:\Windows\System32\WS2_32.dll
0x00007ffbd81f0000 - 0x00007ffbd8214000 	C:\Windows\SYSTEM32\WINMM.dll
0x00007ffbd81c0000 - 0x00007ffbd81ed000 	C:\Windows\SYSTEM32\WINMMBASE.dll
0x00007ffbdc020000 - 0x00007ffbdc06a000 	C:\Windows\System32\cfgmgr32.dll
0x00007ffbdb9c0000 - 0x00007ffbdb9d1000 	C:\Windows\System32\kernel.appcore.dll
0x00007ffb8dd50000 - 0x00007ffb8dd61000 	C:\Program Files\Java\jdk-11\bin\verify.dll
0x00007ffbd5750000 - 0x00007ffbd593d000 	C:\Windows\SYSTEM32\DBGHELP.DLL
0x00007ffbd72a0000 - 0x00007ffbd72ca000 	C:\Windows\SYSTEM32\dbgcore.DLL
0x00007ffb8dd20000 - 0x00007ffb8dd49000 	C:\Program Files\Java\jdk-11\bin\java.dll
0x00007ffbd6230000 - 0x00007ffbd625f000 	C:\Program Files\Java\jdk-11\bin\instrument.dll
0x00007ffbba990000 - 0x00007ffbba9a6000 	C:\Program Files\Java\jdk-11\bin\zip.dll
0x00007ffbc6d90000 - 0x00007ffbc6d9a000 	C:\Program Files\Java\jdk-11\bin\jimage.dll
0x00007ffbdd8f0000 - 0x00007ffbdeddf000 	C:\Windows\System32\SHELL32.dll
0x00007ffbdd510000 - 0x00007ffbdd5b8000 	C:\Windows\System32\shcore.dll
0x00007ffbdc220000 - 0x00007ffbdc968000 	C:\Windows\System32\windows.storage.dll
0x00007ffbdb930000 - 0x00007ffbdb954000 	C:\Windows\System32\profapi.dll
0x00007ffbdb960000 - 0x00007ffbdb9bd000 	C:\Windows\System32\powrprof.dll
0x00007ffbdf700000 - 0x00007ffbdf752000 	C:\Windows\System32\shlwapi.dll
0x00007ffbdbc60000 - 0x00007ffbdbc77000 	C:\Windows\System32\cryptsp.dll
0x00007ffbd7a10000 - 0x00007ffbd7a29000 	C:\Program Files\Java\jdk-11\bin\net.dll
0x00007ffbd7910000 - 0x00007ffbd7a01000 	C:\Windows\SYSTEM32\WINHTTP.dll
0x00007ffbdb1a0000 - 0x00007ffbdb207000 	C:\Windows\system32\mswsock.dll
0x00007ffbc7570000 - 0x00007ffbc7583000 	C:\Program Files\Java\jdk-11\bin\nio.dll
0x00007ffbd5560000 - 0x00007ffbd557a000 	C:\Program Files\JetBrains\IntelliJ IDEA 2018.3.4\bin\breakgen64.dll
0x00007ffbb0e00000 - 0x00007ffbb0f9f000 	C:\Program Files\Java\jdk-11\bin\awt.dll
0x00007ffbdf420000 - 0x00007ffbdf4eb000 	C:\Windows\System32\OLEAUT32.dll
0x00007ffbd8fc0000 - 0x00007ffbd957e000 	C:\Windows\SYSTEM32\d2d1.dll
0x00007ffbd9be0000 - 0x00007ffbd9c6c000 	C:\Windows\SYSTEM32\apphelp.dll
0x00007ffbd9cd0000 - 0x00007ffbd9d6c000 	C:\Windows\system32\uxtheme.dll
0x00007ffbdf770000 - 0x00007ffbdf8da000 	C:\Windows\System32\MSCTF.dll
0x00007ffbda010000 - 0x00007ffbda03e000 	C:\Windows\system32\dwmapi.dll
0x00007ffbdba80000 - 0x00007ffbdbc5b000 	C:\Windows\System32\CRYPT32.dll
0x00007ffbdb910000 - 0x00007ffbdb922000 	C:\Windows\System32\MSASN1.dll
0x00007ffbdf4f0000 - 0x00007ffbdf645000 	C:\Windows\System32\ole32.dll
0x0000021192a00000 - 0x0000021192a03000 	C:\Program Files\Java\jdk-11\bin\api-ms-win-core-console-l1-1-0.dll
0x0000021192a10000 - 0x0000021192a13000 	C:\Program Files\Java\jdk-11\bin\api-ms-win-core-datetime-l1-1-0.dll
0x0000021192a20000 - 0x0000021192a23000 	C:\Program Files\Java\jdk-11\bin\api-ms-win-core-debug-l1-1-0.dll
0x0000021192a30000 - 0x0000021192a33000 	C:\Program Files\Java\jdk-11\bin\api-ms-win-core-errorhandling-l1-1-0.dll
0x0000021192a40000 - 0x0000021192a44000 	C:\Program Files\Java\jdk-11\bin\api-ms-win-core-file-l1-1-0.dll
0x0000021192a50000 - 0x0000021192a53000 	C:\Program Files\Java\jdk-11\bin\api-ms-win-core-file-l1-2-0.dll
0x0000021192a60000 - 0x0000021192a63000 	C:\Program Files\Java\jdk-11\bin\api-ms-win-core-file-l2-1-0.dll
0x0000021192a70000 - 0x0000021192a73000 	C:\Program Files\Java\jdk-11\bin\api-ms-win-core-handle-l1-1-0.dll
0x0000021192a80000 - 0x0000021192a83000 	C:\Program Files\Java\jdk-11\bin\api-ms-win-core-heap-l1-1-0.dll
0x0000021192a90000 - 0x0000021192a93000 	C:\Program Files\Java\jdk-11\bin\api-ms-win-core-interlocked-l1-1-0.dll
0x0000021192aa0000 - 0x0000021192aa3000 	C:\Program Files\Java\jdk-11\bin\api-ms-win-core-libraryloader-l1-1-0.dll
0x0000021192ab0000 - 0x0000021192ab3000 	C:\Program Files\Java\jdk-11\bin\api-ms-win-core-localization-l1-2-0.dll
0x0000021192ac0000 - 0x0000021192ac3000 	C:\Program Files\Java\jdk-11\bin\api-ms-win-core-memory-l1-1-0.dll
0x0000021192ad0000 - 0x0000021192ad3000 	C:\Program Files\Java\jdk-11\bin\api-ms-win-core-namedpipe-l1-1-0.dll
0x0000021192ae0000 - 0x0000021192ae3000 	C:\Program Files\Java\jdk-11\bin\api-ms-win-core-processenvironment-l1-1-0.dll
0x0000021192af0000 - 0x0000021192af3000 	C:\Program Files\Java\jdk-11\bin\api-ms-win-core-processthreads-l1-1-0.dll
0x0000021192b00000 - 0x0000021192b03000 	C:\Program Files\Java\jdk-11\bin\api-ms-win-core-processthreads-l1-1-1.dll
0x0000021192b10000 - 0x0000021192b13000 	C:\Program Files\Java\jdk-11\bin\api-ms-win-core-profile-l1-1-0.dll
0x0000021192b20000 - 0x0000021192b23000 	C:\Program Files\Java\jdk-11\bin\api-ms-win-core-rtlsupport-l1-1-0.dll
0x0000021192b30000 - 0x0000021192b33000 	C:\Program Files\Java\jdk-11\bin\api-ms-win-core-string-l1-1-0.dll
0x0000021192b40000 - 0x0000021192b43000 	C:\Program Files\Java\jdk-11\bin\api-ms-win-core-synch-l1-1-0.dll
0x0000021192b50000 - 0x0000021192b53000 	C:\Program Files\Java\jdk-11\bin\api-ms-win-core-synch-l1-2-0.dll
0x0000021192b60000 - 0x0000021192b63000 	C:\Program Files\Java\jdk-11\bin\api-ms-win-core-sysinfo-l1-1-0.dll
0x0000021192b70000 - 0x0000021192b73000 	C:\Program Files\Java\jdk-11\bin\api-ms-win-core-timezone-l1-1-0.dll
0x0000021192b80000 - 0x0000021192b83000 	C:\Program Files\Java\jdk-11\bin\api-ms-win-core-util-l1-1-0.dll
0x0000021192b90000 - 0x0000021192b93000 	C:\Program Files\Java\jdk-11\bin\api-ms-win-crt-conio-l1-1-0.dll
0x0000021192ba0000 - 0x0000021192ba4000 	C:\Program Files\Java\jdk-11\bin\api-ms-win-crt-convert-l1-1-0.dll
0x0000021192bb0000 - 0x0000021192bb3000 	C:\Program Files\Java\jdk-11\bin\api-ms-win-crt-environment-l1-1-0.dll
0x0000021192bc0000 - 0x0000021192bc3000 	C:\Program Files\Java\jdk-11\bin\api-ms-win-crt-filesystem-l1-1-0.dll
0x0000021192bd0000 - 0x0000021192bd3000 	C:\Program Files\Java\jdk-11\bin\api-ms-win-crt-heap-l1-1-0.dll
0x0000021192be0000 - 0x0000021192be3000 	C:\Program Files\Java\jdk-11\bin\api-ms-win-crt-locale-l1-1-0.dll
0x0000021192bf0000 - 0x0000021192bf5000 	C:\Program Files\Java\jdk-11\bin\api-ms-win-crt-math-l1-1-0.dll
0x0000021192c00000 - 0x0000021192c05000 	C:\Program Files\Java\jdk-11\bin\api-ms-win-crt-multibyte-l1-1-0.dll
0x0000021192c10000 - 0x0000021192c20000 	C:\Program Files\Java\jdk-11\bin\api-ms-win-crt-private-l1-1-0.dll
0x0000021192c20000 - 0x0000021192c23000 	C:\Program Files\Java\jdk-11\bin\api-ms-win-crt-process-l1-1-0.dll
0x0000021192c30000 - 0x0000021192c34000 	C:\Program Files\Java\jdk-11\bin\api-ms-win-crt-runtime-l1-1-0.dll
0x0000021192c40000 - 0x0000021192c44000 	C:\Program Files\Java\jdk-11\bin\api-ms-win-crt-stdio-l1-1-0.dll
0x0000021192c50000 - 0x0000021192c54000 	C:\Program Files\Java\jdk-11\bin\api-ms-win-crt-string-l1-1-0.dll
0x0000021192c60000 - 0x0000021192c63000 	C:\Program Files\Java\jdk-11\bin\api-ms-win-crt-time-l1-1-0.dll
0x0000021192c70000 - 0x0000021192c73000 	C:\Program Files\Java\jdk-11\bin\api-ms-win-crt-utility-l1-1-0.dll
0x00007ffbb0be0000 - 0x00007ffbb0cda000 	C:\Program Files\Java\jdk-11\bin\ucrtbase.dll
0x00007ffbcdc80000 - 0x00007ffbcdcd1000 	C:\Program Files\Java\jdk-11\bin\concrt140.dll
0x00007ffbd53e0000 - 0x00007ffbd5403000 	C:\Program Files\Java\jdk-11\bin\prism_d3d.dll
0x00007ffb92540000 - 0x00007ffb926de000 	C:\Windows\system32\d3d9.dll
0x00007ffbdcb10000 - 0x00007ffbdcb36000 	C:\Windows\System32\bcrypt.dll
0x00007ffbc6680000 - 0x00007ffbc66c5000 	C:\Program Files\Java\jdk-11\bin\glass.dll
0x00007ffbdf1b0000 - 0x00007ffbdf2d7000 	C:\Windows\System32\COMDLG32.dll
0x00007ffbdad60000 - 0x00007ffbdad93000 	C:\Windows\system32\rsaenh.dll
0x00007ffbdb810000 - 0x00007ffbdb838000 	C:\Windows\SYSTEM32\USERENV.dll
0x00007ffbdb370000 - 0x00007ffbdb37c000 	C:\Windows\SYSTEM32\CRYPTBASE.dll
0x00007ffbdaf00000 - 0x00007ffbdaf3d000 	C:\Windows\SYSTEM32\IPHLPAPI.DLL
0x00007ffbdede0000 - 0x00007ffbdede8000 	C:\Windows\System32\NSI.dll
0x00007ffbd0640000 - 0x00007ffbd0656000 	C:\Windows\SYSTEM32\dhcpcsvc6.DLL
0x00007ffbd0620000 - 0x00007ffbd063c000 	C:\Windows\SYSTEM32\dhcpcsvc.DLL
0x00007ffbdaf40000 - 0x00007ffbdb006000 	C:\Windows\SYSTEM32\DNSAPI.dll
0x00007ffbd52f0000 - 0x00007ffbd531d000 	C:\Program Files\Java\jdk-11\bin\javajpeg.dll
0x00007ffbc3d80000 - 0x00007ffbc3e00000 	C:\Program Files\Java\jdk-11\bin\freetype.dll
0x00007ffbc45d0000 - 0x00007ffbc463f000 	C:\Program Files\Java\jdk-11\bin\fontmanager.dll
0x00007ffba9c90000 - 0x00007ffba9d33000 	C:\Program Files\Java\jdk-11\bin\glib-lite.dll
0x00007ffba9bb0000 - 0x00007ffba9c8e000 	C:\Program Files\Java\jdk-11\bin\gstreamer-lite.dll
0x00007ffbd1420000 - 0x00007ffbd14b6000 	C:\Windows\SYSTEM32\DSOUND.dll
0x00007ffbc7070000 - 0x00007ffbc7096000 	C:\Program Files\Java\jdk-11\bin\jfxmedia.dll
0x00007ffbdcb40000 - 0x00007ffbdcbe2000 	C:\Windows\System32\clbcatq.dll
0x00007ffbd7e40000 - 0x00007ffbd7fe8000 	C:\Windows\system32\propsys.dll
0x00007ffbc6940000 - 0x00007ffbc6962000 	C:\Program Files\Java\jdk-11\bin\fxplugins.dll
0x00007ffbd0070000 - 0x00007ffbd00e0000 	C:\Windows\System32\MMDevApi.dll
0x00007ffbdb720000 - 0x00007ffbdb749000 	C:\Windows\System32\DEVOBJ.dll
0x00007ffbcb790000 - 0x00007ffbcb8d8000 	C:\Windows\SYSTEM32\AUDIOSES.DLL
0x00007ffbd73f0000 - 0x00007ffbd7543000 	C:\Windows\SYSTEM32\wintypes.dll
0x00007ffbd71a0000 - 0x00007ffbd71aa000 	C:\Windows\SYSTEM32\AVRT.dll

dbghelp: loaded successfully - version: 4.0.5 - missing functions: none
symbol engine: initialized successfully - sym options: 0x614 - pdb path: .;C:\Program Files\Java\jdk-11\bin;C:\Windows\SYSTEM32;C:\Windows\WinSxS\amd64_microsoft.windows.common-controls_6595b64144ccf1df_6.0.17763.134_none_05b3373a07211a5c;C:\Program Files\Java\jdk-11\bin\server;C:\Program Files\JetBrains\IntelliJ IDEA 2018.3.4\bin;C:\Windows\System32\DriverStore\FileRepository\igdlh64.inf_amd64_463164d40c3d26ce;C:\Windows\System32\DriverStore\FileRepository\nvam.inf_amd64_c3cc1021ffb32d41

VM Arguments:
jvm_args: -javaagent:C:\Program Files\JetBrains\IntelliJ IDEA 2018.3.4\lib\idea_rt.jar=2657:C:\Program Files\JetBrains\IntelliJ IDEA 2018.3.4\bin -Dfile.encoding=UTF-8 
java_command: ir.farzinnasiri.Client.ClientMain
java_class_path (initial): D:\github\Chicken Invaders-Down of the new world\out\production\Chicken Invaders-Down of the new world;D:\github\Chicken Invaders-Down of the new world\lib\json-20180813.jar;D:\github\Chicken Invaders-Down of the new world\lib\javafx-swt.jar;D:\github\Chicken Invaders-Down of the new world\lib\javafx.base.jar;D:\github\Chicken Invaders-Down of the new world\lib\javafx.controls.jar;D:\github\Chicken Invaders-Down of the new world\lib\javafx.fxml.jar;D:\github\Chicken Invaders-Down of the new world\lib\javafx.graphics.jar;D:\github\Chicken Invaders-Down of the new world\lib\javafx.swing.jar;D:\github\Chicken Invaders-Down of the new world\lib\javafx.media.jar;D:\github\Chicken Invaders-Down of the new world\lib\javafx.web.jar;D:\github\Chicken Invaders-Down of the new world\lib\gson-2.8.5.jar
Launcher Type: SUN_STANDARD

[Global flags]
     intx CICompilerCount                          = 3                                         {product} {ergonomic}
     uint ConcGCThreads                            = 1                                         {product} {ergonomic}
     uint G1ConcRefinementThreads                  = 4                                         {product} {ergonomic}
   size_t G1HeapRegionSize                         = 1048576                                   {product} {ergonomic}
    uintx GCDrainStackTargetSize                   = 64                                        {product} {ergonomic}
   size_t InitialHeapSize                          = 201326592                                 {product} {ergonomic}
   size_t MarkStackSize                            = 4194304                                   {product} {ergonomic}
   size_t MaxHeapSize                              = 3191865344                                {product} {ergonomic}
   size_t MaxNewSize                               = 1914699776                                {product} {ergonomic}
   size_t MinHeapDeltaBytes                        = 1048576                                   {product} {ergonomic}
    uintx NonNMethodCodeHeapSize                   = 5830092                                {pd product} {ergonomic}
    uintx NonProfiledCodeHeapSize                  = 122914074                              {pd product} {ergonomic}
    uintx ProfiledCodeHeapSize                     = 122914074                              {pd product} {ergonomic}
    uintx ReservedCodeCacheSize                    = 251658240                              {pd product} {ergonomic}
     bool SegmentedCodeCache                       = true                                      {product} {ergonomic}
     bool UseCompressedClassPointers               = true                                 {lp64_product} {ergonomic}
     bool UseCompressedOops                        = true                                 {lp64_product} {ergonomic}
     bool UseG1GC                                  = true                                      {product} {ergonomic}
     bool UseLargePagesIndividualAllocation        = false                                  {pd product} {ergonomic}

Logging:
Log output configuration:
 #0: stdout all=warning uptime,level,tags
 #1: stderr all=off uptime,level,tags

Environment Variables:
PATH=C:\Program Files (x86)\Python37-32\Scripts\;C:\Program Files (x86)\Python37-32\;C:\Program Files\Python37\Scripts\;C:\Program Files\Python37\;C:\Program Files (x86)\Intel\iCLS Client\;C:\Program Files\Intel\iCLS Client\;C:\Windows\system32;C:\Windows;C:\Windows\System32\Wbem;C:\Windows\System32\WindowsPowerShell\v1.0\;C:\Windows\System32\OpenSSH\;C:\Program Files (x86)\NVIDIA Corporation\PhysX\Common;C:\Program Files (x86)\Intel\Intel(R) Management Engine Components\DAL;C:\Program Files\Intel\Intel(R) Management Engine Components\DAL;C:\Program Files (x86)\Intel\Intel(R) Management Engine Components\IPT;C:\Program Files\Intel\Intel(R) Management Engine Components\IPT;C:\Users\farzi\AppData\Local\Programs\Python\Python37;C:\Program Files\Java\jdk-11\bin;C:\Users\farzi\AppData\Local\Microsoft\WindowsApps;C:\Users\farzi\AppData\Local\GitHubDesktop\bin;C:\Program Files\JetBrains\WebStorm 2018.3.3\bin;;C:\Program Files\JetBrains\IntelliJ IDEA 2018.3.4\bin;
USERNAME=farzi
OS=Windows_NT
PROCESSOR_IDENTIFIER=Intel64 Family 6 Model 142 Stepping 9, GenuineIntel



---------------  S Y S T E M  ---------------

OS: Windows 10 , 64 bit Build 17763 (10.0.17763.1)

CPU:total 4 (initial active 4) (2 cores per cpu, 2 threads per core) family 6 model 142 stepping 9, cmov, cx8, fxsr, mmx, sse, sse2, sse3, ssse3, sse4.1, sse4.2, popcnt, avx, avx2, aes, clmul, erms, 3dnowpref, lzcnt, ht, tsc, tscinvbit, bmi1, bmi2, adx, fma

Memory: 4k page, system-wide physical 12169M (6707M free)
TotalPageFile size 14025M (AvailPageFile size 7268M)
current process WorkingSet (physical memory assigned to process): 400M, peak: 420M
current process commit charge ("private bytes"): 432M, peak: 463M

vm_info: Java HotSpot(TM) 64-Bit Server VM (11+28) for windows-amd64 JRE (11+28), built on Aug 23 2018 03:03:59 by "mach5one" with MS VC++ 15.5 (VS2017)

END.
