#
# A fatal error has been detected by the Java Runtime Environment:
#
#  EXCEPTION_ACCESS_VIOLATION (0xc0000005) at pc=0x00007ffd71744f3f, pid=10000, tid=7064
#
# JRE version: Java(TM) SE Runtime Environment (11.0+28) (build 11+28)
# Java VM: Java HotSpot(TM) 64-Bit Server VM (11+28, mixed mode, tiered, compressed oops, g1 gc, windows-amd64)
# Problematic frame:
# C  [freetype.dll+0x44f3f]
#
# No core dump will be written. Minidumps are not enabled by default on client versions of Windows
#
# If you would like to submit a bug report, please visit:
#   http://bugreport.java.com/bugreport/crash.jsp
# The crash happened outside the Java Virtual Machine in native code.
# See problematic frame for where to report the bug.
#

---------------  S U M M A R Y ------------

Command Line: -javaagent:C:\Program Files\JetBrains\IntelliJ IDEA 2018.3.4\lib\idea_rt.jar=9671:C:\Program Files\JetBrains\IntelliJ IDEA 2018.3.4\bin -Dfile.encoding=UTF-8 ir.farzinnasiri.Client.ClientMain

Host: Intel(R) Core(TM) i5-7200U CPU @ 2.50GHz, 4 cores, 11G,  Windows 10 , 64 bit Build 17763 (10.0.17763.1)
Time: Fri Jul 26 21:11:39 2019 Iran Daylight Time elapsed time: 7 seconds (0d 0h 0m 7s)

---------------  T H R E A D  ---------------

Current thread (0x000002bfd772b800):  JavaThread "Client Thread" [_thread_in_native, id=7064, stack(0x000000f864c00000,0x000000f864d00000)]

Stack: [0x000000f864c00000,0x000000f864d00000],  sp=0x000000f864cfe3a0,  free space=1016k
Native frames: (J=compiled Java code, j=interpreted, Vv=VM code, C=native code)
C  [freetype.dll+0x44f3f]

Java frames: (J=compiled Java code, j=interpreted, Vv=VM code)
j  sun.font.FreetypeFontScaler.getGlyphImageNative(Lsun/font/Font2D;JJI)J+0 java.desktop@11
j  sun.font.FreetypeFontScaler.getGlyphImage(JI)J+26 java.desktop@11
J 2321 c1 sun.font.FileFontStrike.getGlyphImagePtrs([I[JI)V java.desktop@11 (110 bytes) @ 0x000002bfbc8aaff4 [0x000002bfbc8aa600+0x00000000000009f4]
j  sun.font.GlyphList.mapChars(Lsun/java2d/loops/FontInfo;I)Z+37 java.desktop@11
j  sun.font.GlyphList.setFromString(Lsun/java2d/loops/FontInfo;Ljava/lang/String;FF)Z+71 java.desktop@11
j  sun.java2d.pipe.GlyphListPipe.drawString(Lsun/java2d/SunGraphics2D;Ljava/lang/String;DD)V+146 java.desktop@11
j  sun.java2d.SunGraphics2D.drawString(Ljava/lang/String;II)V+68 java.desktop@11
j  ir.farzinnasiri.Client.menus.splashScreen.SplashScreen.draw(Ljava/awt/Graphics2D;)V+157
j  ir.farzinnasiri.Client.stateMachine.StateMachine.draw(Ljava/awt/Graphics2D;)V+12
j  ir.farzinnasiri.Client.Client.render(Ljava/awt/image/BufferStrategy;)V+22
j  ir.farzinnasiri.Client.Client.run()V+81
j  java.lang.Thread.run()V+11 java.base@11
v  ~StubRoutines::call_stub

siginfo: EXCEPTION_ACCESS_VIOLATION (0xc0000005), reading address 0x00000000000000e0


Register to memory mapping:

RIP=0x00007ffd71744f3f freetype.dll
RAX=0x000000f864cfe3d0 is pointing into the stack for thread: 0x000002bfd772b800
RBX=0x000000f864cfe5e0 is pointing into the stack for thread: 0x000002bfd772b800
RCX=0x000002bfdd0ae890 points into unknown readable memory
RDX=0x0 is NULL
RSP=0x000000f864cfe3a0 is pointing into the stack for thread: 0x000002bfd772b800
RBP=0x000002bfdd2d7a10 points into unknown readable memory
RSI=0x0000000000000074 is an unknown value
RDI=0x000002bfdd0ae890 points into unknown readable memory
R8 =0x0000000000000074 is an unknown value
R9 =0x000000f864cfe428 is pointing into the stack for thread: 0x000002bfd772b800
R10=0x0 is NULL
R11=0x000002bfd553ebc0 points into unknown readable memory
R12=0x0000000000000074 is an unknown value
R13=0x0 is NULL
R14=0x0000000000036f2c is an unknown value
R15=0x000002bfdca036d0 points into unknown readable memory


Registers:
RAX=0x000000f864cfe3d0, RBX=0x000000f864cfe5e0, RCX=0x000002bfdd0ae890, RDX=0x0000000000000000
RSP=0x000000f864cfe3a0, RBP=0x000002bfdd2d7a10, RSI=0x0000000000000074, RDI=0x000002bfdd0ae890
R8 =0x0000000000000074, R9 =0x000000f864cfe428, R10=0x0000000000000000, R11=0x000002bfd553ebc0
R12=0x0000000000000074, R13=0x0000000000000000, R14=0x0000000000036f2c, R15=0x000002bfdca036d0
RIP=0x00007ffd71744f3f, EFLAGS=0x0000000000010246

Top of Stack: (sp=0x000000f864cfe3a0)
0x000000f864cfe3a0:   000002bfdd2d7a10 000002bfd7434460
0x000000f864cfe3b0:   0000000000000000 0000000000000010
0x000000f864cfe3c0:   000000f864cfe3d0 0000000000000010
0x000000f864cfe3d0:   000002bfdd2d0000 00007ffd71742a92
0x000000f864cfe3e0:   000002bfdd0ae890 0000000000000000
0x000000f864cfe3f0:   00000000000351c0 000000f864cfe510
0x000000f864cfe400:   000000f864cfe5e0 00007ffd71744622
0x000000f864cfe410:   000000f864cf0000 00000000000351c0
0x000000f864cfe420:   000000074c130000 0000000000000000
0x000000f864cfe430:   000000f864cfe498 000000f864cfe4a0
0x000000f864cfe440:   0000000100000000 00049ba600000000
0x000000f864cfe450:   0000000000049ba6 0000000000000384
0x000000f864cfe460:   0000000000000000 00007ffd7174d60a
0x000000f864cfe470:   000002bfdcf44970 408df2aa9a000000
0x000000f864cfe480:   000000074c145f90 000000074daee7c8
0x000000f864cfe490:   0000000000000000 0000000000000000 

Instructions: (pc=0x00007ffd71744f3f)
0x00007ffd71744f1f:   02 00 00 4c 8d 8c 24 88 00 00 00 44 8b f0 44 8b
0x00007ffd71744f2f:   c6 48 8d 44 24 30 33 d2 48 8b cf 48 89 44 24 20
0x00007ffd71744f3f:   41 ff 92 e0 00 00 00 80 bf 90 01 00 00 00 8b 4b
0x00007ffd71744f4f:   44 74 2d 4c 8b 97 d0 02 00 00 48 8d 84 24 80 00 



---------------  P R O C E S S  ---------------

Threads class SMR info:
_java_thread_list=0x000002bfdce1ff50, length=37, elements={
0x000002bfd4d11800, 0x000002bfd4d1d000, 0x000002bfd4d84800, 0x000002bfd4d87000,
0x000002bfd4d8b000, 0x000002bfd4d37800, 0x000002bfd4d3b000, 0x000002bfd4ef0000,
0x000002bfd503b800, 0x000002bfd521a800, 0x000002bfd5441800, 0x000002bfd7235800,
0x000002bfd6b54800, 0x000002bfd5511000, 0x000002bfd74c7000, 0x000002bfd752d000,
0x000002bfd738b000, 0x000002bfd738e800, 0x000002bfd738f000, 0x000002bfd738c000,
0x000002bfd738d000, 0x000002bfd738d800, 0x000002bfd738a800, 0x000002bfd7723000,
0x000002bfd7726800, 0x000002bfd7720800, 0x000002bfd7727800, 0x000002bfd7721800,
0x000002bfd7722800, 0x000002bfd7724000, 0x000002bfd7725800, 0x000002bfd772d000,
0x000002bfd772a800, 0x000002bfd7725000, 0x000002bfd7728000, 0x000002bfd772b800,
0x000002bfd772e000
}

Java Threads: ( => current thread )
  0x000002bfd4d11800 JavaThread "Reference Handler" daemon [_thread_blocked, id=12724, stack(0x000000f85d600000,0x000000f85d700000)]
  0x000002bfd4d1d000 JavaThread "Finalizer" daemon [_thread_blocked, id=10780, stack(0x000000f85d700000,0x000000f85d800000)]
  0x000002bfd4d84800 JavaThread "Signal Dispatcher" daemon [_thread_blocked, id=8104, stack(0x000000f85d800000,0x000000f85d900000)]
  0x000002bfd4d87000 JavaThread "Attach Listener" daemon [_thread_blocked, id=12032, stack(0x000000f85d900000,0x000000f85da00000)]
  0x000002bfd4d8b000 JavaThread "C2 CompilerThread0" daemon [_thread_blocked, id=11848, stack(0x000000f85da00000,0x000000f85db00000)]
  0x000002bfd4d37800 JavaThread "C1 CompilerThread0" daemon [_thread_blocked, id=5284, stack(0x000000f85db00000,0x000000f85dc00000)]
  0x000002bfd4d3b000 JavaThread "Sweeper thread" daemon [_thread_blocked, id=12276, stack(0x000000f85dc00000,0x000000f85dd00000)]
  0x000002bfd4ef0000 JavaThread "Common-Cleaner" daemon [_thread_blocked, id=4124, stack(0x000000f85dd00000,0x000000f85de00000)]
  0x000002bfd503b800 JavaThread "Monitor Ctrl-Break" daemon [_thread_in_native, id=10340, stack(0x000000f85de00000,0x000000f85df00000)]
  0x000002bfd521a800 JavaThread "Service Thread" daemon [_thread_blocked, id=10900, stack(0x000000f85df00000,0x000000f85e000000)]
  0x000002bfd5441800 JavaThread "Java2D Disposer" daemon [_thread_blocked, id=13168, stack(0x000000f85e100000,0x000000f85e200000)]
  0x000002bfd7235800 JavaThread "InvokeLaterDispatcher" daemon [_thread_blocked, id=9248, stack(0x000000f85e900000,0x000000f85ea00000)]
  0x000002bfd6b54800 JavaThread "JavaFX Application Thread" [_thread_in_native, id=7740, stack(0x000000f85ea00000,0x000000f85eb00000)]
  0x000002bfd5511000 JavaThread "Thread-2" daemon [_thread_in_native, id=11980, stack(0x000000f85e500000,0x000000f85e600000)]
  0x000002bfd74c7000 JavaThread "JFXMedia Player EventQueueThread" daemon [_thread_blocked, id=10912, stack(0x000000f85f000000,0x000000f85f100000)]
  0x000002bfd752d000 JavaThread "Media Resource Disposer" daemon [_thread_blocked, id=3424, stack(0x000000f85f500000,0x000000f85f600000)]
  0x000002bfd738b000 JavaThread "JFXMedia Player EventQueueThread" daemon [_thread_blocked, id=3348, stack(0x000000f85f600000,0x000000f85f700000)]
  0x000002bfd738e800 JavaThread "JFXMedia Player EventQueueThread" daemon [_thread_blocked, id=7004, stack(0x000000f85fc00000,0x000000f85fd00000)]
  0x000002bfd738f000 JavaThread "JFXMedia Player EventQueueThread" daemon [_thread_blocked, id=888, stack(0x000000f860000000,0x000000f860100000)]
  0x000002bfd738c000 JavaThread "JFXMedia Player EventQueueThread" daemon [_thread_blocked, id=9700, stack(0x000000f860400000,0x000000f860500000)]
  0x000002bfd738d000 JavaThread "JFXMedia Player EventQueueThread" daemon [_thread_blocked, id=13184, stack(0x000000f860700000,0x000000f860800000)]
  0x000002bfd738d800 JavaThread "JFXMedia Player EventQueueThread" daemon [_thread_blocked, id=13112, stack(0x000000f860d00000,0x000000f860e00000)]
  0x000002bfd738a800 JavaThread "JFXMedia Player EventQueueThread" daemon [_thread_blocked, id=11532, stack(0x000000f860f00000,0x000000f861000000)]
  0x000002bfd7723000 JavaThread "JFXMedia Player EventQueueThread" daemon [_thread_blocked, id=4136, stack(0x000000f861500000,0x000000f861600000)]
  0x000002bfd7726800 JavaThread "JFXMedia Player EventQueueThread" daemon [_thread_blocked, id=3180, stack(0x000000f861d00000,0x000000f861e00000)]
  0x000002bfd7720800 JavaThread "JFXMedia Player EventQueueThread" daemon [_thread_blocked, id=7528, stack(0x000000f861f00000,0x000000f862000000)]
  0x000002bfd7727800 JavaThread "JFXMedia Player EventQueueThread" daemon [_thread_blocked, id=11396, stack(0x000000f862400000,0x000000f862500000)]
  0x000002bfd7721800 JavaThread "JFXMedia Player EventQueueThread" daemon [_thread_blocked, id=3928, stack(0x000000f862c00000,0x000000f862d00000)]
  0x000002bfd7722800 JavaThread "JFXMedia Player EventQueueThread" daemon [_thread_blocked, id=7904, stack(0x000000f863000000,0x000000f863100000)]
  0x000002bfd7724000 JavaThread "JFXMedia Player EventQueueThread" daemon [_thread_blocked, id=13020, stack(0x000000f863500000,0x000000f863600000)]
  0x000002bfd7725800 JavaThread "JFXMedia Player EventQueueThread" daemon [_thread_blocked, id=8872, stack(0x000000f863800000,0x000000f863900000)]
  0x000002bfd772d000 JavaThread "JFXMedia Player EventQueueThread" daemon [_thread_blocked, id=7684, stack(0x000000f863b00000,0x000000f863c00000)]
  0x000002bfd772a800 JavaThread "JFXMedia Player EventQueueThread" daemon [_thread_blocked, id=11860, stack(0x000000f864400000,0x000000f864500000)]
  0x000002bfd7725000 JavaThread "AWT-Shutdown" [_thread_blocked, id=1824, stack(0x000000f864a00000,0x000000f864b00000)]
  0x000002bfd7728000 JavaThread "AWT-EventQueue-0" [_thread_blocked, id=9232, stack(0x000000f864b00000,0x000000f864c00000)]
=>0x000002bfd772b800 JavaThread "Client Thread" [_thread_in_native, id=7064, stack(0x000000f864c00000,0x000000f864d00000)]
  0x000002bfd772e000 JavaThread "DestroyJavaVM" [_thread_blocked, id=12128, stack(0x000000f85cf00000,0x000000f85d000000)]

Other Threads:
  0x000002bfd44dd800 VMThread "VM Thread" [stack: 0x000000f85d500000,0x000000f85d600000] [id=5448]
  0x000002bfd5224000 WatcherThread [stack: 0x000000f85e000000,0x000000f85e100000] [id=13072]
  0x000002bfb3b91000 GCTaskThread "GC Thread#0" [stack: 0x000000f85d000000,0x000000f85d100000] [id=840]
  0x000002bfd6c36800 GCTaskThread "GC Thread#1" [stack: 0x000000f85ed00000,0x000000f85ee00000] [id=6204]
  0x000002bfd5782800 GCTaskThread "GC Thread#2" [stack: 0x000000f85ee00000,0x000000f85ef00000] [id=3568]
  0x000002bfd7275800 GCTaskThread "GC Thread#3" [stack: 0x000000f85ef00000,0x000000f85f000000] [id=10908]
  0x000002bfb3bd6800 ConcurrentGCThread "G1 Main Marker" [stack: 0x000000f85d100000,0x000000f85d200000] [id=4548]
  0x000002bfb3bd8800 ConcurrentGCThread "G1 Conc#0" [stack: 0x000000f85d200000,0x000000f85d300000] [id=5208]
  0x000002bfb3c4e000 ConcurrentGCThread "G1 Refine#0" [stack: 0x000000f85d300000,0x000000f85d400000] [id=11008]
  0x000002bfd4349800 ConcurrentGCThread "G1 Young RemSet Sampling" [stack: 0x000000f85d400000,0x000000f85d500000] [id=3696]

Threads with active compile tasks:

VM state:not at safepoint (normal execution)

VM Mutex/Monitor currently owned by a thread: None

Heap address: 0x0000000741c00000, size: 3044 MB, Compressed Oops mode: Zero based, Oop shift amount: 3
Narrow klass base: 0x0000000800000000, Narrow klass shift: 0
Compressed class space size: 1073741824 Address: 0x0000000800000000

Heap:
 garbage-first heap   total 196608K, used 85673K [0x0000000741c00000, 0x0000000800000000)
  region size 1024K, 5 young (5120K), 1 survivors (1024K)
 Metaspace       used 21832K, capacity 22465K, committed 22780K, reserved 1069056K
  class space    used 2311K, capacity 2582K, committed 2636K, reserved 1048576K
Heap Regions: E=young(eden), S=young(survivor), O=old, HS=humongous(starts), HC=humongous(continues), CS=collection set, F=free, A=archive, TAMS=top-at-mark-start (previous, next)
|   0|0x0000000741c00000, 0x0000000741d00000, 0x0000000741d00000|100%| O|  |TAMS 0x0000000741d00000, 0x0000000741c00000| Untracked 
|   1|0x0000000741d00000, 0x0000000741e00000, 0x0000000741e00000|100%|HS|  |TAMS 0x0000000741e00000, 0x0000000741d00000| Complete 
|   2|0x0000000741e00000, 0x0000000741f00000, 0x0000000741f00000|100%|HC|  |TAMS 0x0000000741f00000, 0x0000000741e00000| Complete 
|   3|0x0000000741f00000, 0x0000000742000000, 0x0000000742000000|100%|HS|  |TAMS 0x0000000742000000, 0x0000000741f00000| Complete 
|   4|0x0000000742000000, 0x0000000742100000, 0x0000000742100000|100%|HC|  |TAMS 0x0000000742100000, 0x0000000742000000| Complete 
|   5|0x0000000742100000, 0x0000000742200000, 0x0000000742200000|100%|HS|  |TAMS 0x0000000742200000, 0x0000000742100000| Complete 
|   6|0x0000000742200000, 0x0000000742300000, 0x0000000742300000|100%|HS|  |TAMS 0x0000000742300000, 0x0000000742200000| Complete 
|   7|0x0000000742300000, 0x0000000742400000, 0x0000000742400000|100%|HC|  |TAMS 0x0000000742400000, 0x0000000742300000| Complete 
|   8|0x0000000742400000, 0x0000000742500000, 0x0000000742500000|100%|HC|  |TAMS 0x0000000742500000, 0x0000000742400000| Complete 
|   9|0x0000000742500000, 0x0000000742600000, 0x0000000742600000|100%|HS|  |TAMS 0x0000000742600000, 0x0000000742500000| Complete 
|  10|0x0000000742600000, 0x0000000742700000, 0x0000000742700000|100%|HC|  |TAMS 0x0000000742700000, 0x0000000742600000| Complete 
|  11|0x0000000742700000, 0x0000000742800000, 0x0000000742800000|100%|HC|  |TAMS 0x0000000742800000, 0x0000000742700000| Complete 
|  12|0x0000000742800000, 0x0000000742900000, 0x0000000742900000|100%|HC|  |TAMS 0x0000000742900000, 0x0000000742800000| Complete 
|  13|0x0000000742900000, 0x0000000742a00000, 0x0000000742a00000|100%|HC|  |TAMS 0x0000000742a00000, 0x0000000742900000| Complete 
|  14|0x0000000742a00000, 0x0000000742b00000, 0x0000000742b00000|100%|HC|  |TAMS 0x0000000742b00000, 0x0000000742a00000| Complete 
|  15|0x0000000742b00000, 0x0000000742c00000, 0x0000000742c00000|100%|HS|  |TAMS 0x0000000742c00000, 0x0000000742b00000| Complete 
|  16|0x0000000742c00000, 0x0000000742d00000, 0x0000000742d00000|100%|HC|  |TAMS 0x0000000742d00000, 0x0000000742c00000| Complete 
|  17|0x0000000742d00000, 0x0000000742e00000, 0x0000000742e00000|100%|HC|  |TAMS 0x0000000742e00000, 0x0000000742d00000| Complete 
|  18|0x0000000742e00000, 0x0000000742f00000, 0x0000000742f00000|100%|HC|  |TAMS 0x0000000742f00000, 0x0000000742e00000| Complete 
|  19|0x0000000742f00000, 0x0000000743000000, 0x0000000743000000|100%|HC|  |TAMS 0x0000000743000000, 0x0000000742f00000| Complete 
|  20|0x0000000743000000, 0x0000000743100000, 0x0000000743100000|100%|HS|  |TAMS 0x0000000743100000, 0x0000000743000000| Complete 
|  21|0x0000000743100000, 0x0000000743200000, 0x0000000743200000|100%|HC|  |TAMS 0x0000000743200000, 0x0000000743100000| Complete 
|  22|0x0000000743200000, 0x0000000743300000, 0x0000000743300000|100%|HC|  |TAMS 0x0000000743300000, 0x0000000743200000| Complete 
|  23|0x0000000743300000, 0x0000000743400000, 0x0000000743400000|100%|HS|  |TAMS 0x0000000743400000, 0x0000000743300000| Complete 
|  24|0x0000000743400000, 0x0000000743500000, 0x0000000743500000|100%|HC|  |TAMS 0x0000000743500000, 0x0000000743400000| Complete 
|  25|0x0000000743500000, 0x0000000743600000, 0x0000000743600000|100%|HC|  |TAMS 0x0000000743600000, 0x0000000743500000| Complete 
|  26|0x0000000743600000, 0x0000000743700000, 0x0000000743700000|100%|HC|  |TAMS 0x0000000743700000, 0x0000000743600000| Complete 
|  27|0x0000000743700000, 0x0000000743800000, 0x0000000743800000|100%|HC|  |TAMS 0x0000000743800000, 0x0000000743700000| Complete 
|  28|0x0000000743800000, 0x0000000743900000, 0x0000000743900000|100%|HC|  |TAMS 0x0000000743900000, 0x0000000743800000| Complete 
|  29|0x0000000743900000, 0x0000000743a00000, 0x0000000743a00000|100%|HC|  |TAMS 0x0000000743a00000, 0x0000000743900000| Complete 
|  30|0x0000000743a00000, 0x0000000743b00000, 0x0000000743b00000|100%|HC|  |TAMS 0x0000000743b00000, 0x0000000743a00000| Complete 
|  31|0x0000000743b00000, 0x0000000743c00000, 0x0000000743c00000|100%|HS|  |TAMS 0x0000000743c00000, 0x0000000743b00000| Complete 
|  32|0x0000000743c00000, 0x0000000743d00000, 0x0000000743d00000|100%|HC|  |TAMS 0x0000000743d00000, 0x0000000743c00000| Complete 
|  33|0x0000000743d00000, 0x0000000743e00000, 0x0000000743e00000|100%|HC|  |TAMS 0x0000000743e00000, 0x0000000743d00000| Complete 
|  34|0x0000000743e00000, 0x0000000743f00000, 0x0000000743f00000|100%|HC|  |TAMS 0x0000000743f00000, 0x0000000743e00000| Complete 
|  35|0x0000000743f00000, 0x0000000744000000, 0x0000000744000000|100%| O|  |TAMS 0x0000000744000000, 0x0000000743f00000| Untracked 
|  36|0x0000000744000000, 0x0000000744100000, 0x0000000744100000|100%| O|  |TAMS 0x0000000744100000, 0x0000000744000000| Untracked 
|  37|0x0000000744100000, 0x0000000744200000, 0x0000000744200000|100%| O|  |TAMS 0x0000000744200000, 0x0000000744100000| Untracked 
|  38|0x0000000744200000, 0x0000000744300000, 0x0000000744300000|100%| O|  |TAMS 0x0000000744300000, 0x0000000744200000| Untracked 
|  39|0x0000000744300000, 0x0000000744400000, 0x0000000744400000|100%| O|  |TAMS 0x0000000744400000, 0x0000000744300000| Untracked 
|  40|0x0000000744400000, 0x0000000744500000, 0x0000000744500000|100%| O|  |TAMS 0x0000000744500000, 0x0000000744400000| Untracked 
|  41|0x0000000744500000, 0x0000000744600000, 0x0000000744600000|100%| O|  |TAMS 0x0000000744600000, 0x0000000744500000| Untracked 
|  42|0x0000000744600000, 0x0000000744700000, 0x0000000744700000|100%| O|  |TAMS 0x0000000744700000, 0x0000000744600000| Untracked 
|  43|0x0000000744700000, 0x0000000744800000, 0x0000000744800000|100%| O|  |TAMS 0x0000000744800000, 0x0000000744700000| Untracked 
|  44|0x0000000744800000, 0x0000000744900000, 0x0000000744900000|100%| O|  |TAMS 0x0000000744900000, 0x0000000744800000| Untracked 
|  45|0x0000000744900000, 0x0000000744a00000, 0x0000000744a00000|100%| O|  |TAMS 0x0000000744a00000, 0x0000000744900000| Untracked 
|  46|0x0000000744a00000, 0x0000000744b00000, 0x0000000744b00000|100%| O|  |TAMS 0x0000000744b00000, 0x0000000744a00000| Untracked 
|  47|0x0000000744b00000, 0x0000000744c00000, 0x0000000744c00000|100%| O|  |TAMS 0x0000000744c00000, 0x0000000744b00000| Untracked 
|  48|0x0000000744c00000, 0x0000000744d00000, 0x0000000744d00000|100%| O|  |TAMS 0x0000000744d00000, 0x0000000744c00000| Untracked 
|  49|0x0000000744d00000, 0x0000000744e00000, 0x0000000744e00000|100%| O|  |TAMS 0x0000000744e00000, 0x0000000744d00000| Untracked 
|  50|0x0000000744e00000, 0x0000000744f00000, 0x0000000744f00000|100%| O|  |TAMS 0x0000000744f00000, 0x0000000744e00000| Untracked 
|  51|0x0000000744f00000, 0x0000000745000000, 0x0000000745000000|100%| O|  |TAMS 0x0000000745000000, 0x0000000744f00000| Untracked 
|  52|0x0000000745000000, 0x0000000745100000, 0x0000000745100000|100%| O|  |TAMS 0x0000000745100000, 0x0000000745000000| Untracked 
|  53|0x0000000745100000, 0x0000000745200000, 0x0000000745200000|100%| O|  |TAMS 0x0000000745200000, 0x0000000745100000| Untracked 
|  54|0x0000000745200000, 0x0000000745300000, 0x0000000745300000|100%| O|  |TAMS 0x0000000745300000, 0x0000000745200000| Untracked 
|  55|0x0000000745300000, 0x0000000745400000, 0x0000000745400000|100%| O|  |TAMS 0x0000000745400000, 0x0000000745300000| Untracked 
|  56|0x0000000745400000, 0x0000000745500000, 0x0000000745500000|100%| O|  |TAMS 0x0000000745500000, 0x0000000745400000| Untracked 
|  57|0x0000000745500000, 0x0000000745600000, 0x0000000745600000|100%| O|  |TAMS 0x0000000745600000, 0x0000000745500000| Untracked 
|  58|0x0000000745600000, 0x00000007456eb800, 0x0000000745700000| 91%| O|  |TAMS 0x00000007456eb800, 0x0000000745600000| Untracked 
|  59|0x0000000745700000, 0x0000000745800000, 0x0000000745800000|100%|HS|  |TAMS 0x0000000745700000, 0x0000000745700000| Complete 
|  60|0x0000000745800000, 0x0000000745900000, 0x0000000745900000|100%|HC|  |TAMS 0x0000000745800000, 0x0000000745800000| Complete 
|  61|0x0000000745900000, 0x0000000745a00000, 0x0000000745a00000|100%|HC|  |TAMS 0x0000000745900000, 0x0000000745900000| Complete 
|  62|0x0000000745a00000, 0x0000000745b00000, 0x0000000745b00000|100%|HC|  |TAMS 0x0000000745a00000, 0x0000000745a00000| Complete 
|  63|0x0000000745b00000, 0x0000000745c00000, 0x0000000745c00000|100%|HC|  |TAMS 0x0000000745b00000, 0x0000000745b00000| Complete 
|  64|0x0000000745c00000, 0x0000000745d00000, 0x0000000745d00000|100%|HC|  |TAMS 0x0000000745c00000, 0x0000000745c00000| Complete 
|  65|0x0000000745d00000, 0x0000000745e00000, 0x0000000745e00000|100%|HC|  |TAMS 0x0000000745d00000, 0x0000000745d00000| Complete 
|  66|0x0000000745e00000, 0x0000000745f00000, 0x0000000745f00000|100%|HS|  |TAMS 0x0000000745e00000, 0x0000000745e00000| Complete 
|  67|0x0000000745f00000, 0x0000000746000000, 0x0000000746000000|100%|HC|  |TAMS 0x0000000745f00000, 0x0000000745f00000| Complete 
|  68|0x0000000746000000, 0x0000000746100000, 0x0000000746100000|100%|HC|  |TAMS 0x0000000746000000, 0x0000000746000000| Complete 
|  69|0x0000000746100000, 0x0000000746200000, 0x0000000746200000|100%|HC|  |TAMS 0x0000000746100000, 0x0000000746100000| Complete 
|  70|0x0000000746200000, 0x0000000746300000, 0x0000000746300000|100%|HC|  |TAMS 0x0000000746200000, 0x0000000746200000| Complete 
|  71|0x0000000746300000, 0x0000000746400000, 0x0000000746400000|100%|HC|  |TAMS 0x0000000746300000, 0x0000000746300000| Complete 
|  72|0x0000000746400000, 0x0000000746500000, 0x0000000746500000|100%|HC|  |TAMS 0x0000000746400000, 0x0000000746400000| Complete 
|  73|0x0000000746500000, 0x0000000746600000, 0x0000000746600000|100%|HS|  |TAMS 0x0000000746500000, 0x0000000746500000| Complete 
|  74|0x0000000746600000, 0x0000000746700000, 0x0000000746700000|100%|HC|  |TAMS 0x0000000746600000, 0x0000000746600000| Complete 
|  75|0x0000000746700000, 0x0000000746800000, 0x0000000746800000|100%|HC|  |TAMS 0x0000000746700000, 0x0000000746700000| Complete 
|  76|0x0000000746800000, 0x0000000746900000, 0x0000000746900000|100%|HC|  |TAMS 0x0000000746800000, 0x0000000746800000| Complete 
|  77|0x0000000746900000, 0x0000000746a00000, 0x0000000746a00000|100%|HC|  |TAMS 0x0000000746900000, 0x0000000746900000| Complete 
|  78|0x0000000746a00000, 0x0000000746b00000, 0x0000000746b00000|100%|HC|  |TAMS 0x0000000746a00000, 0x0000000746a00000| Complete 
|  79|0x0000000746b00000, 0x0000000746c00000, 0x0000000746c00000|100%|HC|  |TAMS 0x0000000746b00000, 0x0000000746b00000| Complete 
|  80|0x0000000746c00000, 0x0000000746c00000, 0x0000000746d00000|  0%| F|  |TAMS 0x0000000746c00000, 0x0000000746c00000| Untracked 
|  81|0x0000000746d00000, 0x0000000746d00000, 0x0000000746e00000|  0%| F|  |TAMS 0x0000000746d00000, 0x0000000746d00000| Untracked 
|  82|0x0000000746e00000, 0x0000000746e00000, 0x0000000746f00000|  0%| F|  |TAMS 0x0000000746e00000, 0x0000000746e00000| Untracked 
|  83|0x0000000746f00000, 0x0000000746f00000, 0x0000000747000000|  0%| F|  |TAMS 0x0000000746f00000, 0x0000000746f00000| Untracked 
|  84|0x0000000747000000, 0x0000000747000000, 0x0000000747100000|  0%| F|  |TAMS 0x0000000747000000, 0x0000000747000000| Untracked 
|  85|0x0000000747100000, 0x0000000747100000, 0x0000000747200000|  0%| F|  |TAMS 0x0000000747100000, 0x0000000747100000| Untracked 
|  86|0x0000000747200000, 0x0000000747200000, 0x0000000747300000|  0%| F|  |TAMS 0x0000000747200000, 0x0000000747200000| Untracked 
|  87|0x0000000747300000, 0x0000000747300000, 0x0000000747400000|  0%| F|  |TAMS 0x0000000747300000, 0x0000000747300000| Untracked 
|  88|0x0000000747400000, 0x0000000747400000, 0x0000000747500000|  0%| F|  |TAMS 0x0000000747400000, 0x0000000747400000| Untracked 
|  89|0x0000000747500000, 0x0000000747500000, 0x0000000747600000|  0%| F|  |TAMS 0x0000000747500000, 0x0000000747500000| Untracked 
|  90|0x0000000747600000, 0x0000000747600000, 0x0000000747700000|  0%| F|  |TAMS 0x0000000747600000, 0x0000000747600000| Untracked 
|  91|0x0000000747700000, 0x0000000747700000, 0x0000000747800000|  0%| F|  |TAMS 0x0000000747700000, 0x0000000747700000| Untracked 
|  92|0x0000000747800000, 0x0000000747800000, 0x0000000747900000|  0%| F|  |TAMS 0x0000000747800000, 0x0000000747800000| Untracked 
|  93|0x0000000747900000, 0x0000000747900000, 0x0000000747a00000|  0%| F|  |TAMS 0x0000000747900000, 0x0000000747900000| Untracked 
|  94|0x0000000747a00000, 0x0000000747a00000, 0x0000000747b00000|  0%| F|  |TAMS 0x0000000747a00000, 0x0000000747a00000| Untracked 
|  95|0x0000000747b00000, 0x0000000747b00000, 0x0000000747c00000|  0%| F|  |TAMS 0x0000000747b00000, 0x0000000747b00000| Untracked 
|  96|0x0000000747c00000, 0x0000000747c00000, 0x0000000747d00000|  0%| F|  |TAMS 0x0000000747c00000, 0x0000000747c00000| Untracked 
|  97|0x0000000747d00000, 0x0000000747d00000, 0x0000000747e00000|  0%| F|  |TAMS 0x0000000747d00000, 0x0000000747d00000| Untracked 
|  98|0x0000000747e00000, 0x0000000747e00000, 0x0000000747f00000|  0%| F|  |TAMS 0x0000000747e00000, 0x0000000747e00000| Untracked 
|  99|0x0000000747f00000, 0x0000000747f00000, 0x0000000748000000|  0%| F|  |TAMS 0x0000000747f00000, 0x0000000747f00000| Untracked 
| 100|0x0000000748000000, 0x0000000748000000, 0x0000000748100000|  0%| F|  |TAMS 0x0000000748000000, 0x0000000748000000| Untracked 
| 101|0x0000000748100000, 0x0000000748100000, 0x0000000748200000|  0%| F|  |TAMS 0x0000000748100000, 0x0000000748100000| Untracked 
| 102|0x0000000748200000, 0x0000000748200000, 0x0000000748300000|  0%| F|  |TAMS 0x0000000748200000, 0x0000000748200000| Untracked 
| 103|0x0000000748300000, 0x0000000748300000, 0x0000000748400000|  0%| F|  |TAMS 0x0000000748300000, 0x0000000748300000| Untracked 
| 104|0x0000000748400000, 0x0000000748400000, 0x0000000748500000|  0%| F|  |TAMS 0x0000000748400000, 0x0000000748400000| Untracked 
| 105|0x0000000748500000, 0x0000000748500000, 0x0000000748600000|  0%| F|  |TAMS 0x0000000748500000, 0x0000000748500000| Untracked 
| 106|0x0000000748600000, 0x0000000748600000, 0x0000000748700000|  0%| F|  |TAMS 0x0000000748600000, 0x0000000748600000| Untracked 
| 107|0x0000000748700000, 0x0000000748700000, 0x0000000748800000|  0%| F|  |TAMS 0x0000000748700000, 0x0000000748700000| Untracked 
| 108|0x0000000748800000, 0x0000000748800000, 0x0000000748900000|  0%| F|  |TAMS 0x0000000748800000, 0x0000000748800000| Untracked 
| 109|0x0000000748900000, 0x0000000748900000, 0x0000000748a00000|  0%| F|  |TAMS 0x0000000748900000, 0x0000000748900000| Untracked 
| 110|0x0000000748a00000, 0x0000000748a00000, 0x0000000748b00000|  0%| F|  |TAMS 0x0000000748a00000, 0x0000000748a00000| Untracked 
| 111|0x0000000748b00000, 0x0000000748b00000, 0x0000000748c00000|  0%| F|  |TAMS 0x0000000748b00000, 0x0000000748b00000| Untracked 
| 112|0x0000000748c00000, 0x0000000748c00000, 0x0000000748d00000|  0%| F|  |TAMS 0x0000000748c00000, 0x0000000748c00000| Untracked 
| 113|0x0000000748d00000, 0x0000000748d00000, 0x0000000748e00000|  0%| F|  |TAMS 0x0000000748d00000, 0x0000000748d00000| Untracked 
| 114|0x0000000748e00000, 0x0000000748e00000, 0x0000000748f00000|  0%| F|  |TAMS 0x0000000748e00000, 0x0000000748e00000| Untracked 
| 115|0x0000000748f00000, 0x0000000748f00000, 0x0000000749000000|  0%| F|  |TAMS 0x0000000748f00000, 0x0000000748f00000| Untracked 
| 116|0x0000000749000000, 0x0000000749000000, 0x0000000749100000|  0%| F|  |TAMS 0x0000000749000000, 0x0000000749000000| Untracked 
| 117|0x0000000749100000, 0x0000000749100000, 0x0000000749200000|  0%| F|  |TAMS 0x0000000749100000, 0x0000000749100000| Untracked 
| 118|0x0000000749200000, 0x0000000749200000, 0x0000000749300000|  0%| F|  |TAMS 0x0000000749200000, 0x0000000749200000| Untracked 
| 119|0x0000000749300000, 0x0000000749300000, 0x0000000749400000|  0%| F|  |TAMS 0x0000000749300000, 0x0000000749300000| Untracked 
| 120|0x0000000749400000, 0x0000000749400000, 0x0000000749500000|  0%| F|  |TAMS 0x0000000749400000, 0x0000000749400000| Untracked 
| 121|0x0000000749500000, 0x0000000749500000, 0x0000000749600000|  0%| F|  |TAMS 0x0000000749500000, 0x0000000749500000| Untracked 
| 122|0x0000000749600000, 0x0000000749600000, 0x0000000749700000|  0%| F|  |TAMS 0x0000000749600000, 0x0000000749600000| Untracked 
| 123|0x0000000749700000, 0x0000000749700000, 0x0000000749800000|  0%| F|  |TAMS 0x0000000749700000, 0x0000000749700000| Untracked 
| 124|0x0000000749800000, 0x0000000749800000, 0x0000000749900000|  0%| F|  |TAMS 0x0000000749800000, 0x0000000749800000| Untracked 
| 125|0x0000000749900000, 0x0000000749900000, 0x0000000749a00000|  0%| F|  |TAMS 0x0000000749900000, 0x0000000749900000| Untracked 
| 126|0x0000000749a00000, 0x0000000749a00000, 0x0000000749b00000|  0%| F|  |TAMS 0x0000000749a00000, 0x0000000749a00000| Untracked 
| 127|0x0000000749b00000, 0x0000000749b00000, 0x0000000749c00000|  0%| F|  |TAMS 0x0000000749b00000, 0x0000000749b00000| Untracked 
| 128|0x0000000749c00000, 0x0000000749c00000, 0x0000000749d00000|  0%| F|  |TAMS 0x0000000749c00000, 0x0000000749c00000| Untracked 
| 129|0x0000000749d00000, 0x0000000749d00000, 0x0000000749e00000|  0%| F|  |TAMS 0x0000000749d00000, 0x0000000749d00000| Untracked 
| 130|0x0000000749e00000, 0x0000000749e00000, 0x0000000749f00000|  0%| F|  |TAMS 0x0000000749e00000, 0x0000000749e00000| Untracked 
| 131|0x0000000749f00000, 0x0000000749f00000, 0x000000074a000000|  0%| F|  |TAMS 0x0000000749f00000, 0x0000000749f00000| Untracked 
| 132|0x000000074a000000, 0x000000074a000000, 0x000000074a100000|  0%| F|  |TAMS 0x000000074a000000, 0x000000074a000000| Untracked 
| 133|0x000000074a100000, 0x000000074a100000, 0x000000074a200000|  0%| F|  |TAMS 0x000000074a100000, 0x000000074a100000| Untracked 
| 134|0x000000074a200000, 0x000000074a200000, 0x000000074a300000|  0%| F|  |TAMS 0x000000074a200000, 0x000000074a200000| Untracked 
| 135|0x000000074a300000, 0x000000074a300000, 0x000000074a400000|  0%| F|  |TAMS 0x000000074a300000, 0x000000074a300000| Untracked 
| 136|0x000000074a400000, 0x000000074a400000, 0x000000074a500000|  0%| F|  |TAMS 0x000000074a400000, 0x000000074a400000| Untracked 
| 137|0x000000074a500000, 0x000000074a500000, 0x000000074a600000|  0%| F|  |TAMS 0x000000074a500000, 0x000000074a500000| Untracked 
| 138|0x000000074a600000, 0x000000074a600000, 0x000000074a700000|  0%| F|  |TAMS 0x000000074a600000, 0x000000074a600000| Untracked 
| 139|0x000000074a700000, 0x000000074a700000, 0x000000074a800000|  0%| F|  |TAMS 0x000000074a700000, 0x000000074a700000| Untracked 
| 140|0x000000074a800000, 0x000000074a800000, 0x000000074a900000|  0%| F|  |TAMS 0x000000074a800000, 0x000000074a800000| Untracked 
| 141|0x000000074a900000, 0x000000074a900000, 0x000000074aa00000|  0%| F|  |TAMS 0x000000074a900000, 0x000000074a900000| Untracked 
| 142|0x000000074aa00000, 0x000000074aa00000, 0x000000074ab00000|  0%| F|  |TAMS 0x000000074aa00000, 0x000000074aa00000| Untracked 
| 143|0x000000074ab00000, 0x000000074ab00000, 0x000000074ac00000|  0%| F|  |TAMS 0x000000074ab00000, 0x000000074ab00000| Untracked 
| 144|0x000000074ac00000, 0x000000074ac00000, 0x000000074ad00000|  0%| F|  |TAMS 0x000000074ac00000, 0x000000074ac00000| Untracked 
| 145|0x000000074ad00000, 0x000000074ad00000, 0x000000074ae00000|  0%| F|  |TAMS 0x000000074ad00000, 0x000000074ad00000| Untracked 
| 146|0x000000074ae00000, 0x000000074ae00000, 0x000000074af00000|  0%| F|  |TAMS 0x000000074ae00000, 0x000000074ae00000| Untracked 
| 147|0x000000074af00000, 0x000000074af00000, 0x000000074b000000|  0%| F|  |TAMS 0x000000074af00000, 0x000000074af00000| Untracked 
| 148|0x000000074b000000, 0x000000074b000000, 0x000000074b100000|  0%| F|  |TAMS 0x000000074b000000, 0x000000074b000000| Untracked 
| 149|0x000000074b100000, 0x000000074b100000, 0x000000074b200000|  0%| F|  |TAMS 0x000000074b100000, 0x000000074b100000| Untracked 
| 150|0x000000074b200000, 0x000000074b200000, 0x000000074b300000|  0%| F|  |TAMS 0x000000074b200000, 0x000000074b200000| Untracked 
| 151|0x000000074b300000, 0x000000074b300000, 0x000000074b400000|  0%| F|  |TAMS 0x000000074b300000, 0x000000074b300000| Untracked 
| 152|0x000000074b400000, 0x000000074b400000, 0x000000074b500000|  0%| F|  |TAMS 0x000000074b400000, 0x000000074b400000| Untracked 
| 153|0x000000074b500000, 0x000000074b500000, 0x000000074b600000|  0%| F|  |TAMS 0x000000074b500000, 0x000000074b500000| Untracked 
| 154|0x000000074b600000, 0x000000074b600000, 0x000000074b700000|  0%| F|  |TAMS 0x000000074b600000, 0x000000074b600000| Untracked 
| 155|0x000000074b700000, 0x000000074b700000, 0x000000074b800000|  0%| F|  |TAMS 0x000000074b700000, 0x000000074b700000| Untracked 
| 156|0x000000074b800000, 0x000000074b800000, 0x000000074b900000|  0%| F|  |TAMS 0x000000074b800000, 0x000000074b800000| Untracked 
| 157|0x000000074b900000, 0x000000074b900000, 0x000000074ba00000|  0%| F|  |TAMS 0x000000074b900000, 0x000000074b900000| Untracked 
| 158|0x000000074ba00000, 0x000000074ba00000, 0x000000074bb00000|  0%| F|  |TAMS 0x000000074ba00000, 0x000000074ba00000| Untracked 
| 159|0x000000074bb00000, 0x000000074bb00000, 0x000000074bc00000|  0%| F|  |TAMS 0x000000074bb00000, 0x000000074bb00000| Untracked 
| 160|0x000000074bc00000, 0x000000074bc00000, 0x000000074bd00000|  0%| F|  |TAMS 0x000000074bc00000, 0x000000074bc00000| Untracked 
| 161|0x000000074bd00000, 0x000000074bd00000, 0x000000074be00000|  0%| F|  |TAMS 0x000000074bd00000, 0x000000074bd00000| Untracked 
| 162|0x000000074be00000, 0x000000074be00000, 0x000000074bf00000|  0%| F|  |TAMS 0x000000074be00000, 0x000000074be00000| Untracked 
| 163|0x000000074bf00000, 0x000000074bf00000, 0x000000074c000000|  0%| F|  |TAMS 0x000000074bf00000, 0x000000074bf00000| Untracked 
| 164|0x000000074c000000, 0x000000074c000000, 0x000000074c100000|  0%| F|  |TAMS 0x000000074c000000, 0x000000074c000000| Untracked 
| 165|0x000000074c100000, 0x000000074c1bee40, 0x000000074c200000| 74%| S|CS|TAMS 0x000000074c100000, 0x000000074c100000| Complete 
| 166|0x000000074c200000, 0x000000074c200000, 0x000000074c300000|  0%| F|  |TAMS 0x000000074c200000, 0x000000074c200000| Untracked 
| 167|0x000000074c300000, 0x000000074c300000, 0x000000074c400000|  0%| F|  |TAMS 0x000000074c300000, 0x000000074c300000| Untracked 
| 168|0x000000074c400000, 0x000000074c400000, 0x000000074c500000|  0%| F|  |TAMS 0x000000074c400000, 0x000000074c400000| Untracked 
| 169|0x000000074c500000, 0x000000074c500000, 0x000000074c600000|  0%| F|  |TAMS 0x000000074c500000, 0x000000074c500000| Untracked 
| 170|0x000000074c600000, 0x000000074c600000, 0x000000074c700000|  0%| F|  |TAMS 0x000000074c600000, 0x000000074c600000| Untracked 
| 171|0x000000074c700000, 0x000000074c700000, 0x000000074c800000|  0%| F|  |TAMS 0x000000074c700000, 0x000000074c700000| Untracked 
| 172|0x000000074c800000, 0x000000074c800000, 0x000000074c900000|  0%| F|  |TAMS 0x000000074c800000, 0x000000074c800000| Untracked 
| 173|0x000000074c900000, 0x000000074c900000, 0x000000074ca00000|  0%| F|  |TAMS 0x000000074c900000, 0x000000074c900000| Untracked 
| 174|0x000000074ca00000, 0x000000074ca00000, 0x000000074cb00000|  0%| F|  |TAMS 0x000000074ca00000, 0x000000074ca00000| Untracked 
| 175|0x000000074cb00000, 0x000000074cb00000, 0x000000074cc00000|  0%| F|  |TAMS 0x000000074cb00000, 0x000000074cb00000| Untracked 
| 176|0x000000074cc00000, 0x000000074cc00000, 0x000000074cd00000|  0%| F|  |TAMS 0x000000074cc00000, 0x000000074cc00000| Untracked 
| 177|0x000000074cd00000, 0x000000074cd00000, 0x000000074ce00000|  0%| F|  |TAMS 0x000000074cd00000, 0x000000074cd00000| Untracked 
| 178|0x000000074ce00000, 0x000000074ce00000, 0x000000074cf00000|  0%| F|  |TAMS 0x000000074ce00000, 0x000000074ce00000| Untracked 
| 179|0x000000074cf00000, 0x000000074cf00000, 0x000000074d000000|  0%| F|  |TAMS 0x000000074cf00000, 0x000000074cf00000| Untracked 
| 180|0x000000074d000000, 0x000000074d000000, 0x000000074d100000|  0%| F|  |TAMS 0x000000074d000000, 0x000000074d000000| Untracked 
| 181|0x000000074d100000, 0x000000074d100000, 0x000000074d200000|  0%| F|  |TAMS 0x000000074d100000, 0x000000074d100000| Untracked 
| 182|0x000000074d200000, 0x000000074d200000, 0x000000074d300000|  0%| F|  |TAMS 0x000000074d200000, 0x000000074d200000| Untracked 
| 183|0x000000074d300000, 0x000000074d300000, 0x000000074d400000|  0%| F|  |TAMS 0x000000074d300000, 0x000000074d300000| Untracked 
| 184|0x000000074d400000, 0x000000074d400000, 0x000000074d500000|  0%| F|  |TAMS 0x000000074d400000, 0x000000074d400000| Untracked 
| 185|0x000000074d500000, 0x000000074d500000, 0x000000074d600000|  0%| F|  |TAMS 0x000000074d500000, 0x000000074d500000| Untracked 
| 186|0x000000074d600000, 0x000000074d600000, 0x000000074d700000|  0%| F|  |TAMS 0x000000074d600000, 0x000000074d600000| Untracked 
| 187|0x000000074d700000, 0x000000074d700000, 0x000000074d800000|  0%| F|  |TAMS 0x000000074d700000, 0x000000074d700000| Untracked 
| 188|0x000000074d800000, 0x000000074d880800, 0x000000074d900000| 50%| E|  |TAMS 0x000000074d800000, 0x000000074d800000| Complete 
| 189|0x000000074d900000, 0x000000074da00000, 0x000000074da00000|100%| E|CS|TAMS 0x000000074d900000, 0x000000074d900000| Complete 
| 190|0x000000074da00000, 0x000000074db00000, 0x000000074db00000|100%| E|CS|TAMS 0x000000074da00000, 0x000000074da00000| Complete 
| 191|0x000000074db00000, 0x000000074dc00000, 0x000000074dc00000|100%| E|CS|TAMS 0x000000074db00000, 0x000000074db00000| Complete 

Card table byte_map: [0x000002bfcb4a0000,0x000002bfcbaa0000] _byte_map_base: 0x000002bfc7a92000

Marking Bits (Prev, Next): (CMBitMap*) 0x000002bfb3bc9db0, (CMBitMap*) 0x000002bfb3bc9d78
 Prev Bits: [0x000002bfcf030000, 0x000002bfd1fc0000)
 Next Bits: [0x000002bfcc0a0000, 0x000002bfcf030000)

Polling page: 0x000002bfb1ac0000

Metaspace:

Usage:
  Non-class:     19.42 MB capacity,    19.06 MB ( 98%) used,   291.27 KB (  1%) free+waste,    70.63 KB ( <1%) overhead. 
      Class:      2.52 MB capacity,     2.26 MB ( 90%) used,   234.73 KB (  9%) free+waste,    36.19 KB (  1%) overhead. 
       Both:     21.94 MB capacity,    21.32 MB ( 97%) used,   526.00 KB (  2%) free+waste,   106.81 KB ( <1%) overhead. 

Virtual space:
  Non-class space:       20.00 MB reserved,      19.67 MB ( 98%) committed 
      Class space:        1.00 GB reserved,       2.57 MB ( <1%) committed 
             Both:        1.02 GB reserved,      22.25 MB (  2%) committed 

Chunk freelists:
   Non-Class:  2.63 KB
       Class:  1.25 KB
        Both:  3.88 KB

CodeHeap 'non-profiled nmethods': size=120064Kb used=1023Kb max_used=1023Kb free=119040Kb
 bounds [0x000002bfc3960000, 0x000002bfc3bd0000, 0x000002bfcaea0000]
CodeHeap 'profiled nmethods': size=120000Kb used=4608Kb max_used=4608Kb free=115391Kb
 bounds [0x000002bfbc430000, 0x000002bfbc8c0000, 0x000002bfc3960000]
CodeHeap 'non-nmethods': size=5696Kb used=1282Kb max_used=1302Kb free=4413Kb
 bounds [0x000002bfbbea0000, 0x000002bfbc110000, 0x000002bfbc430000]
 total_blobs=3503 nmethods=2267 adapters=579
 compilation: enabled
              stopped_count=0, restarted_count=0
 full_count=0

Compilation events (10 events):
Event: 7.060 Thread 0x000002bfd4d37800 2323       3       com.sun.javafx.tk.quantum.QuantumToolkit::postPulse (106 bytes)
Event: 7.061 Thread 0x000002bfd4d37800 nmethod 2323 0x000002bfbc8ae810 code [0x000002bfbc8aeb40, 0x000002bfbc8afd80]
Event: 7.137 Thread 0x000002bfd4d37800 2324       1       java.util.concurrent.CopyOnWriteArrayList::getArray (5 bytes)
Event: 7.137 Thread 0x000002bfd4d37800 nmethod 2324 0x000002bfc3a5f910 code [0x000002bfc3a5fac0, 0x000002bfc3a5fbd8]
Event: 7.176 Thread 0x000002bfd4d37800 2325       3       java.nio.ByteBufferAsIntBufferB::get (26 bytes)
Event: 7.177 Thread 0x000002bfd4d37800 nmethod 2325 0x000002bfbc8b0290 code [0x000002bfbc8b0480, 0x000002bfbc8b0990]
Event: 7.177 Thread 0x000002bfd4d37800 2326       3       java.nio.ByteBufferAsIntBufferB::byteOffset (9 bytes)
Event: 7.177 Thread 0x000002bfd4d37800 nmethod 2326 0x000002bfbc8b0b90 code [0x000002bfbc8b0d40, 0x000002bfbc8b0eb8]
Event: 7.177 Thread 0x000002bfd4d37800 2327       3       java.nio.HeapByteBuffer::get (14 bytes)
Event: 7.177 Thread 0x000002bfd4d37800 nmethod 2327 0x000002bfbc8b0f90 code [0x000002bfbc8b1160, 0x000002bfbc8b1510]

GC Heap History (10 events):
Event: 4.131 GC heap before
{Heap before GC invocations=3 (full 0):
 garbage-first heap   total 196608K, used 149517K [0x0000000741c00000, 0x0000000800000000)
  region size 1024K, 97 young (99328K), 10 survivors (10240K)
 Metaspace       used 17926K, capacity 18414K, committed 18688K, reserved 1067008K
  class space    used 1806K, capacity 2012K, committed 2048K, reserved 1048576K
}
Event: 4.134 GC heap after
{Heap after GC invocations=4 (full 0):
 garbage-first heap   total 196608K, used 60582K [0x0000000741c00000, 0x0000000800000000)
  region size 1024K, 1 young (1024K), 1 survivors (1024K)
 Metaspace       used 17926K, capacity 18414K, committed 18688K, reserved 1067008K
  class space    used 1806K, capacity 2012K, committed 2048K, reserved 1048576K
}
Event: 4.163 GC heap before
{Heap before GC invocations=4 (full 0):
 garbage-first heap   total 196608K, used 152742K [0x0000000741c00000, 0x0000000800000000)
  region size 1024K, 91 young (93184K), 1 survivors (1024K)
 Metaspace       used 17931K, capacity 18414K, committed 18688K, reserved 1067008K
  class space    used 1808K, capacity 2012K, committed 2048K, reserved 1048576K
}
Event: 4.163 GC heap after
{Heap after GC invocations=5 (full 0):
 garbage-first heap   total 196608K, used 60417K [0x0000000741c00000, 0x0000000800000000)
  region size 1024K, 1 young (1024K), 1 survivors (1024K)
 Metaspace       used 17931K, capacity 18414K, committed 18688K, reserved 1067008K
  class space    used 1808K, capacity 2012K, committed 2048K, reserved 1048576K
}
Event: 4.194 GC heap before
{Heap before GC invocations=5 (full 0):
 garbage-first heap   total 196608K, used 155649K [0x0000000741c00000, 0x0000000800000000)
  region size 1024K, 94 young (96256K), 1 survivors (1024K)
 Metaspace       used 17934K, capacity 18414K, committed 18688K, reserved 1067008K
  class space    used 1808K, capacity 2012K, committed 2048K, reserved 1048576K
}
Event: 4.194 GC heap after
{Heap after GC invocations=6 (full 0):
 garbage-first heap   total 196608K, used 60417K [0x0000000741c00000, 0x0000000800000000)
  region size 1024K, 1 young (1024K), 1 survivors (1024K)
 Metaspace       used 17934K, capacity 18414K, committed 18688K, reserved 1067008K
  class space    used 1808K, capacity 2012K, committed 2048K, reserved 1048576K
}
Event: 4.303 GC heap before
{Heap before GC invocations=6 (full 0):
 garbage-first heap   total 196608K, used 158721K [0x0000000741c00000, 0x0000000800000000)
  region size 1024K, 97 young (99328K), 1 survivors (1024K)
 Metaspace       used 18184K, capacity 18741K, committed 19072K, reserved 1067008K
  class space    used 1855K, capacity 2080K, committed 2176K, reserved 1048576K
}
Event: 4.304 GC heap after
{Heap after GC invocations=7 (full 0):
 garbage-first heap   total 196608K, used 60556K [0x0000000741c00000, 0x0000000800000000)
  region size 1024K, 1 young (1024K), 1 survivors (1024K)
 Metaspace       used 18184K, capacity 18741K, committed 19072K, reserved 1067008K
  class space    used 1855K, capacity 2080K, committed 2176K, reserved 1048576K
}
Event: 4.476 GC heap before
{Heap before GC invocations=7 (full 0):
 garbage-first heap   total 196608K, used 86156K [0x0000000741c00000, 0x0000000800000000)
  region size 1024K, 27 young (27648K), 1 survivors (1024K)
 Metaspace       used 20689K, capacity 21236K, committed 21296K, reserved 1069056K
  class space    used 2170K, capacity 2428K, committed 2432K, reserved 1048576K
}
Event: 4.478 GC heap after
{Heap after GC invocations=8 (full 0):
 garbage-first heap   total 196608K, used 61097K [0x0000000741c00000, 0x0000000800000000)
  region size 1024K, 1 young (1024K), 1 survivors (1024K)
 Metaspace       used 20689K, capacity 21236K, committed 21296K, reserved 1069056K
  class space    used 2170K, capacity 2428K, committed 2432K, reserved 1048576K
}

Deoptimization events (10 events):
Event: 4.075 Thread 0x000002bfd6b54800 Uncommon trap: reason=bimorphic_or_optimized_type_check action=maybe_recompile pc=0x000002bfc3a2ae50 method=java.util.HashMap.getNode(ILjava/lang/Object;)Ljava/util/HashMap$Node; @ 126 c2
Event: 4.076 Thread 0x000002bfb3b78000 Uncommon trap: reason=bimorphic_or_optimized_type_check action=maybe_recompile pc=0x000002bfc3a0da90 method=java.util.regex.Pattern$BmpCharProperty.match(Ljava/util/regex/Matcher;ILjava/lang/CharSequence;)Z @ 36 c2
Event: 4.106 Thread 0x000002bfd6b54800 Uncommon trap: reason=bimorphic_or_optimized_type_check action=maybe_recompile pc=0x000002bfc3a2ae50 method=java.util.HashMap.getNode(ILjava/lang/Object;)Ljava/util/HashMap$Node; @ 126 c2
Event: 4.107 Thread 0x000002bfb3b78000 Uncommon trap: reason=bimorphic_or_optimized_type_check action=maybe_recompile pc=0x000002bfc3a0da90 method=java.util.regex.Pattern$BmpCharProperty.match(Ljava/util/regex/Matcher;ILjava/lang/CharSequence;)Z @ 36 c2
Event: 4.186 Thread 0x000002bfd6b54800 Uncommon trap: reason=bimorphic_or_optimized_type_check action=maybe_recompile pc=0x000002bfc3a2ae50 method=java.util.HashMap.getNode(ILjava/lang/Object;)Ljava/util/HashMap$Node; @ 126 c2
Event: 4.217 Thread 0x000002bfd7720800 Uncommon trap: reason=bimorphic_or_optimized_type_check action=maybe_recompile pc=0x000002bfc3a2ae50 method=java.util.HashMap.getNode(ILjava/lang/Object;)Ljava/util/HashMap$Node; @ 126 c2
Event: 4.293 Thread 0x000002bfd7728000 Uncommon trap: reason=unstable_if action=reinterpret pc=0x000002bfc3a12730 method=java.lang.CharacterDataLatin1.digit(II)I @ 7 c2
Event: 4.479 Thread 0x000002bfb3b78000 Uncommon trap: reason=unstable_if action=reinterpret pc=0x000002bfc3a426f8 method=java.util.HashMap.hash(Ljava/lang/Object;)I @ 1 c2
Event: 4.479 Thread 0x000002bfb3b78000 Uncommon trap: reason=unstable_if action=reinterpret pc=0x000002bfc39b8b94 method=java.util.HashMap.hash(Ljava/lang/Object;)I @ 1 c2
Event: 4.492 Thread 0x000002bfb3b78000 Uncommon trap: reason=unstable_if action=reinterpret pc=0x000002bfc3992cb8 method=java.util.HashMap.hash(Ljava/lang/Object;)I @ 1 c2

Classes redefined (0 events):
No events

Internal exceptions (10 events):
Event: 4.450 Thread 0x000002bfb3b78000 Exception <a 'java/lang/NoSuchMethodError'{0x000000074c346818}: java.lang.invoke.DirectMethodHandle$Holder.invokeStatic(Ljava/lang/Object;ILjava/lang/Object;Ljava/lang/Object;Ljava/lang/Object;)Ljava/lang/Object;> (0x000000074c346818) thrown at [t:/worksp
Event: 4.451 Thread 0x000002bfb3b78000 Exception <a 'java/lang/NoSuchMethodError'{0x000000074c34a358}: java.lang.invoke.DirectMethodHandle$Holder.invokeSpecial(Ljava/lang/Object;Ljava/lang/Object;ILjava/lang/Object;Ljava/lang/Object;Ljava/lang/Object;)Ljava/lang/Object;> (0x000000074c34a358) t
Event: 4.470 Thread 0x000002bfb3b78000 Exception <a 'java/lang/ClassNotFoundException'{0x000000074c211680}: com/sun/swing/internal/plaf/metal/resources/spi/metalProvider> (0x000000074c211680) thrown at [t:/workspace/open/src/hotspot/share/classfile/systemDictionary.cpp, line 231]
Event: 4.471 Thread 0x000002bfb3b78000 Exception <a 'java/lang/ClassNotFoundException'{0x000000074c2154e0}: com/sun/swing/internal/plaf/basic/resources/spi/basicProvider> (0x000000074c2154e0) thrown at [t:/workspace/open/src/hotspot/share/classfile/systemDictionary.cpp, line 231]
Event: 4.479 Thread 0x000002bfb3b78000 Implicit null exception at 0x000002bfc3a42295 to 0x000002bfc3a426e6
Event: 4.479 Thread 0x000002bfb3b78000 Implicit null exception at 0x000002bfc39b8af8 to 0x000002bfc39b8b8a
Event: 4.491 Thread 0x000002bfb3b78000 Implicit null exception at 0x000002bfc3992c2f to 0x000002bfc3992ca9
Event: 7.140 Thread 0x000002bfd7729000 Exception <a 'java/lang/IllegalStateException'{0x000000074d9af7c8}> (0x000000074d9af7c8) thrown at [t:/workspace/open/src/hotspot/share/prims/jvm.cpp, line 1312]
Event: 7.174 Thread 0x000002bfd772b800 Exception <a 'java/io/FileNotFoundException'{0x000000074d959de0}> (0x000000074d959de0) thrown at [t:/workspace/open/src/hotspot/share/prims/jni.cpp, line 615]
Event: 7.178 Thread 0x000002bfd772b800 Exception <a 'java/io/FileNotFoundException'{0x000000074d970988}> (0x000000074d970988) thrown at [t:/workspace/open/src/hotspot/share/prims/jni.cpp, line 615]

Events (10 events):
Event: 7.174 Executing VM operation: RevokeBias
Event: 7.174 Executing VM operation: RevokeBias done
Event: 7.174 Executing VM operation: RevokeBias
Event: 7.175 Executing VM operation: RevokeBias done
Event: 7.175 loading class sun/font/SunFontManager$FamilyDescription
Event: 7.175 loading class sun/font/SunFontManager$FamilyDescription done
Event: 7.175 loading class sun/font/SunFontManager$5
Event: 7.175 loading class sun/font/SunFontManager$5 done
Event: 7.187 loading class sun/font/NullFontScaler
Event: 7.187 loading class sun/font/NullFontScaler done


Dynamic libraries:
0x00007ff774a90000 - 0x00007ff774ad7000 	C:\Program Files\Java\jdk-11\bin\java.exe
0x00007ffda4350000 - 0x00007ffda453d000 	C:\Windows\SYSTEM32\ntdll.dll
0x00007ffda1e30000 - 0x00007ffda1ee3000 	C:\Windows\System32\KERNEL32.DLL
0x00007ffda0fb0000 - 0x00007ffda1243000 	C:\Windows\System32\KERNELBASE.dll
0x00007ffda1730000 - 0x00007ffda17d3000 	C:\Windows\System32\ADVAPI32.dll
0x00007ffda3bb0000 - 0x00007ffda3c4e000 	C:\Windows\System32\msvcrt.dll
0x00007ffda4180000 - 0x00007ffda421e000 	C:\Windows\System32\sechost.dll
0x00007ffda4040000 - 0x00007ffda4163000 	C:\Windows\System32\RPCRT4.dll
0x00007ffda35f0000 - 0x00007ffda3787000 	C:\Windows\System32\USER32.dll
0x00007ffda04e0000 - 0x00007ffda0500000 	C:\Windows\System32\win32u.dll
0x00007ffda4220000 - 0x00007ffda4249000 	C:\Windows\System32\GDI32.dll
0x00007ffda0e10000 - 0x00007ffda0faa000 	C:\Windows\System32\gdi32full.dll
0x00007ffda0420000 - 0x00007ffda04c0000 	C:\Windows\System32\msvcp_win.dll
0x00007ffda1250000 - 0x00007ffda134c000 	C:\Windows\System32\ucrtbase.dll
0x00007ffd955d0000 - 0x00007ffd95849000 	C:\Windows\WinSxS\amd64_microsoft.windows.common-controls_6595b64144ccf1df_6.0.17763.134_none_05b3373a07211a5c\COMCTL32.dll
0x00007ffda3cb0000 - 0x00007ffda3fdd000 	C:\Windows\System32\combase.dll
0x00007ffd98b50000 - 0x00007ffd98b5a000 	C:\Windows\SYSTEM32\VERSION.dll
0x00007ffda0cb0000 - 0x00007ffda0d2e000 	C:\Windows\System32\bcryptPrimitives.dll
0x00007ffda3560000 - 0x00007ffda358e000 	C:\Windows\System32\IMM32.DLL
0x00007ffd9af30000 - 0x00007ffd9af46000 	C:\Program Files\Java\jdk-11\bin\vcruntime140.dll
0x00007ffd94e70000 - 0x00007ffd94f1a000 	C:\Program Files\Java\jdk-11\bin\msvcp140.dll
0x00007ffd4ad50000 - 0x00007ffd4b892000 	C:\Program Files\Java\jdk-11\bin\server\jvm.dll
0x00007ffda4170000 - 0x00007ffda4178000 	C:\Windows\System32\PSAPI.DLL
0x00007ffd96b80000 - 0x00007ffd96b89000 	C:\Windows\SYSTEM32\WSOCK32.dll
0x00007ffd9e400000 - 0x00007ffd9e424000 	C:\Windows\SYSTEM32\WINMM.dll
0x00007ffda37a0000 - 0x00007ffda380d000 	C:\Windows\System32\WS2_32.dll
0x00007ffd9e3d0000 - 0x00007ffd9e3fd000 	C:\Windows\SYSTEM32\WINMMBASE.dll
0x00007ffda1350000 - 0x00007ffda139a000 	C:\Windows\System32\cfgmgr32.dll
0x00007ffda0350000 - 0x00007ffda0361000 	C:\Windows\System32\kernel.appcore.dll
0x00007ffd9af10000 - 0x00007ffd9af21000 	C:\Program Files\Java\jdk-11\bin\verify.dll
0x00007ffd9d150000 - 0x00007ffd9d33d000 	C:\Windows\SYSTEM32\DBGHELP.DLL
0x00007ffd88090000 - 0x00007ffd880ba000 	C:\Windows\SYSTEM32\dbgcore.DLL
0x00007ffd94e40000 - 0x00007ffd94e69000 	C:\Program Files\Java\jdk-11\bin\java.dll
0x00007ffd86270000 - 0x00007ffd8629f000 	C:\Program Files\Java\jdk-11\bin\instrument.dll
0x00007ffd94e20000 - 0x00007ffd94e36000 	C:\Program Files\Java\jdk-11\bin\zip.dll
0x00007ffd9b530000 - 0x00007ffd9b53a000 	C:\Program Files\Java\jdk-11\bin\jimage.dll
0x00007ffda1fc0000 - 0x00007ffda34af000 	C:\Windows\System32\SHELL32.dll
0x00007ffda4250000 - 0x00007ffda42f8000 	C:\Windows\System32\shcore.dll
0x00007ffda0500000 - 0x00007ffda0c48000 	C:\Windows\System32\windows.storage.dll
0x00007ffda0370000 - 0x00007ffda0394000 	C:\Windows\System32\profapi.dll
0x00007ffda03a0000 - 0x00007ffda03fd000 	C:\Windows\System32\powrprof.dll
0x00007ffda3c50000 - 0x00007ffda3ca2000 	C:\Windows\System32\shlwapi.dll
0x00007ffda04c0000 - 0x00007ffda04d7000 	C:\Windows\System32\cryptsp.dll
0x00007ffd94f20000 - 0x00007ffd94f39000 	C:\Program Files\Java\jdk-11\bin\net.dll
0x00007ffd98910000 - 0x00007ffd98a01000 	C:\Windows\SYSTEM32\WINHTTP.dll
0x00007ffd9fbe0000 - 0x00007ffd9fc47000 	C:\Windows\system32\mswsock.dll
0x00007ffd94e00000 - 0x00007ffd94e13000 	C:\Program Files\Java\jdk-11\bin\nio.dll
0x00007ffd9a760000 - 0x00007ffd9a77a000 	C:\Program Files\JetBrains\IntelliJ IDEA 2018.3.4\bin\breakgen64.dll
0x00007ffd5c8b0000 - 0x00007ffd5ca4f000 	C:\Program Files\Java\jdk-11\bin\awt.dll
0x00007ffda1ef0000 - 0x00007ffda1fbb000 	C:\Windows\System32\OLEAUT32.dll
0x00007ffd9d690000 - 0x00007ffd9dc4e000 	C:\Windows\SYSTEM32\d2d1.dll
0x00007ffd9e620000 - 0x00007ffd9e6ac000 	C:\Windows\SYSTEM32\apphelp.dll
0x00007ffd9e7d0000 - 0x00007ffd9e86c000 	C:\Windows\system32\uxtheme.dll
0x00007ffda1cc0000 - 0x00007ffda1e2a000 	C:\Windows\System32\MSCTF.dll
0x00007ffd9ea50000 - 0x00007ffd9ea7e000 	C:\Windows\system32\dwmapi.dll
0x00007ffda13a0000 - 0x00007ffda157b000 	C:\Windows\System32\CRYPT32.dll
0x00007ffda0400000 - 0x00007ffda0412000 	C:\Windows\System32\MSASN1.dll
0x00007ffda39d0000 - 0x00007ffda3b25000 	C:\Windows\System32\ole32.dll
0x000002bfb3a90000 - 0x000002bfb3a93000 	C:\Program Files\Java\jdk-11\bin\api-ms-win-core-console-l1-1-0.dll
0x000002bfb3aa0000 - 0x000002bfb3aa3000 	C:\Program Files\Java\jdk-11\bin\api-ms-win-core-datetime-l1-1-0.dll
0x000002bfb3ab0000 - 0x000002bfb3ab3000 	C:\Program Files\Java\jdk-11\bin\api-ms-win-core-debug-l1-1-0.dll
0x000002bfb3ac0000 - 0x000002bfb3ac3000 	C:\Program Files\Java\jdk-11\bin\api-ms-win-core-errorhandling-l1-1-0.dll
0x000002bfb3ad0000 - 0x000002bfb3ad4000 	C:\Program Files\Java\jdk-11\bin\api-ms-win-core-file-l1-1-0.dll
0x000002bfb3ae0000 - 0x000002bfb3ae3000 	C:\Program Files\Java\jdk-11\bin\api-ms-win-core-file-l1-2-0.dll
0x000002bfb3af0000 - 0x000002bfb3af3000 	C:\Program Files\Java\jdk-11\bin\api-ms-win-core-file-l2-1-0.dll
0x000002bfb3b00000 - 0x000002bfb3b03000 	C:\Program Files\Java\jdk-11\bin\api-ms-win-core-handle-l1-1-0.dll
0x000002bfb3b10000 - 0x000002bfb3b13000 	C:\Program Files\Java\jdk-11\bin\api-ms-win-core-heap-l1-1-0.dll
0x000002bfb3b20000 - 0x000002bfb3b23000 	C:\Program Files\Java\jdk-11\bin\api-ms-win-core-interlocked-l1-1-0.dll
0x000002bfb3b30000 - 0x000002bfb3b33000 	C:\Program Files\Java\jdk-11\bin\api-ms-win-core-libraryloader-l1-1-0.dll
0x000002bfb3b40000 - 0x000002bfb3b43000 	C:\Program Files\Java\jdk-11\bin\api-ms-win-core-localization-l1-2-0.dll
0x000002bfd5d30000 - 0x000002bfd5d33000 	C:\Program Files\Java\jdk-11\bin\api-ms-win-core-memory-l1-1-0.dll
0x000002bfd5d40000 - 0x000002bfd5d43000 	C:\Program Files\Java\jdk-11\bin\api-ms-win-core-namedpipe-l1-1-0.dll
0x000002bfd5d50000 - 0x000002bfd5d53000 	C:\Program Files\Java\jdk-11\bin\api-ms-win-core-processenvironment-l1-1-0.dll
0x000002bfd5d60000 - 0x000002bfd5d63000 	C:\Program Files\Java\jdk-11\bin\api-ms-win-core-processthreads-l1-1-0.dll
0x000002bfd5d70000 - 0x000002bfd5d73000 	C:\Program Files\Java\jdk-11\bin\api-ms-win-core-processthreads-l1-1-1.dll
0x000002bfd5d80000 - 0x000002bfd5d83000 	C:\Program Files\Java\jdk-11\bin\api-ms-win-core-profile-l1-1-0.dll
0x000002bfd5d90000 - 0x000002bfd5d93000 	C:\Program Files\Java\jdk-11\bin\api-ms-win-core-rtlsupport-l1-1-0.dll
0x000002bfd5da0000 - 0x000002bfd5da3000 	C:\Program Files\Java\jdk-11\bin\api-ms-win-core-string-l1-1-0.dll
0x000002bfd5db0000 - 0x000002bfd5db3000 	C:\Program Files\Java\jdk-11\bin\api-ms-win-core-synch-l1-1-0.dll
0x000002bfd5dc0000 - 0x000002bfd5dc3000 	C:\Program Files\Java\jdk-11\bin\api-ms-win-core-synch-l1-2-0.dll
0x000002bfd5dd0000 - 0x000002bfd5dd3000 	C:\Program Files\Java\jdk-11\bin\api-ms-win-core-sysinfo-l1-1-0.dll
0x000002bfd5de0000 - 0x000002bfd5de3000 	C:\Program Files\Java\jdk-11\bin\api-ms-win-core-timezone-l1-1-0.dll
0x000002bfd5df0000 - 0x000002bfd5df3000 	C:\Program Files\Java\jdk-11\bin\api-ms-win-core-util-l1-1-0.dll
0x000002bfd5e00000 - 0x000002bfd5e03000 	C:\Program Files\Java\jdk-11\bin\api-ms-win-crt-conio-l1-1-0.dll
0x000002bfd5e10000 - 0x000002bfd5e14000 	C:\Program Files\Java\jdk-11\bin\api-ms-win-crt-convert-l1-1-0.dll
0x000002bfd5e20000 - 0x000002bfd5e23000 	C:\Program Files\Java\jdk-11\bin\api-ms-win-crt-environment-l1-1-0.dll
0x000002bfd5e30000 - 0x000002bfd5e33000 	C:\Program Files\Java\jdk-11\bin\api-ms-win-crt-filesystem-l1-1-0.dll
0x000002bfd5e40000 - 0x000002bfd5e43000 	C:\Program Files\Java\jdk-11\bin\api-ms-win-crt-heap-l1-1-0.dll
0x000002bfd5e50000 - 0x000002bfd5e53000 	C:\Program Files\Java\jdk-11\bin\api-ms-win-crt-locale-l1-1-0.dll
0x000002bfd5e60000 - 0x000002bfd5e65000 	C:\Program Files\Java\jdk-11\bin\api-ms-win-crt-math-l1-1-0.dll
0x000002bfd5e70000 - 0x000002bfd5e75000 	C:\Program Files\Java\jdk-11\bin\api-ms-win-crt-multibyte-l1-1-0.dll
0x000002bfd5e80000 - 0x000002bfd5e90000 	C:\Program Files\Java\jdk-11\bin\api-ms-win-crt-private-l1-1-0.dll
0x000002bfd5e90000 - 0x000002bfd5e93000 	C:\Program Files\Java\jdk-11\bin\api-ms-win-crt-process-l1-1-0.dll
0x000002bfd5ea0000 - 0x000002bfd5ea4000 	C:\Program Files\Java\jdk-11\bin\api-ms-win-crt-runtime-l1-1-0.dll
0x000002bfd5eb0000 - 0x000002bfd5eb4000 	C:\Program Files\Java\jdk-11\bin\api-ms-win-crt-stdio-l1-1-0.dll
0x000002bfd5ec0000 - 0x000002bfd5ec4000 	C:\Program Files\Java\jdk-11\bin\api-ms-win-crt-string-l1-1-0.dll
0x000002bfd7ab0000 - 0x000002bfd7ab3000 	C:\Program Files\Java\jdk-11\bin\api-ms-win-crt-time-l1-1-0.dll
0x000002bfd7ac0000 - 0x000002bfd7ac3000 	C:\Program Files\Java\jdk-11\bin\api-ms-win-crt-utility-l1-1-0.dll
0x00007ffd71300000 - 0x00007ffd713fa000 	C:\Program Files\Java\jdk-11\bin\ucrtbase.dll
0x00007ffd73310000 - 0x00007ffd73361000 	C:\Program Files\Java\jdk-11\bin\concrt140.dll
0x00007ffd81d80000 - 0x00007ffd81da3000 	C:\Program Files\Java\jdk-11\bin\prism_d3d.dll
0x00007ffd5cdb0000 - 0x00007ffd5cf4e000 	C:\Windows\system32\d3d9.dll
0x00007ffda0d30000 - 0x00007ffda0d56000 	C:\Windows\System32\bcrypt.dll
0x00007ffd72940000 - 0x00007ffd72985000 	C:\Program Files\Java\jdk-11\bin\glass.dll
0x00007ffda1580000 - 0x00007ffda16a7000 	C:\Windows\System32\COMDLG32.dll
0x00007ffd9f7a0000 - 0x00007ffd9f7d3000 	C:\Windows\system32\rsaenh.dll
0x00007ffda0250000 - 0x00007ffda0278000 	C:\Windows\SYSTEM32\USERENV.dll
0x00007ffd9fdb0000 - 0x00007ffd9fdbc000 	C:\Windows\SYSTEM32\CRYPTBASE.dll
0x00007ffd9f940000 - 0x00007ffd9f97d000 	C:\Windows\SYSTEM32\IPHLPAPI.DLL
0x00007ffda39c0000 - 0x00007ffda39c8000 	C:\Windows\System32\NSI.dll
0x00007ffd99330000 - 0x00007ffd99346000 	C:\Windows\SYSTEM32\dhcpcsvc6.DLL
0x00007ffd99350000 - 0x00007ffd9936c000 	C:\Windows\SYSTEM32\dhcpcsvc.DLL
0x00007ffd9f980000 - 0x00007ffd9fa46000 	C:\Windows\SYSTEM32\DNSAPI.dll
0x00007ffd805c0000 - 0x00007ffd805ed000 	C:\Program Files\Java\jdk-11\bin\javajpeg.dll
0x00007ffd71700000 - 0x00007ffd71780000 	C:\Program Files\Java\jdk-11\bin\freetype.dll
0x00007ffd71690000 - 0x00007ffd716ff000 	C:\Program Files\Java\jdk-11\bin\fontmanager.dll
0x00007ffd6ff70000 - 0x00007ffd70013000 	C:\Program Files\Java\jdk-11\bin\glib-lite.dll
0x00007ffd6faa0000 - 0x00007ffd6fb7e000 	C:\Program Files\Java\jdk-11\bin\gstreamer-lite.dll
0x00007ffd5c690000 - 0x00007ffd5c726000 	C:\Windows\SYSTEM32\DSOUND.dll
0x00007ffd7f160000 - 0x00007ffd7f186000 	C:\Program Files\Java\jdk-11\bin\jfxmedia.dll
0x00007ffda34b0000 - 0x00007ffda3552000 	C:\Windows\System32\clbcatq.dll
0x00007ffd9d460000 - 0x00007ffd9d608000 	C:\Windows\system32\propsys.dll
0x00007ffd7be80000 - 0x00007ffd7bea2000 	C:\Program Files\Java\jdk-11\bin\fxplugins.dll
0x00007ffd95280000 - 0x00007ffd952f0000 	C:\Windows\System32\MMDevApi.dll
0x00007ffda0160000 - 0x00007ffda0189000 	C:\Windows\System32\DEVOBJ.dll
0x00007ffd98500000 - 0x00007ffd98648000 	C:\Windows\SYSTEM32\AUDIOSES.DLL
0x00007ffd9ba00000 - 0x00007ffd9bb53000 	C:\Windows\SYSTEM32\wintypes.dll
0x00007ffd9a6f0000 - 0x00007ffd9a6fa000 	C:\Windows\SYSTEM32\AVRT.dll

dbghelp: loaded successfully - version: 4.0.5 - missing functions: none
symbol engine: initialized successfully - sym options: 0x614 - pdb path: .;C:\Program Files\Java\jdk-11\bin;C:\Windows\SYSTEM32;C:\Windows\WinSxS\amd64_microsoft.windows.common-controls_6595b64144ccf1df_6.0.17763.134_none_05b3373a07211a5c;C:\Program Files\Java\jdk-11\bin\server;C:\Program Files\JetBrains\IntelliJ IDEA 2018.3.4\bin;C:\Windows\System32\DriverStore\FileRepository\igdlh64.inf_amd64_463164d40c3d26ce;C:\Windows\System32\DriverStore\FileRepository\nvam.inf_amd64_c3cc1021ffb32d41

VM Arguments:
jvm_args: -javaagent:C:\Program Files\JetBrains\IntelliJ IDEA 2018.3.4\lib\idea_rt.jar=9671:C:\Program Files\JetBrains\IntelliJ IDEA 2018.3.4\bin -Dfile.encoding=UTF-8 
java_command: ir.farzinnasiri.Client.ClientMain
java_class_path (initial): D:\github\Chicken Invaders-Down of the new world\out\production\Chicken Invaders-Down of the new world;D:\github\Chicken Invaders-Down of the new world\lib\json-20180813.jar;D:\github\Chicken Invaders-Down of the new world\lib\javafx-swt.jar;D:\github\Chicken Invaders-Down of the new world\lib\javafx.base.jar;D:\github\Chicken Invaders-Down of the new world\lib\javafx.controls.jar;D:\github\Chicken Invaders-Down of the new world\lib\javafx.fxml.jar;D:\github\Chicken Invaders-Down of the new world\lib\javafx.graphics.jar;D:\github\Chicken Invaders-Down of the new world\lib\javafx.swing.jar;D:\github\Chicken Invaders-Down of the new world\lib\javafx.media.jar;D:\github\Chicken Invaders-Down of the new world\lib\javafx.web.jar;D:\github\Chicken Invaders-Down of the new world\lib\gson-2.8.5.jar
Launcher Type: SUN_STANDARD

[Global flags]
     intx CICompilerCount                          = 3                                         {product} {ergonomic}
     uint ConcGCThreads                            = 1                                         {product} {ergonomic}
     uint G1ConcRefinementThreads                  = 4                                         {product} {ergonomic}
   size_t G1HeapRegionSize                         = 1048576                                   {product} {ergonomic}
    uintx GCDrainStackTargetSize                   = 64                                        {product} {ergonomic}
   size_t InitialHeapSize                          = 201326592                                 {product} {ergonomic}
   size_t MarkStackSize                            = 4194304                                   {product} {ergonomic}
   size_t MaxHeapSize                              = 3191865344                                {product} {ergonomic}
   size_t MaxNewSize                               = 1914699776                                {product} {ergonomic}
   size_t MinHeapDeltaBytes                        = 1048576                                   {product} {ergonomic}
    uintx NonNMethodCodeHeapSize                   = 5830092                                {pd product} {ergonomic}
    uintx NonProfiledCodeHeapSize                  = 122914074                              {pd product} {ergonomic}
    uintx ProfiledCodeHeapSize                     = 122914074                              {pd product} {ergonomic}
    uintx ReservedCodeCacheSize                    = 251658240                              {pd product} {ergonomic}
     bool SegmentedCodeCache                       = true                                      {product} {ergonomic}
     bool UseCompressedClassPointers               = true                                 {lp64_product} {ergonomic}
     bool UseCompressedOops                        = true                                 {lp64_product} {ergonomic}
     bool UseG1GC                                  = true                                      {product} {ergonomic}
     bool UseLargePagesIndividualAllocation        = false                                  {pd product} {ergonomic}

Logging:
Log output configuration:
 #0: stdout all=warning uptime,level,tags
 #1: stderr all=off uptime,level,tags

Environment Variables:
PATH=C:\Program Files (x86)\Python37-32\Scripts\;C:\Program Files (x86)\Python37-32\;C:\Program Files\Python37\Scripts\;C:\Program Files\Python37\;C:\Program Files (x86)\Intel\iCLS Client\;C:\Program Files\Intel\iCLS Client\;C:\Windows\system32;C:\Windows;C:\Windows\System32\Wbem;C:\Windows\System32\WindowsPowerShell\v1.0\;C:\Windows\System32\OpenSSH\;C:\Program Files (x86)\NVIDIA Corporation\PhysX\Common;C:\Program Files (x86)\Intel\Intel(R) Management Engine Components\DAL;C:\Program Files\Intel\Intel(R) Management Engine Components\DAL;C:\Program Files (x86)\Intel\Intel(R) Management Engine Components\IPT;C:\Program Files\Intel\Intel(R) Management Engine Components\IPT;C:\Users\farzi\AppData\Local\Programs\Python\Python37;C:\Program Files\Java\jdk-11\bin;C:\Users\farzi\AppData\Local\Microsoft\WindowsApps;C:\Users\farzi\AppData\Local\GitHubDesktop\bin;C:\Program Files\JetBrains\WebStorm 2018.3.3\bin;;C:\Program Files\JetBrains\IntelliJ IDEA 2018.3.4\bin;
USERNAME=farzi
OS=Windows_NT
PROCESSOR_IDENTIFIER=Intel64 Family 6 Model 142 Stepping 9, GenuineIntel



---------------  S Y S T E M  ---------------

OS: Windows 10 , 64 bit Build 17763 (10.0.17763.1)

CPU:total 4 (initial active 4) (2 cores per cpu, 2 threads per core) family 6 model 142 stepping 9, cmov, cx8, fxsr, mmx, sse, sse2, sse3, ssse3, sse4.1, sse4.2, popcnt, avx, avx2, aes, clmul, erms, 3dnowpref, lzcnt, ht, tsc, tscinvbit, bmi1, bmi2, adx, fma

Memory: 4k page, system-wide physical 12169M (6232M free)
TotalPageFile size 14025M (AvailPageFile size 5372M)
current process WorkingSet (physical memory assigned to process): 305M, peak: 320M
current process commit charge ("private bytes"): 346M, peak: 366M

vm_info: Java HotSpot(TM) 64-Bit Server VM (11+28) for windows-amd64 JRE (11+28), built on Aug 23 2018 03:03:59 by "mach5one" with MS VC++ 15.5 (VS2017)

END.
