#
# A fatal error has been detected by the Java Runtime Environment:
#
#  EXCEPTION_ACCESS_VIOLATION (0xc0000005) at pc=0x00007ffdb7534f3f, pid=3672, tid=10624
#
# JRE version: Java(TM) SE Runtime Environment (11.0+28) (build 11+28)
# Java VM: Java HotSpot(TM) 64-Bit Server VM (11+28, mixed mode, tiered, compressed oops, g1 gc, windows-amd64)
# Problematic frame:
# C  [freetype.dll+0x44f3f]
#
# No core dump will be written. Minidumps are not enabled by default on client versions of Windows
#
# If you would like to submit a bug report, please visit:
#   http://bugreport.java.com/bugreport/crash.jsp
# The crash happened outside the Java Virtual Machine in native code.
# See problematic frame for where to report the bug.
#

---------------  S U M M A R Y ------------

Command Line: -javaagent:C:\Program Files\JetBrains\IntelliJ IDEA 2018.3.4\lib\idea_rt.jar=5359:C:\Program Files\JetBrains\IntelliJ IDEA 2018.3.4\bin -Dfile.encoding=UTF-8 ir.farzinnasiri.Client.ClientMain

Host: Intel(R) Core(TM) i5-7200U CPU @ 2.50GHz, 4 cores, 11G,  Windows 10 , 64 bit Build 17763 (10.0.17763.1)
Time: Wed Jul 24 18:41:28 2019 Iran Daylight Time elapsed time: 9 seconds (0d 0h 0m 9s)

---------------  T H R E A D  ---------------

Current thread (0x000002a1f878f000):  JavaThread "Client Thread" [_thread_in_native, id=10624, stack(0x000000e4a8800000,0x000000e4a8900000)]

Stack: [0x000000e4a8800000,0x000000e4a8900000],  sp=0x000000e4a88fe730,  free space=1017k
Native frames: (J=compiled Java code, j=interpreted, Vv=VM code, C=native code)
C  [freetype.dll+0x44f3f]

Java frames: (J=compiled Java code, j=interpreted, Vv=VM code)
j  sun.font.FreetypeFontScaler.getGlyphImageNative(Lsun/font/Font2D;JJI)J+0 java.desktop@11
j  sun.font.FreetypeFontScaler.getGlyphImage(JI)J+26 java.desktop@11
J 2315 c1 sun.font.FileFontStrike.getGlyphImagePtrs([I[JI)V java.desktop@11 (110 bytes) @ 0x000002a1dd0f0ff4 [0x000002a1dd0f0600+0x00000000000009f4]
J 2395 c1 sun.font.GlyphList.mapChars(Lsun/java2d/loops/FontInfo;I)Z java.desktop@11 (47 bytes) @ 0x000002a1dd129594 [0x000002a1dd129280+0x0000000000000314]
J 2348 c1 sun.font.GlyphList.setFromString(Lsun/java2d/loops/FontInfo;Ljava/lang/String;FF)Z java.desktop@11 (75 bytes) @ 0x000002a1dd10c504 [0x000002a1dd10c300+0x0000000000000204]
J 2346 c1 sun.java2d.pipe.GlyphListPipe.drawString(Lsun/java2d/SunGraphics2D;Ljava/lang/String;DD)V java.desktop@11 (202 bytes) @ 0x000002a1dd10a42c [0x000002a1dd109b40+0x00000000000008ec]
J 2345 c1 sun.java2d.SunGraphics2D.drawString(Ljava/lang/String;II)V java.desktop@11 (132 bytes) @ 0x000002a1dd108a7c [0x000002a1dd108720+0x000000000000035c]
j  ir.farzinnasiri.Client.menus.splashScreen.SplashScreen.draw(Ljava/awt/Graphics2D;)V+157
J 2378 c1 ir.farzinnasiri.Client.Client.render(Ljava/awt/image/BufferStrategy;)V (48 bytes) @ 0x000002a1dd11fe1c [0x000002a1dd11f9e0+0x000000000000043c]
j  ir.farzinnasiri.Client.Client.run()V+81
j  java.lang.Thread.run()V+11 java.base@11
v  ~StubRoutines::call_stub

siginfo: EXCEPTION_ACCESS_VIOLATION (0xc0000005), reading address 0x00000000000000e0


Register to memory mapping:

RIP=0x00007ffdb7534f3f freetype.dll
RAX=0x000000e4a88fe760 is pointing into the stack for thread: 0x000002a1f878f000
RBX=0x000000e4a88fe970 is pointing into the stack for thread: 0x000002a1f878f000
RCX=0x000002a1f65eb140 points into unknown readable memory
RDX=0x0 is NULL
RSP=0x000000e4a88fe730 is pointing into the stack for thread: 0x000002a1f878f000
RBP=0x000002a1fe5698d0 points into unknown readable memory
RSI=0x0000000000000075 is an unknown value
RDI=0x000002a1f65eb140 points into unknown readable memory
R8 =0x0000000000000075 is an unknown value
R9 =0x000000e4a88fe7b8 is pointing into the stack for thread: 0x000002a1f878f000
R10=0x0 is NULL
R11=0x000002a1f5ebdd60 points into unknown readable memory
R12=0x0000000000000075 is an unknown value
R13=0x0 is NULL
R14=0x0000000000036f3c is an unknown value
R15=0x000002a1f824ae00 points into unknown readable memory


Registers:
RAX=0x000000e4a88fe760, RBX=0x000000e4a88fe970, RCX=0x000002a1f65eb140, RDX=0x0000000000000000
RSP=0x000000e4a88fe730, RBP=0x000002a1fe5698d0, RSI=0x0000000000000075, RDI=0x000002a1f65eb140
R8 =0x0000000000000075, R9 =0x000000e4a88fe7b8, R10=0x0000000000000000, R11=0x000002a1f5ebdd60
R12=0x0000000000000075, R13=0x0000000000000000, R14=0x0000000000036f3c, R15=0x000002a1f824ae00
RIP=0x00007ffdb7534f3f, EFLAGS=0x0000000000010246

Top of Stack: (sp=0x000000e4a88fe730)
0x000000e4a88fe730:   000002a1fe5698d0 000002a1fe4e3380
0x000000e4a88fe740:   0000000000000000 0000000000000010
0x000000e4a88fe750:   000000e4a88fe760 0000000000000010
0x000000e4a88fe760:   000002a1fe560000 00007ffdb7532a92
0x000000e4a88fe770:   000002a1f65eb140 0000000000000000
0x000000e4a88fe780:   00000000000351d0 000000e4a88fe8a0
0x000000e4a88fe790:   000000e4a88fe970 00007ffdb7534622
0x000000e4a88fe7a0:   000000e4a88f0000 00000000000351d0
0x000000e4a88fe7b0:   000002a1fdda0000 0000000748400000
0x000000e4a88fe7c0:   0000000000000704 0000000000001c14
0x000000e4a88fe7d0:   409c000100000000 00049ba69a000000
0x000000e4a88fe7e0:   0000000000049ba6 0000000000000000
0x000000e4a88fe7f0:   000000e4a88fee10 00007ffdb753d60a
0x000000e4a88fe800:   000002a1f8005310 000003be00000705
0x000000e4a88fe810:   0000000748400010 0000000400000000
0x000000e4a88fe820:   0000000000000000 0000000000000000 

Instructions: (pc=0x00007ffdb7534f3f)
0x00007ffdb7534f1f:   02 00 00 4c 8d 8c 24 88 00 00 00 44 8b f0 44 8b
0x00007ffdb7534f2f:   c6 48 8d 44 24 30 33 d2 48 8b cf 48 89 44 24 20
0x00007ffdb7534f3f:   41 ff 92 e0 00 00 00 80 bf 90 01 00 00 00 8b 4b
0x00007ffdb7534f4f:   44 74 2d 4c 8b 97 d0 02 00 00 48 8d 84 24 80 00 



---------------  P R O C E S S  ---------------

Threads class SMR info:
_java_thread_list=0x000002a1fe4e32c0, length=38, elements={
0x000002a1f54db000, 0x000002a1f54de800, 0x000002a1f5d0f000, 0x000002a1f5d68800,
0x000002a1f5d6b800, 0x000002a1f5d70800, 0x000002a1f5d1e000, 0x000002a1f5ed9000,
0x000002a1f61f3000, 0x000002a1f61f6800, 0x000002a1f63e5800, 0x000002a1f6777000,
0x000002a1f6614000, 0x000002a1f61fc000, 0x000002a1f81fe000, 0x000002a1f8395800,
0x000002a1f8398000, 0x000002a1f839a800, 0x000002a1f8397000, 0x000002a1f839b800,
0x000002a1f8399000, 0x000002a1f8396800, 0x000002a1f8399800, 0x000002a1f8784800,
0x000002a1f8785000, 0x000002a1f8782000, 0x000002a1f8780800, 0x000002a1f8786000,
0x000002a1f8787000, 0x000002a1f8781000, 0x000002a1f8788800, 0x000002a1f8787800,
0x000002a1f878a000, 0x000002a1f8782800, 0x000002a1f8789800, 0x000002a1f878f000,
0x000002a1f878b800, 0x000002a1f8783800
}

Java Threads: ( => current thread )
  0x000002a1f54db000 JavaThread "Reference Handler" daemon [_thread_blocked, id=11008, stack(0x000000e4a1200000,0x000000e4a1300000)]
  0x000002a1f54de800 JavaThread "Finalizer" daemon [_thread_blocked, id=5256, stack(0x000000e4a1300000,0x000000e4a1400000)]
  0x000002a1f5d0f000 JavaThread "Signal Dispatcher" daemon [_thread_blocked, id=10300, stack(0x000000e4a1400000,0x000000e4a1500000)]
  0x000002a1f5d68800 JavaThread "Attach Listener" daemon [_thread_blocked, id=4784, stack(0x000000e4a1500000,0x000000e4a1600000)]
  0x000002a1f5d6b800 JavaThread "C2 CompilerThread0" daemon [_thread_blocked, id=460, stack(0x000000e4a1600000,0x000000e4a1700000)]
  0x000002a1f5d70800 JavaThread "C1 CompilerThread0" daemon [_thread_blocked, id=12012, stack(0x000000e4a1700000,0x000000e4a1800000)]
  0x000002a1f5d1e000 JavaThread "Sweeper thread" daemon [_thread_blocked, id=8064, stack(0x000000e4a1800000,0x000000e4a1900000)]
  0x000002a1f5ed9000 JavaThread "Common-Cleaner" daemon [_thread_blocked, id=5976, stack(0x000000e4a1900000,0x000000e4a1a00000)]
  0x000002a1f61f3000 JavaThread "Monitor Ctrl-Break" daemon [_thread_in_native, id=6024, stack(0x000000e4a1a00000,0x000000e4a1b00000)]
  0x000002a1f61f6800 JavaThread "Service Thread" daemon [_thread_blocked, id=1340, stack(0x000000e4a1b00000,0x000000e4a1c00000)]
  0x000002a1f63e5800 JavaThread "Java2D Disposer" daemon [_thread_blocked, id=9392, stack(0x000000e4a1d00000,0x000000e4a1e00000)]
  0x000002a1f6777000 JavaThread "InvokeLaterDispatcher" daemon [_thread_blocked, id=10184, stack(0x000000e4a2500000,0x000000e4a2600000)]
  0x000002a1f6614000 JavaThread "JavaFX Application Thread" [_thread_in_native, id=7840, stack(0x000000e4a2600000,0x000000e4a2700000)]
  0x000002a1f61fc000 JavaThread "Thread-2" daemon [_thread_in_native, id=11808, stack(0x000000e4a2100000,0x000000e4a2200000)]
  0x000002a1f81fe000 JavaThread "JFXMedia Player EventQueueThread" daemon [_thread_blocked, id=3856, stack(0x000000e4a2d00000,0x000000e4a2e00000)]
  0x000002a1f8395800 JavaThread "Media Resource Disposer" daemon [_thread_blocked, id=11552, stack(0x000000e4a3200000,0x000000e4a3300000)]
  0x000002a1f8398000 JavaThread "JFXMedia Player EventQueueThread" daemon [_thread_blocked, id=10544, stack(0x000000e4a3300000,0x000000e4a3400000)]
  0x000002a1f839a800 JavaThread "JFXMedia Player EventQueueThread" daemon [_thread_blocked, id=1648, stack(0x000000e4a3900000,0x000000e4a3a00000)]
  0x000002a1f8397000 JavaThread "JFXMedia Player EventQueueThread" daemon [_thread_blocked, id=6372, stack(0x000000e4a3d00000,0x000000e4a3e00000)]
  0x000002a1f839b800 JavaThread "JFXMedia Player EventQueueThread" daemon [_thread_blocked, id=3684, stack(0x000000e4a3f00000,0x000000e4a4000000)]
  0x000002a1f8399000 JavaThread "JFXMedia Player EventQueueThread" daemon [_thread_blocked, id=11204, stack(0x000000e4a4500000,0x000000e4a4600000)]
  0x000002a1f8396800 JavaThread "JFXMedia Player EventQueueThread" daemon [_thread_blocked, id=9988, stack(0x000000e4a4a00000,0x000000e4a4b00000)]
  0x000002a1f8399800 JavaThread "JFXMedia Player EventQueueThread" daemon [_thread_blocked, id=2128, stack(0x000000e4a4e00000,0x000000e4a4f00000)]
  0x000002a1f8784800 JavaThread "JFXMedia Player EventQueueThread" daemon [_thread_blocked, id=11708, stack(0x000000e4a5400000,0x000000e4a5500000)]
  0x000002a1f8785000 JavaThread "JFXMedia Player EventQueueThread" daemon [_thread_blocked, id=11344, stack(0x000000e4a5a00000,0x000000e4a5b00000)]
  0x000002a1f8782000 JavaThread "JFXMedia Player EventQueueThread" daemon [_thread_blocked, id=10412, stack(0x000000e4a5b00000,0x000000e4a5c00000)]
  0x000002a1f8780800 JavaThread "JFXMedia Player EventQueueThread" daemon [_thread_blocked, id=11004, stack(0x000000e4a6000000,0x000000e4a6100000)]
  0x000002a1f8786000 JavaThread "JFXMedia Player EventQueueThread" daemon [_thread_blocked, id=9800, stack(0x000000e4a6700000,0x000000e4a6800000)]
  0x000002a1f8787000 JavaThread "JFXMedia Player EventQueueThread" daemon [_thread_blocked, id=10508, stack(0x000000e4a6b00000,0x000000e4a6c00000)]
  0x000002a1f8781000 JavaThread "JFXMedia Player EventQueueThread" daemon [_thread_blocked, id=12132, stack(0x000000e4a7100000,0x000000e4a7200000)]
  0x000002a1f8788800 JavaThread "JFXMedia Player EventQueueThread" daemon [_thread_blocked, id=7716, stack(0x000000e4a7400000,0x000000e4a7500000)]
  0x000002a1f8787800 JavaThread "JFXMedia Player EventQueueThread" daemon [_thread_blocked, id=8928, stack(0x000000e4a7b00000,0x000000e4a7c00000)]
  0x000002a1f878a000 JavaThread "JFXMedia Player EventQueueThread" daemon [_thread_blocked, id=11836, stack(0x000000e4a7e00000,0x000000e4a7f00000)]
  0x000002a1f8782800 JavaThread "AWT-Shutdown" [_thread_blocked, id=7992, stack(0x000000e4a8600000,0x000000e4a8700000)]
  0x000002a1f8789800 JavaThread "AWT-EventQueue-0" [_thread_blocked, id=7016, stack(0x000000e4a8700000,0x000000e4a8800000)]
=>0x000002a1f878f000 JavaThread "Client Thread" [_thread_in_native, id=10624, stack(0x000000e4a8800000,0x000000e4a8900000)]
  0x000002a1f878b800 JavaThread "DestroyJavaVM" [_thread_blocked, id=5500, stack(0x000000e4a0b00000,0x000000e4a0c00000)]
  0x000002a1f8783800 JavaThread "Timer-0" daemon [_thread_blocked, id=11216, stack(0x000000e4a8a00000,0x000000e4a8b00000)]

Other Threads:
  0x000002a1f54d3800 VMThread "VM Thread" [stack: 0x000000e4a1100000,0x000000e4a1200000] [id=1976] _threads_hazard_ptr=0x000002a1fe4e32c0
  0x000002a1d2c00000 GCTaskThread "GC Thread#0" [stack: 0x000000e4a0c00000,0x000000e4a0d00000] [id=9580]
  0x000002a1f7c48800 GCTaskThread "GC Thread#1" [stack: 0x000000e4a2900000,0x000000e4a2a00000] [id=11796]
  0x000002a1f7f95000 GCTaskThread "GC Thread#2" [stack: 0x000000e4a2a00000,0x000000e4a2b00000] [id=5192]
  0x000002a1f7ca6000 GCTaskThread "GC Thread#3" [stack: 0x000000e4a2b00000,0x000000e4a2c00000] [id=10340]
  0x000002a1d2c46800 ConcurrentGCThread "G1 Main Marker" [stack: 0x000000e4a0d00000,0x000000e4a0e00000] [id=5520]
  0x000002a1d2c48000 ConcurrentGCThread "G1 Conc#0" [stack: 0x000000e4a0e00000,0x000000e4a0f00000] [id=9556]
  0x000002a1d2cbe000 ConcurrentGCThread "G1 Refine#0" [stack: 0x000000e4a0f00000,0x000000e4a1000000] [id=9852]
  0x000002a1f5336800 ConcurrentGCThread "G1 Young RemSet Sampling" [stack: 0x000000e4a1000000,0x000000e4a1100000] [id=3744]

Threads with active compile tasks:

VM state:at safepoint (normal execution)

VM Mutex/Monitor currently owned by a thread:  ([mutex/lock_event])
[0x000002a1d2be6c10] Threads_lock - owner thread: 0x000002a1f54d3800

Heap address: 0x0000000741c00000, size: 3044 MB, Compressed Oops mode: Zero based, Oop shift amount: 3
Narrow klass base: 0x0000000800000000, Narrow klass shift: 0
Compressed class space size: 1073741824 Address: 0x0000000800000000

Heap:
 garbage-first heap   total 198656K, used 160010K [0x0000000741c00000, 0x0000000800000000)
  region size 1024K, 47 young (48128K), 1 survivors (1024K)
 Metaspace       used 21899K, capacity 22483K, committed 22656K, reserved 1069056K
  class space    used 2316K, capacity 2589K, committed 2688K, reserved 1048576K
Heap Regions: E=young(eden), S=young(survivor), O=old, HS=humongous(starts), HC=humongous(continues), CS=collection set, F=free, A=archive, TAMS=top-at-mark-start (previous, next)
|   0|0x0000000741c00000, 0x0000000741d00000, 0x0000000741d00000|100%| O|  |TAMS 0x0000000741d00000, 0x0000000741c00000| Untracked 
|   1|0x0000000741d00000, 0x0000000741e00000, 0x0000000741e00000|100%|HS|  |TAMS 0x0000000741e00000, 0x0000000741d00000| Complete 
|   2|0x0000000741e00000, 0x0000000741f00000, 0x0000000741f00000|100%|HC|  |TAMS 0x0000000741f00000, 0x0000000741e00000| Complete 
|   3|0x0000000741f00000, 0x0000000742000000, 0x0000000742000000|100%|HS|  |TAMS 0x0000000742000000, 0x0000000741f00000| Complete 
|   4|0x0000000742000000, 0x0000000742100000, 0x0000000742100000|100%|HC|  |TAMS 0x0000000742100000, 0x0000000742000000| Complete 
|   5|0x0000000742100000, 0x0000000742200000, 0x0000000742200000|100%|HS|  |TAMS 0x0000000742200000, 0x0000000742100000| Complete 
|   6|0x0000000742200000, 0x0000000742300000, 0x0000000742300000|100%|HS|  |TAMS 0x0000000742300000, 0x0000000742200000| Complete 
|   7|0x0000000742300000, 0x0000000742400000, 0x0000000742400000|100%|HC|  |TAMS 0x0000000742400000, 0x0000000742300000| Complete 
|   8|0x0000000742400000, 0x0000000742500000, 0x0000000742500000|100%|HC|  |TAMS 0x0000000742500000, 0x0000000742400000| Complete 
|   9|0x0000000742500000, 0x0000000742600000, 0x0000000742600000|100%|HS|  |TAMS 0x0000000742600000, 0x0000000742500000| Complete 
|  10|0x0000000742600000, 0x0000000742700000, 0x0000000742700000|100%|HC|  |TAMS 0x0000000742700000, 0x0000000742600000| Complete 
|  11|0x0000000742700000, 0x0000000742800000, 0x0000000742800000|100%|HC|  |TAMS 0x0000000742800000, 0x0000000742700000| Complete 
|  12|0x0000000742800000, 0x0000000742900000, 0x0000000742900000|100%|HC|  |TAMS 0x0000000742900000, 0x0000000742800000| Complete 
|  13|0x0000000742900000, 0x0000000742a00000, 0x0000000742a00000|100%|HC|  |TAMS 0x0000000742a00000, 0x0000000742900000| Complete 
|  14|0x0000000742a00000, 0x0000000742b00000, 0x0000000742b00000|100%|HC|  |TAMS 0x0000000742b00000, 0x0000000742a00000| Complete 
|  15|0x0000000742b00000, 0x0000000742c00000, 0x0000000742c00000|100%|HS|  |TAMS 0x0000000742c00000, 0x0000000742b00000| Complete 
|  16|0x0000000742c00000, 0x0000000742d00000, 0x0000000742d00000|100%|HC|  |TAMS 0x0000000742d00000, 0x0000000742c00000| Complete 
|  17|0x0000000742d00000, 0x0000000742e00000, 0x0000000742e00000|100%|HC|  |TAMS 0x0000000742e00000, 0x0000000742d00000| Complete 
|  18|0x0000000742e00000, 0x0000000742f00000, 0x0000000742f00000|100%|HC|  |TAMS 0x0000000742f00000, 0x0000000742e00000| Complete 
|  19|0x0000000742f00000, 0x0000000743000000, 0x0000000743000000|100%|HC|  |TAMS 0x0000000743000000, 0x0000000742f00000| Complete 
|  20|0x0000000743000000, 0x0000000743100000, 0x0000000743100000|100%|HS|  |TAMS 0x0000000743100000, 0x0000000743000000| Complete 
|  21|0x0000000743100000, 0x0000000743200000, 0x0000000743200000|100%|HC|  |TAMS 0x0000000743200000, 0x0000000743100000| Complete 
|  22|0x0000000743200000, 0x0000000743300000, 0x0000000743300000|100%|HC|  |TAMS 0x0000000743300000, 0x0000000743200000| Complete 
|  23|0x0000000743300000, 0x0000000743400000, 0x0000000743400000|100%|HS|  |TAMS 0x0000000743400000, 0x0000000743300000| Complete 
|  24|0x0000000743400000, 0x0000000743500000, 0x0000000743500000|100%|HC|  |TAMS 0x0000000743500000, 0x0000000743400000| Complete 
|  25|0x0000000743500000, 0x0000000743600000, 0x0000000743600000|100%|HC|  |TAMS 0x0000000743600000, 0x0000000743500000| Complete 
|  26|0x0000000743600000, 0x0000000743700000, 0x0000000743700000|100%|HC|  |TAMS 0x0000000743700000, 0x0000000743600000| Complete 
|  27|0x0000000743700000, 0x0000000743800000, 0x0000000743800000|100%|HC|  |TAMS 0x0000000743800000, 0x0000000743700000| Complete 
|  28|0x0000000743800000, 0x0000000743900000, 0x0000000743900000|100%|HC|  |TAMS 0x0000000743900000, 0x0000000743800000| Complete 
|  29|0x0000000743900000, 0x0000000743a00000, 0x0000000743a00000|100%|HC|  |TAMS 0x0000000743a00000, 0x0000000743900000| Complete 
|  30|0x0000000743a00000, 0x0000000743b00000, 0x0000000743b00000|100%|HC|  |TAMS 0x0000000743b00000, 0x0000000743a00000| Complete 
|  31|0x0000000743b00000, 0x0000000743c00000, 0x0000000743c00000|100%|HS|  |TAMS 0x0000000743c00000, 0x0000000743b00000| Complete 
|  32|0x0000000743c00000, 0x0000000743d00000, 0x0000000743d00000|100%|HC|  |TAMS 0x0000000743d00000, 0x0000000743c00000| Complete 
|  33|0x0000000743d00000, 0x0000000743e00000, 0x0000000743e00000|100%|HC|  |TAMS 0x0000000743e00000, 0x0000000743d00000| Complete 
|  34|0x0000000743e00000, 0x0000000743f00000, 0x0000000743f00000|100%|HC|  |TAMS 0x0000000743f00000, 0x0000000743e00000| Complete 
|  35|0x0000000743f00000, 0x0000000744000000, 0x0000000744000000|100%| O|  |TAMS 0x0000000744000000, 0x0000000743f00000| Untracked 
|  36|0x0000000744000000, 0x0000000744100000, 0x0000000744100000|100%| O|  |TAMS 0x0000000744100000, 0x0000000744000000| Untracked 
|  37|0x0000000744100000, 0x0000000744200000, 0x0000000744200000|100%| O|  |TAMS 0x0000000744200000, 0x0000000744100000| Untracked 
|  38|0x0000000744200000, 0x0000000744300000, 0x0000000744300000|100%| O|  |TAMS 0x0000000744300000, 0x0000000744200000| Untracked 
|  39|0x0000000744300000, 0x0000000744400000, 0x0000000744400000|100%| O|  |TAMS 0x0000000744400000, 0x0000000744300000| Untracked 
|  40|0x0000000744400000, 0x0000000744500000, 0x0000000744500000|100%| O|  |TAMS 0x0000000744500000, 0x0000000744400000| Untracked 
|  41|0x0000000744500000, 0x0000000744600000, 0x0000000744600000|100%| O|  |TAMS 0x0000000744600000, 0x0000000744500000| Untracked 
|  42|0x0000000744600000, 0x0000000744700000, 0x0000000744700000|100%| O|  |TAMS 0x0000000744700000, 0x0000000744600000| Untracked 
|  43|0x0000000744700000, 0x0000000744800000, 0x0000000744800000|100%| O|  |TAMS 0x0000000744800000, 0x0000000744700000| Untracked 
|  44|0x0000000744800000, 0x0000000744900000, 0x0000000744900000|100%| O|  |TAMS 0x0000000744900000, 0x0000000744800000| Untracked 
|  45|0x0000000744900000, 0x0000000744a00000, 0x0000000744a00000|100%| O|  |TAMS 0x0000000744a00000, 0x0000000744900000| Untracked 
|  46|0x0000000744a00000, 0x0000000744b00000, 0x0000000744b00000|100%| O|  |TAMS 0x0000000744b00000, 0x0000000744a00000| Untracked 
|  47|0x0000000744b00000, 0x0000000744c00000, 0x0000000744c00000|100%| O|  |TAMS 0x0000000744c00000, 0x0000000744b00000| Untracked 
|  48|0x0000000744c00000, 0x0000000744d00000, 0x0000000744d00000|100%| O|  |TAMS 0x0000000744d00000, 0x0000000744c00000| Untracked 
|  49|0x0000000744d00000, 0x0000000744e00000, 0x0000000744e00000|100%| O|  |TAMS 0x0000000744e00000, 0x0000000744d00000| Untracked 
|  50|0x0000000744e00000, 0x0000000744f00000, 0x0000000744f00000|100%| O|  |TAMS 0x0000000744f00000, 0x0000000744e00000| Untracked 
|  51|0x0000000744f00000, 0x0000000745000000, 0x0000000745000000|100%| O|  |TAMS 0x0000000745000000, 0x0000000744f00000| Untracked 
|  52|0x0000000745000000, 0x0000000745100000, 0x0000000745100000|100%| O|  |TAMS 0x0000000745100000, 0x0000000745000000| Untracked 
|  53|0x0000000745100000, 0x0000000745200000, 0x0000000745200000|100%| O|  |TAMS 0x0000000745200000, 0x0000000745100000| Untracked 
|  54|0x0000000745200000, 0x0000000745300000, 0x0000000745300000|100%| O|  |TAMS 0x0000000745300000, 0x0000000745200000| Untracked 
|  55|0x0000000745300000, 0x0000000745400000, 0x0000000745400000|100%| O|  |TAMS 0x0000000745400000, 0x0000000745300000| Untracked 
|  56|0x0000000745400000, 0x0000000745500000, 0x0000000745500000|100%| O|  |TAMS 0x0000000745500000, 0x0000000745400000| Untracked 
|  57|0x0000000745500000, 0x0000000745600000, 0x0000000745600000|100%| O|  |TAMS 0x0000000745600000, 0x0000000745500000| Untracked 
|  58|0x0000000745600000, 0x0000000745700000, 0x0000000745700000|100%| O|  |TAMS 0x0000000745700000, 0x0000000745600000| Untracked 
|  59|0x0000000745700000, 0x0000000745800000, 0x0000000745800000|100%| O|  |TAMS 0x0000000745800000, 0x0000000745700000| Untracked 
|  60|0x0000000745800000, 0x0000000745900000, 0x0000000745900000|100%| O|  |TAMS 0x0000000745900000, 0x0000000745800000| Untracked 
|  61|0x0000000745900000, 0x0000000745a00000, 0x0000000745a00000|100%| O|  |TAMS 0x0000000745a00000, 0x0000000745900000| Untracked 
|  62|0x0000000745a00000, 0x0000000745b00000, 0x0000000745b00000|100%| O|  |TAMS 0x0000000745b00000, 0x0000000745a00000| Untracked 
|  63|0x0000000745b00000, 0x0000000745c00000, 0x0000000745c00000|100%| O|  |TAMS 0x0000000745c00000, 0x0000000745b00000| Untracked 
|  64|0x0000000745c00000, 0x0000000745d00000, 0x0000000745d00000|100%| O|  |TAMS 0x0000000745d00000, 0x0000000745c00000| Untracked 
|  65|0x0000000745d00000, 0x0000000745e00000, 0x0000000745e00000|100%| O|  |TAMS 0x0000000745e00000, 0x0000000745d00000| Untracked 
|  66|0x0000000745e00000, 0x0000000745f00000, 0x0000000745f00000|100%| O|  |TAMS 0x0000000745f00000, 0x0000000745e00000| Untracked 
|  67|0x0000000745f00000, 0x0000000746000000, 0x0000000746000000|100%| O|  |TAMS 0x0000000746000000, 0x0000000745f00000| Untracked 
|  68|0x0000000746000000, 0x0000000746100000, 0x0000000746100000|100%| O|  |TAMS 0x0000000746100000, 0x0000000746000000| Untracked 
|  69|0x0000000746100000, 0x0000000746200000, 0x0000000746200000|100%| O|  |TAMS 0x0000000746200000, 0x0000000746100000| Untracked 
|  70|0x0000000746200000, 0x0000000746300000, 0x0000000746300000|100%| O|  |TAMS 0x0000000746300000, 0x0000000746200000| Untracked 
|  71|0x0000000746300000, 0x0000000746400000, 0x0000000746400000|100%| O|  |TAMS 0x0000000746400000, 0x0000000746300000| Untracked 
|  72|0x0000000746400000, 0x0000000746500000, 0x0000000746500000|100%| O|  |TAMS 0x0000000746500000, 0x0000000746400000| Untracked 
|  73|0x0000000746500000, 0x0000000746600000, 0x0000000746600000|100%| O|  |TAMS 0x0000000746600000, 0x0000000746500000| Untracked 
|  74|0x0000000746600000, 0x0000000746658c00, 0x0000000746700000| 34%| O|  |TAMS 0x0000000746658c00, 0x0000000746600000| Untracked 
|  75|0x0000000746700000, 0x0000000746700000, 0x0000000746800000|  0%| F|  |TAMS 0x0000000746700000, 0x0000000746700000| Untracked 
|  76|0x0000000746800000, 0x0000000746800000, 0x0000000746900000|  0%| F|  |TAMS 0x0000000746800000, 0x0000000746800000| Untracked 
|  77|0x0000000746900000, 0x0000000746a00000, 0x0000000746a00000|100%| O|  |TAMS 0x0000000746a00000, 0x0000000746900000| Untracked 
|  78|0x0000000746a00000, 0x0000000746b00000, 0x0000000746b00000|100%| O|  |TAMS 0x0000000746b00000, 0x0000000746a00000| Untracked 
|  79|0x0000000746b00000, 0x0000000746c00000, 0x0000000746c00000|100%| O|  |TAMS 0x0000000746c00000, 0x0000000746b00000| Untracked 
|  80|0x0000000746c00000, 0x0000000746d00000, 0x0000000746d00000|100%| O|  |TAMS 0x0000000746d00000, 0x0000000746c00000| Untracked 
|  81|0x0000000746d00000, 0x0000000746e00000, 0x0000000746e00000|100%| O|  |TAMS 0x0000000746e00000, 0x0000000746d00000| Untracked 
|  82|0x0000000746e00000, 0x0000000746f00000, 0x0000000746f00000|100%| O|  |TAMS 0x0000000746f00000, 0x0000000746e00000| Untracked 
|  83|0x0000000746f00000, 0x0000000747000000, 0x0000000747000000|100%| O|  |TAMS 0x0000000747000000, 0x0000000746f00000| Untracked 
|  84|0x0000000747000000, 0x0000000747100000, 0x0000000747100000|100%| O|  |TAMS 0x0000000747100000, 0x0000000747000000| Untracked 
|  85|0x0000000747100000, 0x0000000747200000, 0x0000000747200000|100%| O|  |TAMS 0x0000000747200000, 0x0000000747100000| Untracked 
|  86|0x0000000747200000, 0x0000000747300000, 0x0000000747300000|100%| O|  |TAMS 0x0000000747300000, 0x0000000747200000| Untracked 
|  87|0x0000000747300000, 0x0000000747400000, 0x0000000747400000|100%| O|  |TAMS 0x0000000747400000, 0x0000000747300000| Untracked 
|  88|0x0000000747400000, 0x0000000747500000, 0x0000000747500000|100%| O|  |TAMS 0x0000000747500000, 0x0000000747400000| Untracked 
|  89|0x0000000747500000, 0x0000000747600000, 0x0000000747600000|100%| O|  |TAMS 0x0000000747600000, 0x0000000747500000| Untracked 
|  90|0x0000000747600000, 0x0000000747700000, 0x0000000747700000|100%|HS|  |TAMS 0x0000000747600000, 0x0000000747600000| Complete 
|  91|0x0000000747700000, 0x0000000747800000, 0x0000000747800000|100%|HC|  |TAMS 0x0000000747700000, 0x0000000747700000| Complete 
|  92|0x0000000747800000, 0x0000000747900000, 0x0000000747900000|100%|HC|  |TAMS 0x0000000747800000, 0x0000000747800000| Complete 
|  93|0x0000000747900000, 0x0000000747a00000, 0x0000000747a00000|100%|HC|  |TAMS 0x0000000747900000, 0x0000000747900000| Complete 
|  94|0x0000000747a00000, 0x0000000747b00000, 0x0000000747b00000|100%|HC|  |TAMS 0x0000000747a00000, 0x0000000747a00000| Complete 
|  95|0x0000000747b00000, 0x0000000747c00000, 0x0000000747c00000|100%|HC|  |TAMS 0x0000000747b00000, 0x0000000747b00000| Complete 
|  96|0x0000000747c00000, 0x0000000747d00000, 0x0000000747d00000|100%|HC|  |TAMS 0x0000000747c00000, 0x0000000747c00000| Complete 
|  97|0x0000000747d00000, 0x0000000747e00000, 0x0000000747e00000|100%|HS|  |TAMS 0x0000000747d00000, 0x0000000747d00000| Complete 
|  98|0x0000000747e00000, 0x0000000747f00000, 0x0000000747f00000|100%|HC|  |TAMS 0x0000000747e00000, 0x0000000747e00000| Complete 
|  99|0x0000000747f00000, 0x0000000748000000, 0x0000000748000000|100%|HC|  |TAMS 0x0000000747f00000, 0x0000000747f00000| Complete 
| 100|0x0000000748000000, 0x0000000748100000, 0x0000000748100000|100%|HC|  |TAMS 0x0000000748000000, 0x0000000748000000| Complete 
| 101|0x0000000748100000, 0x0000000748200000, 0x0000000748200000|100%|HC|  |TAMS 0x0000000748100000, 0x0000000748100000| Complete 
| 102|0x0000000748200000, 0x0000000748300000, 0x0000000748300000|100%|HC|  |TAMS 0x0000000748200000, 0x0000000748200000| Complete 
| 103|0x0000000748300000, 0x0000000748400000, 0x0000000748400000|100%|HC|  |TAMS 0x0000000748300000, 0x0000000748300000| Complete 
| 104|0x0000000748400000, 0x0000000748500000, 0x0000000748500000|100%|HS|  |TAMS 0x0000000748400000, 0x0000000748400000| Complete 
| 105|0x0000000748500000, 0x0000000748600000, 0x0000000748600000|100%|HC|  |TAMS 0x0000000748500000, 0x0000000748500000| Complete 
| 106|0x0000000748600000, 0x0000000748700000, 0x0000000748700000|100%|HC|  |TAMS 0x0000000748600000, 0x0000000748600000| Complete 
| 107|0x0000000748700000, 0x0000000748800000, 0x0000000748800000|100%|HC|  |TAMS 0x0000000748700000, 0x0000000748700000| Complete 
| 108|0x0000000748800000, 0x0000000748900000, 0x0000000748900000|100%|HC|  |TAMS 0x0000000748800000, 0x0000000748800000| Complete 
| 109|0x0000000748900000, 0x0000000748a00000, 0x0000000748a00000|100%|HC|  |TAMS 0x0000000748900000, 0x0000000748900000| Complete 
| 110|0x0000000748a00000, 0x0000000748b00000, 0x0000000748b00000|100%|HC|  |TAMS 0x0000000748a00000, 0x0000000748a00000| Complete 
| 111|0x0000000748b00000, 0x0000000748b00000, 0x0000000748c00000|  0%| F|  |TAMS 0x0000000748b00000, 0x0000000748b00000| Untracked 
| 112|0x0000000748c00000, 0x0000000748c00000, 0x0000000748d00000|  0%| F|  |TAMS 0x0000000748c00000, 0x0000000748c00000| Untracked 
| 113|0x0000000748d00000, 0x0000000748d00000, 0x0000000748e00000|  0%| F|  |TAMS 0x0000000748d00000, 0x0000000748d00000| Untracked 
| 114|0x0000000748e00000, 0x0000000748e00000, 0x0000000748f00000|  0%| F|  |TAMS 0x0000000748e00000, 0x0000000748e00000| Untracked 
| 115|0x0000000748f00000, 0x0000000748f00000, 0x0000000749000000|  0%| F|  |TAMS 0x0000000748f00000, 0x0000000748f00000| Untracked 
| 116|0x0000000749000000, 0x0000000749000000, 0x0000000749100000|  0%| F|  |TAMS 0x0000000749000000, 0x0000000749000000| Untracked 
| 117|0x0000000749100000, 0x0000000749100000, 0x0000000749200000|  0%| F|  |TAMS 0x0000000749100000, 0x0000000749100000| Untracked 
| 118|0x0000000749200000, 0x0000000749200000, 0x0000000749300000|  0%| F|  |TAMS 0x0000000749200000, 0x0000000749200000| Untracked 
| 119|0x0000000749300000, 0x0000000749300000, 0x0000000749400000|  0%| F|  |TAMS 0x0000000749300000, 0x0000000749300000| Untracked 
| 120|0x0000000749400000, 0x0000000749400000, 0x0000000749500000|  0%| F|  |TAMS 0x0000000749400000, 0x0000000749400000| Untracked 
| 121|0x0000000749500000, 0x0000000749500000, 0x0000000749600000|  0%| F|  |TAMS 0x0000000749500000, 0x0000000749500000| Untracked 
| 122|0x0000000749600000, 0x0000000749600000, 0x0000000749700000|  0%| F|  |TAMS 0x0000000749600000, 0x0000000749600000| Untracked 
| 123|0x0000000749700000, 0x0000000749700000, 0x0000000749800000|  0%| F|  |TAMS 0x0000000749700000, 0x0000000749700000| Untracked 
| 124|0x0000000749800000, 0x0000000749800000, 0x0000000749900000|  0%| F|  |TAMS 0x0000000749800000, 0x0000000749800000| Untracked 
| 125|0x0000000749900000, 0x00000007499e9e28, 0x0000000749a00000| 91%| S|CS|TAMS 0x0000000749900000, 0x0000000749900000| Complete 
| 126|0x0000000749a00000, 0x0000000749a00000, 0x0000000749b00000|  0%| F|  |TAMS 0x0000000749a00000, 0x0000000749a00000| Untracked 
| 127|0x0000000749b00000, 0x0000000749b00000, 0x0000000749c00000|  0%| F|  |TAMS 0x0000000749b00000, 0x0000000749b00000| Untracked 
| 128|0x0000000749c00000, 0x0000000749c00000, 0x0000000749d00000|  0%| F|  |TAMS 0x0000000749c00000, 0x0000000749c00000| Untracked 
| 129|0x0000000749d00000, 0x0000000749d00000, 0x0000000749e00000|  0%| F|  |TAMS 0x0000000749d00000, 0x0000000749d00000| Untracked 
| 130|0x0000000749e00000, 0x0000000749e00000, 0x0000000749f00000|  0%| F|  |TAMS 0x0000000749e00000, 0x0000000749e00000| Untracked 
| 131|0x0000000749f00000, 0x0000000749f00000, 0x000000074a000000|  0%| F|  |TAMS 0x0000000749f00000, 0x0000000749f00000| Untracked 
| 132|0x000000074a000000, 0x000000074a000000, 0x000000074a100000|  0%| F|  |TAMS 0x000000074a000000, 0x000000074a000000| Untracked 
| 133|0x000000074a100000, 0x000000074a100000, 0x000000074a200000|  0%| F|  |TAMS 0x000000074a100000, 0x000000074a100000| Untracked 
| 134|0x000000074a200000, 0x000000074a200000, 0x000000074a300000|  0%| F|  |TAMS 0x000000074a200000, 0x000000074a200000| Untracked 
| 135|0x000000074a300000, 0x000000074a300000, 0x000000074a400000|  0%| F|  |TAMS 0x000000074a300000, 0x000000074a300000| Untracked 
| 136|0x000000074a400000, 0x000000074a400000, 0x000000074a500000|  0%| F|  |TAMS 0x000000074a400000, 0x000000074a400000| Untracked 
| 137|0x000000074a500000, 0x000000074a500000, 0x000000074a600000|  0%| F|  |TAMS 0x000000074a500000, 0x000000074a500000| Untracked 
| 138|0x000000074a600000, 0x000000074a600000, 0x000000074a700000|  0%| F|  |TAMS 0x000000074a600000, 0x000000074a600000| Untracked 
| 139|0x000000074a700000, 0x000000074a700000, 0x000000074a800000|  0%| F|  |TAMS 0x000000074a700000, 0x000000074a700000| Untracked 
| 140|0x000000074a800000, 0x000000074a800000, 0x000000074a900000|  0%| F|  |TAMS 0x000000074a800000, 0x000000074a800000| Untracked 
| 141|0x000000074a900000, 0x000000074a900000, 0x000000074aa00000|  0%| F|  |TAMS 0x000000074a900000, 0x000000074a900000| Untracked 
| 142|0x000000074aa00000, 0x000000074aa00000, 0x000000074ab00000|  0%| F|  |TAMS 0x000000074aa00000, 0x000000074aa00000| Untracked 
| 143|0x000000074ab00000, 0x000000074ab00000, 0x000000074ac00000|  0%| F|  |TAMS 0x000000074ab00000, 0x000000074ab00000| Untracked 
| 144|0x000000074ac00000, 0x000000074ac00000, 0x000000074ad00000|  0%| F|  |TAMS 0x000000074ac00000, 0x000000074ac00000| Untracked 
| 145|0x000000074ad00000, 0x000000074ad00000, 0x000000074ae00000|  0%| F|  |TAMS 0x000000074ad00000, 0x000000074ad00000| Untracked 
| 146|0x000000074ae00000, 0x000000074ae00800, 0x000000074af00000|  0%| E|  |TAMS 0x000000074ae00000, 0x000000074ae00000| Complete 
| 147|0x000000074af00000, 0x000000074b000000, 0x000000074b000000|100%| E|CS|TAMS 0x000000074af00000, 0x000000074af00000| Complete 
| 148|0x000000074b000000, 0x000000074b100000, 0x000000074b100000|100%| E|CS|TAMS 0x000000074b000000, 0x000000074b000000| Complete 
| 149|0x000000074b100000, 0x000000074b200000, 0x000000074b200000|100%| E|CS|TAMS 0x000000074b100000, 0x000000074b100000| Complete 
| 150|0x000000074b200000, 0x000000074b300000, 0x000000074b300000|100%| E|CS|TAMS 0x000000074b200000, 0x000000074b200000| Complete 
| 151|0x000000074b300000, 0x000000074b400000, 0x000000074b400000|100%| E|CS|TAMS 0x000000074b300000, 0x000000074b300000| Complete 
| 152|0x000000074b400000, 0x000000074b500000, 0x000000074b500000|100%| E|CS|TAMS 0x000000074b400000, 0x000000074b400000| Complete 
| 153|0x000000074b500000, 0x000000074b600000, 0x000000074b600000|100%| E|CS|TAMS 0x000000074b500000, 0x000000074b500000| Complete 
| 154|0x000000074b600000, 0x000000074b700000, 0x000000074b700000|100%| E|CS|TAMS 0x000000074b600000, 0x000000074b600000| Complete 
| 155|0x000000074b700000, 0x000000074b800000, 0x000000074b800000|100%| E|CS|TAMS 0x000000074b700000, 0x000000074b700000| Complete 
| 156|0x000000074b800000, 0x000000074b900000, 0x000000074b900000|100%| E|CS|TAMS 0x000000074b800000, 0x000000074b800000| Complete 
| 157|0x000000074b900000, 0x000000074ba00000, 0x000000074ba00000|100%| E|CS|TAMS 0x000000074b900000, 0x000000074b900000| Complete 
| 158|0x000000074ba00000, 0x000000074bb00000, 0x000000074bb00000|100%| E|CS|TAMS 0x000000074ba00000, 0x000000074ba00000| Complete 
| 159|0x000000074bb00000, 0x000000074bc00000, 0x000000074bc00000|100%| E|CS|TAMS 0x000000074bb00000, 0x000000074bb00000| Complete 
| 160|0x000000074bc00000, 0x000000074bd00000, 0x000000074bd00000|100%| E|CS|TAMS 0x000000074bc00000, 0x000000074bc00000| Complete 
| 161|0x000000074bd00000, 0x000000074be00000, 0x000000074be00000|100%| E|CS|TAMS 0x000000074bd00000, 0x000000074bd00000| Complete 
| 162|0x000000074be00000, 0x000000074bf00000, 0x000000074bf00000|100%| E|CS|TAMS 0x000000074be00000, 0x000000074be00000| Complete 
| 163|0x000000074bf00000, 0x000000074c000000, 0x000000074c000000|100%| E|CS|TAMS 0x000000074bf00000, 0x000000074bf00000| Complete 
| 164|0x000000074c000000, 0x000000074c100000, 0x000000074c100000|100%| E|CS|TAMS 0x000000074c000000, 0x000000074c000000| Complete 
| 165|0x000000074c100000, 0x000000074c200000, 0x000000074c200000|100%| E|CS|TAMS 0x000000074c100000, 0x000000074c100000| Complete 
| 166|0x000000074c200000, 0x000000074c300000, 0x000000074c300000|100%| E|CS|TAMS 0x000000074c200000, 0x000000074c200000| Complete 
| 167|0x000000074c300000, 0x000000074c400000, 0x000000074c400000|100%| E|CS|TAMS 0x000000074c300000, 0x000000074c300000| Complete 
| 168|0x000000074c400000, 0x000000074c500000, 0x000000074c500000|100%| E|CS|TAMS 0x000000074c400000, 0x000000074c400000| Complete 
| 169|0x000000074c500000, 0x000000074c600000, 0x000000074c600000|100%| E|CS|TAMS 0x000000074c500000, 0x000000074c500000| Complete 
| 170|0x000000074c600000, 0x000000074c700000, 0x000000074c700000|100%| E|CS|TAMS 0x000000074c600000, 0x000000074c600000| Complete 
| 171|0x000000074c700000, 0x000000074c800000, 0x000000074c800000|100%| E|CS|TAMS 0x000000074c700000, 0x000000074c700000| Complete 
| 172|0x000000074c800000, 0x000000074c900000, 0x000000074c900000|100%| E|CS|TAMS 0x000000074c800000, 0x000000074c800000| Complete 
| 173|0x000000074c900000, 0x000000074ca00000, 0x000000074ca00000|100%| E|CS|TAMS 0x000000074c900000, 0x000000074c900000| Complete 
| 174|0x000000074ca00000, 0x000000074cb00000, 0x000000074cb00000|100%| E|CS|TAMS 0x000000074ca00000, 0x000000074ca00000| Complete 
| 175|0x000000074cb00000, 0x000000074cc00000, 0x000000074cc00000|100%| E|CS|TAMS 0x000000074cb00000, 0x000000074cb00000| Complete 
| 176|0x000000074cc00000, 0x000000074cd00000, 0x000000074cd00000|100%| E|CS|TAMS 0x000000074cc00000, 0x000000074cc00000| Complete 
| 177|0x000000074cd00000, 0x000000074ce00000, 0x000000074ce00000|100%| E|CS|TAMS 0x000000074cd00000, 0x000000074cd00000| Complete 
| 178|0x000000074ce00000, 0x000000074cf00000, 0x000000074cf00000|100%| E|CS|TAMS 0x000000074ce00000, 0x000000074ce00000| Complete 
| 179|0x000000074cf00000, 0x000000074d000000, 0x000000074d000000|100%| E|CS|TAMS 0x000000074cf00000, 0x000000074cf00000| Complete 
| 180|0x000000074d000000, 0x000000074d100000, 0x000000074d100000|100%| E|CS|TAMS 0x000000074d000000, 0x000000074d000000| Complete 
| 181|0x000000074d100000, 0x000000074d200000, 0x000000074d200000|100%| E|CS|TAMS 0x000000074d100000, 0x000000074d100000| Complete 
| 182|0x000000074d200000, 0x000000074d300000, 0x000000074d300000|100%| E|CS|TAMS 0x000000074d200000, 0x000000074d200000| Complete 
| 183|0x000000074d300000, 0x000000074d400000, 0x000000074d400000|100%| E|CS|TAMS 0x000000074d300000, 0x000000074d300000| Complete 
| 184|0x000000074d400000, 0x000000074d500000, 0x000000074d500000|100%| E|CS|TAMS 0x000000074d400000, 0x000000074d400000| Complete 
| 185|0x000000074d500000, 0x000000074d600000, 0x000000074d600000|100%| E|CS|TAMS 0x000000074d500000, 0x000000074d500000| Complete 
| 186|0x000000074d600000, 0x000000074d700000, 0x000000074d700000|100%| E|CS|TAMS 0x000000074d600000, 0x000000074d600000| Complete 
| 187|0x000000074d700000, 0x000000074d800000, 0x000000074d800000|100%| E|CS|TAMS 0x000000074d700000, 0x000000074d700000| Complete 
| 188|0x000000074d800000, 0x000000074d900000, 0x000000074d900000|100%| E|CS|TAMS 0x000000074d800000, 0x000000074d800000| Complete 
| 189|0x000000074d900000, 0x000000074da00000, 0x000000074da00000|100%| E|CS|TAMS 0x000000074d900000, 0x000000074d900000| Complete 
| 190|0x000000074da00000, 0x000000074db00000, 0x000000074db00000|100%| E|CS|TAMS 0x000000074da00000, 0x000000074da00000| Complete 
| 191|0x000000074db00000, 0x000000074dc00000, 0x000000074dc00000|100%| E|CS|TAMS 0x000000074db00000, 0x000000074db00000| Complete 
| 192|0x000000074dc00000, 0x000000074dd00000, 0x000000074dd00000|100%| O|  |TAMS 0x000000074dd00000, 0x000000074dc00000| Untracked 
| 193|0x000000074dd00000, 0x000000074de00000, 0x000000074de00000|100%| O|  |TAMS 0x000000074de00000, 0x000000074dd00000| Untracked 

Card table byte_map: [0x000002a1ec310000,0x000002a1ec910000] _byte_map_base: 0x000002a1e8902000

Marking Bits (Prev, Next): (CMBitMap*) 0x000002a1d2c3a110, (CMBitMap*) 0x000002a1d2c3a0d8
 Prev Bits: [0x000002a1efea0000, 0x000002a1f2e30000)
 Next Bits: [0x000002a1ecf10000, 0x000002a1efea0000)

Polling page: 0x000002a1d2a40000

Metaspace:

Usage:
  Non-class:     19.43 MB capacity,    19.12 MB ( 98%) used,   239.97 KB (  1%) free+waste,    71.31 KB ( <1%) overhead. 
      Class:      2.53 MB capacity,     2.26 MB ( 89%) used,   235.73 KB (  9%) free+waste,    36.63 KB (  1%) overhead. 
       Both:     21.96 MB capacity,    21.39 MB ( 97%) used,   475.70 KB (  2%) free+waste,   107.94 KB ( <1%) overhead. 

Virtual space:
  Non-class space:       20.00 MB reserved,      19.50 MB ( 98%) committed 
      Class space:        1.00 GB reserved,       2.63 MB ( <1%) committed 
             Both:        1.02 GB reserved,      22.13 MB (  2%) committed 

Chunk freelists:
   Non-Class:  1.25 KB
       Class:  384 bytes
        Both:  1.63 KB

CodeHeap 'non-profiled nmethods': size=120064Kb used=1156Kb max_used=1156Kb free=118907Kb
 bounds [0x000002a1e41a0000, 0x000002a1e4410000, 0x000002a1eb6e0000]
CodeHeap 'profiled nmethods': size=120000Kb used=4839Kb max_used=4839Kb free=115160Kb
 bounds [0x000002a1dcc70000, 0x000002a1dd130000, 0x000002a1e41a0000]
CodeHeap 'non-nmethods': size=5696Kb used=1279Kb max_used=1311Kb free=4417Kb
 bounds [0x000002a1dc6e0000, 0x000002a1dc950000, 0x000002a1dcc70000]
 total_blobs=3619 nmethods=2369 adapters=579
 compilation: enabled
              stopped_count=0, restarted_count=0
 full_count=0

Compilation events (10 events):
Event: 9.798 Thread 0x000002a1f5d70800 2392       3       sun.java2d.pipe.AATextRenderer::drawGlyphList (17 bytes)
Event: 9.798 Thread 0x000002a1f5d70800 nmethod 2392 0x000002a1dd128210 code [0x000002a1dd1283e0, 0x000002a1dd1285b0]
Event: 9.800 Thread 0x000002a1f5d70800 2394       3       sun.font.GlyphList::ensureCapacity (79 bytes)
Event: 9.800 Thread 0x000002a1f5d70800 nmethod 2394 0x000002a1dd128710 code [0x000002a1dd1288e0, 0x000002a1dd128f98]
Event: 9.800 Thread 0x000002a1f5d70800 2395       3       sun.font.GlyphList::mapChars (47 bytes)
Event: 9.800 Thread 0x000002a1f5d70800 nmethod 2395 0x000002a1dd129090 code [0x000002a1dd129280, 0x000002a1dd1296f0]
Event: 9.855 Thread 0x000002a1f5d70800 2396       3       java.nio.ByteBufferAsIntBufferB::get (26 bytes)
Event: 9.855 Thread 0x000002a1f5d70800 nmethod 2396 0x000002a1dd129890 code [0x000002a1dd129a80, 0x000002a1dd129f90]
Event: 9.855 Thread 0x000002a1f5d70800 2397       3       java.nio.HeapByteBuffer::get (14 bytes)
Event: 9.856 Thread 0x000002a1f5d70800 nmethod 2397 0x000002a1dd12a190 code [0x000002a1dd12a360, 0x000002a1dd12a710]

GC Heap History (10 events):
Event: 4.303 GC heap before
{Heap before GC invocations=4 (full 0):
 garbage-first heap   total 198656K, used 143757K [0x0000000741c00000, 0x0000000800000000)
  region size 1024K, 52 young (53248K), 1 survivors (1024K)
 Metaspace       used 17806K, capacity 18216K, committed 18432K, reserved 1064960K
  class space    used 1779K, capacity 1946K, committed 2048K, reserved 1048576K
}
Event: 4.304 GC heap after
{Heap after GC invocations=5 (full 0):
 garbage-first heap   total 198656K, used 91534K [0x0000000741c00000, 0x0000000800000000)
  region size 1024K, 1 young (1024K), 1 survivors (1024K)
 Metaspace       used 17806K, capacity 18216K, committed 18432K, reserved 1064960K
  class space    used 1779K, capacity 1946K, committed 2048K, reserved 1048576K
}
Event: 4.342 GC heap before
{Heap before GC invocations=6 (full 0):
 garbage-first heap   total 198656K, used 147854K [0x0000000741c00000, 0x0000000800000000)
  region size 1024K, 56 young (57344K), 1 survivors (1024K)
 Metaspace       used 17899K, capacity 18318K, committed 18432K, reserved 1064960K
  class space    used 1805K, capacity 1980K, committed 2048K, reserved 1048576K
}
Event: 4.343 GC heap after
{Heap after GC invocations=7 (full 0):
 garbage-first heap   total 198656K, used 91558K [0x0000000741c00000, 0x0000000800000000)
  region size 1024K, 1 young (1024K), 1 survivors (1024K)
 Metaspace       used 17899K, capacity 18318K, committed 18432K, reserved 1064960K
  class space    used 1805K, capacity 1980K, committed 2048K, reserved 1048576K
}
Event: 4.367 GC heap before
{Heap before GC invocations=7 (full 0):
 garbage-first heap   total 198656K, used 150950K [0x0000000741c00000, 0x0000000800000000)
  region size 1024K, 59 young (60416K), 1 survivors (1024K)
 Metaspace       used 17899K, capacity 18318K, committed 18432K, reserved 1064960K
  class space    used 1805K, capacity 1980K, committed 2048K, reserved 1048576K
}
Event: 4.368 GC heap after
{Heap after GC invocations=8 (full 0):
 garbage-first heap   total 198656K, used 91595K [0x0000000741c00000, 0x0000000800000000)
  region size 1024K, 1 young (1024K), 1 survivors (1024K)
 Metaspace       used 17899K, capacity 18318K, committed 18432K, reserved 1064960K
  class space    used 1805K, capacity 1980K, committed 2048K, reserved 1048576K
}
Event: 4.409 GC heap before
{Heap before GC invocations=9 (full 0):
 garbage-first heap   total 198656K, used 155083K [0x0000000741c00000, 0x0000000800000000)
  region size 1024K, 63 young (64512K), 1 survivors (1024K)
 Metaspace       used 17899K, capacity 18318K, committed 18432K, reserved 1064960K
  class space    used 1805K, capacity 1980K, committed 2048K, reserved 1048576K
}
Event: 4.410 GC heap after
{Heap after GC invocations=10 (full 0):
 garbage-first heap   total 198656K, used 91603K [0x0000000741c00000, 0x0000000800000000)
  region size 1024K, 1 young (1024K), 1 survivors (1024K)
 Metaspace       used 17899K, capacity 18318K, committed 18432K, reserved 1064960K
  class space    used 1805K, capacity 1980K, committed 2048K, reserved 1048576K
}
Event: 4.715 GC heap before
{Heap before GC invocations=10 (full 0):
 garbage-first heap   total 198656K, used 158163K [0x0000000741c00000, 0x0000000800000000)
  region size 1024K, 66 young (67584K), 1 survivors (1024K)
 Metaspace       used 21263K, capacity 21925K, committed 22016K, reserved 1069056K
  class space    used 2266K, capacity 2553K, committed 2560K, reserved 1048576K
}
Event: 4.718 GC heap after
{Heap after GC invocations=11 (full 0):
 garbage-first heap   total 198656K, used 92426K [0x0000000741c00000, 0x0000000800000000)
  region size 1024K, 1 young (1024K), 1 survivors (1024K)
 Metaspace       used 21263K, capacity 21925K, committed 22016K, reserved 1069056K
  class space    used 2266K, capacity 2553K, committed 2560K, reserved 1048576K
}

Deoptimization events (10 events):
Event: 4.276 Thread 0x000002a1d2be8000 Uncommon trap: reason=bimorphic_or_optimized_type_check action=maybe_recompile pc=0x000002a1e42576ec method=java.util.regex.Pattern$BmpCharProperty.match(Ljava/util/regex/Matcher;ILjava/lang/CharSequence;)Z @ 36 c2
Event: 4.278 Thread 0x000002a1f6614000 Uncommon trap: reason=bimorphic_or_optimized_type_check action=maybe_recompile pc=0x000002a1e4279450 method=java.util.HashMap.getNode(ILjava/lang/Object;)Ljava/util/HashMap$Node; @ 126 c2
Event: 4.388 Thread 0x000002a1f6614000 Uncommon trap: reason=bimorphic_or_optimized_type_check action=maybe_recompile pc=0x000002a1e4279450 method=java.util.HashMap.getNode(ILjava/lang/Object;)Ljava/util/HashMap$Node; @ 126 c2
Event: 4.429 Thread 0x000002a1f8786000 Uncommon trap: reason=bimorphic_or_optimized_type_check action=maybe_recompile pc=0x000002a1e4279450 method=java.util.HashMap.getNode(ILjava/lang/Object;)Ljava/util/HashMap$Node; @ 126 c2
Event: 4.490 Thread 0x000002a1f8782800 Uncommon trap: reason=unstable_if action=reinterpret pc=0x000002a1e4259930 method=java.lang.CharacterDataLatin1.digit(II)I @ 7 c2
Event: 4.532 Thread 0x000002a1f6614000 Uncommon trap: reason=unstable_if action=reinterpret pc=0x000002a1e429029c method=java.lang.invoke.InvokerBytecodeGenerator.loadInsnOpcode(Ljava/lang/invoke/LambdaForm$BasicType;)I @ 8 c2
Event: 4.653 Thread 0x000002a1d2be8000 Uncommon trap: reason=unstable_if action=reinterpret pc=0x000002a1e4298ef4 method=java.util.HashMap.hash(Ljava/lang/Object;)I @ 1 c2
Event: 4.653 Thread 0x000002a1d2be8000 Uncommon trap: reason=unstable_if action=reinterpret pc=0x000002a1e41fa694 method=java.util.HashMap.hash(Ljava/lang/Object;)I @ 1 c2
Event: 4.657 Thread 0x000002a1d2be8000 Uncommon trap: reason=unstable_if action=reinterpret pc=0x000002a1e41d35b8 method=java.util.HashMap.hash(Ljava/lang/Object;)I @ 1 c2
Event: 7.749 Thread 0x000002a1f878f000 Uncommon trap: reason=unstable_if action=reinterpret pc=0x000002a1e42be088 method=sun.font.CMap$CMapFormat4.getGlyph(I)C @ 181 c2

Classes redefined (0 events):
No events

Internal exceptions (10 events):
Event: 4.626 Thread 0x000002a1d2be8000 Exception <a 'java/lang/NoSuchMethodError'{0x0000000749b29480}: java.lang.invoke.DirectMethodHandle$Holder.invokeStatic(Ljava/lang/Object;ILjava/lang/Object;Ljava/lang/Object;Ljava/lang/Object;)Ljava/lang/Object;> (0x0000000749b29480) thrown at [t:/worksp
Event: 4.626 Thread 0x000002a1d2be8000 Exception <a 'java/lang/NoSuchMethodError'{0x0000000749b2cfc0}: java.lang.invoke.DirectMethodHandle$Holder.invokeSpecial(Ljava/lang/Object;Ljava/lang/Object;ILjava/lang/Object;Ljava/lang/Object;Ljava/lang/Object;)Ljava/lang/Object;> (0x0000000749b2cfc0) t
Event: 4.647 Thread 0x000002a1d2be8000 Exception <a 'java/lang/ClassNotFoundException'{0x0000000749bf4368}: com/sun/swing/internal/plaf/metal/resources/spi/metalProvider> (0x0000000749bf4368) thrown at [t:/workspace/open/src/hotspot/share/classfile/systemDictionary.cpp, line 231]
Event: 4.647 Thread 0x000002a1d2be8000 Exception <a 'java/lang/ClassNotFoundException'{0x0000000749bf81c8}: com/sun/swing/internal/plaf/basic/resources/spi/basicProvider> (0x0000000749bf81c8) thrown at [t:/workspace/open/src/hotspot/share/classfile/systemDictionary.cpp, line 231]
Event: 4.653 Thread 0x000002a1d2be8000 Implicit null exception at 0x000002a1e4298a95 to 0x000002a1e4298ee2
Event: 4.653 Thread 0x000002a1d2be8000 Implicit null exception at 0x000002a1e41fa5f8 to 0x000002a1e41fa68a
Event: 4.657 Thread 0x000002a1d2be8000 Implicit null exception at 0x000002a1e41d352f to 0x000002a1e41d35a9
Event: 9.777 Thread 0x000002a1f878e000 Exception <a 'java/lang/IllegalStateException'{0x000000074b03f368}> (0x000000074b03f368) thrown at [t:/workspace/open/src/hotspot/share/prims/jvm.cpp, line 1312]
Event: 9.813 Thread 0x000002a1f878f000 Exception <a 'java/io/FileNotFoundException'{0x000000074b829468}> (0x000000074b829468) thrown at [t:/workspace/open/src/hotspot/share/prims/jni.cpp, line 615]
Event: 9.857 Thread 0x000002a1f878f000 Exception <a 'java/io/FileNotFoundException'{0x000000074af54980}> (0x000000074af54980) thrown at [t:/workspace/open/src/hotspot/share/prims/jni.cpp, line 615]

Events (10 events):
Event: 9.875 Thread 0x000002a1f878d800 Thread added: 0x000002a1f878d800
Event: 9.875 Thread 0x000002a1f878d800 Thread exited: 0x000002a1f878d800
Event: 9.875 Thread 0x000002a1f878b000 Thread added: 0x000002a1f878b000
Event: 9.875 Thread 0x000002a1f878b000 Thread exited: 0x000002a1f878b000
Event: 9.875 Thread 0x000002a1f878c800 Thread added: 0x000002a1f878c800
Event: 9.875 Thread 0x000002a1f878c800 Thread exited: 0x000002a1f878c800
Event: 9.875 Thread 0x000002a1f878e000 Thread added: 0x000002a1f878e000
Event: 9.875 Thread 0x000002a1f878e000 Thread exited: 0x000002a1f878e000
Event: 9.881 Thread 0x000002a1f839c000 Thread exited: 0x000002a1f839c000
Event: 9.882 Executing VM operation: Exit


Dynamic libraries:
0x00007ff7d2310000 - 0x00007ff7d2357000 	C:\Program Files\Java\jdk-11\bin\java.exe
0x00007ffdeabe0000 - 0x00007ffdeadcd000 	C:\Windows\SYSTEM32\ntdll.dll
0x00007ffde89c0000 - 0x00007ffde8a73000 	C:\Windows\System32\KERNEL32.DLL
0x00007ffde6d00000 - 0x00007ffde6f93000 	C:\Windows\System32\KERNELBASE.dll
0x00007ffde8380000 - 0x00007ffde8423000 	C:\Windows\System32\ADVAPI32.dll
0x00007ffdea480000 - 0x00007ffdea51e000 	C:\Windows\System32\msvcrt.dll
0x00007ffde7fd0000 - 0x00007ffde806e000 	C:\Windows\System32\sechost.dll
0x00007ffde7e30000 - 0x00007ffde7f53000 	C:\Windows\System32\RPCRT4.dll
0x00007ffdeaa10000 - 0x00007ffdeaba7000 	C:\Windows\System32\USER32.dll
0x00007ffde70d0000 - 0x00007ffde70f0000 	C:\Windows\System32\win32u.dll
0x00007ffdea9e0000 - 0x00007ffdeaa09000 	C:\Windows\System32\GDI32.dll
0x00007ffde7190000 - 0x00007ffde732a000 	C:\Windows\System32\gdi32full.dll
0x00007ffde70f0000 - 0x00007ffde7190000 	C:\Windows\System32\msvcp_win.dll
0x00007ffde7570000 - 0x00007ffde766c000 	C:\Windows\System32\ucrtbase.dll
0x00007ffdd1a30000 - 0x00007ffdd1ca9000 	C:\Windows\WinSxS\amd64_microsoft.windows.common-controls_6595b64144ccf1df_6.0.17763.134_none_05b3373a07211a5c\COMCTL32.dll
0x00007ffdd7650000 - 0x00007ffdd765a000 	C:\Windows\SYSTEM32\VERSION.dll
0x00007ffde85e0000 - 0x00007ffde890d000 	C:\Windows\System32\combase.dll
0x00007ffde7050000 - 0x00007ffde70ce000 	C:\Windows\System32\bcryptPrimitives.dll
0x00007ffdea9b0000 - 0x00007ffdea9de000 	C:\Windows\System32\IMM32.DLL
0x00007ffde2ae0000 - 0x00007ffde2af6000 	C:\Program Files\Java\jdk-11\bin\vcruntime140.dll
0x00007ffdb79a0000 - 0x00007ffdb7a4a000 	C:\Program Files\Java\jdk-11\bin\msvcp140.dll
0x00007ffd87f10000 - 0x00007ffd88a52000 	C:\Program Files\Java\jdk-11\bin\server\jvm.dll
0x00007ffdea9a0000 - 0x00007ffdea9a8000 	C:\Windows\System32\PSAPI.DLL
0x00007ffde4830000 - 0x00007ffde4854000 	C:\Windows\SYSTEM32\WINMM.dll
0x00007ffdd14e0000 - 0x00007ffdd14e9000 	C:\Windows\SYSTEM32\WSOCK32.dll
0x00007ffdea410000 - 0x00007ffdea47d000 	C:\Windows\System32\WS2_32.dll
0x00007ffde4800000 - 0x00007ffde482d000 	C:\Windows\SYSTEM32\WINMMBASE.dll
0x00007ffde7dc0000 - 0x00007ffde7e0a000 	C:\Windows\System32\cfgmgr32.dll
0x00007ffde6c90000 - 0x00007ffde6ca1000 	C:\Windows\System32\kernel.appcore.dll
0x00007ffde2020000 - 0x00007ffde2031000 	C:\Program Files\Java\jdk-11\bin\verify.dll
0x00007ffde2150000 - 0x00007ffde233d000 	C:\Windows\SYSTEM32\DBGHELP.DLL
0x00007ffdd2f90000 - 0x00007ffdd2fba000 	C:\Windows\SYSTEM32\dbgcore.DLL
0x00007ffdbd110000 - 0x00007ffdbd139000 	C:\Program Files\Java\jdk-11\bin\java.dll
0x00007ffdd4b00000 - 0x00007ffdd4b2f000 	C:\Program Files\Java\jdk-11\bin\instrument.dll
0x00007ffde2000000 - 0x00007ffde2016000 	C:\Program Files\Java\jdk-11\bin\zip.dll
0x00007ffde2ad0000 - 0x00007ffde2ada000 	C:\Program Files\Java\jdk-11\bin\jimage.dll
0x00007ffde8d00000 - 0x00007ffdea1ef000 	C:\Windows\System32\SHELL32.dll
0x00007ffdea1f0000 - 0x00007ffdea298000 	C:\Windows\System32\shcore.dll
0x00007ffde7670000 - 0x00007ffde7db8000 	C:\Windows\System32\windows.storage.dll
0x00007ffde6c60000 - 0x00007ffde6c84000 	C:\Windows\System32\profapi.dll
0x00007ffde6be0000 - 0x00007ffde6c3d000 	C:\Windows\System32\powrprof.dll
0x00007ffde8320000 - 0x00007ffde8372000 	C:\Windows\System32\shlwapi.dll
0x00007ffde6ce0000 - 0x00007ffde6cf7000 	C:\Windows\System32\cryptsp.dll
0x00007ffdcbb60000 - 0x00007ffdcbb79000 	C:\Program Files\Java\jdk-11\bin\net.dll
0x00007ffddfb70000 - 0x00007ffddfc61000 	C:\Windows\SYSTEM32\WINHTTP.dll
0x00007ffde6470000 - 0x00007ffde64d7000 	C:\Windows\system32\mswsock.dll
0x00007ffdc57d0000 - 0x00007ffdc57e3000 	C:\Program Files\Java\jdk-11\bin\nio.dll
0x00007ffdde170000 - 0x00007ffdde18a000 	C:\Program Files\JetBrains\IntelliJ IDEA 2018.3.4\bin\breakgen64.dll
0x00007ffd9e3e0000 - 0x00007ffd9e57f000 	C:\Program Files\Java\jdk-11\bin\awt.dll
0x00007ffde8a80000 - 0x00007ffde8b4b000 	C:\Windows\System32\OLEAUT32.dll
0x00007ffde3df0000 - 0x00007ffde43ae000 	C:\Windows\SYSTEM32\d2d1.dll
0x00007ffde4eb0000 - 0x00007ffde4f3c000 	C:\Windows\SYSTEM32\apphelp.dll
0x00007ffde5060000 - 0x00007ffde50fc000 	C:\Windows\system32\uxtheme.dll
0x00007ffdea2a0000 - 0x00007ffdea40a000 	C:\Windows\System32\MSCTF.dll
0x00007ffde52e0000 - 0x00007ffde530e000 	C:\Windows\system32\dwmapi.dll
0x00007ffde7330000 - 0x00007ffde750b000 	C:\Windows\System32\CRYPT32.dll
0x00007ffde6c40000 - 0x00007ffde6c52000 	C:\Windows\System32\MSASN1.dll
0x00007ffde80f0000 - 0x00007ffde8245000 	C:\Windows\System32\ole32.dll
0x000002a1d2cc0000 - 0x000002a1d2cc3000 	C:\Program Files\Java\jdk-11\bin\api-ms-win-core-console-l1-1-0.dll
0x000002a1d2cd0000 - 0x000002a1d2cd3000 	C:\Program Files\Java\jdk-11\bin\api-ms-win-core-datetime-l1-1-0.dll
0x000002a1f6d20000 - 0x000002a1f6d23000 	C:\Program Files\Java\jdk-11\bin\api-ms-win-core-debug-l1-1-0.dll
0x000002a1f6d30000 - 0x000002a1f6d33000 	C:\Program Files\Java\jdk-11\bin\api-ms-win-core-errorhandling-l1-1-0.dll
0x000002a1f6d40000 - 0x000002a1f6d44000 	C:\Program Files\Java\jdk-11\bin\api-ms-win-core-file-l1-1-0.dll
0x000002a1f6d50000 - 0x000002a1f6d53000 	C:\Program Files\Java\jdk-11\bin\api-ms-win-core-file-l1-2-0.dll
0x000002a1f6d60000 - 0x000002a1f6d63000 	C:\Program Files\Java\jdk-11\bin\api-ms-win-core-file-l2-1-0.dll
0x000002a1f6d70000 - 0x000002a1f6d73000 	C:\Program Files\Java\jdk-11\bin\api-ms-win-core-handle-l1-1-0.dll
0x000002a1f6d80000 - 0x000002a1f6d83000 	C:\Program Files\Java\jdk-11\bin\api-ms-win-core-heap-l1-1-0.dll
0x000002a1f6d90000 - 0x000002a1f6d93000 	C:\Program Files\Java\jdk-11\bin\api-ms-win-core-interlocked-l1-1-0.dll
0x000002a1f6da0000 - 0x000002a1f6da3000 	C:\Program Files\Java\jdk-11\bin\api-ms-win-core-libraryloader-l1-1-0.dll
0x000002a1f6db0000 - 0x000002a1f6db3000 	C:\Program Files\Java\jdk-11\bin\api-ms-win-core-localization-l1-2-0.dll
0x000002a1f6dc0000 - 0x000002a1f6dc3000 	C:\Program Files\Java\jdk-11\bin\api-ms-win-core-memory-l1-1-0.dll
0x000002a1f6dd0000 - 0x000002a1f6dd3000 	C:\Program Files\Java\jdk-11\bin\api-ms-win-core-namedpipe-l1-1-0.dll
0x000002a1f6de0000 - 0x000002a1f6de3000 	C:\Program Files\Java\jdk-11\bin\api-ms-win-core-processenvironment-l1-1-0.dll
0x000002a1f6df0000 - 0x000002a1f6df3000 	C:\Program Files\Java\jdk-11\bin\api-ms-win-core-processthreads-l1-1-0.dll
0x000002a1f6e00000 - 0x000002a1f6e03000 	C:\Program Files\Java\jdk-11\bin\api-ms-win-core-processthreads-l1-1-1.dll
0x000002a1f6e10000 - 0x000002a1f6e13000 	C:\Program Files\Java\jdk-11\bin\api-ms-win-core-profile-l1-1-0.dll
0x000002a1f6e20000 - 0x000002a1f6e23000 	C:\Program Files\Java\jdk-11\bin\api-ms-win-core-rtlsupport-l1-1-0.dll
0x000002a1f6e30000 - 0x000002a1f6e33000 	C:\Program Files\Java\jdk-11\bin\api-ms-win-core-string-l1-1-0.dll
0x000002a1f6e40000 - 0x000002a1f6e43000 	C:\Program Files\Java\jdk-11\bin\api-ms-win-core-synch-l1-1-0.dll
0x000002a1f6e50000 - 0x000002a1f6e53000 	C:\Program Files\Java\jdk-11\bin\api-ms-win-core-synch-l1-2-0.dll
0x000002a1f6e60000 - 0x000002a1f6e63000 	C:\Program Files\Java\jdk-11\bin\api-ms-win-core-sysinfo-l1-1-0.dll
0x000002a1f6e70000 - 0x000002a1f6e73000 	C:\Program Files\Java\jdk-11\bin\api-ms-win-core-timezone-l1-1-0.dll
0x000002a1f6e80000 - 0x000002a1f6e83000 	C:\Program Files\Java\jdk-11\bin\api-ms-win-core-util-l1-1-0.dll
0x000002a1f6e90000 - 0x000002a1f6e93000 	C:\Program Files\Java\jdk-11\bin\api-ms-win-crt-conio-l1-1-0.dll
0x000002a1f6ea0000 - 0x000002a1f6ea4000 	C:\Program Files\Java\jdk-11\bin\api-ms-win-crt-convert-l1-1-0.dll
0x000002a1f8a90000 - 0x000002a1f8a93000 	C:\Program Files\Java\jdk-11\bin\api-ms-win-crt-environment-l1-1-0.dll
0x000002a1f8aa0000 - 0x000002a1f8aa3000 	C:\Program Files\Java\jdk-11\bin\api-ms-win-crt-filesystem-l1-1-0.dll
0x000002a1f8ab0000 - 0x000002a1f8ab3000 	C:\Program Files\Java\jdk-11\bin\api-ms-win-crt-heap-l1-1-0.dll
0x000002a1f8ac0000 - 0x000002a1f8ac3000 	C:\Program Files\Java\jdk-11\bin\api-ms-win-crt-locale-l1-1-0.dll
0x000002a1f8ad0000 - 0x000002a1f8ad5000 	C:\Program Files\Java\jdk-11\bin\api-ms-win-crt-math-l1-1-0.dll
0x000002a1f8ae0000 - 0x000002a1f8ae5000 	C:\Program Files\Java\jdk-11\bin\api-ms-win-crt-multibyte-l1-1-0.dll
0x000002a1f8af0000 - 0x000002a1f8b00000 	C:\Program Files\Java\jdk-11\bin\api-ms-win-crt-private-l1-1-0.dll
0x000002a1f8b00000 - 0x000002a1f8b03000 	C:\Program Files\Java\jdk-11\bin\api-ms-win-crt-process-l1-1-0.dll
0x000002a1f8b10000 - 0x000002a1f8b14000 	C:\Program Files\Java\jdk-11\bin\api-ms-win-crt-runtime-l1-1-0.dll
0x000002a1f8b20000 - 0x000002a1f8b24000 	C:\Program Files\Java\jdk-11\bin\api-ms-win-crt-stdio-l1-1-0.dll
0x000002a1f8b30000 - 0x000002a1f8b34000 	C:\Program Files\Java\jdk-11\bin\api-ms-win-crt-string-l1-1-0.dll
0x000002a1f8b40000 - 0x000002a1f8b43000 	C:\Program Files\Java\jdk-11\bin\api-ms-win-crt-time-l1-1-0.dll
0x000002a1f8b50000 - 0x000002a1f8b53000 	C:\Program Files\Java\jdk-11\bin\api-ms-win-crt-utility-l1-1-0.dll
0x00007ffdb2f20000 - 0x00007ffdb301a000 	C:\Program Files\Java\jdk-11\bin\ucrtbase.dll
0x00007ffdbef10000 - 0x00007ffdbef61000 	C:\Program Files\Java\jdk-11\bin\concrt140.dll
0x00007ffdbeb50000 - 0x00007ffdbeb73000 	C:\Program Files\Java\jdk-11\bin\prism_d3d.dll
0x00007ffdb59a0000 - 0x00007ffdb5b3e000 	C:\Windows\system32\d3d9.dll
0x00007ffde6cb0000 - 0x00007ffde6cd6000 	C:\Windows\System32\bcrypt.dll
0x00007ffdb9450000 - 0x00007ffdb9495000 	C:\Program Files\Java\jdk-11\bin\glass.dll
0x00007ffde84b0000 - 0x00007ffde85d7000 	C:\Windows\System32\COMDLG32.dll
0x00007ffde6030000 - 0x00007ffde6063000 	C:\Windows\system32\rsaenh.dll
0x00007ffde6b10000 - 0x00007ffde6b38000 	C:\Windows\SYSTEM32\USERENV.dll
0x00007ffde6640000 - 0x00007ffde664c000 	C:\Windows\SYSTEM32\CRYPTBASE.dll
0x00007ffde61d0000 - 0x00007ffde620d000 	C:\Windows\SYSTEM32\IPHLPAPI.DLL
0x00007ffde8310000 - 0x00007ffde8318000 	C:\Windows\System32\NSI.dll
0x00007ffddf860000 - 0x00007ffddf876000 	C:\Windows\SYSTEM32\dhcpcsvc6.DLL
0x00007ffddfac0000 - 0x00007ffddfadc000 	C:\Windows\SYSTEM32\dhcpcsvc.DLL
0x00007ffde6210000 - 0x00007ffde62d6000 	C:\Windows\SYSTEM32\DNSAPI.dll
0x00007ffdbeaa0000 - 0x00007ffdbeacd000 	C:\Program Files\Java\jdk-11\bin\javajpeg.dll
0x00007ffdb74f0000 - 0x00007ffdb7570000 	C:\Program Files\Java\jdk-11\bin\freetype.dll
0x00007ffdb8850000 - 0x00007ffdb88bf000 	C:\Program Files\Java\jdk-11\bin\fontmanager.dll
0x00007ffdb1270000 - 0x00007ffdb1313000 	C:\Program Files\Java\jdk-11\bin\glib-lite.dll
0x00007ffdb0e70000 - 0x00007ffdb0f4e000 	C:\Program Files\Java\jdk-11\bin\gstreamer-lite.dll
0x00007ffdb19c0000 - 0x00007ffdb1a56000 	C:\Windows\SYSTEM32\DSOUND.dll
0x00007ffdbea70000 - 0x00007ffdbea96000 	C:\Program Files\Java\jdk-11\bin\jfxmedia.dll
0x00007ffde8910000 - 0x00007ffde89b2000 	C:\Windows\System32\clbcatq.dll
0x00007ffde3610000 - 0x00007ffde37b8000 	C:\Windows\system32\propsys.dll
0x00007ffdbdf20000 - 0x00007ffdbdf42000 	C:\Program Files\Java\jdk-11\bin\fxplugins.dll
0x00007ffdddf90000 - 0x00007ffdde000000 	C:\Windows\System32\MMDevApi.dll
0x00007ffde69f0000 - 0x00007ffde6a19000 	C:\Windows\System32\DEVOBJ.dll
0x00007ffdd9780000 - 0x00007ffdd98c8000 	C:\Windows\SYSTEM32\AUDIOSES.DLL
0x00007ffde27e0000 - 0x00007ffde2933000 	C:\Windows\SYSTEM32\wintypes.dll
0x00007ffde1810000 - 0x00007ffde181a000 	C:\Windows\SYSTEM32\AVRT.dll

dbghelp: loaded successfully - version: 4.0.5 - missing functions: none
symbol engine: initialized successfully - sym options: 0x614 - pdb path: .;C:\Program Files\Java\jdk-11\bin;C:\Windows\SYSTEM32;C:\Windows\WinSxS\amd64_microsoft.windows.common-controls_6595b64144ccf1df_6.0.17763.134_none_05b3373a07211a5c;C:\Program Files\Java\jdk-11\bin\server;C:\Program Files\JetBrains\IntelliJ IDEA 2018.3.4\bin;C:\Windows\System32\DriverStore\FileRepository\igdlh64.inf_amd64_463164d40c3d26ce;C:\Windows\System32\DriverStore\FileRepository\nvam.inf_amd64_c3cc1021ffb32d41

VM Arguments:
jvm_args: -javaagent:C:\Program Files\JetBrains\IntelliJ IDEA 2018.3.4\lib\idea_rt.jar=5359:C:\Program Files\JetBrains\IntelliJ IDEA 2018.3.4\bin -Dfile.encoding=UTF-8 
java_command: ir.farzinnasiri.Client.ClientMain
java_class_path (initial): D:\github\Chicken Invaders-Down of the new world\out\production\Chicken Invaders-Down of the new world;D:\github\Chicken Invaders-Down of the new world\lib\json-20180813.jar;D:\github\Chicken Invaders-Down of the new world\lib\javafx-swt.jar;D:\github\Chicken Invaders-Down of the new world\lib\javafx.base.jar;D:\github\Chicken Invaders-Down of the new world\lib\javafx.controls.jar;D:\github\Chicken Invaders-Down of the new world\lib\javafx.fxml.jar;D:\github\Chicken Invaders-Down of the new world\lib\javafx.graphics.jar;D:\github\Chicken Invaders-Down of the new world\lib\javafx.swing.jar;D:\github\Chicken Invaders-Down of the new world\lib\javafx.media.jar;D:\github\Chicken Invaders-Down of the new world\lib\javafx.web.jar;D:\github\Chicken Invaders-Down of the new world\lib\gson-2.8.5.jar
Launcher Type: SUN_STANDARD

[Global flags]
     intx CICompilerCount                          = 3                                         {product} {ergonomic}
     uint ConcGCThreads                            = 1                                         {product} {ergonomic}
     uint G1ConcRefinementThreads                  = 4                                         {product} {ergonomic}
   size_t G1HeapRegionSize                         = 1048576                                   {product} {ergonomic}
    uintx GCDrainStackTargetSize                   = 64                                        {product} {ergonomic}
   size_t InitialHeapSize                          = 201326592                                 {product} {ergonomic}
   size_t MarkStackSize                            = 4194304                                   {product} {ergonomic}
   size_t MaxHeapSize                              = 3191865344                                {product} {ergonomic}
   size_t MaxNewSize                               = 1914699776                                {product} {ergonomic}
   size_t MinHeapDeltaBytes                        = 1048576                                   {product} {ergonomic}
    uintx NonNMethodCodeHeapSize                   = 5830092                                {pd product} {ergonomic}
    uintx NonProfiledCodeHeapSize                  = 122914074                              {pd product} {ergonomic}
    uintx ProfiledCodeHeapSize                     = 122914074                              {pd product} {ergonomic}
    uintx ReservedCodeCacheSize                    = 251658240                              {pd product} {ergonomic}
     bool SegmentedCodeCache                       = true                                      {product} {ergonomic}
     bool UseCompressedClassPointers               = true                                 {lp64_product} {ergonomic}
     bool UseCompressedOops                        = true                                 {lp64_product} {ergonomic}
     bool UseG1GC                                  = true                                      {product} {ergonomic}
     bool UseLargePagesIndividualAllocation        = false                                  {pd product} {ergonomic}

Logging:
Log output configuration:
 #0: stdout all=warning uptime,level,tags
 #1: stderr all=off uptime,level,tags

Environment Variables:
PATH=C:\Program Files (x86)\Python37-32\Scripts\;C:\Program Files (x86)\Python37-32\;C:\Program Files\Python37\Scripts\;C:\Program Files\Python37\;C:\Program Files (x86)\Intel\iCLS Client\;C:\Program Files\Intel\iCLS Client\;C:\Windows\system32;C:\Windows;C:\Windows\System32\Wbem;C:\Windows\System32\WindowsPowerShell\v1.0\;C:\Windows\System32\OpenSSH\;C:\Program Files (x86)\NVIDIA Corporation\PhysX\Common;C:\Program Files (x86)\Intel\Intel(R) Management Engine Components\DAL;C:\Program Files\Intel\Intel(R) Management Engine Components\DAL;C:\Program Files (x86)\Intel\Intel(R) Management Engine Components\IPT;C:\Program Files\Intel\Intel(R) Management Engine Components\IPT;C:\Users\farzi\AppData\Local\Programs\Python\Python37;C:\Program Files\Java\jdk-11\bin;C:\Users\farzi\AppData\Local\Microsoft\WindowsApps;C:\Users\farzi\AppData\Local\GitHubDesktop\bin;C:\Program Files\JetBrains\WebStorm 2018.3.3\bin;;C:\Program Files\JetBrains\IntelliJ IDEA 2018.3.4\bin;
USERNAME=farzi
OS=Windows_NT
PROCESSOR_IDENTIFIER=Intel64 Family 6 Model 142 Stepping 9, GenuineIntel



---------------  S Y S T E M  ---------------

OS: Windows 10 , 64 bit Build 17763 (10.0.17763.1)

CPU:total 4 (initial active 4) (2 cores per cpu, 2 threads per core) family 6 model 142 stepping 9, cmov, cx8, fxsr, mmx, sse, sse2, sse3, ssse3, sse4.1, sse4.2, popcnt, avx, avx2, aes, clmul, erms, 3dnowpref, lzcnt, ht, tsc, tscinvbit, bmi1, bmi2, adx, fma

Memory: 4k page, system-wide physical 12169M (6066M free)
TotalPageFile size 14025M (AvailPageFile size 6575M)
current process WorkingSet (physical memory assigned to process): 307M, peak: 328M
current process commit charge ("private bytes"): 347M, peak: 376M

vm_info: Java HotSpot(TM) 64-Bit Server VM (11+28) for windows-amd64 JRE (11+28), built on Aug 23 2018 03:03:59 by "mach5one" with MS VC++ 15.5 (VS2017)

END.
