#
# A fatal error has been detected by the Java Runtime Environment:
#
#  EXCEPTION_ACCESS_VIOLATION (0xc0000005) at pc=0x00007ff844504f3f, pid=9600, tid=9004
#
# JRE version: Java(TM) SE Runtime Environment (11.0+28) (build 11+28)
# Java VM: Java HotSpot(TM) 64-Bit Server VM (11+28, mixed mode, tiered, compressed oops, g1 gc, windows-amd64)
# Problematic frame:
# C  [freetype.dll+0x44f3f]
#
# No core dump will be written. Minidumps are not enabled by default on client versions of Windows
#
# If you would like to submit a bug report, please visit:
#   http://bugreport.java.com/bugreport/crash.jsp
# The crash happened outside the Java Virtual Machine in native code.
# See problematic frame for where to report the bug.
#

---------------  S U M M A R Y ------------

Command Line: -javaagent:C:\Program Files\JetBrains\IntelliJ IDEA 2018.3.4\lib\idea_rt.jar=2607:C:\Program Files\JetBrains\IntelliJ IDEA 2018.3.4\bin -Dfile.encoding=UTF-8 ir.farzinnasiri.Client.ClientMain

Host: Intel(R) Core(TM) i5-7200U CPU @ 2.50GHz, 4 cores, 11G,  Windows 10 , 64 bit Build 17763 (10.0.17763.1)
Time: Tue Jul 30 14:33:53 2019 Iran Daylight Time elapsed time: 7 seconds (0d 0h 0m 7s)

---------------  T H R E A D  ---------------

Current thread (0x000001e7ab4e5000):  JavaThread "Client Thread" [_thread_in_native, id=9004, stack(0x0000008ca4100000,0x0000008ca4200000)]

Stack: [0x0000008ca4100000,0x0000008ca4200000],  sp=0x0000008ca41fe600,  free space=1017k
Native frames: (J=compiled Java code, j=interpreted, Vv=VM code, C=native code)
C  [freetype.dll+0x44f3f]

Java frames: (J=compiled Java code, j=interpreted, Vv=VM code)
j  sun.font.FreetypeFontScaler.getGlyphImageNative(Lsun/font/Font2D;JJI)J+0 java.desktop@11
j  sun.font.FreetypeFontScaler.getGlyphImage(JI)J+26 java.desktop@11
j  sun.font.FileFont.getGlyphImage(JI)J+6 java.desktop@11
j  sun.font.FileFontStrike.getGlyphImagePtrs([I[JI)V+86 java.desktop@11
j  sun.font.GlyphList.mapChars(Lsun/java2d/loops/FontInfo;I)Z+37 java.desktop@11
j  sun.font.GlyphList.setFromString(Lsun/java2d/loops/FontInfo;Ljava/lang/String;FF)Z+71 java.desktop@11
j  sun.java2d.pipe.GlyphListPipe.drawString(Lsun/java2d/SunGraphics2D;Ljava/lang/String;DD)V+146 java.desktop@11
j  sun.java2d.SunGraphics2D.drawString(Ljava/lang/String;II)V+68 java.desktop@11
j  ir.farzinnasiri.Client.menus.splashScreen.SplashScreen.draw(Ljava/awt/Graphics2D;)V+157
j  ir.farzinnasiri.Client.stateMachine.StateMachine.draw(Ljava/awt/Graphics2D;)V+12
j  ir.farzinnasiri.Client.Client.render(Ljava/awt/image/BufferStrategy;)V+22
j  ir.farzinnasiri.Client.Client.run()V+81
j  java.lang.Thread.run()V+11 java.base@11
v  ~StubRoutines::call_stub

siginfo: EXCEPTION_ACCESS_VIOLATION (0xc0000005), reading address 0x00000000000000e0


Register to memory mapping:

RIP=0x00007ff844504f3f freetype.dll
RAX=0x0000008ca41fe630 is pointing into the stack for thread: 0x000001e7ab4e5000
RBX=0x0000008ca41fe840 is pointing into the stack for thread: 0x000001e7ab4e5000
RCX=0x000001e7ab98d760 points into unknown readable memory
RDX=0x0 is NULL
RSP=0x0000008ca41fe600 is pointing into the stack for thread: 0x000001e7ab4e5000
RBP=0x000001e7b0921150 points into unknown readable memory
RSI=0x0000000000000066 is an unknown value
RDI=0x000001e7ab98d760 points into unknown readable memory
R8 =0x0000000000000066 is an unknown value
R9 =0x0000008ca41fe688 is pointing into the stack for thread: 0x000001e7ab4e5000
R10=0x0 is NULL
R11=0x000001e7ab6e7500 points into unknown readable memory
R12=0x0000000000000066 is an unknown value
R13=0x0 is NULL
R14=0x0000000000036e4c is an unknown value
R15=0x000001e7ab4ad850 points into unknown readable memory


Registers:
RAX=0x0000008ca41fe630, RBX=0x0000008ca41fe840, RCX=0x000001e7ab98d760, RDX=0x0000000000000000
RSP=0x0000008ca41fe600, RBP=0x000001e7b0921150, RSI=0x0000000000000066, RDI=0x000001e7ab98d760
R8 =0x0000000000000066, R9 =0x0000008ca41fe688, R10=0x0000000000000000, R11=0x000001e7ab6e7500
R12=0x0000000000000066, R13=0x0000000000000000, R14=0x0000000000036e4c, R15=0x000001e7ab4ad850
RIP=0x00007ff844504f3f, EFLAGS=0x0000000000010246

Top of Stack: (sp=0x0000008ca41fe600)
0x0000008ca41fe600:   000001e7b0921150 000001e7b119b190
0x0000008ca41fe610:   0000000000000000 0000000000000010
0x0000008ca41fe620:   0000008ca41fe630 0000000000000010
0x0000008ca41fe630:   000001e7b0920000 00007ff844502a92
0x0000008ca41fe640:   000001e7ab98d760 0000000000000000
0x0000008ca41fe650:   00000000000350e0 0000008ca41fe770
0x0000008ca41fe660:   0000008ca41fe840 00007ff844504622
0x0000008ca41fe670:   0000008ca41f0000 00000000000350e0
0x0000008ca41fe680:   0000000000000000 0000000000000000
0x0000008ca41fe690:   409c137ff0600000 0000000000000000
0x0000008ca41fe6a0:   0000000100000000 00049ba64dac3a50
0x0000008ca41fe6b0:   0000000000049ba6 000000074c15c0e0
0x0000008ca41fe6c0:   000000074d934268 00007ff84450d60a
0x0000008ca41fe6d0:   000001e7aaf74dd0 000001e7859371f0
0x0000008ca41fe6e0:   000000000000001f 0000000000000001
0x0000008ca41fe6f0:   0000000000000000 0000000000000000 

Instructions: (pc=0x00007ff844504f3f)
0x00007ff844504f1f:   02 00 00 4c 8d 8c 24 88 00 00 00 44 8b f0 44 8b
0x00007ff844504f2f:   c6 48 8d 44 24 30 33 d2 48 8b cf 48 89 44 24 20
0x00007ff844504f3f:   41 ff 92 e0 00 00 00 80 bf 90 01 00 00 00 8b 4b
0x00007ff844504f4f:   44 74 2d 4c 8b 97 d0 02 00 00 48 8d 84 24 80 00 



---------------  P R O C E S S  ---------------

Threads class SMR info:
_java_thread_list=0x000001e7b119ac80, length=37, elements={
0x000001e7a83bb000, 0x000001e7a83be000, 0x000001e7a8c48800, 0x000001e7a8c4c000,
0x000001e7a8c4f000, 0x000001e7a8bf7800, 0x000001e7a8bfe800, 0x000001e7a8370800,
0x000001e7a8ed2000, 0x000001e7a8ed3000, 0x000001e7a92ab800, 0x000001e7a9775800,
0x000001e7a985f800, 0x000001e7a93ed800, 0x000001e7ab4f4800, 0x000001e7ab282800,
0x000001e7ab280000, 0x000001e7ab281000, 0x000001e7ab4d9000, 0x000001e7ab4db800,
0x000001e7ab4d8000, 0x000001e7ab4d7800, 0x000001e7ab4de800, 0x000001e7ab4df800,
0x000001e7ab4da000, 0x000001e7ab4e0800, 0x000001e7ab4e2000, 0x000001e7ab4da800,
0x000001e7ab4e1000, 0x000001e7ab4de000, 0x000001e7ab4e3000, 0x000001e7ab4e3800,
0x000001e7ab4dd000, 0x000001e7ab4dc000, 0x000001e7ab4e4800, 0x000001e7ab4e5000,
0x000001e7ab4e6000
}

Java Threads: ( => current thread )
  0x000001e7a83bb000 JavaThread "Reference Handler" daemon [_thread_blocked, id=3464, stack(0x0000008c9cb00000,0x0000008c9cc00000)]
  0x000001e7a83be000 JavaThread "Finalizer" daemon [_thread_blocked, id=6500, stack(0x0000008c9cc00000,0x0000008c9cd00000)]
  0x000001e7a8c48800 JavaThread "Signal Dispatcher" daemon [_thread_blocked, id=10228, stack(0x0000008c9cd00000,0x0000008c9ce00000)]
  0x000001e7a8c4c000 JavaThread "Attach Listener" daemon [_thread_blocked, id=3480, stack(0x0000008c9ce00000,0x0000008c9cf00000)]
  0x000001e7a8c4f000 JavaThread "C2 CompilerThread0" daemon [_thread_blocked, id=10996, stack(0x0000008c9cf00000,0x0000008c9d000000)]
  0x000001e7a8bf7800 JavaThread "C1 CompilerThread0" daemon [_thread_blocked, id=5528, stack(0x0000008c9d000000,0x0000008c9d100000)]
  0x000001e7a8bfe800 JavaThread "Sweeper thread" daemon [_thread_blocked, id=9764, stack(0x0000008c9d100000,0x0000008c9d200000)]
  0x000001e7a8370800 JavaThread "Common-Cleaner" daemon [_thread_blocked, id=10716, stack(0x0000008c9d200000,0x0000008c9d300000)]
  0x000001e7a8ed2000 JavaThread "Monitor Ctrl-Break" daemon [_thread_in_native, id=10648, stack(0x0000008c9d300000,0x0000008c9d400000)]
  0x000001e7a8ed3000 JavaThread "Service Thread" daemon [_thread_blocked, id=10500, stack(0x0000008c9d400000,0x0000008c9d500000)]
  0x000001e7a92ab800 JavaThread "Java2D Disposer" daemon [_thread_blocked, id=10704, stack(0x0000008c9d600000,0x0000008c9d700000)]
  0x000001e7a9775800 JavaThread "InvokeLaterDispatcher" daemon [_thread_blocked, id=11972, stack(0x0000008c9dd00000,0x0000008c9de00000)]
  0x000001e7a985f800 JavaThread "JavaFX Application Thread" [_thread_in_native, id=136, stack(0x0000008c9de00000,0x0000008c9df00000)]
  0x000001e7a93ed800 JavaThread "Thread-2" daemon [_thread_in_native, id=5668, stack(0x0000008c9da00000,0x0000008c9db00000)]
  0x000001e7ab4f4800 JavaThread "JFXMedia Player EventQueueThread" daemon [_thread_blocked, id=872, stack(0x0000008c9e600000,0x0000008c9e700000)]
  0x000001e7ab282800 JavaThread "Media Resource Disposer" daemon [_thread_blocked, id=8052, stack(0x0000008c9eb00000,0x0000008c9ec00000)]
  0x000001e7ab280000 JavaThread "JFXMedia Player EventQueueThread" daemon [_thread_blocked, id=9304, stack(0x0000008c9ec00000,0x0000008c9ed00000)]
  0x000001e7ab281000 JavaThread "JFXMedia Player EventQueueThread" daemon [_thread_blocked, id=9684, stack(0x0000008c9f200000,0x0000008c9f300000)]
  0x000001e7ab4d9000 JavaThread "JFXMedia Player EventQueueThread" daemon [_thread_blocked, id=1924, stack(0x0000008c9f600000,0x0000008c9f700000)]
  0x000001e7ab4db800 JavaThread "JFXMedia Player EventQueueThread" daemon [_thread_blocked, id=2700, stack(0x0000008c9fb00000,0x0000008c9fc00000)]
  0x000001e7ab4d8000 JavaThread "JFXMedia Player EventQueueThread" daemon [_thread_blocked, id=2824, stack(0x0000008c9fc00000,0x0000008c9fd00000)]
  0x000001e7ab4d7800 JavaThread "JFXMedia Player EventQueueThread" daemon [_thread_blocked, id=3428, stack(0x0000008ca0000000,0x0000008ca0100000)]
  0x000001e7ab4de800 JavaThread "JFXMedia Player EventQueueThread" daemon [_thread_blocked, id=9944, stack(0x0000008ca0900000,0x0000008ca0a00000)]
  0x000001e7ab4df800 JavaThread "JFXMedia Player EventQueueThread" daemon [_thread_blocked, id=11916, stack(0x0000008ca0f00000,0x0000008ca1000000)]
  0x000001e7ab4da000 JavaThread "JFXMedia Player EventQueueThread" daemon [_thread_blocked, id=9124, stack(0x0000008ca1300000,0x0000008ca1400000)]
  0x000001e7ab4e0800 JavaThread "JFXMedia Player EventQueueThread" daemon [_thread_blocked, id=8248, stack(0x0000008ca1500000,0x0000008ca1600000)]
  0x000001e7ab4e2000 JavaThread "JFXMedia Player EventQueueThread" daemon [_thread_blocked, id=11408, stack(0x0000008ca1c00000,0x0000008ca1d00000)]
  0x000001e7ab4da800 JavaThread "JFXMedia Player EventQueueThread" daemon [_thread_blocked, id=5608, stack(0x0000008ca2100000,0x0000008ca2200000)]
  0x000001e7ab4e1000 JavaThread "JFXMedia Player EventQueueThread" daemon [_thread_blocked, id=10008, stack(0x0000008ca2500000,0x0000008ca2600000)]
  0x000001e7ab4de000 JavaThread "JFXMedia Player EventQueueThread" daemon [_thread_blocked, id=6828, stack(0x0000008ca2900000,0x0000008ca2a00000)]
  0x000001e7ab4e3000 JavaThread "JFXMedia Player EventQueueThread" daemon [_thread_blocked, id=2688, stack(0x0000008ca2d00000,0x0000008ca2e00000)]
  0x000001e7ab4e3800 JavaThread "JFXMedia Player EventQueueThread" daemon [_thread_blocked, id=9528, stack(0x0000008ca3200000,0x0000008ca3300000)]
  0x000001e7ab4dd000 JavaThread "JFXMedia Player EventQueueThread" daemon [_thread_blocked, id=10400, stack(0x0000008ca3600000,0x0000008ca3700000)]
  0x000001e7ab4dc000 JavaThread "AWT-Shutdown" [_thread_blocked, id=11360, stack(0x0000008ca3f00000,0x0000008ca4000000)]
  0x000001e7ab4e4800 JavaThread "AWT-EventQueue-0" [_thread_blocked, id=11628, stack(0x0000008ca4000000,0x0000008ca4100000)]
=>0x000001e7ab4e5000 JavaThread "Client Thread" [_thread_in_native, id=9004, stack(0x0000008ca4100000,0x0000008ca4200000)]
  0x000001e7ab4e6000 JavaThread "DestroyJavaVM" [_thread_blocked, id=10360, stack(0x0000008c9c400000,0x0000008c9c500000)]

Other Threads:
  0x000001e7a83b3800 VMThread "VM Thread" [stack: 0x0000008c9ca00000,0x0000008c9cb00000] [id=8160] _threads_hazard_ptr=0x000001e7b119ac80
  0x000001e785aa3800 GCTaskThread "GC Thread#0" [stack: 0x0000008c9c500000,0x0000008c9c600000] [id=6552]
  0x000001e7a95aa000 GCTaskThread "GC Thread#1" [stack: 0x0000008c9e200000,0x0000008c9e300000] [id=10024]
  0x000001e7a95bb000 GCTaskThread "GC Thread#2" [stack: 0x0000008c9e300000,0x0000008c9e400000] [id=4840]
  0x000001e7a95ea800 GCTaskThread "GC Thread#3" [stack: 0x0000008c9e400000,0x0000008c9e500000] [id=5356]
  0x000001e785aea000 ConcurrentGCThread "G1 Main Marker" [stack: 0x0000008c9c600000,0x0000008c9c700000] [id=10052]
  0x000001e785aeb800 ConcurrentGCThread "G1 Conc#0" [stack: 0x0000008c9c700000,0x0000008c9c800000] [id=10776]
  0x000001e785b5e000 ConcurrentGCThread "G1 Refine#0" [stack: 0x0000008c9c800000,0x0000008c9c900000] [id=11080]
  0x000001e7a821d800 ConcurrentGCThread "G1 Young RemSet Sampling" [stack: 0x0000008c9c900000,0x0000008c9ca00000] [id=5372]

Threads with active compile tasks:

VM state:at safepoint (normal execution)

VM Mutex/Monitor currently owned by a thread:  ([mutex/lock_event])
[0x000001e785a8a780] Threads_lock - owner thread: 0x000001e7a83b3800

Heap address: 0x0000000741c00000, size: 3044 MB, Compressed Oops mode: Zero based, Oop shift amount: 3
Narrow klass base: 0x0000000800000000, Narrow klass shift: 0
Compressed class space size: 1073741824 Address: 0x0000000800000000

Heap:
 garbage-first heap   total 196608K, used 85553K [0x0000000741c00000, 0x0000000800000000)
  region size 1024K, 5 young (5120K), 1 survivors (1024K)
 Metaspace       used 21854K, capacity 22433K, committed 22780K, reserved 1069056K
  class space    used 2321K, capacity 2614K, committed 2688K, reserved 1048576K
Heap Regions: E=young(eden), S=young(survivor), O=old, HS=humongous(starts), HC=humongous(continues), CS=collection set, F=free, A=archive, TAMS=top-at-mark-start (previous, next)
|   0|0x0000000741c00000, 0x0000000741d00000, 0x0000000741d00000|100%| O|  |TAMS 0x0000000741d00000, 0x0000000741c00000| Untracked 
|   1|0x0000000741d00000, 0x0000000741e00000, 0x0000000741e00000|100%|HS|  |TAMS 0x0000000741e00000, 0x0000000741d00000| Complete 
|   2|0x0000000741e00000, 0x0000000741f00000, 0x0000000741f00000|100%|HC|  |TAMS 0x0000000741f00000, 0x0000000741e00000| Complete 
|   3|0x0000000741f00000, 0x0000000742000000, 0x0000000742000000|100%|HS|  |TAMS 0x0000000742000000, 0x0000000741f00000| Complete 
|   4|0x0000000742000000, 0x0000000742100000, 0x0000000742100000|100%|HC|  |TAMS 0x0000000742100000, 0x0000000742000000| Complete 
|   5|0x0000000742100000, 0x0000000742200000, 0x0000000742200000|100%|HS|  |TAMS 0x0000000742200000, 0x0000000742100000| Complete 
|   6|0x0000000742200000, 0x0000000742300000, 0x0000000742300000|100%|HS|  |TAMS 0x0000000742300000, 0x0000000742200000| Complete 
|   7|0x0000000742300000, 0x0000000742400000, 0x0000000742400000|100%|HC|  |TAMS 0x0000000742400000, 0x0000000742300000| Complete 
|   8|0x0000000742400000, 0x0000000742500000, 0x0000000742500000|100%|HC|  |TAMS 0x0000000742500000, 0x0000000742400000| Complete 
|   9|0x0000000742500000, 0x0000000742600000, 0x0000000742600000|100%|HS|  |TAMS 0x0000000742600000, 0x0000000742500000| Complete 
|  10|0x0000000742600000, 0x0000000742700000, 0x0000000742700000|100%|HC|  |TAMS 0x0000000742700000, 0x0000000742600000| Complete 
|  11|0x0000000742700000, 0x0000000742800000, 0x0000000742800000|100%|HC|  |TAMS 0x0000000742800000, 0x0000000742700000| Complete 
|  12|0x0000000742800000, 0x0000000742900000, 0x0000000742900000|100%|HC|  |TAMS 0x0000000742900000, 0x0000000742800000| Complete 
|  13|0x0000000742900000, 0x0000000742a00000, 0x0000000742a00000|100%|HC|  |TAMS 0x0000000742a00000, 0x0000000742900000| Complete 
|  14|0x0000000742a00000, 0x0000000742b00000, 0x0000000742b00000|100%|HC|  |TAMS 0x0000000742b00000, 0x0000000742a00000| Complete 
|  15|0x0000000742b00000, 0x0000000742c00000, 0x0000000742c00000|100%|HS|  |TAMS 0x0000000742c00000, 0x0000000742b00000| Complete 
|  16|0x0000000742c00000, 0x0000000742d00000, 0x0000000742d00000|100%|HC|  |TAMS 0x0000000742d00000, 0x0000000742c00000| Complete 
|  17|0x0000000742d00000, 0x0000000742e00000, 0x0000000742e00000|100%|HC|  |TAMS 0x0000000742e00000, 0x0000000742d00000| Complete 
|  18|0x0000000742e00000, 0x0000000742f00000, 0x0000000742f00000|100%|HC|  |TAMS 0x0000000742f00000, 0x0000000742e00000| Complete 
|  19|0x0000000742f00000, 0x0000000743000000, 0x0000000743000000|100%|HC|  |TAMS 0x0000000743000000, 0x0000000742f00000| Complete 
|  20|0x0000000743000000, 0x0000000743100000, 0x0000000743100000|100%|HS|  |TAMS 0x0000000743100000, 0x0000000743000000| Complete 
|  21|0x0000000743100000, 0x0000000743200000, 0x0000000743200000|100%|HC|  |TAMS 0x0000000743200000, 0x0000000743100000| Complete 
|  22|0x0000000743200000, 0x0000000743300000, 0x0000000743300000|100%|HC|  |TAMS 0x0000000743300000, 0x0000000743200000| Complete 
|  23|0x0000000743300000, 0x0000000743400000, 0x0000000743400000|100%|HS|  |TAMS 0x0000000743400000, 0x0000000743300000| Complete 
|  24|0x0000000743400000, 0x0000000743500000, 0x0000000743500000|100%|HC|  |TAMS 0x0000000743500000, 0x0000000743400000| Complete 
|  25|0x0000000743500000, 0x0000000743600000, 0x0000000743600000|100%|HC|  |TAMS 0x0000000743600000, 0x0000000743500000| Complete 
|  26|0x0000000743600000, 0x0000000743700000, 0x0000000743700000|100%|HC|  |TAMS 0x0000000743700000, 0x0000000743600000| Complete 
|  27|0x0000000743700000, 0x0000000743800000, 0x0000000743800000|100%|HC|  |TAMS 0x0000000743800000, 0x0000000743700000| Complete 
|  28|0x0000000743800000, 0x0000000743900000, 0x0000000743900000|100%|HC|  |TAMS 0x0000000743900000, 0x0000000743800000| Complete 
|  29|0x0000000743900000, 0x0000000743a00000, 0x0000000743a00000|100%|HC|  |TAMS 0x0000000743a00000, 0x0000000743900000| Complete 
|  30|0x0000000743a00000, 0x0000000743b00000, 0x0000000743b00000|100%|HC|  |TAMS 0x0000000743b00000, 0x0000000743a00000| Complete 
|  31|0x0000000743b00000, 0x0000000743c00000, 0x0000000743c00000|100%|HS|  |TAMS 0x0000000743c00000, 0x0000000743b00000| Complete 
|  32|0x0000000743c00000, 0x0000000743d00000, 0x0000000743d00000|100%|HC|  |TAMS 0x0000000743d00000, 0x0000000743c00000| Complete 
|  33|0x0000000743d00000, 0x0000000743e00000, 0x0000000743e00000|100%|HC|  |TAMS 0x0000000743e00000, 0x0000000743d00000| Complete 
|  34|0x0000000743e00000, 0x0000000743f00000, 0x0000000743f00000|100%|HC|  |TAMS 0x0000000743f00000, 0x0000000743e00000| Complete 
|  35|0x0000000743f00000, 0x0000000744000000, 0x0000000744000000|100%| O|  |TAMS 0x0000000744000000, 0x0000000743f00000| Untracked 
|  36|0x0000000744000000, 0x0000000744100000, 0x0000000744100000|100%| O|  |TAMS 0x0000000744100000, 0x0000000744000000| Untracked 
|  37|0x0000000744100000, 0x0000000744200000, 0x0000000744200000|100%| O|  |TAMS 0x0000000744200000, 0x0000000744100000| Untracked 
|  38|0x0000000744200000, 0x0000000744300000, 0x0000000744300000|100%| O|  |TAMS 0x0000000744300000, 0x0000000744200000| Untracked 
|  39|0x0000000744300000, 0x0000000744400000, 0x0000000744400000|100%| O|  |TAMS 0x0000000744400000, 0x0000000744300000| Untracked 
|  40|0x0000000744400000, 0x0000000744500000, 0x0000000744500000|100%| O|  |TAMS 0x0000000744500000, 0x0000000744400000| Untracked 
|  41|0x0000000744500000, 0x0000000744600000, 0x0000000744600000|100%| O|  |TAMS 0x0000000744600000, 0x0000000744500000| Untracked 
|  42|0x0000000744600000, 0x0000000744700000, 0x0000000744700000|100%| O|  |TAMS 0x0000000744700000, 0x0000000744600000| Untracked 
|  43|0x0000000744700000, 0x0000000744800000, 0x0000000744800000|100%| O|  |TAMS 0x0000000744800000, 0x0000000744700000| Untracked 
|  44|0x0000000744800000, 0x0000000744900000, 0x0000000744900000|100%| O|  |TAMS 0x0000000744900000, 0x0000000744800000| Untracked 
|  45|0x0000000744900000, 0x0000000744a00000, 0x0000000744a00000|100%| O|  |TAMS 0x0000000744a00000, 0x0000000744900000| Untracked 
|  46|0x0000000744a00000, 0x0000000744b00000, 0x0000000744b00000|100%| O|  |TAMS 0x0000000744b00000, 0x0000000744a00000| Untracked 
|  47|0x0000000744b00000, 0x0000000744c00000, 0x0000000744c00000|100%| O|  |TAMS 0x0000000744c00000, 0x0000000744b00000| Untracked 
|  48|0x0000000744c00000, 0x0000000744d00000, 0x0000000744d00000|100%| O|  |TAMS 0x0000000744d00000, 0x0000000744c00000| Untracked 
|  49|0x0000000744d00000, 0x0000000744e00000, 0x0000000744e00000|100%| O|  |TAMS 0x0000000744e00000, 0x0000000744d00000| Untracked 
|  50|0x0000000744e00000, 0x0000000744f00000, 0x0000000744f00000|100%| O|  |TAMS 0x0000000744f00000, 0x0000000744e00000| Untracked 
|  51|0x0000000744f00000, 0x0000000745000000, 0x0000000745000000|100%| O|  |TAMS 0x0000000745000000, 0x0000000744f00000| Untracked 
|  52|0x0000000745000000, 0x0000000745100000, 0x0000000745100000|100%| O|  |TAMS 0x0000000745100000, 0x0000000745000000| Untracked 
|  53|0x0000000745100000, 0x0000000745200000, 0x0000000745200000|100%| O|  |TAMS 0x0000000745200000, 0x0000000745100000| Untracked 
|  54|0x0000000745200000, 0x0000000745300000, 0x0000000745300000|100%| O|  |TAMS 0x0000000745300000, 0x0000000745200000| Untracked 
|  55|0x0000000745300000, 0x0000000745400000, 0x0000000745400000|100%| O|  |TAMS 0x0000000745400000, 0x0000000745300000| Untracked 
|  56|0x0000000745400000, 0x0000000745500000, 0x0000000745500000|100%| O|  |TAMS 0x0000000745500000, 0x0000000745400000| Untracked 
|  57|0x0000000745500000, 0x0000000745600000, 0x0000000745600000|100%| O|  |TAMS 0x0000000745600000, 0x0000000745500000| Untracked 
|  58|0x0000000745600000, 0x00000007456ce800, 0x0000000745700000| 80%| O|  |TAMS 0x00000007456ce800, 0x0000000745600000| Untracked 
|  59|0x0000000745700000, 0x0000000745800000, 0x0000000745800000|100%|HS|  |TAMS 0x0000000745700000, 0x0000000745700000| Complete 
|  60|0x0000000745800000, 0x0000000745900000, 0x0000000745900000|100%|HC|  |TAMS 0x0000000745800000, 0x0000000745800000| Complete 
|  61|0x0000000745900000, 0x0000000745a00000, 0x0000000745a00000|100%|HC|  |TAMS 0x0000000745900000, 0x0000000745900000| Complete 
|  62|0x0000000745a00000, 0x0000000745b00000, 0x0000000745b00000|100%|HC|  |TAMS 0x0000000745a00000, 0x0000000745a00000| Complete 
|  63|0x0000000745b00000, 0x0000000745c00000, 0x0000000745c00000|100%|HC|  |TAMS 0x0000000745b00000, 0x0000000745b00000| Complete 
|  64|0x0000000745c00000, 0x0000000745d00000, 0x0000000745d00000|100%|HC|  |TAMS 0x0000000745c00000, 0x0000000745c00000| Complete 
|  65|0x0000000745d00000, 0x0000000745e00000, 0x0000000745e00000|100%|HC|  |TAMS 0x0000000745d00000, 0x0000000745d00000| Complete 
|  66|0x0000000745e00000, 0x0000000745f00000, 0x0000000745f00000|100%|HS|  |TAMS 0x0000000745e00000, 0x0000000745e00000| Complete 
|  67|0x0000000745f00000, 0x0000000746000000, 0x0000000746000000|100%|HC|  |TAMS 0x0000000745f00000, 0x0000000745f00000| Complete 
|  68|0x0000000746000000, 0x0000000746100000, 0x0000000746100000|100%|HC|  |TAMS 0x0000000746000000, 0x0000000746000000| Complete 
|  69|0x0000000746100000, 0x0000000746200000, 0x0000000746200000|100%|HC|  |TAMS 0x0000000746100000, 0x0000000746100000| Complete 
|  70|0x0000000746200000, 0x0000000746300000, 0x0000000746300000|100%|HC|  |TAMS 0x0000000746200000, 0x0000000746200000| Complete 
|  71|0x0000000746300000, 0x0000000746400000, 0x0000000746400000|100%|HC|  |TAMS 0x0000000746300000, 0x0000000746300000| Complete 
|  72|0x0000000746400000, 0x0000000746500000, 0x0000000746500000|100%|HC|  |TAMS 0x0000000746400000, 0x0000000746400000| Complete 
|  73|0x0000000746500000, 0x0000000746600000, 0x0000000746600000|100%|HS|  |TAMS 0x0000000746500000, 0x0000000746500000| Complete 
|  74|0x0000000746600000, 0x0000000746700000, 0x0000000746700000|100%|HC|  |TAMS 0x0000000746600000, 0x0000000746600000| Complete 
|  75|0x0000000746700000, 0x0000000746800000, 0x0000000746800000|100%|HC|  |TAMS 0x0000000746700000, 0x0000000746700000| Complete 
|  76|0x0000000746800000, 0x0000000746900000, 0x0000000746900000|100%|HC|  |TAMS 0x0000000746800000, 0x0000000746800000| Complete 
|  77|0x0000000746900000, 0x0000000746a00000, 0x0000000746a00000|100%|HC|  |TAMS 0x0000000746900000, 0x0000000746900000| Complete 
|  78|0x0000000746a00000, 0x0000000746b00000, 0x0000000746b00000|100%|HC|  |TAMS 0x0000000746a00000, 0x0000000746a00000| Complete 
|  79|0x0000000746b00000, 0x0000000746c00000, 0x0000000746c00000|100%|HC|  |TAMS 0x0000000746b00000, 0x0000000746b00000| Complete 
|  80|0x0000000746c00000, 0x0000000746c00000, 0x0000000746d00000|  0%| F|  |TAMS 0x0000000746c00000, 0x0000000746c00000| Untracked 
|  81|0x0000000746d00000, 0x0000000746d00000, 0x0000000746e00000|  0%| F|  |TAMS 0x0000000746d00000, 0x0000000746d00000| Untracked 
|  82|0x0000000746e00000, 0x0000000746e00000, 0x0000000746f00000|  0%| F|  |TAMS 0x0000000746e00000, 0x0000000746e00000| Untracked 
|  83|0x0000000746f00000, 0x0000000746f00000, 0x0000000747000000|  0%| F|  |TAMS 0x0000000746f00000, 0x0000000746f00000| Untracked 
|  84|0x0000000747000000, 0x0000000747000000, 0x0000000747100000|  0%| F|  |TAMS 0x0000000747000000, 0x0000000747000000| Untracked 
|  85|0x0000000747100000, 0x0000000747100000, 0x0000000747200000|  0%| F|  |TAMS 0x0000000747100000, 0x0000000747100000| Untracked 
|  86|0x0000000747200000, 0x0000000747200000, 0x0000000747300000|  0%| F|  |TAMS 0x0000000747200000, 0x0000000747200000| Untracked 
|  87|0x0000000747300000, 0x0000000747300000, 0x0000000747400000|  0%| F|  |TAMS 0x0000000747300000, 0x0000000747300000| Untracked 
|  88|0x0000000747400000, 0x0000000747400000, 0x0000000747500000|  0%| F|  |TAMS 0x0000000747400000, 0x0000000747400000| Untracked 
|  89|0x0000000747500000, 0x0000000747500000, 0x0000000747600000|  0%| F|  |TAMS 0x0000000747500000, 0x0000000747500000| Untracked 
|  90|0x0000000747600000, 0x0000000747600000, 0x0000000747700000|  0%| F|  |TAMS 0x0000000747600000, 0x0000000747600000| Untracked 
|  91|0x0000000747700000, 0x0000000747700000, 0x0000000747800000|  0%| F|  |TAMS 0x0000000747700000, 0x0000000747700000| Untracked 
|  92|0x0000000747800000, 0x0000000747800000, 0x0000000747900000|  0%| F|  |TAMS 0x0000000747800000, 0x0000000747800000| Untracked 
|  93|0x0000000747900000, 0x0000000747900000, 0x0000000747a00000|  0%| F|  |TAMS 0x0000000747900000, 0x0000000747900000| Untracked 
|  94|0x0000000747a00000, 0x0000000747a00000, 0x0000000747b00000|  0%| F|  |TAMS 0x0000000747a00000, 0x0000000747a00000| Untracked 
|  95|0x0000000747b00000, 0x0000000747b00000, 0x0000000747c00000|  0%| F|  |TAMS 0x0000000747b00000, 0x0000000747b00000| Untracked 
|  96|0x0000000747c00000, 0x0000000747c00000, 0x0000000747d00000|  0%| F|  |TAMS 0x0000000747c00000, 0x0000000747c00000| Untracked 
|  97|0x0000000747d00000, 0x0000000747d00000, 0x0000000747e00000|  0%| F|  |TAMS 0x0000000747d00000, 0x0000000747d00000| Untracked 
|  98|0x0000000747e00000, 0x0000000747e00000, 0x0000000747f00000|  0%| F|  |TAMS 0x0000000747e00000, 0x0000000747e00000| Untracked 
|  99|0x0000000747f00000, 0x0000000747f00000, 0x0000000748000000|  0%| F|  |TAMS 0x0000000747f00000, 0x0000000747f00000| Untracked 
| 100|0x0000000748000000, 0x0000000748000000, 0x0000000748100000|  0%| F|  |TAMS 0x0000000748000000, 0x0000000748000000| Untracked 
| 101|0x0000000748100000, 0x0000000748100000, 0x0000000748200000|  0%| F|  |TAMS 0x0000000748100000, 0x0000000748100000| Untracked 
| 102|0x0000000748200000, 0x0000000748200000, 0x0000000748300000|  0%| F|  |TAMS 0x0000000748200000, 0x0000000748200000| Untracked 
| 103|0x0000000748300000, 0x0000000748300000, 0x0000000748400000|  0%| F|  |TAMS 0x0000000748300000, 0x0000000748300000| Untracked 
| 104|0x0000000748400000, 0x0000000748400000, 0x0000000748500000|  0%| F|  |TAMS 0x0000000748400000, 0x0000000748400000| Untracked 
| 105|0x0000000748500000, 0x0000000748500000, 0x0000000748600000|  0%| F|  |TAMS 0x0000000748500000, 0x0000000748500000| Untracked 
| 106|0x0000000748600000, 0x0000000748600000, 0x0000000748700000|  0%| F|  |TAMS 0x0000000748600000, 0x0000000748600000| Untracked 
| 107|0x0000000748700000, 0x0000000748700000, 0x0000000748800000|  0%| F|  |TAMS 0x0000000748700000, 0x0000000748700000| Untracked 
| 108|0x0000000748800000, 0x0000000748800000, 0x0000000748900000|  0%| F|  |TAMS 0x0000000748800000, 0x0000000748800000| Untracked 
| 109|0x0000000748900000, 0x0000000748900000, 0x0000000748a00000|  0%| F|  |TAMS 0x0000000748900000, 0x0000000748900000| Untracked 
| 110|0x0000000748a00000, 0x0000000748a00000, 0x0000000748b00000|  0%| F|  |TAMS 0x0000000748a00000, 0x0000000748a00000| Untracked 
| 111|0x0000000748b00000, 0x0000000748b00000, 0x0000000748c00000|  0%| F|  |TAMS 0x0000000748b00000, 0x0000000748b00000| Untracked 
| 112|0x0000000748c00000, 0x0000000748c00000, 0x0000000748d00000|  0%| F|  |TAMS 0x0000000748c00000, 0x0000000748c00000| Untracked 
| 113|0x0000000748d00000, 0x0000000748d00000, 0x0000000748e00000|  0%| F|  |TAMS 0x0000000748d00000, 0x0000000748d00000| Untracked 
| 114|0x0000000748e00000, 0x0000000748e00000, 0x0000000748f00000|  0%| F|  |TAMS 0x0000000748e00000, 0x0000000748e00000| Untracked 
| 115|0x0000000748f00000, 0x0000000748f00000, 0x0000000749000000|  0%| F|  |TAMS 0x0000000748f00000, 0x0000000748f00000| Untracked 
| 116|0x0000000749000000, 0x0000000749000000, 0x0000000749100000|  0%| F|  |TAMS 0x0000000749000000, 0x0000000749000000| Untracked 
| 117|0x0000000749100000, 0x0000000749100000, 0x0000000749200000|  0%| F|  |TAMS 0x0000000749100000, 0x0000000749100000| Untracked 
| 118|0x0000000749200000, 0x0000000749200000, 0x0000000749300000|  0%| F|  |TAMS 0x0000000749200000, 0x0000000749200000| Untracked 
| 119|0x0000000749300000, 0x0000000749300000, 0x0000000749400000|  0%| F|  |TAMS 0x0000000749300000, 0x0000000749300000| Untracked 
| 120|0x0000000749400000, 0x0000000749400000, 0x0000000749500000|  0%| F|  |TAMS 0x0000000749400000, 0x0000000749400000| Untracked 
| 121|0x0000000749500000, 0x0000000749500000, 0x0000000749600000|  0%| F|  |TAMS 0x0000000749500000, 0x0000000749500000| Untracked 
| 122|0x0000000749600000, 0x0000000749600000, 0x0000000749700000|  0%| F|  |TAMS 0x0000000749600000, 0x0000000749600000| Untracked 
| 123|0x0000000749700000, 0x0000000749700000, 0x0000000749800000|  0%| F|  |TAMS 0x0000000749700000, 0x0000000749700000| Untracked 
| 124|0x0000000749800000, 0x0000000749800000, 0x0000000749900000|  0%| F|  |TAMS 0x0000000749800000, 0x0000000749800000| Untracked 
| 125|0x0000000749900000, 0x0000000749900000, 0x0000000749a00000|  0%| F|  |TAMS 0x0000000749900000, 0x0000000749900000| Untracked 
| 126|0x0000000749a00000, 0x0000000749a00000, 0x0000000749b00000|  0%| F|  |TAMS 0x0000000749a00000, 0x0000000749a00000| Untracked 
| 127|0x0000000749b00000, 0x0000000749b00000, 0x0000000749c00000|  0%| F|  |TAMS 0x0000000749b00000, 0x0000000749b00000| Untracked 
| 128|0x0000000749c00000, 0x0000000749c00000, 0x0000000749d00000|  0%| F|  |TAMS 0x0000000749c00000, 0x0000000749c00000| Untracked 
| 129|0x0000000749d00000, 0x0000000749d00000, 0x0000000749e00000|  0%| F|  |TAMS 0x0000000749d00000, 0x0000000749d00000| Untracked 
| 130|0x0000000749e00000, 0x0000000749e00000, 0x0000000749f00000|  0%| F|  |TAMS 0x0000000749e00000, 0x0000000749e00000| Untracked 
| 131|0x0000000749f00000, 0x0000000749f00000, 0x000000074a000000|  0%| F|  |TAMS 0x0000000749f00000, 0x0000000749f00000| Untracked 
| 132|0x000000074a000000, 0x000000074a000000, 0x000000074a100000|  0%| F|  |TAMS 0x000000074a000000, 0x000000074a000000| Untracked 
| 133|0x000000074a100000, 0x000000074a100000, 0x000000074a200000|  0%| F|  |TAMS 0x000000074a100000, 0x000000074a100000| Untracked 
| 134|0x000000074a200000, 0x000000074a200000, 0x000000074a300000|  0%| F|  |TAMS 0x000000074a200000, 0x000000074a200000| Untracked 
| 135|0x000000074a300000, 0x000000074a300000, 0x000000074a400000|  0%| F|  |TAMS 0x000000074a300000, 0x000000074a300000| Untracked 
| 136|0x000000074a400000, 0x000000074a400000, 0x000000074a500000|  0%| F|  |TAMS 0x000000074a400000, 0x000000074a400000| Untracked 
| 137|0x000000074a500000, 0x000000074a500000, 0x000000074a600000|  0%| F|  |TAMS 0x000000074a500000, 0x000000074a500000| Untracked 
| 138|0x000000074a600000, 0x000000074a600000, 0x000000074a700000|  0%| F|  |TAMS 0x000000074a600000, 0x000000074a600000| Untracked 
| 139|0x000000074a700000, 0x000000074a700000, 0x000000074a800000|  0%| F|  |TAMS 0x000000074a700000, 0x000000074a700000| Untracked 
| 140|0x000000074a800000, 0x000000074a800000, 0x000000074a900000|  0%| F|  |TAMS 0x000000074a800000, 0x000000074a800000| Untracked 
| 141|0x000000074a900000, 0x000000074a900000, 0x000000074aa00000|  0%| F|  |TAMS 0x000000074a900000, 0x000000074a900000| Untracked 
| 142|0x000000074aa00000, 0x000000074aa00000, 0x000000074ab00000|  0%| F|  |TAMS 0x000000074aa00000, 0x000000074aa00000| Untracked 
| 143|0x000000074ab00000, 0x000000074ab00000, 0x000000074ac00000|  0%| F|  |TAMS 0x000000074ab00000, 0x000000074ab00000| Untracked 
| 144|0x000000074ac00000, 0x000000074ac00000, 0x000000074ad00000|  0%| F|  |TAMS 0x000000074ac00000, 0x000000074ac00000| Untracked 
| 145|0x000000074ad00000, 0x000000074ad00000, 0x000000074ae00000|  0%| F|  |TAMS 0x000000074ad00000, 0x000000074ad00000| Untracked 
| 146|0x000000074ae00000, 0x000000074ae00000, 0x000000074af00000|  0%| F|  |TAMS 0x000000074ae00000, 0x000000074ae00000| Untracked 
| 147|0x000000074af00000, 0x000000074af00000, 0x000000074b000000|  0%| F|  |TAMS 0x000000074af00000, 0x000000074af00000| Untracked 
| 148|0x000000074b000000, 0x000000074b000000, 0x000000074b100000|  0%| F|  |TAMS 0x000000074b000000, 0x000000074b000000| Untracked 
| 149|0x000000074b100000, 0x000000074b100000, 0x000000074b200000|  0%| F|  |TAMS 0x000000074b100000, 0x000000074b100000| Untracked 
| 150|0x000000074b200000, 0x000000074b200000, 0x000000074b300000|  0%| F|  |TAMS 0x000000074b200000, 0x000000074b200000| Untracked 
| 151|0x000000074b300000, 0x000000074b300000, 0x000000074b400000|  0%| F|  |TAMS 0x000000074b300000, 0x000000074b300000| Untracked 
| 152|0x000000074b400000, 0x000000074b400000, 0x000000074b500000|  0%| F|  |TAMS 0x000000074b400000, 0x000000074b400000| Untracked 
| 153|0x000000074b500000, 0x000000074b500000, 0x000000074b600000|  0%| F|  |TAMS 0x000000074b500000, 0x000000074b500000| Untracked 
| 154|0x000000074b600000, 0x000000074b600000, 0x000000074b700000|  0%| F|  |TAMS 0x000000074b600000, 0x000000074b600000| Untracked 
| 155|0x000000074b700000, 0x000000074b700000, 0x000000074b800000|  0%| F|  |TAMS 0x000000074b700000, 0x000000074b700000| Untracked 
| 156|0x000000074b800000, 0x000000074b800000, 0x000000074b900000|  0%| F|  |TAMS 0x000000074b800000, 0x000000074b800000| Untracked 
| 157|0x000000074b900000, 0x000000074b900000, 0x000000074ba00000|  0%| F|  |TAMS 0x000000074b900000, 0x000000074b900000| Untracked 
| 158|0x000000074ba00000, 0x000000074ba00000, 0x000000074bb00000|  0%| F|  |TAMS 0x000000074ba00000, 0x000000074ba00000| Untracked 
| 159|0x000000074bb00000, 0x000000074bb00000, 0x000000074bc00000|  0%| F|  |TAMS 0x000000074bb00000, 0x000000074bb00000| Untracked 
| 160|0x000000074bc00000, 0x000000074bc00000, 0x000000074bd00000|  0%| F|  |TAMS 0x000000074bc00000, 0x000000074bc00000| Untracked 
| 161|0x000000074bd00000, 0x000000074bd00000, 0x000000074be00000|  0%| F|  |TAMS 0x000000074bd00000, 0x000000074bd00000| Untracked 
| 162|0x000000074be00000, 0x000000074be00000, 0x000000074bf00000|  0%| F|  |TAMS 0x000000074be00000, 0x000000074be00000| Untracked 
| 163|0x000000074bf00000, 0x000000074bf00000, 0x000000074c000000|  0%| F|  |TAMS 0x000000074bf00000, 0x000000074bf00000| Untracked 
| 164|0x000000074c000000, 0x000000074c000000, 0x000000074c100000|  0%| F|  |TAMS 0x000000074c000000, 0x000000074c000000| Untracked 
| 165|0x000000074c100000, 0x000000074c1bdfe8, 0x000000074c200000| 74%| S|CS|TAMS 0x000000074c100000, 0x000000074c100000| Complete 
| 166|0x000000074c200000, 0x000000074c200000, 0x000000074c300000|  0%| F|  |TAMS 0x000000074c200000, 0x000000074c200000| Untracked 
| 167|0x000000074c300000, 0x000000074c300000, 0x000000074c400000|  0%| F|  |TAMS 0x000000074c300000, 0x000000074c300000| Untracked 
| 168|0x000000074c400000, 0x000000074c400000, 0x000000074c500000|  0%| F|  |TAMS 0x000000074c400000, 0x000000074c400000| Untracked 
| 169|0x000000074c500000, 0x000000074c500000, 0x000000074c600000|  0%| F|  |TAMS 0x000000074c500000, 0x000000074c500000| Untracked 
| 170|0x000000074c600000, 0x000000074c600000, 0x000000074c700000|  0%| F|  |TAMS 0x000000074c600000, 0x000000074c600000| Untracked 
| 171|0x000000074c700000, 0x000000074c700000, 0x000000074c800000|  0%| F|  |TAMS 0x000000074c700000, 0x000000074c700000| Untracked 
| 172|0x000000074c800000, 0x000000074c800000, 0x000000074c900000|  0%| F|  |TAMS 0x000000074c800000, 0x000000074c800000| Untracked 
| 173|0x000000074c900000, 0x000000074c900000, 0x000000074ca00000|  0%| F|  |TAMS 0x000000074c900000, 0x000000074c900000| Untracked 
| 174|0x000000074ca00000, 0x000000074ca00000, 0x000000074cb00000|  0%| F|  |TAMS 0x000000074ca00000, 0x000000074ca00000| Untracked 
| 175|0x000000074cb00000, 0x000000074cb00000, 0x000000074cc00000|  0%| F|  |TAMS 0x000000074cb00000, 0x000000074cb00000| Untracked 
| 176|0x000000074cc00000, 0x000000074cc00000, 0x000000074cd00000|  0%| F|  |TAMS 0x000000074cc00000, 0x000000074cc00000| Untracked 
| 177|0x000000074cd00000, 0x000000074cd00000, 0x000000074ce00000|  0%| F|  |TAMS 0x000000074cd00000, 0x000000074cd00000| Untracked 
| 178|0x000000074ce00000, 0x000000074ce00000, 0x000000074cf00000|  0%| F|  |TAMS 0x000000074ce00000, 0x000000074ce00000| Untracked 
| 179|0x000000074cf00000, 0x000000074cf00000, 0x000000074d000000|  0%| F|  |TAMS 0x000000074cf00000, 0x000000074cf00000| Untracked 
| 180|0x000000074d000000, 0x000000074d000000, 0x000000074d100000|  0%| F|  |TAMS 0x000000074d000000, 0x000000074d000000| Untracked 
| 181|0x000000074d100000, 0x000000074d100000, 0x000000074d200000|  0%| F|  |TAMS 0x000000074d100000, 0x000000074d100000| Untracked 
| 182|0x000000074d200000, 0x000000074d200000, 0x000000074d300000|  0%| F|  |TAMS 0x000000074d200000, 0x000000074d200000| Untracked 
| 183|0x000000074d300000, 0x000000074d300000, 0x000000074d400000|  0%| F|  |TAMS 0x000000074d300000, 0x000000074d300000| Untracked 
| 184|0x000000074d400000, 0x000000074d400000, 0x000000074d500000|  0%| F|  |TAMS 0x000000074d400000, 0x000000074d400000| Untracked 
| 185|0x000000074d500000, 0x000000074d500000, 0x000000074d600000|  0%| F|  |TAMS 0x000000074d500000, 0x000000074d500000| Untracked 
| 186|0x000000074d600000, 0x000000074d600000, 0x000000074d700000|  0%| F|  |TAMS 0x000000074d600000, 0x000000074d600000| Untracked 
| 187|0x000000074d700000, 0x000000074d700000, 0x000000074d800000|  0%| F|  |TAMS 0x000000074d700000, 0x000000074d700000| Untracked 
| 188|0x000000074d800000, 0x000000074d8aade8, 0x000000074d900000| 66%| E|  |TAMS 0x000000074d800000, 0x000000074d800000| Complete 
| 189|0x000000074d900000, 0x000000074da00000, 0x000000074da00000|100%| E|CS|TAMS 0x000000074d900000, 0x000000074d900000| Complete 
| 190|0x000000074da00000, 0x000000074db00000, 0x000000074db00000|100%| E|CS|TAMS 0x000000074da00000, 0x000000074da00000| Complete 
| 191|0x000000074db00000, 0x000000074dc00000, 0x000000074dc00000|100%| E|CS|TAMS 0x000000074db00000, 0x000000074db00000| Complete 

Card table byte_map: [0x000001e79f1f0000,0x000001e79f7f0000] _byte_map_base: 0x000001e79b7e2000

Marking Bits (Prev, Next): (CMBitMap*) 0x000001e785add4e0, (CMBitMap*) 0x000001e785add4a8
 Prev Bits: [0x000001e7a2d80000, 0x000001e7a5d10000)
 Next Bits: [0x000001e79fdf0000, 0x000001e7a2d80000)

Polling page: 0x000001e785b60000

Metaspace:

Usage:
  Non-class:     19.35 MB capacity,    19.07 MB ( 99%) used,   215.97 KB (  1%) free+waste,    70.56 KB ( <1%) overhead. 
      Class:      2.55 MB capacity,     2.27 MB ( 89%) used,   256.05 KB ( 10%) free+waste,    36.25 KB (  1%) overhead. 
       Both:     21.91 MB capacity,    21.34 MB ( 97%) used,   472.02 KB (  2%) free+waste,   106.81 KB ( <1%) overhead. 

Virtual space:
  Non-class space:       20.00 MB reserved,      19.62 MB ( 98%) committed 
      Class space:        1.00 GB reserved,       2.63 MB ( <1%) committed 
             Both:        1.02 GB reserved,      22.25 MB (  2%) committed 

Chunk freelists:
   Non-Class:  2.63 KB
       Class:  1.25 KB
        Both:  3.88 KB

CodeHeap 'non-profiled nmethods': size=120064Kb used=1137Kb max_used=1137Kb free=118926Kb
 bounds [0x000001e797090000, 0x000001e797300000, 0x000001e79e5d0000]
CodeHeap 'profiled nmethods': size=120000Kb used=4606Kb max_used=4606Kb free=115393Kb
 bounds [0x000001e78fb60000, 0x000001e78ffe0000, 0x000001e797090000]
CodeHeap 'non-nmethods': size=5696Kb used=1279Kb max_used=1311Kb free=4416Kb
 bounds [0x000001e78f5d0000, 0x000001e78f840000, 0x000001e78fb60000]
 total_blobs=3536 nmethods=2294 adapters=579
 compilation: enabled
              stopped_count=0, restarted_count=0
 full_count=0

Compilation events (10 events):
Event: 6.797 Thread 0x000001e7a8bf7800 2321       3       sun.font.TrueTypeGlyphMapper::charsToGlyphsNS (207 bytes)
Event: 6.798 Thread 0x000001e7a8bf7800 nmethod 2321 0x000001e78ffdda10 code [0x000001e78ffddc60, 0x000001e78ffde630]
Event: 6.844 Thread 0x000001e7a8bf7800 2322       1       java.util.concurrent.CopyOnWriteArrayList::getArray (5 bytes)
Event: 6.844 Thread 0x000001e7a8bf7800 nmethod 2322 0x000001e7971ac210 code [0x000001e7971ac3c0, 0x000001e7971ac4d8]
Event: 6.889 Thread 0x000001e7a8bf7800 2323       3       java.nio.ByteBufferAsIntBufferB::get (26 bytes)
Event: 6.889 Thread 0x000001e7a8bf7800 nmethod 2323 0x000001e78ffde990 code [0x000001e78ffdeb80, 0x000001e78ffdf090]
Event: 6.889 Thread 0x000001e7a8bf7800 2324       3       java.nio.ByteBufferAsIntBufferB::byteOffset (9 bytes)
Event: 6.889 Thread 0x000001e7a8bf7800 nmethod 2324 0x000001e78ffdf290 code [0x000001e78ffdf440, 0x000001e78ffdf5b8]
Event: 6.889 Thread 0x000001e7a8bf7800 2325       3       java.nio.HeapByteBuffer::get (14 bytes)
Event: 6.890 Thread 0x000001e7a8bf7800 nmethod 2325 0x000001e78ffdf690 code [0x000001e78ffdf860, 0x000001e78ffdfc10]

GC Heap History (10 events):
Event: 4.157 GC heap before
{Heap before GC invocations=3 (full 0):
 garbage-first heap   total 196608K, used 149363K [0x0000000741c00000, 0x0000000800000000)
  region size 1024K, 97 young (99328K), 10 survivors (10240K)
 Metaspace       used 17832K, capacity 18280K, committed 18432K, reserved 1064960K
  class space    used 1782K, capacity 1946K, committed 2048K, reserved 1048576K
}
Event: 4.160 GC heap after
{Heap after GC invocations=4 (full 0):
 garbage-first heap   total 196608K, used 60454K [0x0000000741c00000, 0x0000000800000000)
  region size 1024K, 1 young (1024K), 1 survivors (1024K)
 Metaspace       used 17832K, capacity 18280K, committed 18432K, reserved 1064960K
  class space    used 1782K, capacity 1946K, committed 2048K, reserved 1048576K
}
Event: 4.188 GC heap before
{Heap before GC invocations=4 (full 0):
 garbage-first heap   total 196608K, used 151590K [0x0000000741c00000, 0x0000000800000000)
  region size 1024K, 91 young (93184K), 1 survivors (1024K)
 Metaspace       used 17923K, capacity 18382K, committed 18688K, reserved 1067008K
  class space    used 1807K, capacity 1980K, committed 2048K, reserved 1048576K
}
Event: 4.189 GC heap after
{Heap after GC invocations=5 (full 0):
 garbage-first heap   total 196608K, used 60281K [0x0000000741c00000, 0x0000000800000000)
  region size 1024K, 1 young (1024K), 1 survivors (1024K)
 Metaspace       used 17923K, capacity 18382K, committed 18688K, reserved 1067008K
  class space    used 1807K, capacity 1980K, committed 2048K, reserved 1048576K
}
Event: 4.215 GC heap before
{Heap before GC invocations=5 (full 0):
 garbage-first heap   total 196608K, used 156537K [0x0000000741c00000, 0x0000000800000000)
  region size 1024K, 95 young (97280K), 1 survivors (1024K)
 Metaspace       used 17925K, capacity 18382K, committed 18688K, reserved 1067008K
  class space    used 1807K, capacity 1980K, committed 2048K, reserved 1048576K
}
Event: 4.216 GC heap after
{Heap after GC invocations=6 (full 0):
 garbage-first heap   total 196608K, used 60300K [0x0000000741c00000, 0x0000000800000000)
  region size 1024K, 1 young (1024K), 1 survivors (1024K)
 Metaspace       used 17925K, capacity 18382K, committed 18688K, reserved 1067008K
  class space    used 1807K, capacity 1980K, committed 2048K, reserved 1048576K
}
Event: 4.339 GC heap before
{Heap before GC invocations=6 (full 0):
 garbage-first heap   total 196608K, used 158604K [0x0000000741c00000, 0x0000000800000000)
  region size 1024K, 97 young (99328K), 1 survivors (1024K)
 Metaspace       used 18175K, capacity 18677K, committed 18816K, reserved 1067008K
  class space    used 1855K, capacity 2080K, committed 2176K, reserved 1048576K
}
Event: 4.340 GC heap after
{Heap after GC invocations=7 (full 0):
 garbage-first heap   total 196608K, used 60446K [0x0000000741c00000, 0x0000000800000000)
  region size 1024K, 1 young (1024K), 1 survivors (1024K)
 Metaspace       used 18175K, capacity 18677K, committed 18816K, reserved 1067008K
  class space    used 1855K, capacity 2080K, committed 2176K, reserved 1048576K
}
Event: 4.534 GC heap before
{Heap before GC invocations=7 (full 0):
 garbage-first heap   total 196608K, used 86046K [0x0000000741c00000, 0x0000000800000000)
  region size 1024K, 27 young (27648K), 1 survivors (1024K)
 Metaspace       used 20701K, capacity 21236K, committed 21296K, reserved 1069056K
  class space    used 2175K, capacity 2428K, committed 2432K, reserved 1048576K
}
Event: 4.536 GC heap after
{Heap after GC invocations=8 (full 0):
 garbage-first heap   total 196608K, used 60977K [0x0000000741c00000, 0x0000000800000000)
  region size 1024K, 1 young (1024K), 1 survivors (1024K)
 Metaspace       used 20701K, capacity 21236K, committed 21296K, reserved 1069056K
  class space    used 2175K, capacity 2428K, committed 2432K, reserved 1048576K
}

Deoptimization events (10 events):
Event: 4.011 Thread 0x000001e7aaa68000 Uncommon trap: reason=unstable_if action=reinterpret pc=0x000001e7970cf428 method=java.lang.String.substring(II)Ljava/lang/String; @ 31 c2
Event: 4.017 Thread 0x000001e7aaa68000 Uncommon trap: reason=intrinsic_or_type_checked_inlining action=make_not_entrant pc=0x000001e797156680 method=java.util.Arrays.copyOf([Ljava/lang/Object;ILjava/lang/Class;)[Ljava/lang/Object; @ 35 c2
Event: 4.040 Thread 0x000001e785a8b000 Uncommon trap: reason=unstable_if action=reinterpret pc=0x000001e7970ea6b4 method=java.util.HashMap.putVal(ILjava/lang/Object;Ljava/lang/Object;ZZ)Ljava/lang/Object; @ 162 c2
Event: 4.041 Thread 0x000001e785a8b000 Uncommon trap: reason=unstable_if action=reinterpret pc=0x000001e7970eb9c8 method=java.util.HashMap.resize()[Ljava/util/HashMap$Node; @ 203 c2
Event: 4.041 Thread 0x000001e785a8b000 Uncommon trap: reason=unstable_if action=reinterpret pc=0x000001e797145a8c method=java.util.HashMap.getNode(ILjava/lang/Object;)Ljava/util/HashMap$Node; @ 84 c2
Event: 4.054 Thread 0x000001e785a8b000 Uncommon trap: reason=unstable_if action=reinterpret pc=0x000001e797167cd0 method=java.util.HashMap.getNode(ILjava/lang/Object;)Ljava/util/HashMap$Node; @ 84 c2
Event: 4.093 Thread 0x000001e785a8b000 Uncommon trap: reason=bimorphic_or_optimized_type_check action=maybe_recompile pc=0x000001e797143a6c method=java.util.regex.Pattern$BmpCharProperty.match(Ljava/util/regex/Matcher;ILjava/lang/CharSequence;)Z @ 36 c2
Event: 4.122 Thread 0x000001e785a8b000 Uncommon trap: reason=bimorphic_or_optimized_type_check action=maybe_recompile pc=0x000001e797143a6c method=java.util.regex.Pattern$BmpCharProperty.match(Ljava/util/regex/Matcher;ILjava/lang/CharSequence;)Z @ 36 c2
Event: 4.146 Thread 0x000001e785a8b000 Uncommon trap: reason=bimorphic_or_optimized_type_check action=maybe_recompile pc=0x000001e797143a6c method=java.util.regex.Pattern$BmpCharProperty.match(Ljava/util/regex/Matcher;ILjava/lang/CharSequence;)Z @ 36 c2
Event: 4.329 Thread 0x000001e7ab4dc000 Uncommon trap: reason=unstable_if action=reinterpret pc=0x000001e7971492b0 method=java.lang.CharacterDataLatin1.digit(II)I @ 7 c2

Classes redefined (0 events):
No events

Internal exceptions (10 events):
Event: 4.262 Thread 0x000001e7ab4f4800 Exception <a 'java/lang/NoSuchMethodError'{0x0000000749744b80}: java.lang.invoke.DirectMethodHandle$Holder.invokeStatic(Ljava/lang/Object;Ljava/lang/Object;Ljava/lang/Object;Ljava/lang/Object;Ljava/lang/Object;I)Ljava/lang/Object;> (0x0000000749744b80) th
Event: 4.378 Thread 0x000001e785a8b000 Exception <a 'java/lang/NoSuchMethodError'{0x000000074d8feb08}: java.lang.invoke.DirectMethodHandle$Holder.invokeStatic(Ljava/lang/Object;ILjava/lang/Object;)V> (0x000000074d8feb08) thrown at [t:/workspace/open/src/hotspot/share/interpreter/linkResolver.c
Event: 4.507 Thread 0x000001e785a8b000 Exception <a 'java/lang/NoSuchMethodError'{0x000000074c345310}: java.lang.invoke.DirectMethodHandle$Holder.invokeStatic(Ljava/lang/Object;ILjava/lang/Object;Ljava/lang/Object;Ljava/lang/Object;Ljava/lang/Object;)Ljava/lang/Object;> (0x000000074c345310) th
Event: 4.508 Thread 0x000001e785a8b000 Exception <a 'java/lang/NoSuchMethodError'{0x000000074c34cea0}: java.lang.invoke.DirectMethodHandle$Holder.invokeStatic(Ljava/lang/Object;ILjava/lang/Object;Ljava/lang/Object;Ljava/lang/Object;)Ljava/lang/Object;> (0x000000074c34cea0) thrown at [t:/worksp
Event: 4.508 Thread 0x000001e785a8b000 Exception <a 'java/lang/NoSuchMethodError'{0x000000074c3509e0}: java.lang.invoke.DirectMethodHandle$Holder.invokeSpecial(Ljava/lang/Object;Ljava/lang/Object;ILjava/lang/Object;Ljava/lang/Object;Ljava/lang/Object;)Ljava/lang/Object;> (0x000000074c3509e0) t
Event: 4.529 Thread 0x000001e785a8b000 Exception <a 'java/lang/ClassNotFoundException'{0x000000074c217b58}: com/sun/swing/internal/plaf/metal/resources/spi/metalProvider> (0x000000074c217b58) thrown at [t:/workspace/open/src/hotspot/share/classfile/systemDictionary.cpp, line 231]
Event: 4.530 Thread 0x000001e785a8b000 Exception <a 'java/lang/ClassNotFoundException'{0x000000074c21b9b8}: com/sun/swing/internal/plaf/basic/resources/spi/basicProvider> (0x000000074c21b9b8) thrown at [t:/workspace/open/src/hotspot/share/classfile/systemDictionary.cpp, line 231]
Event: 6.847 Thread 0x000001e7a8ed6000 Exception <a 'java/lang/IllegalStateException'{0x000000074d8047c0}> (0x000000074d8047c0) thrown at [t:/workspace/open/src/hotspot/share/prims/jvm.cpp, line 1312]
Event: 6.877 Thread 0x000001e7ab4e5000 Exception <a 'java/io/FileNotFoundException'{0x000000074d934788}> (0x000000074d934788) thrown at [t:/workspace/open/src/hotspot/share/prims/jni.cpp, line 615]
Event: 6.890 Thread 0x000001e7ab4e5000 Exception <a 'java/io/FileNotFoundException'{0x000000074d94b330}> (0x000000074d94b330) thrown at [t:/workspace/open/src/hotspot/share/prims/jni.cpp, line 615]

Events (10 events):
Event: 6.877 Executing VM operation: RevokeBias
Event: 6.877 Executing VM operation: RevokeBias done
Event: 6.877 loading class sun/font/SunFontManager$FamilyDescription
Event: 6.877 loading class sun/font/SunFontManager$FamilyDescription done
Event: 6.878 loading class sun/font/SunFontManager$5
Event: 6.887 loading class sun/font/SunFontManager$5 done
Event: 6.939 loading class sun/font/NullFontScaler
Event: 6.939 loading class sun/font/NullFontScaler done
Event: 6.945 Thread 0x000001e7a8ed5800 Thread exited: 0x000001e7a8ed5800
Event: 6.945 Executing VM operation: Exit


Dynamic libraries:
0x00007ff6537e0000 - 0x00007ff653827000 	C:\Program Files\Java\jdk-11\bin\java.exe
0x00007ff85fb70000 - 0x00007ff85fd5d000 	C:\Windows\SYSTEM32\ntdll.dll
0x00007ff85e370000 - 0x00007ff85e423000 	C:\Windows\System32\KERNEL32.DLL
0x00007ff85bc60000 - 0x00007ff85bef3000 	C:\Windows\System32\KERNELBASE.dll
0x00007ff85e190000 - 0x00007ff85e233000 	C:\Windows\System32\ADVAPI32.dll
0x00007ff85da30000 - 0x00007ff85dace000 	C:\Windows\System32\msvcrt.dll
0x00007ff85d6c0000 - 0x00007ff85d75e000 	C:\Windows\System32\sechost.dll
0x00007ff85e240000 - 0x00007ff85e363000 	C:\Windows\System32\RPCRT4.dll
0x00007ff85d3c0000 - 0x00007ff85d557000 	C:\Windows\System32\USER32.dll
0x00007ff85c3b0000 - 0x00007ff85c3d0000 	C:\Windows\System32\win32u.dll
0x00007ff85d290000 - 0x00007ff85d2b9000 	C:\Windows\System32\GDI32.dll
0x00007ff85c4b0000 - 0x00007ff85c64a000 	C:\Windows\System32\gdi32full.dll
0x00007ff85c1e0000 - 0x00007ff85c280000 	C:\Windows\System32\msvcp_win.dll
0x00007ff85c280000 - 0x00007ff85c37c000 	C:\Windows\System32\ucrtbase.dll
0x00007ff847e70000 - 0x00007ff8480e9000 	C:\Windows\WinSxS\amd64_microsoft.windows.common-controls_6595b64144ccf1df_6.0.17763.134_none_05b3373a07211a5c\COMCTL32.dll
0x00007ff84de60000 - 0x00007ff84de6a000 	C:\Windows\SYSTEM32\VERSION.dll
0x00007ff85ced0000 - 0x00007ff85d1fd000 	C:\Windows\System32\combase.dll
0x00007ff85c430000 - 0x00007ff85c4ae000 	C:\Windows\System32\bcryptPrimitives.dll
0x00007ff85d200000 - 0x00007ff85d22e000 	C:\Windows\System32\IMM32.DLL
0x00007ff852f80000 - 0x00007ff852f96000 	C:\Program Files\Java\jdk-11\bin\vcruntime140.dll
0x00007ff844b40000 - 0x00007ff844bea000 	C:\Program Files\Java\jdk-11\bin\msvcp140.dll
0x00007ff819ae0000 - 0x00007ff81a622000 	C:\Program Files\Java\jdk-11\bin\server\jvm.dll
0x00007ff85d850000 - 0x00007ff85d858000 	C:\Windows\System32\PSAPI.DLL
0x00007ff849a30000 - 0x00007ff849a39000 	C:\Windows\SYSTEM32\WSOCK32.dll
0x00007ff857b80000 - 0x00007ff857ba4000 	C:\Windows\SYSTEM32\WINMM.dll
0x00007ff85d760000 - 0x00007ff85d7cd000 	C:\Windows\System32\WS2_32.dll
0x00007ff857b50000 - 0x00007ff857b7d000 	C:\Windows\SYSTEM32\WINMMBASE.dll
0x00007ff85bf00000 - 0x00007ff85bf4a000 	C:\Windows\System32\cfgmgr32.dll
0x00007ff85bb70000 - 0x00007ff85bb81000 	C:\Windows\System32\kernel.appcore.dll
0x00007ff852f60000 - 0x00007ff852f71000 	C:\Program Files\Java\jdk-11\bin\verify.dll
0x00007ff859d50000 - 0x00007ff859f3d000 	C:\Windows\SYSTEM32\DBGHELP.DLL
0x00007ff848c00000 - 0x00007ff848c2a000 	C:\Windows\SYSTEM32\dbgcore.DLL
0x00007ff8514e0000 - 0x00007ff851509000 	C:\Program Files\Java\jdk-11\bin\java.dll
0x00007ff8558a0000 - 0x00007ff8558cf000 	C:\Program Files\Java\jdk-11\bin\instrument.dll
0x00007ff8445d0000 - 0x00007ff8445e6000 	C:\Program Files\Java\jdk-11\bin\zip.dll
0x00007ff852f50000 - 0x00007ff852f5a000 	C:\Program Files\Java\jdk-11\bin\jimage.dll
0x00007ff85e4a0000 - 0x00007ff85f98f000 	C:\Windows\System32\SHELL32.dll
0x00007ff85d610000 - 0x00007ff85d6b8000 	C:\Windows\System32\shcore.dll
0x00007ff85c650000 - 0x00007ff85cd98000 	C:\Windows\System32\windows.storage.dll
0x00007ff85bb90000 - 0x00007ff85bbb4000 	C:\Windows\System32\profapi.dll
0x00007ff85bbc0000 - 0x00007ff85bc1d000 	C:\Windows\System32\powrprof.dll
0x00007ff85d230000 - 0x00007ff85d282000 	C:\Windows\System32\shlwapi.dll
0x00007ff85bc40000 - 0x00007ff85bc57000 	C:\Windows\System32\cryptsp.dll
0x00007ff855a10000 - 0x00007ff855a29000 	C:\Program Files\Java\jdk-11\bin\net.dll
0x00007ff8572f0000 - 0x00007ff8573e1000 	C:\Windows\SYSTEM32\WINHTTP.dll
0x00007ff85b400000 - 0x00007ff85b467000 	C:\Windows\system32\mswsock.dll
0x00007ff844870000 - 0x00007ff844883000 	C:\Program Files\Java\jdk-11\bin\nio.dll
0x00007ff8586b0000 - 0x00007ff8586ca000 	C:\Program Files\JetBrains\IntelliJ IDEA 2018.3.4\bin\breakgen64.dll
0x00007ff841ff0000 - 0x00007ff84218f000 	C:\Program Files\Java\jdk-11\bin\awt.dll
0x00007ff85dc40000 - 0x00007ff85dd0b000 	C:\Windows\System32\OLEAUT32.dll
0x00007ff858e00000 - 0x00007ff8593be000 	C:\Windows\SYSTEM32\d2d1.dll
0x00007ff859b10000 - 0x00007ff859b9c000 	C:\Windows\SYSTEM32\apphelp.dll
0x00007ff859c90000 - 0x00007ff859d2c000 	C:\Windows\system32\uxtheme.dll
0x00007ff85dad0000 - 0x00007ff85dc3a000 	C:\Windows\System32\MSCTF.dll
0x00007ff85a5b0000 - 0x00007ff85a5de000 	C:\Windows\system32\dwmapi.dll
0x00007ff85bf50000 - 0x00007ff85c12b000 	C:\Windows\System32\CRYPT32.dll
0x00007ff85bc20000 - 0x00007ff85bc32000 	C:\Windows\System32\MSASN1.dll
0x00007ff85d870000 - 0x00007ff85d9c5000 	C:\Windows\System32\ole32.dll
0x000001e7a9c10000 - 0x000001e7a9c13000 	C:\Program Files\Java\jdk-11\bin\api-ms-win-core-console-l1-1-0.dll
0x000001e7a9c20000 - 0x000001e7a9c23000 	C:\Program Files\Java\jdk-11\bin\api-ms-win-core-datetime-l1-1-0.dll
0x000001e7a9c30000 - 0x000001e7a9c33000 	C:\Program Files\Java\jdk-11\bin\api-ms-win-core-debug-l1-1-0.dll
0x000001e7a9c40000 - 0x000001e7a9c43000 	C:\Program Files\Java\jdk-11\bin\api-ms-win-core-errorhandling-l1-1-0.dll
0x000001e7a9c50000 - 0x000001e7a9c54000 	C:\Program Files\Java\jdk-11\bin\api-ms-win-core-file-l1-1-0.dll
0x000001e7a9c60000 - 0x000001e7a9c63000 	C:\Program Files\Java\jdk-11\bin\api-ms-win-core-file-l1-2-0.dll
0x000001e7a9c70000 - 0x000001e7a9c73000 	C:\Program Files\Java\jdk-11\bin\api-ms-win-core-file-l2-1-0.dll
0x000001e7a9c80000 - 0x000001e7a9c83000 	C:\Program Files\Java\jdk-11\bin\api-ms-win-core-handle-l1-1-0.dll
0x000001e7a9c90000 - 0x000001e7a9c93000 	C:\Program Files\Java\jdk-11\bin\api-ms-win-core-heap-l1-1-0.dll
0x000001e7a9ca0000 - 0x000001e7a9ca3000 	C:\Program Files\Java\jdk-11\bin\api-ms-win-core-interlocked-l1-1-0.dll
0x000001e7a9cb0000 - 0x000001e7a9cb3000 	C:\Program Files\Java\jdk-11\bin\api-ms-win-core-libraryloader-l1-1-0.dll
0x000001e7a9cc0000 - 0x000001e7a9cc3000 	C:\Program Files\Java\jdk-11\bin\api-ms-win-core-localization-l1-2-0.dll
0x000001e7a9cd0000 - 0x000001e7a9cd3000 	C:\Program Files\Java\jdk-11\bin\api-ms-win-core-memory-l1-1-0.dll
0x000001e7a9ce0000 - 0x000001e7a9ce3000 	C:\Program Files\Java\jdk-11\bin\api-ms-win-core-namedpipe-l1-1-0.dll
0x000001e7a9cf0000 - 0x000001e7a9cf3000 	C:\Program Files\Java\jdk-11\bin\api-ms-win-core-processenvironment-l1-1-0.dll
0x000001e7a9d00000 - 0x000001e7a9d03000 	C:\Program Files\Java\jdk-11\bin\api-ms-win-core-processthreads-l1-1-0.dll
0x000001e7aa920000 - 0x000001e7aa923000 	C:\Program Files\Java\jdk-11\bin\api-ms-win-core-processthreads-l1-1-1.dll
0x000001e7aa930000 - 0x000001e7aa933000 	C:\Program Files\Java\jdk-11\bin\api-ms-win-core-profile-l1-1-0.dll
0x000001e7aa940000 - 0x000001e7aa943000 	C:\Program Files\Java\jdk-11\bin\api-ms-win-core-rtlsupport-l1-1-0.dll
0x000001e7aa950000 - 0x000001e7aa953000 	C:\Program Files\Java\jdk-11\bin\api-ms-win-core-string-l1-1-0.dll
0x000001e7aa960000 - 0x000001e7aa963000 	C:\Program Files\Java\jdk-11\bin\api-ms-win-core-synch-l1-1-0.dll
0x000001e7aa970000 - 0x000001e7aa973000 	C:\Program Files\Java\jdk-11\bin\api-ms-win-core-synch-l1-2-0.dll
0x000001e7aa980000 - 0x000001e7aa983000 	C:\Program Files\Java\jdk-11\bin\api-ms-win-core-sysinfo-l1-1-0.dll
0x000001e7aa990000 - 0x000001e7aa993000 	C:\Program Files\Java\jdk-11\bin\api-ms-win-core-timezone-l1-1-0.dll
0x000001e7aa9a0000 - 0x000001e7aa9a3000 	C:\Program Files\Java\jdk-11\bin\api-ms-win-core-util-l1-1-0.dll
0x000001e7aa9b0000 - 0x000001e7aa9b3000 	C:\Program Files\Java\jdk-11\bin\api-ms-win-crt-conio-l1-1-0.dll
0x000001e7ab990000 - 0x000001e7ab994000 	C:\Program Files\Java\jdk-11\bin\api-ms-win-crt-convert-l1-1-0.dll
0x000001e7ab9a0000 - 0x000001e7ab9a3000 	C:\Program Files\Java\jdk-11\bin\api-ms-win-crt-environment-l1-1-0.dll
0x000001e7ab9b0000 - 0x000001e7ab9b3000 	C:\Program Files\Java\jdk-11\bin\api-ms-win-crt-filesystem-l1-1-0.dll
0x000001e7ab9c0000 - 0x000001e7ab9c3000 	C:\Program Files\Java\jdk-11\bin\api-ms-win-crt-heap-l1-1-0.dll
0x000001e7ab9d0000 - 0x000001e7ab9d3000 	C:\Program Files\Java\jdk-11\bin\api-ms-win-crt-locale-l1-1-0.dll
0x000001e7abcc0000 - 0x000001e7abcc5000 	C:\Program Files\Java\jdk-11\bin\api-ms-win-crt-math-l1-1-0.dll
0x000001e7abcd0000 - 0x000001e7abcd5000 	C:\Program Files\Java\jdk-11\bin\api-ms-win-crt-multibyte-l1-1-0.dll
0x000001e7abce0000 - 0x000001e7abcf0000 	C:\Program Files\Java\jdk-11\bin\api-ms-win-crt-private-l1-1-0.dll
0x000001e7abcf0000 - 0x000001e7abcf3000 	C:\Program Files\Java\jdk-11\bin\api-ms-win-crt-process-l1-1-0.dll
0x000001e7ab9e0000 - 0x000001e7ab9e4000 	C:\Program Files\Java\jdk-11\bin\api-ms-win-crt-runtime-l1-1-0.dll
0x000001e7ab9f0000 - 0x000001e7ab9f4000 	C:\Program Files\Java\jdk-11\bin\api-ms-win-crt-stdio-l1-1-0.dll
0x000001e7aba00000 - 0x000001e7aba04000 	C:\Program Files\Java\jdk-11\bin\api-ms-win-crt-string-l1-1-0.dll
0x000001e7aba10000 - 0x000001e7aba13000 	C:\Program Files\Java\jdk-11\bin\api-ms-win-crt-time-l1-1-0.dll
0x000001e7aba20000 - 0x000001e7aba23000 	C:\Program Files\Java\jdk-11\bin\api-ms-win-crt-utility-l1-1-0.dll
0x00007ff83fb70000 - 0x00007ff83fc6a000 	C:\Program Files\Java\jdk-11\bin\ucrtbase.dll
0x00007ff851160000 - 0x00007ff8511b1000 	C:\Program Files\Java\jdk-11\bin\concrt140.dll
0x00007ff845d20000 - 0x00007ff845d43000 	C:\Program Files\Java\jdk-11\bin\prism_d3d.dll
0x00007ff81b460000 - 0x00007ff81b5fe000 	C:\Windows\system32\d3d9.dll
0x00007ff85c380000 - 0x00007ff85c3a6000 	C:\Windows\System32\bcrypt.dll
0x00007ff844690000 - 0x00007ff8446d5000 	C:\Program Files\Java\jdk-11\bin\glass.dll
0x00007ff85cda0000 - 0x00007ff85cec7000 	C:\Windows\System32\COMDLG32.dll
0x00007ff85afc0000 - 0x00007ff85aff3000 	C:\Windows\system32\rsaenh.dll
0x00007ff85ba70000 - 0x00007ff85ba98000 	C:\Windows\SYSTEM32\USERENV.dll
0x00007ff85b5d0000 - 0x00007ff85b5dc000 	C:\Windows\SYSTEM32\CRYPTBASE.dll
0x00007ff85b160000 - 0x00007ff85b19d000 	C:\Windows\SYSTEM32\IPHLPAPI.DLL
0x00007ff85e490000 - 0x00007ff85e498000 	C:\Windows\System32\NSI.dll
0x00007ff855de0000 - 0x00007ff855df6000 	C:\Windows\SYSTEM32\dhcpcsvc6.DLL
0x00007ff855dc0000 - 0x00007ff855ddc000 	C:\Windows\SYSTEM32\dhcpcsvc.DLL
0x00007ff85b1a0000 - 0x00007ff85b266000 	C:\Windows\SYSTEM32\DNSAPI.dll
0x00007ff8446f0000 - 0x00007ff84471d000 	C:\Program Files\Java\jdk-11\bin\javajpeg.dll
0x00007ff8444c0000 - 0x00007ff844540000 	C:\Program Files\Java\jdk-11\bin\freetype.dll
0x00007ff842950000 - 0x00007ff8429bf000 	C:\Program Files\Java\jdk-11\bin\fontmanager.dll
0x00007ff841f40000 - 0x00007ff841fe3000 	C:\Program Files\Java\jdk-11\bin\glib-lite.dll
0x00007ff831df0000 - 0x00007ff831ece000 	C:\Program Files\Java\jdk-11\bin\gstreamer-lite.dll
0x00007ff829c50000 - 0x00007ff829ce6000 	C:\Windows\SYSTEM32\DSOUND.dll
0x00007ff844490000 - 0x00007ff8444b6000 	C:\Program Files\Java\jdk-11\bin\jfxmedia.dll
0x00007ff85d560000 - 0x00007ff85d602000 	C:\Windows\System32\clbcatq.dll
0x00007ff858120000 - 0x00007ff8582c8000 	C:\Windows\system32\propsys.dll
0x00007ff841f10000 - 0x00007ff841f32000 	C:\Program Files\Java\jdk-11\bin\fxplugins.dll
0x00007ff853eb0000 - 0x00007ff853f20000 	C:\Windows\System32\MMDevApi.dll
0x00007ff85b980000 - 0x00007ff85b9a9000 	C:\Windows\System32\DEVOBJ.dll
0x00007ff856530000 - 0x00007ff856678000 	C:\Windows\SYSTEM32\AUDIOSES.DLL
0x00007ff856830000 - 0x00007ff856983000 	C:\Windows\SYSTEM32\wintypes.dll
0x00007ff856dc0000 - 0x00007ff856dca000 	C:\Windows\SYSTEM32\AVRT.dll

dbghelp: loaded successfully - version: 4.0.5 - missing functions: none
symbol engine: initialized successfully - sym options: 0x614 - pdb path: .;C:\Program Files\Java\jdk-11\bin;C:\Windows\SYSTEM32;C:\Windows\WinSxS\amd64_microsoft.windows.common-controls_6595b64144ccf1df_6.0.17763.134_none_05b3373a07211a5c;C:\Program Files\Java\jdk-11\bin\server;C:\Program Files\JetBrains\IntelliJ IDEA 2018.3.4\bin;C:\Windows\System32\DriverStore\FileRepository\igdlh64.inf_amd64_463164d40c3d26ce

VM Arguments:
jvm_args: -javaagent:C:\Program Files\JetBrains\IntelliJ IDEA 2018.3.4\lib\idea_rt.jar=2607:C:\Program Files\JetBrains\IntelliJ IDEA 2018.3.4\bin -Dfile.encoding=UTF-8 
java_command: ir.farzinnasiri.Client.ClientMain
java_class_path (initial): D:\github\Chicken Invaders-Down of the new world\out\production\Chicken Invaders-Down of the new world;D:\github\Chicken Invaders-Down of the new world\lib\json-20180813.jar;D:\github\Chicken Invaders-Down of the new world\lib\javafx-swt.jar;D:\github\Chicken Invaders-Down of the new world\lib\javafx.base.jar;D:\github\Chicken Invaders-Down of the new world\lib\javafx.controls.jar;D:\github\Chicken Invaders-Down of the new world\lib\javafx.fxml.jar;D:\github\Chicken Invaders-Down of the new world\lib\javafx.graphics.jar;D:\github\Chicken Invaders-Down of the new world\lib\javafx.swing.jar;D:\github\Chicken Invaders-Down of the new world\lib\javafx.media.jar;D:\github\Chicken Invaders-Down of the new world\lib\javafx.web.jar;D:\github\Chicken Invaders-Down of the new world\lib\gson-2.8.5.jar
Launcher Type: SUN_STANDARD

[Global flags]
     intx CICompilerCount                          = 3                                         {product} {ergonomic}
     uint ConcGCThreads                            = 1                                         {product} {ergonomic}
     uint G1ConcRefinementThreads                  = 4                                         {product} {ergonomic}
   size_t G1HeapRegionSize                         = 1048576                                   {product} {ergonomic}
    uintx GCDrainStackTargetSize                   = 64                                        {product} {ergonomic}
   size_t InitialHeapSize                          = 201326592                                 {product} {ergonomic}
   size_t MarkStackSize                            = 4194304                                   {product} {ergonomic}
   size_t MaxHeapSize                              = 3191865344                                {product} {ergonomic}
   size_t MaxNewSize                               = 1914699776                                {product} {ergonomic}
   size_t MinHeapDeltaBytes                        = 1048576                                   {product} {ergonomic}
    uintx NonNMethodCodeHeapSize                   = 5830092                                {pd product} {ergonomic}
    uintx NonProfiledCodeHeapSize                  = 122914074                              {pd product} {ergonomic}
    uintx ProfiledCodeHeapSize                     = 122914074                              {pd product} {ergonomic}
    uintx ReservedCodeCacheSize                    = 251658240                              {pd product} {ergonomic}
     bool SegmentedCodeCache                       = true                                      {product} {ergonomic}
     bool UseCompressedClassPointers               = true                                 {lp64_product} {ergonomic}
     bool UseCompressedOops                        = true                                 {lp64_product} {ergonomic}
     bool UseG1GC                                  = true                                      {product} {ergonomic}
     bool UseLargePagesIndividualAllocation        = false                                  {pd product} {ergonomic}

Logging:
Log output configuration:
 #0: stdout all=warning uptime,level,tags
 #1: stderr all=off uptime,level,tags

Environment Variables:
PATH=C:\Program Files (x86)\Python37-32\Scripts\;C:\Program Files (x86)\Python37-32\;C:\Program Files\Python37\Scripts\;C:\Program Files\Python37\;C:\Program Files (x86)\Intel\iCLS Client\;C:\Program Files\Intel\iCLS Client\;C:\Windows\system32;C:\Windows;C:\Windows\System32\Wbem;C:\Windows\System32\WindowsPowerShell\v1.0\;C:\Windows\System32\OpenSSH\;C:\Program Files (x86)\NVIDIA Corporation\PhysX\Common;C:\Program Files (x86)\Intel\Intel(R) Management Engine Components\DAL;C:\Program Files\Intel\Intel(R) Management Engine Components\DAL;C:\Program Files (x86)\Intel\Intel(R) Management Engine Components\IPT;C:\Program Files\Intel\Intel(R) Management Engine Components\IPT;C:\Users\farzi\AppData\Local\Programs\Python\Python37;C:\Program Files\Java\jdk-11\bin;C:\Users\farzi\AppData\Local\Microsoft\WindowsApps;C:\Users\farzi\AppData\Local\GitHubDesktop\bin;C:\Program Files\JetBrains\WebStorm 2018.3.3\bin;;C:\Program Files\JetBrains\IntelliJ IDEA 2018.3.4\bin;
USERNAME=farzi
OS=Windows_NT
PROCESSOR_IDENTIFIER=Intel64 Family 6 Model 142 Stepping 9, GenuineIntel



---------------  S Y S T E M  ---------------

OS: Windows 10 , 64 bit Build 17763 (10.0.17763.1)

CPU:total 4 (initial active 4) (2 cores per cpu, 2 threads per core) family 6 model 142 stepping 9, cmov, cx8, fxsr, mmx, sse, sse2, sse3, ssse3, sse4.1, sse4.2, popcnt, avx, avx2, aes, clmul, erms, 3dnowpref, lzcnt, ht, tsc, tscinvbit, bmi1, bmi2, adx, fma

Memory: 4k page, system-wide physical 12169M (6857M free)
TotalPageFile size 14025M (AvailPageFile size 7288M)
current process WorkingSet (physical memory assigned to process): 305M, peak: 329M
current process commit charge ("private bytes"): 345M, peak: 373M

vm_info: Java HotSpot(TM) 64-Bit Server VM (11+28) for windows-amd64 JRE (11+28), built on Aug 23 2018 03:03:59 by "mach5one" with MS VC++ 15.5 (VS2017)

END.
