#
# A fatal error has been detected by the Java Runtime Environment:
#
#  EXCEPTION_ACCESS_VIOLATION (0xc0000005) at pc=0x00007ffbbdb14f3f, pid=2028, tid=13688
#
# JRE version: Java(TM) SE Runtime Environment (11.0+28) (build 11+28)
# Java VM: Java HotSpot(TM) 64-Bit Server VM (11+28, mixed mode, tiered, compressed oops, g1 gc, windows-amd64)
# Problematic frame:
# C  [freetype.dll+0x44f3f]
#
# No core dump will be written. Minidumps are not enabled by default on client versions of Windows
#
# If you would like to submit a bug report, please visit:
#   http://bugreport.java.com/bugreport/crash.jsp
# The crash happened outside the Java Virtual Machine in native code.
# See problematic frame for where to report the bug.
#

---------------  S U M M A R Y ------------

Command Line: -javaagent:C:\Program Files\JetBrains\IntelliJ IDEA 2018.3.4\lib\idea_rt.jar=8128:C:\Program Files\JetBrains\IntelliJ IDEA 2018.3.4\bin -Dfile.encoding=UTF-8 ir.farzinnasiri.Client.ClientMain

Host: Intel(R) Core(TM) i5-7200U CPU @ 2.50GHz, 4 cores, 11G,  Windows 10 , 64 bit Build 17763 (10.0.17763.1)
Time: Thu Aug  1 18:56:44 2019 Iran Daylight Time elapsed time: 30 seconds (0d 0h 0m 30s)

---------------  T H R E A D  ---------------

Current thread (0x000001e7c12dc000):  JavaThread "Client Thread" [_thread_in_native, id=13688, stack(0x000000cbb4f00000,0x000000cbb5000000)]

Stack: [0x000000cbb4f00000,0x000000cbb5000000],  sp=0x000000cbb4ffe080,  free space=1016k
Native frames: (J=compiled Java code, j=interpreted, Vv=VM code, C=native code)
C  [freetype.dll+0x44f3f]

Java frames: (J=compiled Java code, j=interpreted, Vv=VM code)
j  sun.font.FreetypeFontScaler.getGlyphOutlineNative(Lsun/font/Font2D;JJIFF)Ljava/awt/geom/GeneralPath;+0 java.desktop@11
j  sun.font.FreetypeFontScaler.getGlyphOutline(JIFF)Ljava/awt/geom/GeneralPath;+30 java.desktop@11
J 3476 c1 sun.font.FileFontStrike.getGlyphOutline(IFF)Ljava/awt/geom/GeneralPath; java.desktop@11 (141 bytes) @ 0x000001e7a6f3d994 [0x000001e7a6f3d0e0+0x00000000000008b4]
J 3475 c1 sun.font.StandardGlyphVector$GlyphStrike.appendGlyphOutline(ILjava/awt/geom/GeneralPath;FF)V java.desktop@11 (102 bytes) @ 0x000001e7a6f3bffc [0x000001e7a6f3bd80+0x000000000000027c]
j  sun.font.StandardGlyphVector.getGlyphsOutline(IIFF)Ljava/awt/Shape;+82 java.desktop@11
j  sun.font.StandardGlyphVector.getOutline(FF)Ljava/awt/Shape;+9 java.desktop@11
j  sun.font.ExtendedTextSourceLabel.handleGetOutline(FF)Ljava/awt/Shape;+6 java.desktop@11
j  sun.font.Decoration.getOutline(Lsun/font/Decoration$Label;FF)Ljava/awt/Shape;+3 java.desktop@11
j  sun.font.ExtendedTextSourceLabel.getOutline(FF)Ljava/awt/Shape;+7 java.desktop@11
j  java.awt.font.TextLine.getOutline(Ljava/awt/geom/AffineTransform;)Ljava/awt/Shape;+54 java.desktop@11
j  java.awt.font.TextLayout.getOutline(Ljava/awt/geom/AffineTransform;)Ljava/awt/Shape;+9 java.desktop@11
j  sun.java2d.pipe.OutlineTextRenderer.drawString(Lsun/java2d/SunGraphics2D;Ljava/lang/String;DD)V+36 java.desktop@11
J 2348 c1 sun.java2d.pipe.GlyphListPipe.drawString(Lsun/java2d/SunGraphics2D;Ljava/lang/String;DD)V java.desktop@11 (202 bytes) @ 0x000001e7a6c48fb4 [0x000001e7a6c48340+0x0000000000000c74]
J 2795 c1 sun.java2d.pipe.ValidatePipe.drawString(Lsun/java2d/SunGraphics2D;Ljava/lang/String;DD)V java.desktop@11 (23 bytes) @ 0x000001e7a6d49f2c [0x000001e7a6d49c20+0x000000000000030c]
J 2329 c1 sun.java2d.SunGraphics2D.drawString(Ljava/lang/String;II)V java.desktop@11 (132 bytes) @ 0x000001e7a6c3c47c [0x000001e7a6c3c120+0x000000000000035c]
j  ir.farzinnasiri.Client.animations.Message.draw(Ljava/awt/Graphics2D;)V+71
J 3499 c1 ir.farzinnasiri.Client.menus.game.GameScreen.drawMessages(Ljava/awt/Graphics2D;)V (92 bytes) @ 0x000001e7a6f4ceec [0x000001e7a6f4ca60+0x000000000000048c]
J 3157 c1 ir.farzinnasiri.Client.menus.game.GameScreen.draw(Ljava/awt/Graphics2D;)V (472 bytes) @ 0x000001e7a6e548dc [0x000001e7a6e51700+0x00000000000031dc]
J 2377 c1 ir.farzinnasiri.Client.Client.render(Ljava/awt/image/BufferStrategy;)V (48 bytes) @ 0x000001e7a6c5b39c [0x000001e7a6c5af60+0x000000000000043c]
j  ir.farzinnasiri.Client.Client.run()V+81
j  java.lang.Thread.run()V+11 java.base@11
v  ~StubRoutines::call_stub

siginfo: EXCEPTION_ACCESS_VIOLATION (0xc0000005), reading address 0x00000000000000e0


Register to memory mapping:

RIP=0x00007ffbbdb14f3f freetype.dll
RAX=0x000000cbb4ffe0b0 is pointing into the stack for thread: 0x000001e7c12dc000
RBX=0x000000cbb4ffe2c0 is pointing into the stack for thread: 0x000001e7c12dc000
RCX=0x000001e7bf79d350 points into unknown readable memory
RDX=0x0 is NULL
RSP=0x000000cbb4ffe080 is pointing into the stack for thread: 0x000001e7c12dc000
RBP=0x000001e7c17b85d0 points into unknown readable memory
RSI=0x0000000000000020 is an unknown value
RDI=0x000001e7bf79d350 points into unknown readable memory
R8 =0x0000000000000020 is an unknown value
R9 =0x000000cbb4ffe108 is pointing into the stack for thread: 0x000001e7c12dc000
R10=0x0 is NULL
R11=0x000001e7c7666110 points into unknown readable memory
R12=0x0000000000000020 is an unknown value
R13=0x0 is NULL
R14=0x0000000000002fdc is an unknown value
R15=0x000001e7bf26b4a0 points into unknown readable memory


Registers:
RAX=0x000000cbb4ffe0b0, RBX=0x000000cbb4ffe2c0, RCX=0x000001e7bf79d350, RDX=0x0000000000000000
RSP=0x000000cbb4ffe080, RBP=0x000001e7c17b85d0, RSI=0x0000000000000020, RDI=0x000001e7bf79d350
R8 =0x0000000000000020, R9 =0x000000cbb4ffe108, R10=0x0000000000000000, R11=0x000001e7c7666110
R12=0x0000000000000020, R13=0x0000000000000000, R14=0x0000000000002fdc, R15=0x000001e7bf26b4a0
RIP=0x00007ffbbdb14f3f, EFLAGS=0x0000000000010246

Top of Stack: (sp=0x000000cbb4ffe080)
0x000000cbb4ffe080:   000001e7c17b85d0 000001e7c10e81f0
0x000000cbb4ffe090:   0000000000000000 00000000000000cc
0x000000cbb4ffe0a0:   000000cbb4ffe0b0 00000000000000cc
0x000000cbb4ffe0b0:   000001e7c17b0000 00007ffbbdb12a92
0x000000cbb4ffe0c0:   000001e7bf79d350 0000000000000000
0x000000cbb4ffe0d0:   0000000000000e08 000000cbb4ffe1f0
0x000000cbb4ffe0e0:   000000cbb4ffe2c0 00007ffbbdb14622
0x000000cbb4ffe0f0:   000000cbb4ff0000 0000000000000e08
0x000000cbb4ffe100:   000001e7c12d0000 00007ffbb0f60000
0x000000cbb4ffe110:   0000000000000006 000001e7c15e2490
0x000000cbb4ffe120:   0000000100000000 0006bcc0b0f624fc
0x000000cbb4ffe130:   000000000006bcc0 00007ffbdf91e93d
0x000000cbb4ffe140:   000001e7c17f8db0 00007ffbdf91e93d
0x000000cbb4ffe150:   000001e7c12dc340 00007ffbb0f624fc
0x000000cbb4ffe160:   0000000000000006 000001e7c7201830
0x000000cbb4ffe170:   000001e7c17f8db0 000001e7c7668e10 

Instructions: (pc=0x00007ffbbdb14f3f)
0x00007ffbbdb14f1f:   02 00 00 4c 8d 8c 24 88 00 00 00 44 8b f0 44 8b
0x00007ffbbdb14f2f:   c6 48 8d 44 24 30 33 d2 48 8b cf 48 89 44 24 20
0x00007ffbbdb14f3f:   41 ff 92 e0 00 00 00 80 bf 90 01 00 00 00 8b 4b
0x00007ffbbdb14f4f:   44 74 2d 4c 8b 97 d0 02 00 00 48 8d 84 24 80 00 



---------------  P R O C E S S  ---------------

Threads class SMR info:
_java_thread_list=0x000001e7c10e7ce0, length=48, elements={
0x000001e7bf120800, 0x000001e7bf12c000, 0x000001e7bf187800, 0x000001e7bf18b800,
0x000001e7bf18f000, 0x000001e7bf193800, 0x000001e7bf141800, 0x000001e7bf2e7000,
0x000001e7bf2e4000, 0x000001e7bf2e4800, 0x000001e7bf2e5800, 0x000001e7c1478800,
0x000001e7c1479000, 0x000001e7c147a000, 0x000001e7c147b800, 0x000001e7c147c800,
0x000001e7c147b000, 0x000001e7c1477800, 0x000001e7c1481800, 0x000001e7c147e000,
0x000001e7c1477000, 0x000001e7c1483000, 0x000001e7c1480800, 0x000001e7c147d800,
0x000001e7c147f000, 0x000001e7c1484000, 0x000001e7c1485800, 0x000001e7c1482000,
0x000001e7bf2e8000, 0x000001e7bf2e6800, 0x000001e7bf2e1800, 0x000001e7c12dd000,
0x000001e7c12de800, 0x000001e7c12df800, 0x000001e7c12e0000, 0x000001e7c12dc000,
0x000001e7c12e1000, 0x000001e7c12e3800, 0x000001e7c12de000, 0x000001e7c12e7000,
0x000001e7c12e2800, 0x000001e7c12e4800, 0x000001e7c12e6000, 0x000001e7c12e7800,
0x000001e7c12e2000, 0x000001e7c12e9000, 0x000001e7c1480000, 0x000001e7c12ea000
}

Java Threads: ( => current thread )
  0x000001e7bf120800 JavaThread "Reference Handler" daemon [_thread_blocked, id=6236, stack(0x000000cbad900000,0x000000cbada00000)]
  0x000001e7bf12c000 JavaThread "Finalizer" daemon [_thread_blocked, id=7784, stack(0x000000cbada00000,0x000000cbadb00000)]
  0x000001e7bf187800 JavaThread "Signal Dispatcher" daemon [_thread_blocked, id=9760, stack(0x000000cbadb00000,0x000000cbadc00000)]
  0x000001e7bf18b800 JavaThread "Attach Listener" daemon [_thread_blocked, id=11336, stack(0x000000cbadc00000,0x000000cbadd00000)]
  0x000001e7bf18f000 JavaThread "C2 CompilerThread0" daemon [_thread_blocked, id=10172, stack(0x000000cbadd00000,0x000000cbade00000)]
  0x000001e7bf193800 JavaThread "C1 CompilerThread0" daemon [_thread_blocked, id=6580, stack(0x000000cbade00000,0x000000cbadf00000)]
  0x000001e7bf141800 JavaThread "Sweeper thread" daemon [_thread_blocked, id=14220, stack(0x000000cbadf00000,0x000000cbae000000)]
  0x000001e7bf2e7000 JavaThread "Common-Cleaner" daemon [_thread_blocked, id=13976, stack(0x000000cbae000000,0x000000cbae100000)]
  0x000001e7bf2e4000 JavaThread "Monitor Ctrl-Break" daemon [_thread_in_native, id=3588, stack(0x000000cbae100000,0x000000cbae200000)]
  0x000001e7bf2e4800 JavaThread "Service Thread" daemon [_thread_blocked, id=6608, stack(0x000000cbae200000,0x000000cbae300000)]
  0x000001e7bf2e5800 JavaThread "Java2D Disposer" daemon [_thread_blocked, id=10008, stack(0x000000cbae400000,0x000000cbae500000)]
  0x000001e7c1478800 JavaThread "InvokeLaterDispatcher" daemon [_thread_blocked, id=8448, stack(0x000000cbaeb00000,0x000000cbaec00000)]
  0x000001e7c1479000 JavaThread "JavaFX Application Thread" [_thread_in_native, id=10468, stack(0x000000cbaec00000,0x000000cbaed00000)]
  0x000001e7c147a000 JavaThread "Thread-2" daemon [_thread_in_native, id=10968, stack(0x000000cbae800000,0x000000cbae900000)]
  0x000001e7c147b800 JavaThread "JFXMedia Player EventQueueThread" daemon [_thread_blocked, id=12176, stack(0x000000cbaf300000,0x000000cbaf400000)]
  0x000001e7c147c800 JavaThread "Media Resource Disposer" daemon [_thread_blocked, id=7260, stack(0x000000cbaf800000,0x000000cbaf900000)]
  0x000001e7c147b000 JavaThread "JFXMedia Player EventQueueThread" daemon [_thread_blocked, id=6704, stack(0x000000cbaf900000,0x000000cbafa00000)]
  0x000001e7c1477800 JavaThread "JFXMedia Player EventQueueThread" daemon [_thread_blocked, id=11932, stack(0x000000cbaff00000,0x000000cbb0000000)]
  0x000001e7c1481800 JavaThread "JFXMedia Player EventQueueThread" daemon [_thread_blocked, id=12636, stack(0x000000cbb0300000,0x000000cbb0400000)]
  0x000001e7c147e000 JavaThread "JFXMedia Player EventQueueThread" daemon [_thread_blocked, id=13408, stack(0x000000cbb0800000,0x000000cbb0900000)]
  0x000001e7c1477000 JavaThread "JFXMedia Player EventQueueThread" daemon [_thread_blocked, id=2992, stack(0x000000cbb0c00000,0x000000cbb0d00000)]
  0x000001e7c1483000 JavaThread "JFXMedia Player EventQueueThread" daemon [_thread_blocked, id=13152, stack(0x000000cbb1000000,0x000000cbb1100000)]
  0x000001e7c1480800 JavaThread "JFXMedia Player EventQueueThread" daemon [_thread_blocked, id=7772, stack(0x000000cbb1200000,0x000000cbb1300000)]
  0x000001e7c147d800 JavaThread "JFXMedia Player EventQueueThread" daemon [_thread_blocked, id=14244, stack(0x000000cbb1800000,0x000000cbb1900000)]
  0x000001e7c147f000 JavaThread "JFXMedia Player EventQueueThread" daemon [_thread_blocked, id=6420, stack(0x000000cbb1d00000,0x000000cbb1e00000)]
  0x000001e7c1484000 JavaThread "JFXMedia Player EventQueueThread" daemon [_thread_blocked, id=10464, stack(0x000000cbb2300000,0x000000cbb2400000)]
  0x000001e7c1485800 JavaThread "JFXMedia Player EventQueueThread" daemon [_thread_blocked, id=6940, stack(0x000000cbb2700000,0x000000cbb2800000)]
  0x000001e7c1482000 JavaThread "JFXMedia Player EventQueueThread" daemon [_thread_blocked, id=5128, stack(0x000000cbb2f00000,0x000000cbb3000000)]
  0x000001e7bf2e8000 JavaThread "JFXMedia Player EventQueueThread" daemon [_thread_blocked, id=11692, stack(0x000000cbb3300000,0x000000cbb3400000)]
  0x000001e7bf2e6800 JavaThread "JFXMedia Player EventQueueThread" daemon [_thread_blocked, id=10608, stack(0x000000cbb3600000,0x000000cbb3700000)]
  0x000001e7bf2e1800 JavaThread "JFXMedia Player EventQueueThread" daemon [_thread_blocked, id=8180, stack(0x000000cbb3b00000,0x000000cbb3c00000)]
  0x000001e7c12dd000 JavaThread "JFXMedia Player EventQueueThread" daemon [_thread_blocked, id=10864, stack(0x000000cbb4200000,0x000000cbb4300000)]
  0x000001e7c12de800 JavaThread "JFXMedia Player EventQueueThread" daemon [_thread_blocked, id=12056, stack(0x000000cbb4700000,0x000000cbb4800000)]
  0x000001e7c12df800 JavaThread "AWT-Shutdown" [_thread_blocked, id=10496, stack(0x000000cbb4d00000,0x000000cbb4e00000)]
  0x000001e7c12e0000 JavaThread "AWT-EventQueue-0" [_thread_blocked, id=3892, stack(0x000000cbb4e00000,0x000000cbb4f00000)]
=>0x000001e7c12dc000 JavaThread "Client Thread" [_thread_in_native, id=13688, stack(0x000000cbb4f00000,0x000000cbb5000000)]
  0x000001e7c12e1000 JavaThread "DestroyJavaVM" [_thread_blocked, id=9844, stack(0x000000cbad200000,0x000000cbad300000)]
  0x000001e7c12e3800 JavaThread "Timer-1" daemon [_thread_blocked, id=8108, stack(0x000000cbb5200000,0x000000cbb5300000)]
  0x000001e7c12de000 JavaThread "Connection Thread" [_thread_in_native, id=4580, stack(0x000000cbb5300000,0x000000cbb5400000)]
  0x000001e7c12e7000 JavaThread "Server Thread" [_thread_blocked, id=8104, stack(0x000000cbb5400000,0x000000cbb5500000)]
  0x000001e7c12e2800 JavaThread "text box thread" [_thread_blocked, id=7860, stack(0x000000cbb5a00000,0x000000cbb5b00000)]
  0x000001e7c12e4800 JavaThread "Connection Thread" [_thread_in_Java, id=12372, stack(0x000000cbb5000000,0x000000cbb5100000)]
  0x000001e7c12e6000 JavaThread "Server Thread" [_thread_blocked, id=6692, stack(0x000000cbb5500000,0x000000cbb5600000)]
  0x000001e7c12e7800 JavaThread "Connection thread" [_thread_in_native, id=12016, stack(0x000000cbb5600000,0x000000cbb5700000)]
  0x000001e7c12e2000 JavaThread "Receive" [_thread_in_native, id=1688, stack(0x000000cbb5800000,0x000000cbb5900000)]
  0x000001e7c12e9000 JavaThread "text box thread" [_thread_blocked, id=8552, stack(0x000000cbb5b00000,0x000000cbb5c00000)]
  0x000001e7c1480000 JavaThread "Timer-6" daemon [_thread_blocked, id=6920, stack(0x000000cbb5c00000,0x000000cbb5d00000)]
  0x000001e7c12ea000 JavaThread "Waves Handler Thread" [_thread_in_Java, id=13372, stack(0x000000cbb5700000,0x000000cbb5800000)]

Other Threads:
  0x000001e7be8f1000 VMThread "VM Thread" [stack: 0x000000cbad800000,0x000000cbad900000] [id=8068]
  0x000001e7bf4a6800 WatcherThread [stack: 0x000000cbae300000,0x000000cbae400000] [id=1784]
  0x000001e79dfa1000 GCTaskThread "GC Thread#0" [stack: 0x000000cbad300000,0x000000cbad400000] [id=4040]
  0x000001e7bfc3d000 GCTaskThread "GC Thread#1" [stack: 0x000000cbaf000000,0x000000cbaf100000] [id=4544]
  0x000001e7bfc46000 GCTaskThread "GC Thread#2" [stack: 0x000000cbaf100000,0x000000cbaf200000] [id=8724]
  0x000001e7bfc5d800 GCTaskThread "GC Thread#3" [stack: 0x000000cbaf200000,0x000000cbaf300000] [id=7832]
  0x000001e79dfe6800 ConcurrentGCThread "G1 Main Marker" [stack: 0x000000cbad400000,0x000000cbad500000] [id=8996]
  0x000001e79dfe8000 ConcurrentGCThread "G1 Conc#0" [stack: 0x000000cbad500000,0x000000cbad600000] [id=13256]
  0x000001e7be754000 ConcurrentGCThread "G1 Refine#0" [stack: 0x000000cbad600000,0x000000cbad700000] [id=12780]
  0x000001e7be756000 ConcurrentGCThread "G1 Young RemSet Sampling" [stack: 0x000000cbad700000,0x000000cbad800000] [id=8700]

Threads with active compile tasks:

VM state:not at safepoint (normal execution)

VM Mutex/Monitor currently owned by a thread: None

Heap address: 0x0000000741c00000, size: 3044 MB, Compressed Oops mode: Zero based, Oop shift amount: 3
Narrow klass base: 0x0000000800000000, Narrow klass shift: 0
Compressed class space size: 1073741824 Address: 0x0000000800000000

Heap:
 garbage-first heap   total 273408K, used 108309K [0x0000000741c00000, 0x0000000800000000)
  region size 1024K, 26 young (26624K), 1 survivors (1024K)
 Metaspace       used 24789K, capacity 25554K, committed 25728K, reserved 1073152K
  class space    used 2551K, capacity 2840K, committed 2944K, reserved 1048576K
Heap Regions: E=young(eden), S=young(survivor), O=old, HS=humongous(starts), HC=humongous(continues), CS=collection set, F=free, A=archive, TAMS=top-at-mark-start (previous, next)
|   0|0x0000000741c00000, 0x0000000741d00000, 0x0000000741d00000|100%| O|  |TAMS 0x0000000741d00000, 0x0000000741c00000| Untracked 
|   1|0x0000000741d00000, 0x0000000741e00000, 0x0000000741e00000|100%|HS|  |TAMS 0x0000000741e00000, 0x0000000741d00000| Complete 
|   2|0x0000000741e00000, 0x0000000741f00000, 0x0000000741f00000|100%|HC|  |TAMS 0x0000000741f00000, 0x0000000741e00000| Complete 
|   3|0x0000000741f00000, 0x0000000742000000, 0x0000000742000000|100%|HS|  |TAMS 0x0000000742000000, 0x0000000741f00000| Complete 
|   4|0x0000000742000000, 0x0000000742100000, 0x0000000742100000|100%|HC|  |TAMS 0x0000000742100000, 0x0000000742000000| Complete 
|   5|0x0000000742100000, 0x0000000742200000, 0x0000000742200000|100%|HS|  |TAMS 0x0000000742200000, 0x0000000742100000| Complete 
|   6|0x0000000742200000, 0x0000000742300000, 0x0000000742300000|100%|HS|  |TAMS 0x0000000742300000, 0x0000000742200000| Complete 
|   7|0x0000000742300000, 0x0000000742400000, 0x0000000742400000|100%|HC|  |TAMS 0x0000000742400000, 0x0000000742300000| Complete 
|   8|0x0000000742400000, 0x0000000742500000, 0x0000000742500000|100%|HC|  |TAMS 0x0000000742500000, 0x0000000742400000| Complete 
|   9|0x0000000742500000, 0x0000000742600000, 0x0000000742600000|100%|HS|  |TAMS 0x0000000742600000, 0x0000000742500000| Complete 
|  10|0x0000000742600000, 0x0000000742700000, 0x0000000742700000|100%|HC|  |TAMS 0x0000000742700000, 0x0000000742600000| Complete 
|  11|0x0000000742700000, 0x0000000742800000, 0x0000000742800000|100%|HC|  |TAMS 0x0000000742800000, 0x0000000742700000| Complete 
|  12|0x0000000742800000, 0x0000000742900000, 0x0000000742900000|100%|HC|  |TAMS 0x0000000742900000, 0x0000000742800000| Complete 
|  13|0x0000000742900000, 0x0000000742a00000, 0x0000000742a00000|100%|HC|  |TAMS 0x0000000742a00000, 0x0000000742900000| Complete 
|  14|0x0000000742a00000, 0x0000000742b00000, 0x0000000742b00000|100%|HC|  |TAMS 0x0000000742b00000, 0x0000000742a00000| Complete 
|  15|0x0000000742b00000, 0x0000000742c00000, 0x0000000742c00000|100%|HS|  |TAMS 0x0000000742c00000, 0x0000000742b00000| Complete 
|  16|0x0000000742c00000, 0x0000000742d00000, 0x0000000742d00000|100%|HC|  |TAMS 0x0000000742d00000, 0x0000000742c00000| Complete 
|  17|0x0000000742d00000, 0x0000000742e00000, 0x0000000742e00000|100%|HC|  |TAMS 0x0000000742e00000, 0x0000000742d00000| Complete 
|  18|0x0000000742e00000, 0x0000000742f00000, 0x0000000742f00000|100%|HC|  |TAMS 0x0000000742f00000, 0x0000000742e00000| Complete 
|  19|0x0000000742f00000, 0x0000000743000000, 0x0000000743000000|100%|HC|  |TAMS 0x0000000743000000, 0x0000000742f00000| Complete 
|  20|0x0000000743000000, 0x0000000743100000, 0x0000000743100000|100%|HS|  |TAMS 0x0000000743100000, 0x0000000743000000| Complete 
|  21|0x0000000743100000, 0x0000000743200000, 0x0000000743200000|100%|HC|  |TAMS 0x0000000743200000, 0x0000000743100000| Complete 
|  22|0x0000000743200000, 0x0000000743300000, 0x0000000743300000|100%|HC|  |TAMS 0x0000000743300000, 0x0000000743200000| Complete 
|  23|0x0000000743300000, 0x0000000743400000, 0x0000000743400000|100%|HS|  |TAMS 0x0000000743400000, 0x0000000743300000| Complete 
|  24|0x0000000743400000, 0x0000000743500000, 0x0000000743500000|100%|HC|  |TAMS 0x0000000743500000, 0x0000000743400000| Complete 
|  25|0x0000000743500000, 0x0000000743600000, 0x0000000743600000|100%|HC|  |TAMS 0x0000000743600000, 0x0000000743500000| Complete 
|  26|0x0000000743600000, 0x0000000743700000, 0x0000000743700000|100%|HC|  |TAMS 0x0000000743700000, 0x0000000743600000| Complete 
|  27|0x0000000743700000, 0x0000000743800000, 0x0000000743800000|100%|HC|  |TAMS 0x0000000743800000, 0x0000000743700000| Complete 
|  28|0x0000000743800000, 0x0000000743900000, 0x0000000743900000|100%|HC|  |TAMS 0x0000000743900000, 0x0000000743800000| Complete 
|  29|0x0000000743900000, 0x0000000743a00000, 0x0000000743a00000|100%|HC|  |TAMS 0x0000000743a00000, 0x0000000743900000| Complete 
|  30|0x0000000743a00000, 0x0000000743b00000, 0x0000000743b00000|100%|HC|  |TAMS 0x0000000743b00000, 0x0000000743a00000| Complete 
|  31|0x0000000743b00000, 0x0000000743c00000, 0x0000000743c00000|100%|HS|  |TAMS 0x0000000743c00000, 0x0000000743b00000| Complete 
|  32|0x0000000743c00000, 0x0000000743d00000, 0x0000000743d00000|100%|HC|  |TAMS 0x0000000743d00000, 0x0000000743c00000| Complete 
|  33|0x0000000743d00000, 0x0000000743e00000, 0x0000000743e00000|100%|HC|  |TAMS 0x0000000743e00000, 0x0000000743d00000| Complete 
|  34|0x0000000743e00000, 0x0000000743f00000, 0x0000000743f00000|100%|HC|  |TAMS 0x0000000743f00000, 0x0000000743e00000| Complete 
|  35|0x0000000743f00000, 0x0000000744000000, 0x0000000744000000|100%| O|  |TAMS 0x0000000744000000, 0x0000000743f00000| Untracked 
|  36|0x0000000744000000, 0x0000000744100000, 0x0000000744100000|100%| O|  |TAMS 0x0000000744100000, 0x0000000744000000| Untracked 
|  37|0x0000000744100000, 0x0000000744200000, 0x0000000744200000|100%| O|  |TAMS 0x0000000744200000, 0x0000000744100000| Untracked 
|  38|0x0000000744200000, 0x0000000744300000, 0x0000000744300000|100%| O|  |TAMS 0x0000000744300000, 0x0000000744200000| Untracked 
|  39|0x0000000744300000, 0x0000000744400000, 0x0000000744400000|100%| O|  |TAMS 0x0000000744400000, 0x0000000744300000| Untracked 
|  40|0x0000000744400000, 0x0000000744500000, 0x0000000744500000|100%| O|  |TAMS 0x0000000744500000, 0x0000000744400000| Untracked 
|  41|0x0000000744500000, 0x0000000744600000, 0x0000000744600000|100%| O|  |TAMS 0x0000000744600000, 0x0000000744500000| Untracked 
|  42|0x0000000744600000, 0x0000000744700000, 0x0000000744700000|100%| O|  |TAMS 0x0000000744700000, 0x0000000744600000| Untracked 
|  43|0x0000000744700000, 0x0000000744800000, 0x0000000744800000|100%| O|  |TAMS 0x0000000744800000, 0x0000000744700000| Untracked 
|  44|0x0000000744800000, 0x0000000744900000, 0x0000000744900000|100%| O|  |TAMS 0x0000000744900000, 0x0000000744800000| Untracked 
|  45|0x0000000744900000, 0x0000000744a00000, 0x0000000744a00000|100%| O|  |TAMS 0x0000000744a00000, 0x0000000744900000| Untracked 
|  46|0x0000000744a00000, 0x0000000744b00000, 0x0000000744b00000|100%| O|  |TAMS 0x0000000744b00000, 0x0000000744a00000| Untracked 
|  47|0x0000000744b00000, 0x0000000744c00000, 0x0000000744c00000|100%| O|  |TAMS 0x0000000744c00000, 0x0000000744b00000| Untracked 
|  48|0x0000000744c00000, 0x0000000744d00000, 0x0000000744d00000|100%| O|  |TAMS 0x0000000744d00000, 0x0000000744c00000| Untracked 
|  49|0x0000000744d00000, 0x0000000744e00000, 0x0000000744e00000|100%| O|  |TAMS 0x0000000744e00000, 0x0000000744d00000| Untracked 
|  50|0x0000000744e00000, 0x0000000744f00000, 0x0000000744f00000|100%| O|  |TAMS 0x0000000744f00000, 0x0000000744e00000| Untracked 
|  51|0x0000000744f00000, 0x0000000745000000, 0x0000000745000000|100%| O|  |TAMS 0x0000000745000000, 0x0000000744f00000| Untracked 
|  52|0x0000000745000000, 0x0000000745100000, 0x0000000745100000|100%| O|  |TAMS 0x0000000745100000, 0x0000000745000000| Untracked 
|  53|0x0000000745100000, 0x0000000745200000, 0x0000000745200000|100%| O|  |TAMS 0x0000000745200000, 0x0000000745100000| Untracked 
|  54|0x0000000745200000, 0x0000000745300000, 0x0000000745300000|100%| O|  |TAMS 0x0000000745300000, 0x0000000745200000| Untracked 
|  55|0x0000000745300000, 0x0000000745400000, 0x0000000745400000|100%| O|  |TAMS 0x0000000745400000, 0x0000000745300000| Untracked 
|  56|0x0000000745400000, 0x0000000745500000, 0x0000000745500000|100%| O|  |TAMS 0x0000000745500000, 0x0000000745400000| Untracked 
|  57|0x0000000745500000, 0x0000000745600000, 0x0000000745600000|100%| O|  |TAMS 0x0000000745600000, 0x0000000745500000| Untracked 
|  58|0x0000000745600000, 0x0000000745700000, 0x0000000745700000|100%| O|  |TAMS 0x00000007456a6200, 0x0000000745600000| Untracked 
|  59|0x0000000745700000, 0x0000000745800000, 0x0000000745800000|100%|HS|  |TAMS 0x0000000745700000, 0x0000000745700000| Complete 
|  60|0x0000000745800000, 0x0000000745900000, 0x0000000745900000|100%|HC|  |TAMS 0x0000000745800000, 0x0000000745800000| Complete 
|  61|0x0000000745900000, 0x0000000745a00000, 0x0000000745a00000|100%|HC|  |TAMS 0x0000000745900000, 0x0000000745900000| Complete 
|  62|0x0000000745a00000, 0x0000000745b00000, 0x0000000745b00000|100%|HC|  |TAMS 0x0000000745a00000, 0x0000000745a00000| Complete 
|  63|0x0000000745b00000, 0x0000000745c00000, 0x0000000745c00000|100%|HC|  |TAMS 0x0000000745b00000, 0x0000000745b00000| Complete 
|  64|0x0000000745c00000, 0x0000000745d00000, 0x0000000745d00000|100%|HC|  |TAMS 0x0000000745c00000, 0x0000000745c00000| Complete 
|  65|0x0000000745d00000, 0x0000000745e00000, 0x0000000745e00000|100%|HC|  |TAMS 0x0000000745d00000, 0x0000000745d00000| Complete 
|  66|0x0000000745e00000, 0x0000000745f00000, 0x0000000745f00000|100%|HS|  |TAMS 0x0000000745e00000, 0x0000000745e00000| Complete 
|  67|0x0000000745f00000, 0x0000000746000000, 0x0000000746000000|100%|HC|  |TAMS 0x0000000745f00000, 0x0000000745f00000| Complete 
|  68|0x0000000746000000, 0x0000000746100000, 0x0000000746100000|100%|HC|  |TAMS 0x0000000746000000, 0x0000000746000000| Complete 
|  69|0x0000000746100000, 0x0000000746200000, 0x0000000746200000|100%|HC|  |TAMS 0x0000000746100000, 0x0000000746100000| Complete 
|  70|0x0000000746200000, 0x0000000746300000, 0x0000000746300000|100%|HC|  |TAMS 0x0000000746200000, 0x0000000746200000| Complete 
|  71|0x0000000746300000, 0x0000000746400000, 0x0000000746400000|100%|HC|  |TAMS 0x0000000746300000, 0x0000000746300000| Complete 
|  72|0x0000000746400000, 0x0000000746500000, 0x0000000746500000|100%|HC|  |TAMS 0x0000000746400000, 0x0000000746400000| Complete 
|  73|0x0000000746500000, 0x0000000746600000, 0x0000000746600000|100%|HS|  |TAMS 0x0000000746500000, 0x0000000746500000| Complete 
|  74|0x0000000746600000, 0x0000000746700000, 0x0000000746700000|100%|HC|  |TAMS 0x0000000746600000, 0x0000000746600000| Complete 
|  75|0x0000000746700000, 0x0000000746800000, 0x0000000746800000|100%|HC|  |TAMS 0x0000000746700000, 0x0000000746700000| Complete 
|  76|0x0000000746800000, 0x0000000746900000, 0x0000000746900000|100%|HC|  |TAMS 0x0000000746800000, 0x0000000746800000| Complete 
|  77|0x0000000746900000, 0x0000000746a00000, 0x0000000746a00000|100%|HC|  |TAMS 0x0000000746900000, 0x0000000746900000| Complete 
|  78|0x0000000746a00000, 0x0000000746b00000, 0x0000000746b00000|100%|HC|  |TAMS 0x0000000746a00000, 0x0000000746a00000| Complete 
|  79|0x0000000746b00000, 0x0000000746c00000, 0x0000000746c00000|100%|HC|  |TAMS 0x0000000746b00000, 0x0000000746b00000| Complete 
|  80|0x0000000746c00000, 0x0000000746d00000, 0x0000000746d00000|100%| O|  |TAMS 0x0000000746c00000, 0x0000000746c00000| Untracked 
|  81|0x0000000746d00000, 0x0000000746dba600, 0x0000000746e00000| 72%| O|  |TAMS 0x0000000746d00000, 0x0000000746d00000| Untracked 
|  82|0x0000000746e00000, 0x0000000746e00000, 0x0000000746f00000|  0%| F|  |TAMS 0x0000000746e00000, 0x0000000746e00000| Untracked 
|  83|0x0000000746f00000, 0x0000000746f00000, 0x0000000747000000|  0%| F|  |TAMS 0x0000000746f00000, 0x0000000746f00000| Untracked 
|  84|0x0000000747000000, 0x0000000747000000, 0x0000000747100000|  0%| F|  |TAMS 0x0000000747000000, 0x0000000747000000| Untracked 
|  85|0x0000000747100000, 0x0000000747100000, 0x0000000747200000|  0%| F|  |TAMS 0x0000000747100000, 0x0000000747100000| Untracked 
|  86|0x0000000747200000, 0x0000000747200000, 0x0000000747300000|  0%| F|  |TAMS 0x0000000747200000, 0x0000000747200000| Untracked 
|  87|0x0000000747300000, 0x0000000747300000, 0x0000000747400000|  0%| F|  |TAMS 0x0000000747300000, 0x0000000747300000| Untracked 
|  88|0x0000000747400000, 0x0000000747400000, 0x0000000747500000|  0%| F|  |TAMS 0x0000000747400000, 0x0000000747400000| Untracked 
|  89|0x0000000747500000, 0x0000000747500000, 0x0000000747600000|  0%| F|  |TAMS 0x0000000747500000, 0x0000000747500000| Untracked 
|  90|0x0000000747600000, 0x0000000747600000, 0x0000000747700000|  0%| F|  |TAMS 0x0000000747600000, 0x0000000747600000| Untracked 
|  91|0x0000000747700000, 0x0000000747700000, 0x0000000747800000|  0%| F|  |TAMS 0x0000000747700000, 0x0000000747700000| Untracked 
|  92|0x0000000747800000, 0x0000000747800000, 0x0000000747900000|  0%| F|  |TAMS 0x0000000747800000, 0x0000000747800000| Untracked 
|  93|0x0000000747900000, 0x0000000747900000, 0x0000000747a00000|  0%| F|  |TAMS 0x0000000747900000, 0x0000000747900000| Untracked 
|  94|0x0000000747a00000, 0x0000000747a00000, 0x0000000747b00000|  0%| F|  |TAMS 0x0000000747a00000, 0x0000000747a00000| Untracked 
|  95|0x0000000747b00000, 0x0000000747b00000, 0x0000000747c00000|  0%| F|  |TAMS 0x0000000747b00000, 0x0000000747b00000| Untracked 
|  96|0x0000000747c00000, 0x0000000747c00000, 0x0000000747d00000|  0%| F|  |TAMS 0x0000000747c00000, 0x0000000747c00000| Untracked 
|  97|0x0000000747d00000, 0x0000000747d00000, 0x0000000747e00000|  0%| F|  |TAMS 0x0000000747d00000, 0x0000000747d00000| Untracked 
|  98|0x0000000747e00000, 0x0000000747e00000, 0x0000000747f00000|  0%| F|  |TAMS 0x0000000747e00000, 0x0000000747e00000| Untracked 
|  99|0x0000000747f00000, 0x0000000747f00000, 0x0000000748000000|  0%| F|  |TAMS 0x0000000747f00000, 0x0000000747f00000| Untracked 
| 100|0x0000000748000000, 0x0000000748000000, 0x0000000748100000|  0%| F|  |TAMS 0x0000000748000000, 0x0000000748000000| Untracked 
| 101|0x0000000748100000, 0x0000000748100000, 0x0000000748200000|  0%| F|  |TAMS 0x0000000748100000, 0x0000000748100000| Untracked 
| 102|0x0000000748200000, 0x0000000748200000, 0x0000000748300000|  0%| F|  |TAMS 0x0000000748200000, 0x0000000748200000| Untracked 
| 103|0x0000000748300000, 0x0000000748300000, 0x0000000748400000|  0%| F|  |TAMS 0x0000000748300000, 0x0000000748300000| Untracked 
| 104|0x0000000748400000, 0x0000000748400000, 0x0000000748500000|  0%| F|  |TAMS 0x0000000748400000, 0x0000000748400000| Untracked 
| 105|0x0000000748500000, 0x0000000748500000, 0x0000000748600000|  0%| F|  |TAMS 0x0000000748500000, 0x0000000748500000| Untracked 
| 106|0x0000000748600000, 0x0000000748600000, 0x0000000748700000|  0%| F|  |TAMS 0x0000000748600000, 0x0000000748600000| Untracked 
| 107|0x0000000748700000, 0x0000000748700000, 0x0000000748800000|  0%| F|  |TAMS 0x0000000748700000, 0x0000000748700000| Untracked 
| 108|0x0000000748800000, 0x0000000748800000, 0x0000000748900000|  0%| F|  |TAMS 0x0000000748800000, 0x0000000748800000| Untracked 
| 109|0x0000000748900000, 0x0000000748900000, 0x0000000748a00000|  0%| F|  |TAMS 0x0000000748900000, 0x0000000748900000| Untracked 
| 110|0x0000000748a00000, 0x0000000748a0afb0, 0x0000000748b00000|  4%| S|CS|TAMS 0x0000000748a00000, 0x0000000748a00000| Complete 
| 111|0x0000000748b00000, 0x0000000748b00000, 0x0000000748c00000|  0%| F|  |TAMS 0x0000000748b00000, 0x0000000748b00000| Untracked 
| 112|0x0000000748c00000, 0x0000000748c00000, 0x0000000748d00000|  0%| F|  |TAMS 0x0000000748c00000, 0x0000000748c00000| Untracked 
| 113|0x0000000748d00000, 0x0000000748d00000, 0x0000000748e00000|  0%| F|  |TAMS 0x0000000748d00000, 0x0000000748d00000| Untracked 
| 114|0x0000000748e00000, 0x0000000748e00000, 0x0000000748f00000|  0%| F|  |TAMS 0x0000000748e00000, 0x0000000748e00000| Untracked 
| 115|0x0000000748f00000, 0x0000000748f00000, 0x0000000749000000|  0%| F|  |TAMS 0x0000000748f00000, 0x0000000748f00000| Untracked 
| 116|0x0000000749000000, 0x0000000749000000, 0x0000000749100000|  0%| F|  |TAMS 0x0000000749000000, 0x0000000749000000| Untracked 
| 117|0x0000000749100000, 0x0000000749100000, 0x0000000749200000|  0%| F|  |TAMS 0x0000000749100000, 0x0000000749100000| Untracked 
| 118|0x0000000749200000, 0x0000000749200000, 0x0000000749300000|  0%| F|  |TAMS 0x0000000749200000, 0x0000000749200000| Untracked 
| 119|0x0000000749300000, 0x0000000749300000, 0x0000000749400000|  0%| F|  |TAMS 0x0000000749300000, 0x0000000749300000| Untracked 
| 120|0x0000000749400000, 0x0000000749400000, 0x0000000749500000|  0%| F|  |TAMS 0x0000000749400000, 0x0000000749400000| Untracked 
| 121|0x0000000749500000, 0x0000000749500000, 0x0000000749600000|  0%| F|  |TAMS 0x0000000749500000, 0x0000000749500000| Untracked 
| 122|0x0000000749600000, 0x0000000749600000, 0x0000000749700000|  0%| F|  |TAMS 0x0000000749600000, 0x0000000749600000| Untracked 
| 123|0x0000000749700000, 0x0000000749700000, 0x0000000749800000|  0%| F|  |TAMS 0x0000000749700000, 0x0000000749700000| Untracked 
| 124|0x0000000749800000, 0x0000000749800000, 0x0000000749900000|  0%| F|  |TAMS 0x0000000749800000, 0x0000000749800000| Untracked 
| 125|0x0000000749900000, 0x0000000749900000, 0x0000000749a00000|  0%| F|  |TAMS 0x0000000749900000, 0x0000000749900000| Untracked 
| 126|0x0000000749a00000, 0x0000000749a00000, 0x0000000749b00000|  0%| F|  |TAMS 0x0000000749a00000, 0x0000000749a00000| Untracked 
| 127|0x0000000749b00000, 0x0000000749b00000, 0x0000000749c00000|  0%| F|  |TAMS 0x0000000749b00000, 0x0000000749b00000| Untracked 
| 128|0x0000000749c00000, 0x0000000749c00000, 0x0000000749d00000|  0%| F|  |TAMS 0x0000000749c00000, 0x0000000749c00000| Untracked 
| 129|0x0000000749d00000, 0x0000000749d00000, 0x0000000749e00000|  0%| F|  |TAMS 0x0000000749d00000, 0x0000000749d00000| Untracked 
| 130|0x0000000749e00000, 0x0000000749e00000, 0x0000000749f00000|  0%| F|  |TAMS 0x0000000749e00000, 0x0000000749e00000| Untracked 
| 131|0x0000000749f00000, 0x0000000749f00000, 0x000000074a000000|  0%| F|  |TAMS 0x0000000749f00000, 0x0000000749f00000| Untracked 
| 132|0x000000074a000000, 0x000000074a000000, 0x000000074a100000|  0%| F|  |TAMS 0x000000074a000000, 0x000000074a000000| Untracked 
| 133|0x000000074a100000, 0x000000074a100000, 0x000000074a200000|  0%| F|  |TAMS 0x000000074a100000, 0x000000074a100000| Untracked 
| 134|0x000000074a200000, 0x000000074a200000, 0x000000074a300000|  0%| F|  |TAMS 0x000000074a200000, 0x000000074a200000| Untracked 
| 135|0x000000074a300000, 0x000000074a300000, 0x000000074a400000|  0%| F|  |TAMS 0x000000074a300000, 0x000000074a300000| Untracked 
| 136|0x000000074a400000, 0x000000074a400000, 0x000000074a500000|  0%| F|  |TAMS 0x000000074a400000, 0x000000074a400000| Untracked 
| 137|0x000000074a500000, 0x000000074a500000, 0x000000074a600000|  0%| F|  |TAMS 0x000000074a500000, 0x000000074a500000| Untracked 
| 138|0x000000074a600000, 0x000000074a600000, 0x000000074a700000|  0%| F|  |TAMS 0x000000074a600000, 0x000000074a600000| Untracked 
| 139|0x000000074a700000, 0x000000074a700000, 0x000000074a800000|  0%| F|  |TAMS 0x000000074a700000, 0x000000074a700000| Untracked 
| 140|0x000000074a800000, 0x000000074a800000, 0x000000074a900000|  0%| F|  |TAMS 0x000000074a800000, 0x000000074a800000| Untracked 
| 141|0x000000074a900000, 0x000000074a900000, 0x000000074aa00000|  0%| F|  |TAMS 0x000000074a900000, 0x000000074a900000| Untracked 
| 142|0x000000074aa00000, 0x000000074aa00000, 0x000000074ab00000|  0%| F|  |TAMS 0x000000074aa00000, 0x000000074aa00000| Untracked 
| 143|0x000000074ab00000, 0x000000074ab00000, 0x000000074ac00000|  0%| F|  |TAMS 0x000000074ab00000, 0x000000074ab00000| Untracked 
| 144|0x000000074ac00000, 0x000000074ac00000, 0x000000074ad00000|  0%| F|  |TAMS 0x000000074ac00000, 0x000000074ac00000| Untracked 
| 145|0x000000074ad00000, 0x000000074ad00000, 0x000000074ae00000|  0%| F|  |TAMS 0x000000074ad00000, 0x000000074ad00000| Untracked 
| 146|0x000000074ae00000, 0x000000074ae00000, 0x000000074af00000|  0%| F|  |TAMS 0x000000074ae00000, 0x000000074ae00000| Untracked 
| 147|0x000000074af00000, 0x000000074af00000, 0x000000074b000000|  0%| F|  |TAMS 0x000000074af00000, 0x000000074af00000| Untracked 
| 148|0x000000074b000000, 0x000000074b000000, 0x000000074b100000|  0%| F|  |TAMS 0x000000074b000000, 0x000000074b000000| Untracked 
| 149|0x000000074b100000, 0x000000074b100000, 0x000000074b200000|  0%| F|  |TAMS 0x000000074b100000, 0x000000074b100000| Untracked 
| 150|0x000000074b200000, 0x000000074b200000, 0x000000074b300000|  0%| F|  |TAMS 0x000000074b200000, 0x000000074b200000| Untracked 
| 151|0x000000074b300000, 0x000000074b300000, 0x000000074b400000|  0%| F|  |TAMS 0x000000074b300000, 0x000000074b300000| Untracked 
| 152|0x000000074b400000, 0x000000074b400000, 0x000000074b500000|  0%| F|  |TAMS 0x000000074b400000, 0x000000074b400000| Untracked 
| 153|0x000000074b500000, 0x000000074b500000, 0x000000074b600000|  0%| F|  |TAMS 0x000000074b500000, 0x000000074b500000| Untracked 
| 154|0x000000074b600000, 0x000000074b600000, 0x000000074b700000|  0%| F|  |TAMS 0x000000074b600000, 0x000000074b600000| Untracked 
| 155|0x000000074b700000, 0x000000074b700000, 0x000000074b800000|  0%| F|  |TAMS 0x000000074b700000, 0x000000074b700000| Untracked 
| 156|0x000000074b800000, 0x000000074b800000, 0x000000074b900000|  0%| F|  |TAMS 0x000000074b800000, 0x000000074b800000| Untracked 
| 157|0x000000074b900000, 0x000000074b900000, 0x000000074ba00000|  0%| F|  |TAMS 0x000000074b900000, 0x000000074b900000| Untracked 
| 158|0x000000074ba00000, 0x000000074ba00000, 0x000000074bb00000|  0%| F|  |TAMS 0x000000074ba00000, 0x000000074ba00000| Untracked 
| 159|0x000000074bb00000, 0x000000074bb00000, 0x000000074bc00000|  0%| F|  |TAMS 0x000000074bb00000, 0x000000074bb00000| Untracked 
| 160|0x000000074bc00000, 0x000000074bc00000, 0x000000074bd00000|  0%| F|  |TAMS 0x000000074bc00000, 0x000000074bc00000| Untracked 
| 161|0x000000074bd00000, 0x000000074bd00000, 0x000000074be00000|  0%| F|  |TAMS 0x000000074bd00000, 0x000000074bd00000| Untracked 
| 162|0x000000074be00000, 0x000000074be00000, 0x000000074bf00000|  0%| F|  |TAMS 0x000000074be00000, 0x000000074be00000| Untracked 
| 163|0x000000074bf00000, 0x000000074bf00000, 0x000000074c000000|  0%| F|  |TAMS 0x000000074bf00000, 0x000000074bf00000| Untracked 
| 164|0x000000074c000000, 0x000000074c000000, 0x000000074c100000|  0%| F|  |TAMS 0x000000074c000000, 0x000000074c000000| Untracked 
| 165|0x000000074c100000, 0x000000074c100000, 0x000000074c200000|  0%| F|  |TAMS 0x000000074c100000, 0x000000074c100000| Untracked 
| 166|0x000000074c200000, 0x000000074c200000, 0x000000074c300000|  0%| F|  |TAMS 0x000000074c200000, 0x000000074c200000| Untracked 
| 167|0x000000074c300000, 0x000000074c300000, 0x000000074c400000|  0%| F|  |TAMS 0x000000074c300000, 0x000000074c300000| Untracked 
| 168|0x000000074c400000, 0x000000074c400000, 0x000000074c500000|  0%| F|  |TAMS 0x000000074c400000, 0x000000074c400000| Untracked 
| 169|0x000000074c500000, 0x000000074c500000, 0x000000074c600000|  0%| F|  |TAMS 0x000000074c500000, 0x000000074c500000| Untracked 
| 170|0x000000074c600000, 0x000000074c600000, 0x000000074c700000|  0%| F|  |TAMS 0x000000074c600000, 0x000000074c600000| Untracked 
| 171|0x000000074c700000, 0x000000074c700000, 0x000000074c800000|  0%| F|  |TAMS 0x000000074c700000, 0x000000074c700000| Untracked 
| 172|0x000000074c800000, 0x000000074c800000, 0x000000074c900000|  0%| F|  |TAMS 0x000000074c800000, 0x000000074c800000| Untracked 
| 173|0x000000074c900000, 0x000000074c900000, 0x000000074ca00000|  0%| F|  |TAMS 0x000000074c900000, 0x000000074c900000| Untracked 
| 174|0x000000074ca00000, 0x000000074ca00000, 0x000000074cb00000|  0%| F|  |TAMS 0x000000074ca00000, 0x000000074ca00000| Untracked 
| 175|0x000000074cb00000, 0x000000074cb00000, 0x000000074cc00000|  0%| F|  |TAMS 0x000000074cb00000, 0x000000074cb00000| Untracked 
| 176|0x000000074cc00000, 0x000000074cc00000, 0x000000074cd00000|  0%| F|  |TAMS 0x000000074cc00000, 0x000000074cc00000| Untracked 
| 177|0x000000074cd00000, 0x000000074cd00000, 0x000000074ce00000|  0%| F|  |TAMS 0x000000074cd00000, 0x000000074cd00000| Untracked 
| 178|0x000000074ce00000, 0x000000074ce00000, 0x000000074cf00000|  0%| F|  |TAMS 0x000000074ce00000, 0x000000074ce00000| Untracked 
| 179|0x000000074cf00000, 0x000000074cf00000, 0x000000074d000000|  0%| F|  |TAMS 0x000000074cf00000, 0x000000074cf00000| Untracked 
| 180|0x000000074d000000, 0x000000074d000000, 0x000000074d100000|  0%| F|  |TAMS 0x000000074d000000, 0x000000074d000000| Untracked 
| 181|0x000000074d100000, 0x000000074d100000, 0x000000074d200000|  0%| F|  |TAMS 0x000000074d100000, 0x000000074d100000| Untracked 
| 182|0x000000074d200000, 0x000000074d200000, 0x000000074d300000|  0%| F|  |TAMS 0x000000074d200000, 0x000000074d200000| Untracked 
| 183|0x000000074d300000, 0x000000074d300000, 0x000000074d400000|  0%| F|  |TAMS 0x000000074d300000, 0x000000074d300000| Untracked 
| 184|0x000000074d400000, 0x000000074d400000, 0x000000074d500000|  0%| F|  |TAMS 0x000000074d400000, 0x000000074d400000| Untracked 
| 185|0x000000074d500000, 0x000000074d500000, 0x000000074d600000|  0%| F|  |TAMS 0x000000074d500000, 0x000000074d500000| Untracked 
| 186|0x000000074d600000, 0x000000074d600000, 0x000000074d700000|  0%| F|  |TAMS 0x000000074d600000, 0x000000074d600000| Untracked 
| 187|0x000000074d700000, 0x000000074d700000, 0x000000074d800000|  0%| F|  |TAMS 0x000000074d700000, 0x000000074d700000| Untracked 
| 188|0x000000074d800000, 0x000000074d800000, 0x000000074d900000|  0%| F|  |TAMS 0x000000074d800000, 0x000000074d800000| Untracked 
| 189|0x000000074d900000, 0x000000074d900000, 0x000000074da00000|  0%| F|  |TAMS 0x000000074d900000, 0x000000074d900000| Untracked 
| 190|0x000000074da00000, 0x000000074da00000, 0x000000074db00000|  0%| F|  |TAMS 0x000000074da00000, 0x000000074da00000| Untracked 
| 191|0x000000074db00000, 0x000000074db00000, 0x000000074dc00000|  0%| F|  |TAMS 0x000000074db00000, 0x000000074db00000| Untracked 
| 192|0x000000074dc00000, 0x000000074dc00000, 0x000000074dd00000|  0%| F|  |TAMS 0x000000074dc00000, 0x000000074dc00000| Untracked 
| 193|0x000000074dd00000, 0x000000074dd00000, 0x000000074de00000|  0%| F|  |TAMS 0x000000074dd00000, 0x000000074dd00000| Untracked 
| 194|0x000000074de00000, 0x000000074de00000, 0x000000074df00000|  0%| F|  |TAMS 0x000000074de00000, 0x000000074de00000| Untracked 
| 195|0x000000074df00000, 0x000000074df00000, 0x000000074e000000|  0%| F|  |TAMS 0x000000074df00000, 0x000000074df00000| Untracked 
| 196|0x000000074e000000, 0x000000074e000000, 0x000000074e100000|  0%| F|  |TAMS 0x000000074e000000, 0x000000074e000000| Untracked 
| 197|0x000000074e100000, 0x000000074e100000, 0x000000074e200000|  0%| F|  |TAMS 0x000000074e100000, 0x000000074e100000| Untracked 
| 198|0x000000074e200000, 0x000000074e200000, 0x000000074e300000|  0%| F|  |TAMS 0x000000074e200000, 0x000000074e200000| Untracked 
| 199|0x000000074e300000, 0x000000074e300000, 0x000000074e400000|  0%| F|  |TAMS 0x000000074e300000, 0x000000074e300000| Untracked 
| 200|0x000000074e400000, 0x000000074e400000, 0x000000074e500000|  0%| F|  |TAMS 0x000000074e400000, 0x000000074e400000| Untracked 
| 201|0x000000074e500000, 0x000000074e500000, 0x000000074e600000|  0%| F|  |TAMS 0x000000074e500000, 0x000000074e500000| Untracked 
| 202|0x000000074e600000, 0x000000074e600000, 0x000000074e700000|  0%| F|  |TAMS 0x000000074e600000, 0x000000074e600000| Untracked 
| 203|0x000000074e700000, 0x000000074e700000, 0x000000074e800000|  0%| F|  |TAMS 0x000000074e700000, 0x000000074e700000| Untracked 
| 204|0x000000074e800000, 0x000000074e800000, 0x000000074e900000|  0%| F|  |TAMS 0x000000074e800000, 0x000000074e800000| Untracked 
| 205|0x000000074e900000, 0x000000074e900000, 0x000000074ea00000|  0%| F|  |TAMS 0x000000074e900000, 0x000000074e900000| Untracked 
| 206|0x000000074ea00000, 0x000000074ea00000, 0x000000074eb00000|  0%| F|  |TAMS 0x000000074ea00000, 0x000000074ea00000| Untracked 
| 207|0x000000074eb00000, 0x000000074eb00000, 0x000000074ec00000|  0%| F|  |TAMS 0x000000074eb00000, 0x000000074eb00000| Untracked 
| 208|0x000000074ec00000, 0x000000074ec00000, 0x000000074ed00000|  0%| F|  |TAMS 0x000000074ec00000, 0x000000074ec00000| Untracked 
| 209|0x000000074ed00000, 0x000000074ed00000, 0x000000074ee00000|  0%| F|  |TAMS 0x000000074ed00000, 0x000000074ed00000| Untracked 
| 210|0x000000074ee00000, 0x000000074ee00000, 0x000000074ef00000|  0%| F|  |TAMS 0x000000074ee00000, 0x000000074ee00000| Untracked 
| 211|0x000000074ef00000, 0x000000074ef00000, 0x000000074f000000|  0%| F|  |TAMS 0x000000074ef00000, 0x000000074ef00000| Untracked 
| 212|0x000000074f000000, 0x000000074f000000, 0x000000074f100000|  0%| F|  |TAMS 0x000000074f000000, 0x000000074f000000| Untracked 
| 213|0x000000074f100000, 0x000000074f100000, 0x000000074f200000|  0%| F|  |TAMS 0x000000074f100000, 0x000000074f100000| Untracked 
| 214|0x000000074f200000, 0x000000074f200000, 0x000000074f300000|  0%| F|  |TAMS 0x000000074f200000, 0x000000074f200000| Untracked 
| 215|0x000000074f300000, 0x000000074f300000, 0x000000074f400000|  0%| F|  |TAMS 0x000000074f300000, 0x000000074f300000| Untracked 
| 216|0x000000074f400000, 0x000000074f400000, 0x000000074f500000|  0%| F|  |TAMS 0x000000074f400000, 0x000000074f400000| Untracked 
| 217|0x000000074f500000, 0x000000074f500000, 0x000000074f600000|  0%| F|  |TAMS 0x000000074f500000, 0x000000074f500000| Untracked 
| 218|0x000000074f600000, 0x000000074f600000, 0x000000074f700000|  0%| F|  |TAMS 0x000000074f600000, 0x000000074f600000| Untracked 
| 219|0x000000074f700000, 0x000000074f700000, 0x000000074f800000|  0%| F|  |TAMS 0x000000074f700000, 0x000000074f700000| Untracked 
| 220|0x000000074f800000, 0x000000074f800000, 0x000000074f900000|  0%| F|  |TAMS 0x000000074f800000, 0x000000074f800000| Untracked 
| 221|0x000000074f900000, 0x000000074f900000, 0x000000074fa00000|  0%| F|  |TAMS 0x000000074f900000, 0x000000074f900000| Untracked 
| 222|0x000000074fa00000, 0x000000074fa00000, 0x000000074fb00000|  0%| F|  |TAMS 0x000000074fa00000, 0x000000074fa00000| Untracked 
| 223|0x000000074fb00000, 0x000000074fb00000, 0x000000074fc00000|  0%| F|  |TAMS 0x000000074fb00000, 0x000000074fb00000| Untracked 
| 224|0x000000074fc00000, 0x000000074fc00000, 0x000000074fd00000|  0%| F|  |TAMS 0x000000074fc00000, 0x000000074fc00000| Untracked 
| 225|0x000000074fd00000, 0x000000074fd00000, 0x000000074fe00000|  0%| F|  |TAMS 0x000000074fd00000, 0x000000074fd00000| Untracked 
| 226|0x000000074fe00000, 0x000000074fe00000, 0x000000074ff00000|  0%| F|  |TAMS 0x000000074fe00000, 0x000000074fe00000| Untracked 
| 227|0x000000074ff00000, 0x000000074ff00000, 0x0000000750000000|  0%| F|  |TAMS 0x000000074ff00000, 0x000000074ff00000| Untracked 
| 228|0x0000000750000000, 0x0000000750000000, 0x0000000750100000|  0%| F|  |TAMS 0x0000000750000000, 0x0000000750000000| Untracked 
| 229|0x0000000750100000, 0x0000000750100000, 0x0000000750200000|  0%| F|  |TAMS 0x0000000750100000, 0x0000000750100000| Untracked 
| 230|0x0000000750200000, 0x0000000750200000, 0x0000000750300000|  0%| F|  |TAMS 0x0000000750200000, 0x0000000750200000| Untracked 
| 231|0x0000000750300000, 0x0000000750300000, 0x0000000750400000|  0%| F|  |TAMS 0x0000000750300000, 0x0000000750300000| Untracked 
| 232|0x0000000750400000, 0x0000000750400000, 0x0000000750500000|  0%| F|  |TAMS 0x0000000750400000, 0x0000000750400000| Untracked 
| 233|0x0000000750500000, 0x0000000750500000, 0x0000000750600000|  0%| F|  |TAMS 0x0000000750500000, 0x0000000750500000| Untracked 
| 234|0x0000000750600000, 0x0000000750600000, 0x0000000750700000|  0%| F|  |TAMS 0x0000000750600000, 0x0000000750600000| Untracked 
| 235|0x0000000750700000, 0x0000000750700000, 0x0000000750800000|  0%| F|  |TAMS 0x0000000750700000, 0x0000000750700000| Untracked 
| 236|0x0000000750800000, 0x0000000750800000, 0x0000000750900000|  0%| F|  |TAMS 0x0000000750800000, 0x0000000750800000| Untracked 
| 237|0x0000000750900000, 0x0000000750900000, 0x0000000750a00000|  0%| F|  |TAMS 0x0000000750900000, 0x0000000750900000| Untracked 
| 238|0x0000000750a00000, 0x0000000750a81250, 0x0000000750b00000| 50%| E|  |TAMS 0x0000000750a00000, 0x0000000750a00000| Complete 
| 239|0x0000000750b00000, 0x0000000750c00000, 0x0000000750c00000|100%| E|CS|TAMS 0x0000000750b00000, 0x0000000750b00000| Complete 
| 240|0x0000000750c00000, 0x0000000750d00000, 0x0000000750d00000|100%| E|CS|TAMS 0x0000000750c00000, 0x0000000750c00000| Complete 
| 241|0x0000000750d00000, 0x0000000750e00000, 0x0000000750e00000|100%| E|CS|TAMS 0x0000000750d00000, 0x0000000750d00000| Complete 
| 242|0x0000000750e00000, 0x0000000750f00000, 0x0000000750f00000|100%| E|CS|TAMS 0x0000000750e00000, 0x0000000750e00000| Complete 
| 243|0x0000000750f00000, 0x0000000751000000, 0x0000000751000000|100%| E|CS|TAMS 0x0000000750f00000, 0x0000000750f00000| Complete 
| 244|0x0000000751000000, 0x0000000751100000, 0x0000000751100000|100%| E|CS|TAMS 0x0000000751000000, 0x0000000751000000| Complete 
| 245|0x0000000751100000, 0x0000000751200000, 0x0000000751200000|100%| E|CS|TAMS 0x0000000751100000, 0x0000000751100000| Complete 
| 246|0x0000000751200000, 0x0000000751300000, 0x0000000751300000|100%| E|CS|TAMS 0x0000000751200000, 0x0000000751200000| Complete 
| 247|0x0000000751300000, 0x0000000751400000, 0x0000000751400000|100%| E|CS|TAMS 0x0000000751300000, 0x0000000751300000| Complete 
| 248|0x0000000751400000, 0x0000000751500000, 0x0000000751500000|100%| E|CS|TAMS 0x0000000751400000, 0x0000000751400000| Complete 
| 249|0x0000000751500000, 0x0000000751600000, 0x0000000751600000|100%| E|CS|TAMS 0x0000000751500000, 0x0000000751500000| Complete 
| 250|0x0000000751600000, 0x0000000751700000, 0x0000000751700000|100%| E|CS|TAMS 0x0000000751600000, 0x0000000751600000| Complete 
| 251|0x0000000751700000, 0x0000000751800000, 0x0000000751800000|100%| E|CS|TAMS 0x0000000751700000, 0x0000000751700000| Complete 
| 252|0x0000000751800000, 0x0000000751900000, 0x0000000751900000|100%| E|CS|TAMS 0x0000000751800000, 0x0000000751800000| Complete 
| 253|0x0000000751900000, 0x0000000751a00000, 0x0000000751a00000|100%| E|CS|TAMS 0x0000000751900000, 0x0000000751900000| Complete 
| 254|0x0000000751a00000, 0x0000000751b00000, 0x0000000751b00000|100%| E|CS|TAMS 0x0000000751a00000, 0x0000000751a00000| Complete 
| 255|0x0000000751b00000, 0x0000000751c00000, 0x0000000751c00000|100%| E|CS|TAMS 0x0000000751b00000, 0x0000000751b00000| Complete 
| 256|0x0000000751c00000, 0x0000000751d00000, 0x0000000751d00000|100%| E|CS|TAMS 0x0000000751c00000, 0x0000000751c00000| Complete 
| 257|0x0000000751d00000, 0x0000000751e00000, 0x0000000751e00000|100%| E|CS|TAMS 0x0000000751d00000, 0x0000000751d00000| Complete 
| 258|0x0000000751e00000, 0x0000000751f00000, 0x0000000751f00000|100%| E|CS|TAMS 0x0000000751e00000, 0x0000000751e00000| Complete 
| 259|0x0000000751f00000, 0x0000000752000000, 0x0000000752000000|100%| E|CS|TAMS 0x0000000751f00000, 0x0000000751f00000| Complete 
| 260|0x0000000752000000, 0x0000000752100000, 0x0000000752100000|100%| E|CS|TAMS 0x0000000752000000, 0x0000000752000000| Complete 
| 261|0x0000000752100000, 0x0000000752200000, 0x0000000752200000|100%| E|CS|TAMS 0x0000000752100000, 0x0000000752100000| Complete 
| 262|0x0000000752200000, 0x0000000752300000, 0x0000000752300000|100%| E|CS|TAMS 0x0000000752200000, 0x0000000752200000| Complete 
| 263|0x0000000752300000, 0x0000000752400000, 0x0000000752400000|100%| E|CS|TAMS 0x0000000752300000, 0x0000000752300000| Complete 
| 264|0x0000000752400000, 0x0000000752500000, 0x0000000752500000|100%| E|CS|TAMS 0x0000000752400000, 0x0000000752400000| Complete 
| 265|0x0000000752500000, 0x0000000752600000, 0x0000000752600000|100%| E|CS|TAMS 0x0000000752500000, 0x0000000752500000| Complete 
| 266|0x0000000752600000, 0x0000000752700000, 0x0000000752700000|100%| E|CS|TAMS 0x0000000752600000, 0x0000000752600000| Complete 

Card table byte_map: [0x000001e7b58b0000,0x000001e7b5eb0000] _byte_map_base: 0x000001e7b1ea2000

Marking Bits (Prev, Next): (CMBitMap*) 0x000001e79dfd9d90, (CMBitMap*) 0x000001e79dfd9d58
 Prev Bits: [0x000001e7b9440000, 0x000001e7bc3d0000)
 Next Bits: [0x000001e7b64b0000, 0x000001e7b9440000)

Polling page: 0x000001e79bf90000

Metaspace:

Usage:
  Non-class:     22.18 MB capacity,    21.72 MB ( 98%) used,   398.08 KB (  2%) free+waste,    77.50 KB ( <1%) overhead. 
      Class:      2.77 MB capacity,     2.49 MB ( 90%) used,   249.99 KB (  9%) free+waste,    38.75 KB (  1%) overhead. 
       Both:     24.96 MB capacity,    24.21 MB ( 97%) used,   648.07 KB (  3%) free+waste,   116.25 KB ( <1%) overhead. 

Virtual space:
  Non-class space:       24.00 MB reserved,      22.25 MB ( 93%) committed 
      Class space:        1.00 GB reserved,       2.88 MB ( <1%) committed 
             Both:        1.02 GB reserved,      25.13 MB (  2%) committed 

Chunk freelists:
   Non-Class:  768 bytes
       Class:  1.00 KB
        Both:  1.75 KB

CodeHeap 'non-profiled nmethods': size=120064Kb used=1928Kb max_used=1928Kb free=118135Kb
 bounds [0x000001e7add70000, 0x000001e7adfe0000, 0x000001e7b52b0000]
CodeHeap 'profiled nmethods': size=120000Kb used=7231Kb max_used=7231Kb free=112768Kb
 bounds [0x000001e7a6840000, 0x000001e7a6f60000, 0x000001e7add70000]
CodeHeap 'non-nmethods': size=5696Kb used=1322Kb max_used=1356Kb free=4373Kb
 bounds [0x000001e7a62b0000, 0x000001e7a6520000, 0x000001e7a6840000]
 total_blobs=5258 nmethods=3251 adapters=639
 compilation: enabled
              stopped_count=0, restarted_count=0
 full_count=0

Compilation events (10 events):
Event: 30.301 Thread 0x000001e7bf193800 nmethod 3512 0x000001e7adf4bc10 code [0x000001e7adf4bdc0, 0x000001e7adf4bed8]
Event: 30.301 Thread 0x000001e7bf193800 3513       1       ir.farzinnasiri.Utils.PlayerProperties::getFood (5 bytes)
Event: 30.301 Thread 0x000001e7bf193800 nmethod 3513 0x000001e7adf4bf90 code [0x000001e7adf4c140, 0x000001e7adf4c258]
Event: 30.319 Thread 0x000001e7bf18f000 nmethod 3509 0x000001e7adf4c310 code [0x000001e7adf4c560, 0x000001e7adf4d140]
Event: 30.323 Thread 0x000001e7bf18f000 3514       4       java.awt.geom.Path2D$Float::append (229 bytes)
Event: 30.388 Thread 0x000001e7bf18f000 nmethod 3514 0x000001e7adf4dd10 code [0x000001e7adf4dfc0, 0x000001e7adf50de0]
Event: 30.395 Thread 0x000001e7bf193800 3515       1       java.util.concurrent.CopyOnWriteArrayList::getArray (5 bytes)
Event: 30.395 Thread 0x000001e7bf193800 nmethod 3515 0x000001e7adf51d90 code [0x000001e7adf51f40, 0x000001e7adf52058]
Event: 30.485 Thread 0x000001e7bf193800 3516       3       java.lang.invoke.DirectMethodHandle$Holder::invokeStatic (24 bytes)
Event: 30.486 Thread 0x000001e7bf193800 nmethod 3516 0x000001e7a6f54010 code [0x000001e7a6f54200, 0x000001e7a6f54820]

GC Heap History (10 events):
Event: 30.037 GC heap before
{Heap before GC invocations=42 (full 0):
 garbage-first heap   total 273408K, used 245466K [0x0000000741c00000, 0x0000000800000000)
  region size 1024K, 160 young (163840K), 1 survivors (1024K)
 Metaspace       used 24748K, capacity 25484K, committed 25728K, reserved 1073152K
  class space    used 2545K, capacity 2838K, committed 2944K, reserved 1048576K
}
Event: 30.038 GC heap after
{Heap after GC invocations=43 (full 0):
 garbage-first heap   total 273408K, used 83679K [0x0000000741c00000, 0x0000000800000000)
  region size 1024K, 1 young (1024K), 1 survivors (1024K)
 Metaspace       used 24748K, capacity 25484K, committed 25728K, reserved 1073152K
  class space    used 2545K, capacity 2838K, committed 2944K, reserved 1048576K
}
Event: 30.136 GC heap before
{Heap before GC invocations=43 (full 0):
 garbage-first heap   total 273408K, used 242399K [0x0000000741c00000, 0x0000000800000000)
  region size 1024K, 156 young (159744K), 1 survivors (1024K)
 Metaspace       used 24750K, capacity 25484K, committed 25728K, reserved 1073152K
  class space    used 2545K, capacity 2838K, committed 2944K, reserved 1048576K
}
Event: 30.136 GC heap after
{Heap after GC invocations=44 (full 0):
 garbage-first heap   total 273408K, used 83681K [0x0000000741c00000, 0x0000000800000000)
  region size 1024K, 1 young (1024K), 1 survivors (1024K)
 Metaspace       used 24750K, capacity 25484K, committed 25728K, reserved 1073152K
  class space    used 2545K, capacity 2838K, committed 2944K, reserved 1048576K
}
Event: 30.238 GC heap before
{Heap before GC invocations=44 (full 0):
 garbage-first heap   total 273408K, used 251617K [0x0000000741c00000, 0x0000000800000000)
  region size 1024K, 165 young (168960K), 1 survivors (1024K)
 Metaspace       used 24757K, capacity 25484K, committed 25728K, reserved 1073152K
  class space    used 2545K, capacity 2838K, committed 2944K, reserved 1048576K
}
Event: 30.238 GC heap after
{Heap after GC invocations=45 (full 0):
 garbage-first heap   total 273408K, used 83694K [0x0000000741c00000, 0x0000000800000000)
  region size 1024K, 1 young (1024K), 1 survivors (1024K)
 Metaspace       used 24757K, capacity 25484K, committed 25728K, reserved 1073152K
  class space    used 2545K, capacity 2838K, committed 2944K, reserved 1048576K
}
Event: 30.338 GC heap before
{Heap before GC invocations=45 (full 0):
 garbage-first heap   total 273408K, used 243438K [0x0000000741c00000, 0x0000000800000000)
  region size 1024K, 157 young (160768K), 1 survivors (1024K)
 Metaspace       used 24757K, capacity 25484K, committed 25728K, reserved 1073152K
  class space    used 2545K, capacity 2838K, committed 2944K, reserved 1048576K
}
Event: 30.338 GC heap after
{Heap after GC invocations=46 (full 0):
 garbage-first heap   total 273408K, used 83698K [0x0000000741c00000, 0x0000000800000000)
  region size 1024K, 1 young (1024K), 1 survivors (1024K)
 Metaspace       used 24757K, capacity 25484K, committed 25728K, reserved 1073152K
  class space    used 2545K, capacity 2838K, committed 2944K, reserved 1048576K
}
Event: 30.445 GC heap before
{Heap before GC invocations=46 (full 0):
 garbage-first heap   total 273408K, used 243442K [0x0000000741c00000, 0x0000000800000000)
  region size 1024K, 157 young (160768K), 1 survivors (1024K)
 Metaspace       used 24777K, capacity 25490K, committed 25728K, reserved 1073152K
  class space    used 2549K, capacity 2840K, committed 2944K, reserved 1048576K
}
Event: 30.446 GC heap after
{Heap after GC invocations=47 (full 0):
 garbage-first heap   total 273408K, used 83711K [0x0000000741c00000, 0x0000000800000000)
  region size 1024K, 1 young (1024K), 1 survivors (1024K)
 Metaspace       used 24777K, capacity 25490K, committed 25728K, reserved 1073152K
  class space    used 2549K, capacity 2840K, committed 2944K, reserved 1048576K
}

Deoptimization events (10 events):
Event: 29.048 Thread 0x000001e7c12e0000 Uncommon trap: reason=unstable_if action=reinterpret pc=0x000001e7adec7694 method=java.awt.geom.AffineTransform.updateState()V @ 86 c2
Event: 29.048 Thread 0x000001e7c12e0000 Uncommon trap: reason=unstable_if action=reinterpret pc=0x000001e7adea4dc4 method=java.lang.StrictMath.floorOrCeil(DDDD)D @ 24 c2
Event: 29.048 Thread 0x000001e7c12e0000 Uncommon trap: reason=unstable_if action=reinterpret pc=0x000001e7adf17d38 method=java.lang.StrictMath.floorOrCeil(DDDD)D @ 24 c2
Event: 29.049 Thread 0x000001e7c12e0000 Uncommon trap: reason=unstable_if action=reinterpret pc=0x000001e7ade5c8c0 method=java.lang.StrictMath.floorOrCeil(DDDD)D @ 24 c2
Event: 29.049 Thread 0x000001e7c12e0000 Uncommon trap: reason=unstable_if action=reinterpret pc=0x000001e7adec3fac method=sun.java2d.SunGraphics2D.invalidateTransform()V @ 14 c2
Event: 29.049 Thread 0x000001e7c12e0000 Uncommon trap: reason=unstable_if action=reinterpret pc=0x000001e7ade665b0 method=java.lang.StrictMath.floorOrCeil(DDDD)D @ 24 c2
Event: 29.049 Thread 0x000001e7c12e0000 Uncommon trap: reason=unstable_if action=reinterpret pc=0x000001e7ade905bc method=java.awt.geom.AffineTransform.updateState()V @ 86 c2
Event: 29.049 Thread 0x000001e7c12e0000 Uncommon trap: reason=class_check action=maybe_recompile pc=0x000001e7adec35d8 method=java.awt.Component.getBackground()Ljava/awt/Color; @ 21 c2
Event: 29.049 Thread 0x000001e7c12e0000 Uncommon trap: reason=unstable_if action=reinterpret pc=0x000001e7adeca8e4 method=java.awt.geom.AffineTransform.translate(DD)V @ 375 c2
Event: 30.487 Thread 0x000001e7c12dc000 Uncommon trap: reason=unstable_if action=reinterpret pc=0x000001e7ade9be34 method=java.lang.StringLatin1.regionMatchesCI([BI[BII)Z @ 66 c2

Classes redefined (0 events):
No events

Internal exceptions (10 events):
Event: 6.298 Thread 0x000001e79df88000 Exception <a 'java/lang/ClassNotFoundException'{0x000000074db84c90}: com/sun/swing/internal/plaf/basic/resources/spi/basicProvider> (0x000000074db84c90) thrown at [t:/workspace/open/src/hotspot/share/classfile/systemDictionary.cpp, line 231]
Event: 6.309 Thread 0x000001e79df88000 Implicit null exception at 0x000001e7addbba95 to 0x000001e7addbbee6
Event: 6.309 Thread 0x000001e79df88000 Implicit null exception at 0x000001e7addcc078 to 0x000001e7addcc10a
Event: 6.315 Thread 0x000001e79df88000 Implicit null exception at 0x000001e7adda2faf to 0x000001e7adda3029
Event: 15.311 Thread 0x000001e7c12dc000 Exception <a 'java/lang/NoSuchMethodError'{0x000000074d9fac50}: java.lang.invoke.DirectMethodHandle$Holder.invokeSpecialIFC(Ljava/lang/Object;Ljava/lang/Object;I)I> (0x000000074d9fac50) thrown at [t:/workspace/open/src/hotspot/share/interpreter/linkResolv
Event: 22.633 Thread 0x000001e7c12e4800 Exception <a 'java/net/SocketException'{0x0000000749802c50}: Socket closed> (0x0000000749802c50) thrown at [t:/workspace/open/src/hotspot/share/prims/jni.cpp, line 636]
Event: 23.306 Thread 0x000001e7c12dc000 Exception <a 'java/net/BindException'{0x000000074c9ccfd8}: Address already in use: NET_Bind> (0x000000074c9ccfd8) thrown at [t:/workspace/open/src/hotspot/share/prims/jni.cpp, line 636]
Event: 30.405 Thread 0x000001e7c7a19800 Exception <a 'java/lang/IllegalStateException'{0x000000074c2bab48}> (0x000000074c2bab48) thrown at [t:/workspace/open/src/hotspot/share/prims/jvm.cpp, line 1312]
Event: 30.480 Thread 0x000001e7c12dc000 Exception <a 'java/io/FileNotFoundException'{0x000000074fd80998}> (0x000000074fd80998) thrown at [t:/workspace/open/src/hotspot/share/prims/jni.cpp, line 615]
Event: 30.490 Thread 0x000001e7c12dc000 Exception <a 'java/io/FileNotFoundException'{0x000000074e388570}> (0x000000074e388570) thrown at [t:/workspace/open/src/hotspot/share/prims/jni.cpp, line 615]

Events (10 events):
Event: 30.481 Executing VM operation: RevokeBias done
Event: 30.486 loading class sun/font/SunFontManager$FamilyDescription
Event: 30.486 loading class sun/font/SunFontManager$FamilyDescription done
Event: 30.487 Thread 0x000001e7c12dc000 Uncommon trap: trap_request=0xffffff4d fr.pc=0x000001e7ade9be34 relative=0x00000000000004f4
Event: 30.487 Thread 0x000001e7c12dc000 DEOPT PACKING pc=0x000001e7ade9be34 sp=0x000000cbb4ffd550
Event: 30.487 Thread 0x000001e7c12dc000 DEOPT UNPACKING pc=0x000001e7a62d91af sp=0x000000cbb4ffd3c8 mode 2
Event: 30.488 loading class sun/font/SunFontManager$5
Event: 30.488 loading class sun/font/SunFontManager$5 done
Event: 30.490 loading class sun/font/NullFontScaler
Event: 30.490 loading class sun/font/NullFontScaler done


Dynamic libraries:
0x00007ff61a830000 - 0x00007ff61a877000 	C:\Program Files\Java\jdk-11\bin\java.exe
0x00007ffbdf910000 - 0x00007ffbdfafd000 	C:\Windows\SYSTEM32\ntdll.dll
0x00007ffbdd2a0000 - 0x00007ffbdd353000 	C:\Windows\System32\KERNEL32.DLL
0x00007ffbdbc80000 - 0x00007ffbdbf13000 	C:\Windows\System32\KERNELBASE.dll
0x00007ffbdee80000 - 0x00007ffbdef23000 	C:\Windows\System32\ADVAPI32.dll
0x00007ffbdf380000 - 0x00007ffbdf41e000 	C:\Windows\System32\msvcrt.dll
0x00007ffbdcbf0000 - 0x00007ffbdcc8e000 	C:\Windows\System32\sechost.dll
0x00007ffbdd170000 - 0x00007ffbdd293000 	C:\Windows\System32\RPCRT4.dll
0x00007ffbdf010000 - 0x00007ffbdf1a7000 	C:\Windows\System32\USER32.dll
0x00007ffbdbf20000 - 0x00007ffbdbf40000 	C:\Windows\System32\win32u.dll
0x00007ffbdee50000 - 0x00007ffbdee79000 	C:\Windows\System32\GDI32.dll
0x00007ffbdc970000 - 0x00007ffbdcb0a000 	C:\Windows\System32\gdi32full.dll
0x00007ffbdb9e0000 - 0x00007ffbdba80000 	C:\Windows\System32\msvcp_win.dll
0x00007ffbdc120000 - 0x00007ffbdc21c000 	C:\Windows\System32\ucrtbase.dll
0x00007ffbc94d0000 - 0x00007ffbc9749000 	C:\Windows\WinSxS\amd64_microsoft.windows.common-controls_6595b64144ccf1df_6.0.17763.134_none_05b3373a07211a5c\COMCTL32.dll
0x00007ffbcdbc0000 - 0x00007ffbcdbca000 	C:\Windows\SYSTEM32\VERSION.dll
0x00007ffbdd5c0000 - 0x00007ffbdd8ed000 	C:\Windows\System32\combase.dll
0x00007ffbdbfa0000 - 0x00007ffbdc01e000 	C:\Windows\System32\bcryptPrimitives.dll
0x00007ffbdf6d0000 - 0x00007ffbdf6fe000 	C:\Windows\System32\IMM32.DLL
0x00007ffb920c0000 - 0x00007ffb920d6000 	C:\Program Files\Java\jdk-11\bin\vcruntime140.dll
0x00007ffb92010000 - 0x00007ffb920ba000 	C:\Program Files\Java\jdk-11\bin\msvcp140.dll
0x00007ffb90f90000 - 0x00007ffb91ad2000 	C:\Program Files\Java\jdk-11\bin\server\jvm.dll
0x00007ffbdef90000 - 0x00007ffbdef98000 	C:\Windows\System32\PSAPI.DLL
0x00007ffbd7bf0000 - 0x00007ffbd7bf9000 	C:\Windows\SYSTEM32\WSOCK32.dll
0x00007ffbd81f0000 - 0x00007ffbd8214000 	C:\Windows\SYSTEM32\WINMM.dll
0x00007ffbdefa0000 - 0x00007ffbdf00d000 	C:\Windows\System32\WS2_32.dll
0x00007ffbd81c0000 - 0x00007ffbd81ed000 	C:\Windows\SYSTEM32\WINMMBASE.dll
0x00007ffbdc020000 - 0x00007ffbdc06a000 	C:\Windows\System32\cfgmgr32.dll
0x00007ffbdb9c0000 - 0x00007ffbdb9d1000 	C:\Windows\System32\kernel.appcore.dll
0x00007ffb8dd50000 - 0x00007ffb8dd61000 	C:\Program Files\Java\jdk-11\bin\verify.dll
0x00007ffbd5750000 - 0x00007ffbd593d000 	C:\Windows\SYSTEM32\DBGHELP.DLL
0x00007ffbd72a0000 - 0x00007ffbd72ca000 	C:\Windows\SYSTEM32\dbgcore.DLL
0x00007ffb8dd20000 - 0x00007ffb8dd49000 	C:\Program Files\Java\jdk-11\bin\java.dll
0x00007ffbcdf20000 - 0x00007ffbcdf4f000 	C:\Program Files\Java\jdk-11\bin\instrument.dll
0x00007ffbba990000 - 0x00007ffbba9a6000 	C:\Program Files\Java\jdk-11\bin\zip.dll
0x00007ffbc6d90000 - 0x00007ffbc6d9a000 	C:\Program Files\Java\jdk-11\bin\jimage.dll
0x00007ffbdd8f0000 - 0x00007ffbdeddf000 	C:\Windows\System32\SHELL32.dll
0x00007ffbdd510000 - 0x00007ffbdd5b8000 	C:\Windows\System32\shcore.dll
0x00007ffbdc220000 - 0x00007ffbdc968000 	C:\Windows\System32\windows.storage.dll
0x00007ffbdb930000 - 0x00007ffbdb954000 	C:\Windows\System32\profapi.dll
0x00007ffbdb960000 - 0x00007ffbdb9bd000 	C:\Windows\System32\powrprof.dll
0x00007ffbdf700000 - 0x00007ffbdf752000 	C:\Windows\System32\shlwapi.dll
0x00007ffbdbc60000 - 0x00007ffbdbc77000 	C:\Windows\System32\cryptsp.dll
0x00007ffbd7a10000 - 0x00007ffbd7a29000 	C:\Program Files\Java\jdk-11\bin\net.dll
0x00007ffbd7910000 - 0x00007ffbd7a01000 	C:\Windows\SYSTEM32\WINHTTP.dll
0x00007ffbdb1a0000 - 0x00007ffbdb207000 	C:\Windows\system32\mswsock.dll
0x00007ffbc7570000 - 0x00007ffbc7583000 	C:\Program Files\Java\jdk-11\bin\nio.dll
0x00007ffbd4bd0000 - 0x00007ffbd4bea000 	C:\Program Files\JetBrains\IntelliJ IDEA 2018.3.4\bin\breakgen64.dll
0x00007ffbcdd80000 - 0x00007ffbcdf1f000 	C:\Program Files\Java\jdk-11\bin\awt.dll
0x00007ffbdf420000 - 0x00007ffbdf4eb000 	C:\Windows\System32\OLEAUT32.dll
0x00007ffbd8fc0000 - 0x00007ffbd957e000 	C:\Windows\SYSTEM32\d2d1.dll
0x00007ffbd9be0000 - 0x00007ffbd9c6c000 	C:\Windows\SYSTEM32\apphelp.dll
0x00007ffbd9cd0000 - 0x00007ffbd9d6c000 	C:\Windows\system32\uxtheme.dll
0x00007ffbdf770000 - 0x00007ffbdf8da000 	C:\Windows\System32\MSCTF.dll
0x00007ffbda010000 - 0x00007ffbda03e000 	C:\Windows\system32\dwmapi.dll
0x00007ffbdba80000 - 0x00007ffbdbc5b000 	C:\Windows\System32\CRYPT32.dll
0x00007ffbdb910000 - 0x00007ffbdb922000 	C:\Windows\System32\MSASN1.dll
0x00007ffbdf4f0000 - 0x00007ffbdf645000 	C:\Windows\System32\ole32.dll
0x000001e7c0140000 - 0x000001e7c0143000 	C:\Program Files\Java\jdk-11\bin\api-ms-win-core-console-l1-1-0.dll
0x000001e7c0150000 - 0x000001e7c0153000 	C:\Program Files\Java\jdk-11\bin\api-ms-win-core-datetime-l1-1-0.dll
0x000001e7c0160000 - 0x000001e7c0163000 	C:\Program Files\Java\jdk-11\bin\api-ms-win-core-debug-l1-1-0.dll
0x000001e7c0170000 - 0x000001e7c0173000 	C:\Program Files\Java\jdk-11\bin\api-ms-win-core-errorhandling-l1-1-0.dll
0x000001e7c0180000 - 0x000001e7c0184000 	C:\Program Files\Java\jdk-11\bin\api-ms-win-core-file-l1-1-0.dll
0x000001e7c0190000 - 0x000001e7c0193000 	C:\Program Files\Java\jdk-11\bin\api-ms-win-core-file-l1-2-0.dll
0x000001e7c01a0000 - 0x000001e7c01a3000 	C:\Program Files\Java\jdk-11\bin\api-ms-win-core-file-l2-1-0.dll
0x000001e7c0dc0000 - 0x000001e7c0dc3000 	C:\Program Files\Java\jdk-11\bin\api-ms-win-core-handle-l1-1-0.dll
0x000001e7c0dd0000 - 0x000001e7c0dd3000 	C:\Program Files\Java\jdk-11\bin\api-ms-win-core-heap-l1-1-0.dll
0x000001e7c0de0000 - 0x000001e7c0de3000 	C:\Program Files\Java\jdk-11\bin\api-ms-win-core-interlocked-l1-1-0.dll
0x000001e7c0df0000 - 0x000001e7c0df3000 	C:\Program Files\Java\jdk-11\bin\api-ms-win-core-libraryloader-l1-1-0.dll
0x000001e7c0e00000 - 0x000001e7c0e03000 	C:\Program Files\Java\jdk-11\bin\api-ms-win-core-localization-l1-2-0.dll
0x000001e7c0e10000 - 0x000001e7c0e13000 	C:\Program Files\Java\jdk-11\bin\api-ms-win-core-memory-l1-1-0.dll
0x000001e7c0e20000 - 0x000001e7c0e23000 	C:\Program Files\Java\jdk-11\bin\api-ms-win-core-namedpipe-l1-1-0.dll
0x000001e7c0e30000 - 0x000001e7c0e33000 	C:\Program Files\Java\jdk-11\bin\api-ms-win-core-processenvironment-l1-1-0.dll
0x000001e7c0e40000 - 0x000001e7c0e43000 	C:\Program Files\Java\jdk-11\bin\api-ms-win-core-processthreads-l1-1-0.dll
0x000001e7c0e50000 - 0x000001e7c0e53000 	C:\Program Files\Java\jdk-11\bin\api-ms-win-core-processthreads-l1-1-1.dll
0x000001e7c0e60000 - 0x000001e7c0e63000 	C:\Program Files\Java\jdk-11\bin\api-ms-win-core-profile-l1-1-0.dll
0x000001e7c0e70000 - 0x000001e7c0e73000 	C:\Program Files\Java\jdk-11\bin\api-ms-win-core-rtlsupport-l1-1-0.dll
0x000001e7c0e80000 - 0x000001e7c0e83000 	C:\Program Files\Java\jdk-11\bin\api-ms-win-core-string-l1-1-0.dll
0x000001e7c0e90000 - 0x000001e7c0e93000 	C:\Program Files\Java\jdk-11\bin\api-ms-win-core-synch-l1-1-0.dll
0x000001e7c0ea0000 - 0x000001e7c0ea3000 	C:\Program Files\Java\jdk-11\bin\api-ms-win-core-synch-l1-2-0.dll
0x000001e7c0eb0000 - 0x000001e7c0eb3000 	C:\Program Files\Java\jdk-11\bin\api-ms-win-core-sysinfo-l1-1-0.dll
0x000001e7c0ec0000 - 0x000001e7c0ec3000 	C:\Program Files\Java\jdk-11\bin\api-ms-win-core-timezone-l1-1-0.dll
0x000001e7c0ed0000 - 0x000001e7c0ed3000 	C:\Program Files\Java\jdk-11\bin\api-ms-win-core-util-l1-1-0.dll
0x000001e7c1eb0000 - 0x000001e7c1eb3000 	C:\Program Files\Java\jdk-11\bin\api-ms-win-crt-conio-l1-1-0.dll
0x000001e7c1ec0000 - 0x000001e7c1ec4000 	C:\Program Files\Java\jdk-11\bin\api-ms-win-crt-convert-l1-1-0.dll
0x000001e7c2130000 - 0x000001e7c2133000 	C:\Program Files\Java\jdk-11\bin\api-ms-win-crt-environment-l1-1-0.dll
0x000001e7c1ed0000 - 0x000001e7c1ed3000 	C:\Program Files\Java\jdk-11\bin\api-ms-win-crt-filesystem-l1-1-0.dll
0x000001e7c1ee0000 - 0x000001e7c1ee3000 	C:\Program Files\Java\jdk-11\bin\api-ms-win-crt-heap-l1-1-0.dll
0x000001e7c1ef0000 - 0x000001e7c1ef3000 	C:\Program Files\Java\jdk-11\bin\api-ms-win-crt-locale-l1-1-0.dll
0x000001e7c1f00000 - 0x000001e7c1f05000 	C:\Program Files\Java\jdk-11\bin\api-ms-win-crt-math-l1-1-0.dll
0x000001e7c1f10000 - 0x000001e7c1f15000 	C:\Program Files\Java\jdk-11\bin\api-ms-win-crt-multibyte-l1-1-0.dll
0x000001e7c1f20000 - 0x000001e7c1f30000 	C:\Program Files\Java\jdk-11\bin\api-ms-win-crt-private-l1-1-0.dll
0x000001e7c1f30000 - 0x000001e7c1f33000 	C:\Program Files\Java\jdk-11\bin\api-ms-win-crt-process-l1-1-0.dll
0x000001e7c1f40000 - 0x000001e7c1f44000 	C:\Program Files\Java\jdk-11\bin\api-ms-win-crt-runtime-l1-1-0.dll
0x000001e7c1f50000 - 0x000001e7c1f54000 	C:\Program Files\Java\jdk-11\bin\api-ms-win-crt-stdio-l1-1-0.dll
0x000001e7c1f60000 - 0x000001e7c1f64000 	C:\Program Files\Java\jdk-11\bin\api-ms-win-crt-string-l1-1-0.dll
0x000001e7c1f70000 - 0x000001e7c1f73000 	C:\Program Files\Java\jdk-11\bin\api-ms-win-crt-time-l1-1-0.dll
0x000001e7c1f80000 - 0x000001e7c1f83000 	C:\Program Files\Java\jdk-11\bin\api-ms-win-crt-utility-l1-1-0.dll
0x00007ffbcdc80000 - 0x00007ffbcdd7a000 	C:\Program Files\Java\jdk-11\bin\ucrtbase.dll
0x00007ffbc45e0000 - 0x00007ffbc4631000 	C:\Program Files\Java\jdk-11\bin\concrt140.dll
0x00007ffbc6a20000 - 0x00007ffbc6a43000 	C:\Program Files\Java\jdk-11\bin\prism_d3d.dll
0x00007ffb92540000 - 0x00007ffb926de000 	C:\Windows\system32\d3d9.dll
0x00007ffbdcb10000 - 0x00007ffbdcb36000 	C:\Windows\System32\bcrypt.dll
0x00007ffbc66c0000 - 0x00007ffbc6705000 	C:\Program Files\Java\jdk-11\bin\glass.dll
0x00007ffbdf1b0000 - 0x00007ffbdf2d7000 	C:\Windows\System32\COMDLG32.dll
0x00007ffbdad60000 - 0x00007ffbdad93000 	C:\Windows\system32\rsaenh.dll
0x00007ffbdb810000 - 0x00007ffbdb838000 	C:\Windows\SYSTEM32\USERENV.dll
0x00007ffbdb370000 - 0x00007ffbdb37c000 	C:\Windows\SYSTEM32\CRYPTBASE.dll
0x00007ffbdaf00000 - 0x00007ffbdaf3d000 	C:\Windows\SYSTEM32\IPHLPAPI.DLL
0x00007ffbdede0000 - 0x00007ffbdede8000 	C:\Windows\System32\NSI.dll
0x00007ffbd0640000 - 0x00007ffbd0656000 	C:\Windows\SYSTEM32\dhcpcsvc6.DLL
0x00007ffbd0620000 - 0x00007ffbd063c000 	C:\Windows\SYSTEM32\dhcpcsvc.DLL
0x00007ffbdaf40000 - 0x00007ffbdb006000 	C:\Windows\SYSTEM32\DNSAPI.dll
0x00007ffbc6950000 - 0x00007ffbc697d000 	C:\Program Files\Java\jdk-11\bin\javajpeg.dll
0x00007ffbbdad0000 - 0x00007ffbbdb50000 	C:\Program Files\Java\jdk-11\bin\freetype.dll
0x00007ffbb0f30000 - 0x00007ffbb0f9f000 	C:\Program Files\Java\jdk-11\bin\fontmanager.dll
0x00007ffba9e60000 - 0x00007ffba9f03000 	C:\Program Files\Java\jdk-11\bin\glib-lite.dll
0x00007ffba9d80000 - 0x00007ffba9e5e000 	C:\Program Files\Java\jdk-11\bin\gstreamer-lite.dll
0x00007ffbd1420000 - 0x00007ffbd14b6000 	C:\Windows\SYSTEM32\DSOUND.dll
0x00007ffbc6880000 - 0x00007ffbc68a6000 	C:\Program Files\Java\jdk-11\bin\jfxmedia.dll
0x00007ffbdcb40000 - 0x00007ffbdcbe2000 	C:\Windows\System32\clbcatq.dll
0x00007ffbd7e40000 - 0x00007ffbd7fe8000 	C:\Windows\system32\propsys.dll
0x00007ffbc6450000 - 0x00007ffbc6472000 	C:\Program Files\Java\jdk-11\bin\fxplugins.dll
0x00007ffbd0070000 - 0x00007ffbd00e0000 	C:\Windows\System32\MMDevApi.dll
0x00007ffbdb720000 - 0x00007ffbdb749000 	C:\Windows\System32\DEVOBJ.dll
0x00007ffbcb790000 - 0x00007ffbcb8d8000 	C:\Windows\SYSTEM32\AUDIOSES.DLL
0x00007ffbd73f0000 - 0x00007ffbd7543000 	C:\Windows\SYSTEM32\wintypes.dll
0x00007ffbd71a0000 - 0x00007ffbd71aa000 	C:\Windows\SYSTEM32\AVRT.dll

dbghelp: loaded successfully - version: 4.0.5 - missing functions: none
symbol engine: initialized successfully - sym options: 0x614 - pdb path: .;C:\Program Files\Java\jdk-11\bin;C:\Windows\SYSTEM32;C:\Windows\WinSxS\amd64_microsoft.windows.common-controls_6595b64144ccf1df_6.0.17763.134_none_05b3373a07211a5c;C:\Program Files\Java\jdk-11\bin\server;C:\Program Files\JetBrains\IntelliJ IDEA 2018.3.4\bin;C:\Windows\System32\DriverStore\FileRepository\igdlh64.inf_amd64_463164d40c3d26ce

VM Arguments:
jvm_args: -javaagent:C:\Program Files\JetBrains\IntelliJ IDEA 2018.3.4\lib\idea_rt.jar=8128:C:\Program Files\JetBrains\IntelliJ IDEA 2018.3.4\bin -Dfile.encoding=UTF-8 
java_command: ir.farzinnasiri.Client.ClientMain
java_class_path (initial): D:\github\Chicken Invaders-Down of the new world\out\production\Chicken Invaders-Down of the new world;D:\github\Chicken Invaders-Down of the new world\lib\json-20180813.jar;D:\github\Chicken Invaders-Down of the new world\lib\javafx-swt.jar;D:\github\Chicken Invaders-Down of the new world\lib\javafx.base.jar;D:\github\Chicken Invaders-Down of the new world\lib\javafx.controls.jar;D:\github\Chicken Invaders-Down of the new world\lib\javafx.fxml.jar;D:\github\Chicken Invaders-Down of the new world\lib\javafx.graphics.jar;D:\github\Chicken Invaders-Down of the new world\lib\javafx.swing.jar;D:\github\Chicken Invaders-Down of the new world\lib\javafx.media.jar;D:\github\Chicken Invaders-Down of the new world\lib\javafx.web.jar;D:\github\Chicken Invaders-Down of the new world\lib\gson-2.8.5.jar
Launcher Type: SUN_STANDARD

[Global flags]
     intx CICompilerCount                          = 3                                         {product} {ergonomic}
     uint ConcGCThreads                            = 1                                         {product} {ergonomic}
     uint G1ConcRefinementThreads                  = 4                                         {product} {ergonomic}
   size_t G1HeapRegionSize                         = 1048576                                   {product} {ergonomic}
    uintx GCDrainStackTargetSize                   = 64                                        {product} {ergonomic}
   size_t InitialHeapSize                          = 201326592                                 {product} {ergonomic}
   size_t MarkStackSize                            = 4194304                                   {product} {ergonomic}
   size_t MaxHeapSize                              = 3191865344                                {product} {ergonomic}
   size_t MaxNewSize                               = 1914699776                                {product} {ergonomic}
   size_t MinHeapDeltaBytes                        = 1048576                                   {product} {ergonomic}
    uintx NonNMethodCodeHeapSize                   = 5830092                                {pd product} {ergonomic}
    uintx NonProfiledCodeHeapSize                  = 122914074                              {pd product} {ergonomic}
    uintx ProfiledCodeHeapSize                     = 122914074                              {pd product} {ergonomic}
    uintx ReservedCodeCacheSize                    = 251658240                              {pd product} {ergonomic}
     bool SegmentedCodeCache                       = true                                      {product} {ergonomic}
     bool UseCompressedClassPointers               = true                                 {lp64_product} {ergonomic}
     bool UseCompressedOops                        = true                                 {lp64_product} {ergonomic}
     bool UseG1GC                                  = true                                      {product} {ergonomic}
     bool UseLargePagesIndividualAllocation        = false                                  {pd product} {ergonomic}

Logging:
Log output configuration:
 #0: stdout all=warning uptime,level,tags
 #1: stderr all=off uptime,level,tags

Environment Variables:
PATH=C:\Program Files (x86)\Python37-32\Scripts\;C:\Program Files (x86)\Python37-32\;C:\Program Files\Python37\Scripts\;C:\Program Files\Python37\;C:\Program Files (x86)\Intel\iCLS Client\;C:\Program Files\Intel\iCLS Client\;C:\Windows\system32;C:\Windows;C:\Windows\System32\Wbem;C:\Windows\System32\WindowsPowerShell\v1.0\;C:\Windows\System32\OpenSSH\;C:\Program Files (x86)\NVIDIA Corporation\PhysX\Common;C:\Program Files (x86)\Intel\Intel(R) Management Engine Components\DAL;C:\Program Files\Intel\Intel(R) Management Engine Components\DAL;C:\Program Files (x86)\Intel\Intel(R) Management Engine Components\IPT;C:\Program Files\Intel\Intel(R) Management Engine Components\IPT;C:\Users\farzi\AppData\Local\Programs\Python\Python37;C:\Program Files\Java\jdk-11\bin;C:\Users\farzi\AppData\Local\Microsoft\WindowsApps;C:\Users\farzi\AppData\Local\GitHubDesktop\bin;C:\Program Files\JetBrains\WebStorm 2018.3.3\bin;;C:\Program Files\JetBrains\IntelliJ IDEA 2018.3.4\bin;
USERNAME=farzi
OS=Windows_NT
PROCESSOR_IDENTIFIER=Intel64 Family 6 Model 142 Stepping 9, GenuineIntel



---------------  S Y S T E M  ---------------

OS: Windows 10 , 64 bit Build 17763 (10.0.17763.1)

CPU:total 4 (initial active 4) (2 cores per cpu, 2 threads per core) family 6 model 142 stepping 9, cmov, cx8, fxsr, mmx, sse, sse2, sse3, ssse3, sse4.1, sse4.2, popcnt, avx, avx2, aes, clmul, erms, 3dnowpref, lzcnt, ht, tsc, tscinvbit, bmi1, bmi2, adx, fma

Memory: 4k page, system-wide physical 12169M (6098M free)
TotalPageFile size 14025M (AvailPageFile size 6008M)
current process WorkingSet (physical memory assigned to process): 415M, peak: 423M
current process commit charge ("private bytes"): 448M, peak: 467M

vm_info: Java HotSpot(TM) 64-Bit Server VM (11+28) for windows-amd64 JRE (11+28), built on Aug 23 2018 03:03:59 by "mach5one" with MS VC++ 15.5 (VS2017)

END.
