#
# A fatal error has been detected by the Java Runtime Environment:
#
#  EXCEPTION_ACCESS_VIOLATION (0xc0000005) at pc=0x00007ffbb0f64f3f, pid=7688, tid=7028
#
# JRE version: Java(TM) SE Runtime Environment (11.0+28) (build 11+28)
# Java VM: Java HotSpot(TM) 64-Bit Server VM (11+28, mixed mode, tiered, compressed oops, g1 gc, windows-amd64)
# Problematic frame:
# C  [freetype.dll+0x44f3f]
#
# No core dump will be written. Minidumps are not enabled by default on client versions of Windows
#
# If you would like to submit a bug report, please visit:
#   http://bugreport.java.com/bugreport/crash.jsp
# The crash happened outside the Java Virtual Machine in native code.
# See problematic frame for where to report the bug.
#

---------------  S U M M A R Y ------------

Command Line: -javaagent:C:\Program Files\JetBrains\IntelliJ IDEA 2018.3.4\lib\idea_rt.jar=7846:C:\Program Files\JetBrains\IntelliJ IDEA 2018.3.4\bin -Dfile.encoding=UTF-8 ir.farzinnasiri.Client.ClientMain

Host: Intel(R) Core(TM) i5-7200U CPU @ 2.50GHz, 4 cores, 11G,  Windows 10 , 64 bit Build 17763 (10.0.17763.1)
Time: Thu Aug  1 18:37:16 2019 Iran Daylight Time elapsed time: 35 seconds (0d 0h 0m 35s)

---------------  T H R E A D  ---------------

Current thread (0x000001df19494800):  JavaThread "Client Thread" [_thread_in_native, id=7028, stack(0x000000b694400000,0x000000b694500000)]

Stack: [0x000000b694400000,0x000000b694500000],  sp=0x000000b6944fdf40,  free space=1015k
Native frames: (J=compiled Java code, j=interpreted, Vv=VM code, C=native code)
C  [freetype.dll+0x44f3f]

Java frames: (J=compiled Java code, j=interpreted, Vv=VM code)
J 3604  sun.font.FreetypeFontScaler.getGlyphOutlineNative(Lsun/font/Font2D;JJIFF)Ljava/awt/geom/GeneralPath; java.desktop@11 (0 bytes) @ 0x000001df07cca738 [0x000001df07cca6c0+0x0000000000000078]
J 3603 c1 sun.font.FreetypeFontScaler.getGlyphOutline(JIFF)Ljava/awt/geom/GeneralPath; java.desktop@11 (47 bytes) @ 0x000001df005ba22c [0x000001df005b9b40+0x00000000000006ec]
J 3518 c1 sun.font.FileFontStrike.getGlyphOutline(IFF)Ljava/awt/geom/GeneralPath; java.desktop@11 (141 bytes) @ 0x000001df00cd1cac [0x000001df00cd13e0+0x00000000000008cc]
J 3517 c1 sun.font.StandardGlyphVector$GlyphStrike.appendGlyphOutline(ILjava/awt/geom/GeneralPath;FF)V java.desktop@11 (102 bytes) @ 0x000001df00cd02fc [0x000001df00cd0080+0x000000000000027c]
j  sun.font.StandardGlyphVector.getGlyphsOutline(IIFF)Ljava/awt/Shape;+82 java.desktop@11
j  sun.font.StandardGlyphVector.getOutline(FF)Ljava/awt/Shape;+9 java.desktop@11
j  sun.font.ExtendedTextSourceLabel.handleGetOutline(FF)Ljava/awt/Shape;+6 java.desktop@11
j  sun.font.Decoration.getOutline(Lsun/font/Decoration$Label;FF)Ljava/awt/Shape;+3 java.desktop@11
j  sun.font.ExtendedTextSourceLabel.getOutline(FF)Ljava/awt/Shape;+7 java.desktop@11
j  java.awt.font.TextLine.getOutline(Ljava/awt/geom/AffineTransform;)Ljava/awt/Shape;+54 java.desktop@11
j  java.awt.font.TextLayout.getOutline(Ljava/awt/geom/AffineTransform;)Ljava/awt/Shape;+9 java.desktop@11
j  sun.java2d.pipe.OutlineTextRenderer.drawString(Lsun/java2d/SunGraphics2D;Ljava/lang/String;DD)V+36 java.desktop@11
J 2507 c1 sun.java2d.pipe.GlyphListPipe.drawString(Lsun/java2d/SunGraphics2D;Ljava/lang/String;DD)V java.desktop@11 (202 bytes) @ 0x000001df00a2f734 [0x000001df00a2eac0+0x0000000000000c74]
J 2957 c1 sun.java2d.pipe.ValidatePipe.drawString(Lsun/java2d/SunGraphics2D;Ljava/lang/String;DD)V java.desktop@11 (23 bytes) @ 0x000001df00b26bac [0x000001df00b268a0+0x000000000000030c]
J 2506 c1 sun.java2d.SunGraphics2D.drawString(Ljava/lang/String;II)V java.desktop@11 (132 bytes) @ 0x000001df00a2d9fc [0x000001df00a2d6a0+0x000000000000035c]
J 3693 c1 ir.farzinnasiri.Client.animations.Message.draw(Ljava/awt/Graphics2D;)V (163 bytes) @ 0x000001df00d00964 [0x000001df00d00260+0x0000000000000704]
J 3557 c1 ir.farzinnasiri.Client.menus.game.GameScreen.drawMessages(Ljava/awt/Graphics2D;)V (92 bytes) @ 0x000001df00ce3aec [0x000001df00ce3660+0x000000000000048c]
J 3218 c1 ir.farzinnasiri.Client.menus.game.GameScreen.draw(Ljava/awt/Graphics2D;)V (472 bytes) @ 0x000001df00be18dc [0x000001df00bde700+0x00000000000031dc]
J 2544 c1 ir.farzinnasiri.Client.Client.render(Ljava/awt/image/BufferStrategy;)V (48 bytes) @ 0x000001df00a4161c [0x000001df00a411e0+0x000000000000043c]
j  ir.farzinnasiri.Client.Client.run()V+81
j  java.lang.Thread.run()V+11 java.base@11
v  ~StubRoutines::call_stub

siginfo: EXCEPTION_ACCESS_VIOLATION (0xc0000005), reading address 0x00000000000000e0


Register to memory mapping:

RIP=0x00007ffbb0f64f3f freetype.dll
RAX=0x000000b6944fdf70 is pointing into the stack for thread: 0x000001df19494800
RBX=0x000000b6944fe180 is pointing into the stack for thread: 0x000001df19494800
RCX=0x000001df7fce3af0 points into unknown readable memory
RDX=0x0 is NULL
RSP=0x000000b6944fdf40 is pointing into the stack for thread: 0x000001df19494800
RBP=0x000001df1f1fa3e0 points into unknown readable memory
RSI=0x0000000000000020 is an unknown value
RDI=0x000001df7fce3af0 points into unknown readable memory
R8 =0x0000000000000020 is an unknown value
R9 =0x000000b6944fdfc8 is pointing into the stack for thread: 0x000001df19494800
R10=0x0 is NULL
R11=0x000001df19d69570 points into unknown readable memory
R12=0x0000000000000020 is an unknown value
R13=0x0 is NULL
R14=0x0000000000002fdc is an unknown value
R15=0x000001df19a25810 points into unknown readable memory


Registers:
RAX=0x000000b6944fdf70, RBX=0x000000b6944fe180, RCX=0x000001df7fce3af0, RDX=0x0000000000000000
RSP=0x000000b6944fdf40, RBP=0x000001df1f1fa3e0, RSI=0x0000000000000020, RDI=0x000001df7fce3af0
R8 =0x0000000000000020, R9 =0x000000b6944fdfc8, R10=0x0000000000000000, R11=0x000001df19d69570
R12=0x0000000000000020, R13=0x0000000000000000, R14=0x0000000000002fdc, R15=0x000001df19a25810
RIP=0x00007ffbb0f64f3f, EFLAGS=0x0000000000010246

Top of Stack: (sp=0x000000b6944fdf40)
0x000000b6944fdf40:   000001df1f1fa3e0 000001df1eec69e0
0x000000b6944fdf50:   0000000000000000 00000000000000cc
0x000000b6944fdf60:   000000b6944fdf70 00000000000000cc
0x000000b6944fdf70:   000001df1f1f0000 00007ffbb0f62a92
0x000000b6944fdf80:   000001df7fce3af0 0000000000000000
0x000000b6944fdf90:   0000000000000e08 000000b6944fe0b0
0x000000b6944fdfa0:   000000b6944fe180 00007ffbb0f64622
0x000000b6944fdfb0:   000000b6944f0000 0000000000000e08
0x000000b6944fdfc0:   000001df19490000 00007ffbdf910000
0x000000b6944fdfd0:   000001df19494b40 00007ffba9c324fc
0x000000b6944fdfe0:   0000000100000000 0006bcc01f5b5c90
0x000000b6944fdff0:   000000000006bcc0 000001df19494800
0x000000b6944fe000:   000000b6944fe030 00007ffbdf910100
0x000000b6944fe010:   0000000000000000 000000b600000000
0x000000b6944fe020:   0000000800000430 00007ffb91197f4d
0x000000b6944fe030:   0000000752081330 00007ffba9c324fc 

Instructions: (pc=0x00007ffbb0f64f3f)
0x00007ffbb0f64f1f:   02 00 00 4c 8d 8c 24 88 00 00 00 44 8b f0 44 8b
0x00007ffbb0f64f2f:   c6 48 8d 44 24 30 33 d2 48 8b cf 48 89 44 24 20
0x00007ffbb0f64f3f:   41 ff 92 e0 00 00 00 80 bf 90 01 00 00 00 8b 4b
0x00007ffbb0f64f4f:   44 74 2d 4c 8b 97 d0 02 00 00 48 8d 84 24 80 00 



---------------  P R O C E S S  ---------------

Threads class SMR info:
_java_thread_list=0x000001df19f76020, length=49, elements={
0x000001df7f91e800, 0x000001df7f949000, 0x000001df7f94e800, 0x000001df7f9a8800,
0x000001df7f9a9000, 0x000001df7f9ad800, 0x000001df7f960000, 0x000001df7fb12800,
0x000001df7fd0e000, 0x000001df7fd0f000, 0x000001df17915000, 0x000001df17ef9800,
0x000001df17f00000, 0x000001df17a60800, 0x000001df1917f800, 0x000001df191b1000,
0x000001df191ae800, 0x000001df191b0000, 0x000001df19486000, 0x000001df1948b800,
0x000001df19488800, 0x000001df19486800, 0x000001df19487800, 0x000001df19489000,
0x000001df1948c800, 0x000001df1948d000, 0x000001df1948e000, 0x000001df1948a000,
0x000001df1948f800, 0x000001df19490800, 0x000001df19494000, 0x000001df1948f000,
0x000001df19492000, 0x000001df1948b000, 0x000001df19491800, 0x000001df19494800,
0x000001df19493000, 0x000001df17be9800, 0x000001df17bea000, 0x000001df17beb000,
0x000001df17bf0800, 0x000001df17bf0000, 0x000001df17be7800, 0x000001df17beb800,
0x000001df17bec800, 0x000001df17bf3000, 0x000001df17bee000, 0x000001df17be8800,
0x000001df17bef000
}

Java Threads: ( => current thread )
  0x000001df7f91e800 JavaThread "Reference Handler" daemon [_thread_blocked, id=13304, stack(0x000000b68ce00000,0x000000b68cf00000)]
  0x000001df7f949000 JavaThread "Finalizer" daemon [_thread_blocked, id=12400, stack(0x000000b68cf00000,0x000000b68d000000)]
  0x000001df7f94e800 JavaThread "Signal Dispatcher" daemon [_thread_blocked, id=8948, stack(0x000000b68d000000,0x000000b68d100000)]
  0x000001df7f9a8800 JavaThread "Attach Listener" daemon [_thread_blocked, id=4204, stack(0x000000b68d100000,0x000000b68d200000)]
  0x000001df7f9a9000 JavaThread "C2 CompilerThread0" daemon [_thread_blocked, id=9188, stack(0x000000b68d200000,0x000000b68d300000)]
  0x000001df7f9ad800 JavaThread "C1 CompilerThread0" daemon [_thread_blocked, id=13516, stack(0x000000b68d300000,0x000000b68d400000)]
  0x000001df7f960000 JavaThread "Sweeper thread" daemon [_thread_blocked, id=13352, stack(0x000000b68d400000,0x000000b68d500000)]
  0x000001df7fb12800 JavaThread "Common-Cleaner" daemon [_thread_blocked, id=14320, stack(0x000000b68d500000,0x000000b68d600000)]
  0x000001df7fd0e000 JavaThread "Monitor Ctrl-Break" daemon [_thread_in_native, id=10924, stack(0x000000b68d600000,0x000000b68d700000)]
  0x000001df7fd0f000 JavaThread "Service Thread" daemon [_thread_blocked, id=12388, stack(0x000000b68d700000,0x000000b68d800000)]
  0x000001df17915000 JavaThread "Java2D Disposer" daemon [_thread_blocked, id=9452, stack(0x000000b68d900000,0x000000b68da00000)]
  0x000001df17ef9800 JavaThread "InvokeLaterDispatcher" daemon [_thread_blocked, id=13188, stack(0x000000b68e100000,0x000000b68e200000)]
  0x000001df17f00000 JavaThread "JavaFX Application Thread" [_thread_in_native, id=9380, stack(0x000000b68e200000,0x000000b68e300000)]
  0x000001df17a60800 JavaThread "Thread-2" daemon [_thread_in_native, id=6348, stack(0x000000b68dd00000,0x000000b68de00000)]
  0x000001df1917f800 JavaThread "JFXMedia Player EventQueueThread" daemon [_thread_blocked, id=4564, stack(0x000000b68e800000,0x000000b68e900000)]
  0x000001df191b1000 JavaThread "Media Resource Disposer" daemon [_thread_blocked, id=13052, stack(0x000000b68ed00000,0x000000b68ee00000)]
  0x000001df191ae800 JavaThread "JFXMedia Player EventQueueThread" daemon [_thread_blocked, id=13620, stack(0x000000b68ef00000,0x000000b68f000000)]
  0x000001df191b0000 JavaThread "JFXMedia Player EventQueueThread" daemon [_thread_blocked, id=8236, stack(0x000000b68f400000,0x000000b68f500000)]
  0x000001df19486000 JavaThread "JFXMedia Player EventQueueThread" daemon [_thread_blocked, id=10500, stack(0x000000b68f800000,0x000000b68f900000)]
  0x000001df1948b800 JavaThread "JFXMedia Player EventQueueThread" daemon [_thread_blocked, id=12576, stack(0x000000b68fc00000,0x000000b68fd00000)]
  0x000001df19488800 JavaThread "JFXMedia Player EventQueueThread" daemon [_thread_blocked, id=10620, stack(0x000000b690000000,0x000000b690100000)]
  0x000001df19486800 JavaThread "JFXMedia Player EventQueueThread" daemon [_thread_blocked, id=5032, stack(0x000000b690400000,0x000000b690500000)]
  0x000001df19487800 JavaThread "JFXMedia Player EventQueueThread" daemon [_thread_blocked, id=9048, stack(0x000000b690700000,0x000000b690800000)]
  0x000001df19489000 JavaThread "JFXMedia Player EventQueueThread" daemon [_thread_blocked, id=6904, stack(0x000000b691100000,0x000000b691200000)]
  0x000001df1948c800 JavaThread "JFXMedia Player EventQueueThread" daemon [_thread_blocked, id=10476, stack(0x000000b691500000,0x000000b691600000)]
  0x000001df1948d000 JavaThread "JFXMedia Player EventQueueThread" daemon [_thread_blocked, id=4632, stack(0x000000b691800000,0x000000b691900000)]
  0x000001df1948e000 JavaThread "JFXMedia Player EventQueueThread" daemon [_thread_blocked, id=12760, stack(0x000000b691d00000,0x000000b691e00000)]
  0x000001df1948a000 JavaThread "JFXMedia Player EventQueueThread" daemon [_thread_blocked, id=7412, stack(0x000000b692400000,0x000000b692500000)]
  0x000001df1948f800 JavaThread "JFXMedia Player EventQueueThread" daemon [_thread_blocked, id=3296, stack(0x000000b692800000,0x000000b692900000)]
  0x000001df19490800 JavaThread "JFXMedia Player EventQueueThread" daemon [_thread_blocked, id=12480, stack(0x000000b692d00000,0x000000b692e00000)]
  0x000001df19494000 JavaThread "JFXMedia Player EventQueueThread" daemon [_thread_blocked, id=13476, stack(0x000000b693100000,0x000000b693200000)]
  0x000001df1948f000 JavaThread "JFXMedia Player EventQueueThread" daemon [_thread_blocked, id=5512, stack(0x000000b693500000,0x000000b693600000)]
  0x000001df19492000 JavaThread "JFXMedia Player EventQueueThread" daemon [_thread_blocked, id=7836, stack(0x000000b693800000,0x000000b693900000)]
  0x000001df1948b000 JavaThread "AWT-Shutdown" [_thread_blocked, id=2252, stack(0x000000b694200000,0x000000b694300000)]
  0x000001df19491800 JavaThread "AWT-EventQueue-0" [_thread_blocked, id=6680, stack(0x000000b694300000,0x000000b694400000)]
=>0x000001df19494800 JavaThread "Client Thread" [_thread_in_native, id=7028, stack(0x000000b694400000,0x000000b694500000)]
  0x000001df19493000 JavaThread "DestroyJavaVM" [_thread_blocked, id=1664, stack(0x000000b68c700000,0x000000b68c800000)]
  0x000001df17be9800 JavaThread "Timer-1" daemon [_thread_blocked, id=8488, stack(0x000000b694700000,0x000000b694800000)]
  0x000001df17bea000 JavaThread "Connection Thread" [_thread_in_native, id=13324, stack(0x000000b694800000,0x000000b694900000)]
  0x000001df17beb000 JavaThread "Server Thread" [_thread_blocked, id=1240, stack(0x000000b694900000,0x000000b694a00000)]
  0x000001df17bf0800 JavaThread "text box thread" [_thread_blocked, id=8532, stack(0x000000b694f00000,0x000000b695000000)]
  0x000001df17bf0000 JavaThread "Timer-5" daemon [_thread_blocked, id=12352, stack(0x000000b694b00000,0x000000b694c00000)]
  0x000001df17be7800 JavaThread "Connection Thread" [_thread_in_Java, id=4244, stack(0x000000b694500000,0x000000b694600000)]
  0x000001df17beb800 JavaThread "Server Thread" [_thread_blocked, id=4640, stack(0x000000b694a00000,0x000000b694b00000)]
  0x000001df17bec800 JavaThread "Connection thread" [_thread_in_native, id=14304, stack(0x000000b694c00000,0x000000b694d00000)]
  0x000001df17bf3000 JavaThread "Receive" [_thread_in_native, id=14176, stack(0x000000b695100000,0x000000b695200000)]
  0x000001df17bee000 JavaThread "Waves Handler Thread" [_thread_in_Java, id=3892, stack(0x000000b694d00000,0x000000b694e00000)]
  0x000001df17be8800 JavaThread "text box thread" [_thread_blocked, id=6352, stack(0x000000b694e00000,0x000000b694f00000)]
  0x000001df17bef000 JavaThread "Timer-7" daemon [_thread_blocked, id=8368, stack(0x000000b695000000,0x000000b695100000)]

Other Threads:
  0x000001df7f915000 VMThread "VM Thread" [stack: 0x000000b68cd00000,0x000000b68ce00000] [id=13036]
  0x000001df7fd10800 WatcherThread [stack: 0x000000b68d800000,0x000000b68d900000] [id=11064]
  0x000001df75ee2000 GCTaskThread "GC Thread#0" [stack: 0x000000b68c800000,0x000000b68c900000] [id=9780]
  0x000001df17a9f000 GCTaskThread "GC Thread#1" [stack: 0x000000b68de00000,0x000000b68df00000] [id=2144]
  0x000001df17c79000 GCTaskThread "GC Thread#2" [stack: 0x000000b68e500000,0x000000b68e600000] [id=10136]
  0x000001df17c7a000 GCTaskThread "GC Thread#3" [stack: 0x000000b68e600000,0x000000b68e700000] [id=11784]
  0x000001df75f28800 ConcurrentGCThread "G1 Main Marker" [stack: 0x000000b68c900000,0x000000b68ca00000] [id=3588]
  0x000001df75f2a000 ConcurrentGCThread "G1 Conc#0" [stack: 0x000000b68ca00000,0x000000b68cb00000] [id=4756]
  0x000001df7f777800 ConcurrentGCThread "G1 Refine#0" [stack: 0x000000b68cb00000,0x000000b68cc00000] [id=5772]
  0x000001df7f778800 ConcurrentGCThread "G1 Young RemSet Sampling" [stack: 0x000000b68cc00000,0x000000b68cd00000] [id=12272]

Threads with active compile tasks:

VM state:not at safepoint (normal execution)

VM Mutex/Monitor currently owned by a thread: None

Heap address: 0x0000000741c00000, size: 3044 MB, Compressed Oops mode: Zero based, Oop shift amount: 3
Narrow klass base: 0x0000000800000000, Narrow klass shift: 0
Compressed class space size: 1073741824 Address: 0x0000000800000000

Heap:
 garbage-first heap   total 268288K, used 220351K [0x0000000741c00000, 0x0000000800000000)
  region size 1024K, 135 young (138240K), 1 survivors (1024K)
 Metaspace       used 24983K, capacity 25767K, committed 25980K, reserved 1073152K
  class space    used 2567K, capacity 2889K, committed 3020K, reserved 1048576K
Heap Regions: E=young(eden), S=young(survivor), O=old, HS=humongous(starts), HC=humongous(continues), CS=collection set, F=free, A=archive, TAMS=top-at-mark-start (previous, next)
|   0|0x0000000741c00000, 0x0000000741d00000, 0x0000000741d00000|100%| O|  |TAMS 0x0000000741d00000, 0x0000000741c00000| Untracked 
|   1|0x0000000741d00000, 0x0000000741e00000, 0x0000000741e00000|100%|HS|  |TAMS 0x0000000741e00000, 0x0000000741d00000| Complete 
|   2|0x0000000741e00000, 0x0000000741f00000, 0x0000000741f00000|100%|HC|  |TAMS 0x0000000741f00000, 0x0000000741e00000| Complete 
|   3|0x0000000741f00000, 0x0000000742000000, 0x0000000742000000|100%|HS|  |TAMS 0x0000000742000000, 0x0000000741f00000| Complete 
|   4|0x0000000742000000, 0x0000000742100000, 0x0000000742100000|100%|HC|  |TAMS 0x0000000742100000, 0x0000000742000000| Complete 
|   5|0x0000000742100000, 0x0000000742200000, 0x0000000742200000|100%|HS|  |TAMS 0x0000000742200000, 0x0000000742100000| Complete 
|   6|0x0000000742200000, 0x0000000742300000, 0x0000000742300000|100%|HS|  |TAMS 0x0000000742300000, 0x0000000742200000| Complete 
|   7|0x0000000742300000, 0x0000000742400000, 0x0000000742400000|100%|HC|  |TAMS 0x0000000742400000, 0x0000000742300000| Complete 
|   8|0x0000000742400000, 0x0000000742500000, 0x0000000742500000|100%|HC|  |TAMS 0x0000000742500000, 0x0000000742400000| Complete 
|   9|0x0000000742500000, 0x0000000742600000, 0x0000000742600000|100%|HS|  |TAMS 0x0000000742600000, 0x0000000742500000| Complete 
|  10|0x0000000742600000, 0x0000000742700000, 0x0000000742700000|100%|HC|  |TAMS 0x0000000742700000, 0x0000000742600000| Complete 
|  11|0x0000000742700000, 0x0000000742800000, 0x0000000742800000|100%|HC|  |TAMS 0x0000000742800000, 0x0000000742700000| Complete 
|  12|0x0000000742800000, 0x0000000742900000, 0x0000000742900000|100%|HC|  |TAMS 0x0000000742900000, 0x0000000742800000| Complete 
|  13|0x0000000742900000, 0x0000000742a00000, 0x0000000742a00000|100%|HC|  |TAMS 0x0000000742a00000, 0x0000000742900000| Complete 
|  14|0x0000000742a00000, 0x0000000742b00000, 0x0000000742b00000|100%|HC|  |TAMS 0x0000000742b00000, 0x0000000742a00000| Complete 
|  15|0x0000000742b00000, 0x0000000742c00000, 0x0000000742c00000|100%|HS|  |TAMS 0x0000000742c00000, 0x0000000742b00000| Complete 
|  16|0x0000000742c00000, 0x0000000742d00000, 0x0000000742d00000|100%|HC|  |TAMS 0x0000000742d00000, 0x0000000742c00000| Complete 
|  17|0x0000000742d00000, 0x0000000742e00000, 0x0000000742e00000|100%|HC|  |TAMS 0x0000000742e00000, 0x0000000742d00000| Complete 
|  18|0x0000000742e00000, 0x0000000742f00000, 0x0000000742f00000|100%|HC|  |TAMS 0x0000000742f00000, 0x0000000742e00000| Complete 
|  19|0x0000000742f00000, 0x0000000743000000, 0x0000000743000000|100%|HC|  |TAMS 0x0000000743000000, 0x0000000742f00000| Complete 
|  20|0x0000000743000000, 0x0000000743100000, 0x0000000743100000|100%|HS|  |TAMS 0x0000000743100000, 0x0000000743000000| Complete 
|  21|0x0000000743100000, 0x0000000743200000, 0x0000000743200000|100%|HC|  |TAMS 0x0000000743200000, 0x0000000743100000| Complete 
|  22|0x0000000743200000, 0x0000000743300000, 0x0000000743300000|100%|HC|  |TAMS 0x0000000743300000, 0x0000000743200000| Complete 
|  23|0x0000000743300000, 0x0000000743400000, 0x0000000743400000|100%|HS|  |TAMS 0x0000000743400000, 0x0000000743300000| Complete 
|  24|0x0000000743400000, 0x0000000743500000, 0x0000000743500000|100%|HC|  |TAMS 0x0000000743500000, 0x0000000743400000| Complete 
|  25|0x0000000743500000, 0x0000000743600000, 0x0000000743600000|100%|HC|  |TAMS 0x0000000743600000, 0x0000000743500000| Complete 
|  26|0x0000000743600000, 0x0000000743700000, 0x0000000743700000|100%|HC|  |TAMS 0x0000000743700000, 0x0000000743600000| Complete 
|  27|0x0000000743700000, 0x0000000743800000, 0x0000000743800000|100%|HC|  |TAMS 0x0000000743800000, 0x0000000743700000| Complete 
|  28|0x0000000743800000, 0x0000000743900000, 0x0000000743900000|100%|HC|  |TAMS 0x0000000743900000, 0x0000000743800000| Complete 
|  29|0x0000000743900000, 0x0000000743a00000, 0x0000000743a00000|100%|HC|  |TAMS 0x0000000743a00000, 0x0000000743900000| Complete 
|  30|0x0000000743a00000, 0x0000000743b00000, 0x0000000743b00000|100%|HC|  |TAMS 0x0000000743b00000, 0x0000000743a00000| Complete 
|  31|0x0000000743b00000, 0x0000000743c00000, 0x0000000743c00000|100%|HS|  |TAMS 0x0000000743c00000, 0x0000000743b00000| Complete 
|  32|0x0000000743c00000, 0x0000000743d00000, 0x0000000743d00000|100%|HC|  |TAMS 0x0000000743d00000, 0x0000000743c00000| Complete 
|  33|0x0000000743d00000, 0x0000000743e00000, 0x0000000743e00000|100%|HC|  |TAMS 0x0000000743e00000, 0x0000000743d00000| Complete 
|  34|0x0000000743e00000, 0x0000000743f00000, 0x0000000743f00000|100%|HC|  |TAMS 0x0000000743f00000, 0x0000000743e00000| Complete 
|  35|0x0000000743f00000, 0x0000000744000000, 0x0000000744000000|100%| O|  |TAMS 0x0000000744000000, 0x0000000743f00000| Untracked 
|  36|0x0000000744000000, 0x0000000744100000, 0x0000000744100000|100%| O|  |TAMS 0x0000000744100000, 0x0000000744000000| Untracked 
|  37|0x0000000744100000, 0x0000000744200000, 0x0000000744200000|100%| O|  |TAMS 0x0000000744200000, 0x0000000744100000| Untracked 
|  38|0x0000000744200000, 0x0000000744300000, 0x0000000744300000|100%| O|  |TAMS 0x0000000744300000, 0x0000000744200000| Untracked 
|  39|0x0000000744300000, 0x0000000744400000, 0x0000000744400000|100%| O|  |TAMS 0x0000000744400000, 0x0000000744300000| Untracked 
|  40|0x0000000744400000, 0x0000000744500000, 0x0000000744500000|100%| O|  |TAMS 0x0000000744500000, 0x0000000744400000| Untracked 
|  41|0x0000000744500000, 0x0000000744600000, 0x0000000744600000|100%| O|  |TAMS 0x0000000744600000, 0x0000000744500000| Untracked 
|  42|0x0000000744600000, 0x0000000744700000, 0x0000000744700000|100%| O|  |TAMS 0x0000000744700000, 0x0000000744600000| Untracked 
|  43|0x0000000744700000, 0x0000000744800000, 0x0000000744800000|100%| O|  |TAMS 0x0000000744800000, 0x0000000744700000| Untracked 
|  44|0x0000000744800000, 0x0000000744900000, 0x0000000744900000|100%| O|  |TAMS 0x0000000744900000, 0x0000000744800000| Untracked 
|  45|0x0000000744900000, 0x0000000744a00000, 0x0000000744a00000|100%| O|  |TAMS 0x0000000744a00000, 0x0000000744900000| Untracked 
|  46|0x0000000744a00000, 0x0000000744b00000, 0x0000000744b00000|100%| O|  |TAMS 0x0000000744b00000, 0x0000000744a00000| Untracked 
|  47|0x0000000744b00000, 0x0000000744c00000, 0x0000000744c00000|100%| O|  |TAMS 0x0000000744c00000, 0x0000000744b00000| Untracked 
|  48|0x0000000744c00000, 0x0000000744d00000, 0x0000000744d00000|100%| O|  |TAMS 0x0000000744d00000, 0x0000000744c00000| Untracked 
|  49|0x0000000744d00000, 0x0000000744e00000, 0x0000000744e00000|100%| O|  |TAMS 0x0000000744e00000, 0x0000000744d00000| Untracked 
|  50|0x0000000744e00000, 0x0000000744f00000, 0x0000000744f00000|100%| O|  |TAMS 0x0000000744f00000, 0x0000000744e00000| Untracked 
|  51|0x0000000744f00000, 0x0000000745000000, 0x0000000745000000|100%| O|  |TAMS 0x0000000745000000, 0x0000000744f00000| Untracked 
|  52|0x0000000745000000, 0x0000000745100000, 0x0000000745100000|100%| O|  |TAMS 0x0000000745100000, 0x0000000745000000| Untracked 
|  53|0x0000000745100000, 0x0000000745200000, 0x0000000745200000|100%| O|  |TAMS 0x0000000745200000, 0x0000000745100000| Untracked 
|  54|0x0000000745200000, 0x0000000745300000, 0x0000000745300000|100%| O|  |TAMS 0x0000000745300000, 0x0000000745200000| Untracked 
|  55|0x0000000745300000, 0x0000000745400000, 0x0000000745400000|100%| O|  |TAMS 0x0000000745400000, 0x0000000745300000| Untracked 
|  56|0x0000000745400000, 0x0000000745500000, 0x0000000745500000|100%| O|  |TAMS 0x0000000745500000, 0x0000000745400000| Untracked 
|  57|0x0000000745500000, 0x0000000745600000, 0x0000000745600000|100%| O|  |TAMS 0x0000000745600000, 0x0000000745500000| Untracked 
|  58|0x0000000745600000, 0x0000000745700000, 0x0000000745700000|100%| O|  |TAMS 0x00000007456ea000, 0x0000000745600000| Untracked 
|  59|0x0000000745700000, 0x0000000745800000, 0x0000000745800000|100%|HS|  |TAMS 0x0000000745700000, 0x0000000745700000| Complete 
|  60|0x0000000745800000, 0x0000000745900000, 0x0000000745900000|100%|HC|  |TAMS 0x0000000745800000, 0x0000000745800000| Complete 
|  61|0x0000000745900000, 0x0000000745a00000, 0x0000000745a00000|100%|HC|  |TAMS 0x0000000745900000, 0x0000000745900000| Complete 
|  62|0x0000000745a00000, 0x0000000745b00000, 0x0000000745b00000|100%|HC|  |TAMS 0x0000000745a00000, 0x0000000745a00000| Complete 
|  63|0x0000000745b00000, 0x0000000745c00000, 0x0000000745c00000|100%|HC|  |TAMS 0x0000000745b00000, 0x0000000745b00000| Complete 
|  64|0x0000000745c00000, 0x0000000745d00000, 0x0000000745d00000|100%|HC|  |TAMS 0x0000000745c00000, 0x0000000745c00000| Complete 
|  65|0x0000000745d00000, 0x0000000745e00000, 0x0000000745e00000|100%|HC|  |TAMS 0x0000000745d00000, 0x0000000745d00000| Complete 
|  66|0x0000000745e00000, 0x0000000745f00000, 0x0000000745f00000|100%|HS|  |TAMS 0x0000000745e00000, 0x0000000745e00000| Complete 
|  67|0x0000000745f00000, 0x0000000746000000, 0x0000000746000000|100%|HC|  |TAMS 0x0000000745f00000, 0x0000000745f00000| Complete 
|  68|0x0000000746000000, 0x0000000746100000, 0x0000000746100000|100%|HC|  |TAMS 0x0000000746000000, 0x0000000746000000| Complete 
|  69|0x0000000746100000, 0x0000000746200000, 0x0000000746200000|100%|HC|  |TAMS 0x0000000746100000, 0x0000000746100000| Complete 
|  70|0x0000000746200000, 0x0000000746300000, 0x0000000746300000|100%|HC|  |TAMS 0x0000000746200000, 0x0000000746200000| Complete 
|  71|0x0000000746300000, 0x0000000746400000, 0x0000000746400000|100%|HC|  |TAMS 0x0000000746300000, 0x0000000746300000| Complete 
|  72|0x0000000746400000, 0x0000000746500000, 0x0000000746500000|100%|HC|  |TAMS 0x0000000746400000, 0x0000000746400000| Complete 
|  73|0x0000000746500000, 0x0000000746600000, 0x0000000746600000|100%|HS|  |TAMS 0x0000000746500000, 0x0000000746500000| Complete 
|  74|0x0000000746600000, 0x0000000746700000, 0x0000000746700000|100%|HC|  |TAMS 0x0000000746600000, 0x0000000746600000| Complete 
|  75|0x0000000746700000, 0x0000000746800000, 0x0000000746800000|100%|HC|  |TAMS 0x0000000746700000, 0x0000000746700000| Complete 
|  76|0x0000000746800000, 0x0000000746900000, 0x0000000746900000|100%|HC|  |TAMS 0x0000000746800000, 0x0000000746800000| Complete 
|  77|0x0000000746900000, 0x0000000746a00000, 0x0000000746a00000|100%|HC|  |TAMS 0x0000000746900000, 0x0000000746900000| Complete 
|  78|0x0000000746a00000, 0x0000000746b00000, 0x0000000746b00000|100%|HC|  |TAMS 0x0000000746a00000, 0x0000000746a00000| Complete 
|  79|0x0000000746b00000, 0x0000000746c00000, 0x0000000746c00000|100%|HC|  |TAMS 0x0000000746b00000, 0x0000000746b00000| Complete 
|  80|0x0000000746c00000, 0x0000000746d00000, 0x0000000746d00000|100%| O|  |TAMS 0x0000000746c00000, 0x0000000746c00000| Untracked 
|  81|0x0000000746d00000, 0x0000000746e00000, 0x0000000746e00000|100%| O|  |TAMS 0x0000000746d00000, 0x0000000746d00000| Untracked 
|  82|0x0000000746e00000, 0x0000000746e1fe00, 0x0000000746f00000| 12%| O|  |TAMS 0x0000000746e00000, 0x0000000746e00000| Untracked 
|  83|0x0000000746f00000, 0x0000000746f00000, 0x0000000747000000|  0%| F|  |TAMS 0x0000000746f00000, 0x0000000746f00000| Untracked 
|  84|0x0000000747000000, 0x0000000747000000, 0x0000000747100000|  0%| F|  |TAMS 0x0000000747000000, 0x0000000747000000| Untracked 
|  85|0x0000000747100000, 0x0000000747100000, 0x0000000747200000|  0%| F|  |TAMS 0x0000000747100000, 0x0000000747100000| Untracked 
|  86|0x0000000747200000, 0x0000000747200000, 0x0000000747300000|  0%| F|  |TAMS 0x0000000747200000, 0x0000000747200000| Untracked 
|  87|0x0000000747300000, 0x0000000747300000, 0x0000000747400000|  0%| F|  |TAMS 0x0000000747300000, 0x0000000747300000| Untracked 
|  88|0x0000000747400000, 0x0000000747400000, 0x0000000747500000|  0%| F|  |TAMS 0x0000000747400000, 0x0000000747400000| Untracked 
|  89|0x0000000747500000, 0x0000000747500000, 0x0000000747600000|  0%| F|  |TAMS 0x0000000747500000, 0x0000000747500000| Untracked 
|  90|0x0000000747600000, 0x0000000747600000, 0x0000000747700000|  0%| F|  |TAMS 0x0000000747600000, 0x0000000747600000| Untracked 
|  91|0x0000000747700000, 0x0000000747700000, 0x0000000747800000|  0%| F|  |TAMS 0x0000000747700000, 0x0000000747700000| Untracked 
|  92|0x0000000747800000, 0x0000000747800000, 0x0000000747900000|  0%| F|  |TAMS 0x0000000747800000, 0x0000000747800000| Untracked 
|  93|0x0000000747900000, 0x0000000747900000, 0x0000000747a00000|  0%| F|  |TAMS 0x0000000747900000, 0x0000000747900000| Untracked 
|  94|0x0000000747a00000, 0x0000000747a00000, 0x0000000747b00000|  0%| F|  |TAMS 0x0000000747a00000, 0x0000000747a00000| Untracked 
|  95|0x0000000747b00000, 0x0000000747b00000, 0x0000000747c00000|  0%| F|  |TAMS 0x0000000747b00000, 0x0000000747b00000| Untracked 
|  96|0x0000000747c00000, 0x0000000747c00000, 0x0000000747d00000|  0%| F|  |TAMS 0x0000000747c00000, 0x0000000747c00000| Untracked 
|  97|0x0000000747d00000, 0x0000000747d00000, 0x0000000747e00000|  0%| F|  |TAMS 0x0000000747d00000, 0x0000000747d00000| Untracked 
|  98|0x0000000747e00000, 0x0000000747e00000, 0x0000000747f00000|  0%| F|  |TAMS 0x0000000747e00000, 0x0000000747e00000| Untracked 
|  99|0x0000000747f00000, 0x0000000747f00000, 0x0000000748000000|  0%| F|  |TAMS 0x0000000747f00000, 0x0000000747f00000| Untracked 
| 100|0x0000000748000000, 0x0000000748000000, 0x0000000748100000|  0%| F|  |TAMS 0x0000000748000000, 0x0000000748000000| Untracked 
| 101|0x0000000748100000, 0x0000000748100000, 0x0000000748200000|  0%| F|  |TAMS 0x0000000748100000, 0x0000000748100000| Untracked 
| 102|0x0000000748200000, 0x0000000748200000, 0x0000000748300000|  0%| F|  |TAMS 0x0000000748200000, 0x0000000748200000| Untracked 
| 103|0x0000000748300000, 0x0000000748300000, 0x0000000748400000|  0%| F|  |TAMS 0x0000000748300000, 0x0000000748300000| Untracked 
| 104|0x0000000748400000, 0x0000000748400000, 0x0000000748500000|  0%| F|  |TAMS 0x0000000748400000, 0x0000000748400000| Untracked 
| 105|0x0000000748500000, 0x0000000748500000, 0x0000000748600000|  0%| F|  |TAMS 0x0000000748500000, 0x0000000748500000| Untracked 
| 106|0x0000000748600000, 0x0000000748600000, 0x0000000748700000|  0%| F|  |TAMS 0x0000000748600000, 0x0000000748600000| Untracked 
| 107|0x0000000748700000, 0x0000000748700000, 0x0000000748800000|  0%| F|  |TAMS 0x0000000748700000, 0x0000000748700000| Untracked 
| 108|0x0000000748800000, 0x0000000748800000, 0x0000000748900000|  0%| F|  |TAMS 0x0000000748800000, 0x0000000748800000| Untracked 
| 109|0x0000000748900000, 0x0000000748900000, 0x0000000748a00000|  0%| F|  |TAMS 0x0000000748900000, 0x0000000748900000| Untracked 
| 110|0x0000000748a00000, 0x0000000748a0fe40, 0x0000000748b00000|  6%| S|CS|TAMS 0x0000000748a00000, 0x0000000748a00000| Complete 
| 111|0x0000000748b00000, 0x0000000748b00000, 0x0000000748c00000|  0%| F|  |TAMS 0x0000000748b00000, 0x0000000748b00000| Untracked 
| 112|0x0000000748c00000, 0x0000000748c00000, 0x0000000748d00000|  0%| F|  |TAMS 0x0000000748c00000, 0x0000000748c00000| Untracked 
| 113|0x0000000748d00000, 0x0000000748d00000, 0x0000000748e00000|  0%| F|  |TAMS 0x0000000748d00000, 0x0000000748d00000| Untracked 
| 114|0x0000000748e00000, 0x0000000748e00000, 0x0000000748f00000|  0%| F|  |TAMS 0x0000000748e00000, 0x0000000748e00000| Untracked 
| 115|0x0000000748f00000, 0x0000000748f00000, 0x0000000749000000|  0%| F|  |TAMS 0x0000000748f00000, 0x0000000748f00000| Untracked 
| 116|0x0000000749000000, 0x0000000749000000, 0x0000000749100000|  0%| F|  |TAMS 0x0000000749000000, 0x0000000749000000| Untracked 
| 117|0x0000000749100000, 0x0000000749100000, 0x0000000749200000|  0%| F|  |TAMS 0x0000000749100000, 0x0000000749100000| Untracked 
| 118|0x0000000749200000, 0x0000000749200000, 0x0000000749300000|  0%| F|  |TAMS 0x0000000749200000, 0x0000000749200000| Untracked 
| 119|0x0000000749300000, 0x0000000749300000, 0x0000000749400000|  0%| F|  |TAMS 0x0000000749300000, 0x0000000749300000| Untracked 
| 120|0x0000000749400000, 0x0000000749400000, 0x0000000749500000|  0%| F|  |TAMS 0x0000000749400000, 0x0000000749400000| Untracked 
| 121|0x0000000749500000, 0x0000000749500000, 0x0000000749600000|  0%| F|  |TAMS 0x0000000749500000, 0x0000000749500000| Untracked 
| 122|0x0000000749600000, 0x0000000749600000, 0x0000000749700000|  0%| F|  |TAMS 0x0000000749600000, 0x0000000749600000| Untracked 
| 123|0x0000000749700000, 0x0000000749700000, 0x0000000749800000|  0%| F|  |TAMS 0x0000000749700000, 0x0000000749700000| Untracked 
| 124|0x0000000749800000, 0x0000000749900000, 0x0000000749900000|100%| E|  |TAMS 0x0000000749800000, 0x0000000749800000| Complete 
| 125|0x0000000749900000, 0x0000000749a00000, 0x0000000749a00000|100%| E|CS|TAMS 0x0000000749900000, 0x0000000749900000| Complete 
| 126|0x0000000749a00000, 0x0000000749b00000, 0x0000000749b00000|100%| E|CS|TAMS 0x0000000749a00000, 0x0000000749a00000| Complete 
| 127|0x0000000749b00000, 0x0000000749c00000, 0x0000000749c00000|100%| E|CS|TAMS 0x0000000749b00000, 0x0000000749b00000| Complete 
| 128|0x0000000749c00000, 0x0000000749d00000, 0x0000000749d00000|100%| E|CS|TAMS 0x0000000749c00000, 0x0000000749c00000| Complete 
| 129|0x0000000749d00000, 0x0000000749e00000, 0x0000000749e00000|100%| E|CS|TAMS 0x0000000749d00000, 0x0000000749d00000| Complete 
| 130|0x0000000749e00000, 0x0000000749f00000, 0x0000000749f00000|100%| E|CS|TAMS 0x0000000749e00000, 0x0000000749e00000| Complete 
| 131|0x0000000749f00000, 0x000000074a000000, 0x000000074a000000|100%| E|CS|TAMS 0x0000000749f00000, 0x0000000749f00000| Complete 
| 132|0x000000074a000000, 0x000000074a100000, 0x000000074a100000|100%| E|CS|TAMS 0x000000074a000000, 0x000000074a000000| Complete 
| 133|0x000000074a100000, 0x000000074a200000, 0x000000074a200000|100%| E|CS|TAMS 0x000000074a100000, 0x000000074a100000| Complete 
| 134|0x000000074a200000, 0x000000074a300000, 0x000000074a300000|100%| E|CS|TAMS 0x000000074a200000, 0x000000074a200000| Complete 
| 135|0x000000074a300000, 0x000000074a400000, 0x000000074a400000|100%| E|CS|TAMS 0x000000074a300000, 0x000000074a300000| Complete 
| 136|0x000000074a400000, 0x000000074a500000, 0x000000074a500000|100%| E|CS|TAMS 0x000000074a400000, 0x000000074a400000| Complete 
| 137|0x000000074a500000, 0x000000074a600000, 0x000000074a600000|100%| E|CS|TAMS 0x000000074a500000, 0x000000074a500000| Complete 
| 138|0x000000074a600000, 0x000000074a700000, 0x000000074a700000|100%| E|CS|TAMS 0x000000074a600000, 0x000000074a600000| Complete 
| 139|0x000000074a700000, 0x000000074a800000, 0x000000074a800000|100%| E|CS|TAMS 0x000000074a700000, 0x000000074a700000| Complete 
| 140|0x000000074a800000, 0x000000074a900000, 0x000000074a900000|100%| E|CS|TAMS 0x000000074a800000, 0x000000074a800000| Complete 
| 141|0x000000074a900000, 0x000000074aa00000, 0x000000074aa00000|100%| E|CS|TAMS 0x000000074a900000, 0x000000074a900000| Complete 
| 142|0x000000074aa00000, 0x000000074ab00000, 0x000000074ab00000|100%| E|CS|TAMS 0x000000074aa00000, 0x000000074aa00000| Complete 
| 143|0x000000074ab00000, 0x000000074ac00000, 0x000000074ac00000|100%| E|CS|TAMS 0x000000074ab00000, 0x000000074ab00000| Complete 
| 144|0x000000074ac00000, 0x000000074ad00000, 0x000000074ad00000|100%| E|CS|TAMS 0x000000074ac00000, 0x000000074ac00000| Complete 
| 145|0x000000074ad00000, 0x000000074ae00000, 0x000000074ae00000|100%| E|CS|TAMS 0x000000074ad00000, 0x000000074ad00000| Complete 
| 146|0x000000074ae00000, 0x000000074af00000, 0x000000074af00000|100%| E|CS|TAMS 0x000000074ae00000, 0x000000074ae00000| Complete 
| 147|0x000000074af00000, 0x000000074b000000, 0x000000074b000000|100%| E|CS|TAMS 0x000000074af00000, 0x000000074af00000| Complete 
| 148|0x000000074b000000, 0x000000074b100000, 0x000000074b100000|100%| E|CS|TAMS 0x000000074b000000, 0x000000074b000000| Complete 
| 149|0x000000074b100000, 0x000000074b200000, 0x000000074b200000|100%| E|CS|TAMS 0x000000074b100000, 0x000000074b100000| Complete 
| 150|0x000000074b200000, 0x000000074b300000, 0x000000074b300000|100%| E|CS|TAMS 0x000000074b200000, 0x000000074b200000| Complete 
| 151|0x000000074b300000, 0x000000074b400000, 0x000000074b400000|100%| E|CS|TAMS 0x000000074b300000, 0x000000074b300000| Complete 
| 152|0x000000074b400000, 0x000000074b500000, 0x000000074b500000|100%| E|CS|TAMS 0x000000074b400000, 0x000000074b400000| Complete 
| 153|0x000000074b500000, 0x000000074b600000, 0x000000074b600000|100%| E|CS|TAMS 0x000000074b500000, 0x000000074b500000| Complete 
| 154|0x000000074b600000, 0x000000074b700000, 0x000000074b700000|100%| E|CS|TAMS 0x000000074b600000, 0x000000074b600000| Complete 
| 155|0x000000074b700000, 0x000000074b800000, 0x000000074b800000|100%| E|CS|TAMS 0x000000074b700000, 0x000000074b700000| Complete 
| 156|0x000000074b800000, 0x000000074b900000, 0x000000074b900000|100%| E|CS|TAMS 0x000000074b800000, 0x000000074b800000| Complete 
| 157|0x000000074b900000, 0x000000074ba00000, 0x000000074ba00000|100%| E|CS|TAMS 0x000000074b900000, 0x000000074b900000| Complete 
| 158|0x000000074ba00000, 0x000000074bb00000, 0x000000074bb00000|100%| E|CS|TAMS 0x000000074ba00000, 0x000000074ba00000| Complete 
| 159|0x000000074bb00000, 0x000000074bc00000, 0x000000074bc00000|100%| E|CS|TAMS 0x000000074bb00000, 0x000000074bb00000| Complete 
| 160|0x000000074bc00000, 0x000000074bd00000, 0x000000074bd00000|100%| E|CS|TAMS 0x000000074bc00000, 0x000000074bc00000| Complete 
| 161|0x000000074bd00000, 0x000000074be00000, 0x000000074be00000|100%| E|CS|TAMS 0x000000074bd00000, 0x000000074bd00000| Complete 
| 162|0x000000074be00000, 0x000000074bf00000, 0x000000074bf00000|100%| E|CS|TAMS 0x000000074be00000, 0x000000074be00000| Complete 
| 163|0x000000074bf00000, 0x000000074c000000, 0x000000074c000000|100%| E|CS|TAMS 0x000000074bf00000, 0x000000074bf00000| Complete 
| 164|0x000000074c000000, 0x000000074c100000, 0x000000074c100000|100%| E|CS|TAMS 0x000000074c000000, 0x000000074c000000| Complete 
| 165|0x000000074c100000, 0x000000074c200000, 0x000000074c200000|100%| E|CS|TAMS 0x000000074c100000, 0x000000074c100000| Complete 
| 166|0x000000074c200000, 0x000000074c300000, 0x000000074c300000|100%| E|CS|TAMS 0x000000074c200000, 0x000000074c200000| Complete 
| 167|0x000000074c300000, 0x000000074c400000, 0x000000074c400000|100%| E|CS|TAMS 0x000000074c300000, 0x000000074c300000| Complete 
| 168|0x000000074c400000, 0x000000074c500000, 0x000000074c500000|100%| E|CS|TAMS 0x000000074c400000, 0x000000074c400000| Complete 
| 169|0x000000074c500000, 0x000000074c600000, 0x000000074c600000|100%| E|CS|TAMS 0x000000074c500000, 0x000000074c500000| Complete 
| 170|0x000000074c600000, 0x000000074c700000, 0x000000074c700000|100%| E|CS|TAMS 0x000000074c600000, 0x000000074c600000| Complete 
| 171|0x000000074c700000, 0x000000074c800000, 0x000000074c800000|100%| E|CS|TAMS 0x000000074c700000, 0x000000074c700000| Complete 
| 172|0x000000074c800000, 0x000000074c900000, 0x000000074c900000|100%| E|CS|TAMS 0x000000074c800000, 0x000000074c800000| Complete 
| 173|0x000000074c900000, 0x000000074ca00000, 0x000000074ca00000|100%| E|CS|TAMS 0x000000074c900000, 0x000000074c900000| Complete 
| 174|0x000000074ca00000, 0x000000074cb00000, 0x000000074cb00000|100%| E|CS|TAMS 0x000000074ca00000, 0x000000074ca00000| Complete 
| 175|0x000000074cb00000, 0x000000074cc00000, 0x000000074cc00000|100%| E|CS|TAMS 0x000000074cb00000, 0x000000074cb00000| Complete 
| 176|0x000000074cc00000, 0x000000074cd00000, 0x000000074cd00000|100%| E|CS|TAMS 0x000000074cc00000, 0x000000074cc00000| Complete 
| 177|0x000000074cd00000, 0x000000074ce00000, 0x000000074ce00000|100%| E|CS|TAMS 0x000000074cd00000, 0x000000074cd00000| Complete 
| 178|0x000000074ce00000, 0x000000074cf00000, 0x000000074cf00000|100%| E|CS|TAMS 0x000000074ce00000, 0x000000074ce00000| Complete 
| 179|0x000000074cf00000, 0x000000074d000000, 0x000000074d000000|100%| E|CS|TAMS 0x000000074cf00000, 0x000000074cf00000| Complete 
| 180|0x000000074d000000, 0x000000074d100000, 0x000000074d100000|100%| E|CS|TAMS 0x000000074d000000, 0x000000074d000000| Complete 
| 181|0x000000074d100000, 0x000000074d200000, 0x000000074d200000|100%| E|CS|TAMS 0x000000074d100000, 0x000000074d100000| Complete 
| 182|0x000000074d200000, 0x000000074d300000, 0x000000074d300000|100%| E|CS|TAMS 0x000000074d200000, 0x000000074d200000| Complete 
| 183|0x000000074d300000, 0x000000074d400000, 0x000000074d400000|100%| E|CS|TAMS 0x000000074d300000, 0x000000074d300000| Complete 
| 184|0x000000074d400000, 0x000000074d500000, 0x000000074d500000|100%| E|CS|TAMS 0x000000074d400000, 0x000000074d400000| Complete 
| 185|0x000000074d500000, 0x000000074d600000, 0x000000074d600000|100%| E|CS|TAMS 0x000000074d500000, 0x000000074d500000| Complete 
| 186|0x000000074d600000, 0x000000074d700000, 0x000000074d700000|100%| E|CS|TAMS 0x000000074d600000, 0x000000074d600000| Complete 
| 187|0x000000074d700000, 0x000000074d800000, 0x000000074d800000|100%| E|CS|TAMS 0x000000074d700000, 0x000000074d700000| Complete 
| 188|0x000000074d800000, 0x000000074d900000, 0x000000074d900000|100%| E|CS|TAMS 0x000000074d800000, 0x000000074d800000| Complete 
| 189|0x000000074d900000, 0x000000074da00000, 0x000000074da00000|100%| E|CS|TAMS 0x000000074d900000, 0x000000074d900000| Complete 
| 190|0x000000074da00000, 0x000000074db00000, 0x000000074db00000|100%| E|CS|TAMS 0x000000074da00000, 0x000000074da00000| Complete 
| 191|0x000000074db00000, 0x000000074dc00000, 0x000000074dc00000|100%| E|CS|TAMS 0x000000074db00000, 0x000000074db00000| Complete 
| 192|0x000000074dc00000, 0x000000074dd00000, 0x000000074dd00000|100%| E|CS|TAMS 0x000000074dc00000, 0x000000074dc00000| Complete 
| 193|0x000000074dd00000, 0x000000074de00000, 0x000000074de00000|100%| E|CS|TAMS 0x000000074dd00000, 0x000000074dd00000| Complete 
| 194|0x000000074de00000, 0x000000074df00000, 0x000000074df00000|100%| E|CS|TAMS 0x000000074de00000, 0x000000074de00000| Complete 
| 195|0x000000074df00000, 0x000000074e000000, 0x000000074e000000|100%| E|CS|TAMS 0x000000074df00000, 0x000000074df00000| Complete 
| 196|0x000000074e000000, 0x000000074e100000, 0x000000074e100000|100%| E|CS|TAMS 0x000000074e000000, 0x000000074e000000| Complete 
| 197|0x000000074e100000, 0x000000074e200000, 0x000000074e200000|100%| E|CS|TAMS 0x000000074e100000, 0x000000074e100000| Complete 
| 198|0x000000074e200000, 0x000000074e300000, 0x000000074e300000|100%| E|CS|TAMS 0x000000074e200000, 0x000000074e200000| Complete 
| 199|0x000000074e300000, 0x000000074e400000, 0x000000074e400000|100%| E|CS|TAMS 0x000000074e300000, 0x000000074e300000| Complete 
| 200|0x000000074e400000, 0x000000074e500000, 0x000000074e500000|100%| E|CS|TAMS 0x000000074e400000, 0x000000074e400000| Complete 
| 201|0x000000074e500000, 0x000000074e600000, 0x000000074e600000|100%| E|CS|TAMS 0x000000074e500000, 0x000000074e500000| Complete 
| 202|0x000000074e600000, 0x000000074e700000, 0x000000074e700000|100%| E|CS|TAMS 0x000000074e600000, 0x000000074e600000| Complete 
| 203|0x000000074e700000, 0x000000074e800000, 0x000000074e800000|100%| E|CS|TAMS 0x000000074e700000, 0x000000074e700000| Complete 
| 204|0x000000074e800000, 0x000000074e900000, 0x000000074e900000|100%| E|CS|TAMS 0x000000074e800000, 0x000000074e800000| Complete 
| 205|0x000000074e900000, 0x000000074ea00000, 0x000000074ea00000|100%| E|CS|TAMS 0x000000074e900000, 0x000000074e900000| Complete 
| 206|0x000000074ea00000, 0x000000074eb00000, 0x000000074eb00000|100%| E|CS|TAMS 0x000000074ea00000, 0x000000074ea00000| Complete 
| 207|0x000000074eb00000, 0x000000074ec00000, 0x000000074ec00000|100%| E|CS|TAMS 0x000000074eb00000, 0x000000074eb00000| Complete 
| 208|0x000000074ec00000, 0x000000074ed00000, 0x000000074ed00000|100%| E|CS|TAMS 0x000000074ec00000, 0x000000074ec00000| Complete 
| 209|0x000000074ed00000, 0x000000074ee00000, 0x000000074ee00000|100%| E|CS|TAMS 0x000000074ed00000, 0x000000074ed00000| Complete 
| 210|0x000000074ee00000, 0x000000074ef00000, 0x000000074ef00000|100%| E|CS|TAMS 0x000000074ee00000, 0x000000074ee00000| Complete 
| 211|0x000000074ef00000, 0x000000074f000000, 0x000000074f000000|100%| E|CS|TAMS 0x000000074ef00000, 0x000000074ef00000| Complete 
| 212|0x000000074f000000, 0x000000074f100000, 0x000000074f100000|100%| E|CS|TAMS 0x000000074f000000, 0x000000074f000000| Complete 
| 213|0x000000074f100000, 0x000000074f200000, 0x000000074f200000|100%| E|CS|TAMS 0x000000074f100000, 0x000000074f100000| Complete 
| 214|0x000000074f200000, 0x000000074f300000, 0x000000074f300000|100%| E|CS|TAMS 0x000000074f200000, 0x000000074f200000| Complete 
| 215|0x000000074f300000, 0x000000074f400000, 0x000000074f400000|100%| E|CS|TAMS 0x000000074f300000, 0x000000074f300000| Complete 
| 216|0x000000074f400000, 0x000000074f500000, 0x000000074f500000|100%| E|CS|TAMS 0x000000074f400000, 0x000000074f400000| Complete 
| 217|0x000000074f500000, 0x000000074f600000, 0x000000074f600000|100%| E|CS|TAMS 0x000000074f500000, 0x000000074f500000| Complete 
| 218|0x000000074f600000, 0x000000074f700000, 0x000000074f700000|100%| E|CS|TAMS 0x000000074f600000, 0x000000074f600000| Complete 
| 219|0x000000074f700000, 0x000000074f800000, 0x000000074f800000|100%| E|CS|TAMS 0x000000074f700000, 0x000000074f700000| Complete 
| 220|0x000000074f800000, 0x000000074f900000, 0x000000074f900000|100%| E|CS|TAMS 0x000000074f800000, 0x000000074f800000| Complete 
| 221|0x000000074f900000, 0x000000074fa00000, 0x000000074fa00000|100%| E|CS|TAMS 0x000000074f900000, 0x000000074f900000| Complete 
| 222|0x000000074fa00000, 0x000000074fb00000, 0x000000074fb00000|100%| E|CS|TAMS 0x000000074fa00000, 0x000000074fa00000| Complete 
| 223|0x000000074fb00000, 0x000000074fc00000, 0x000000074fc00000|100%| E|CS|TAMS 0x000000074fb00000, 0x000000074fb00000| Complete 
| 224|0x000000074fc00000, 0x000000074fd00000, 0x000000074fd00000|100%| E|CS|TAMS 0x000000074fc00000, 0x000000074fc00000| Complete 
| 225|0x000000074fd00000, 0x000000074fe00000, 0x000000074fe00000|100%| E|CS|TAMS 0x000000074fd00000, 0x000000074fd00000| Complete 
| 226|0x000000074fe00000, 0x000000074ff00000, 0x000000074ff00000|100%| E|CS|TAMS 0x000000074fe00000, 0x000000074fe00000| Complete 
| 227|0x000000074ff00000, 0x0000000750000000, 0x0000000750000000|100%| E|CS|TAMS 0x000000074ff00000, 0x000000074ff00000| Complete 
| 228|0x0000000750000000, 0x0000000750100000, 0x0000000750100000|100%| E|CS|TAMS 0x0000000750000000, 0x0000000750000000| Complete 
| 229|0x0000000750100000, 0x0000000750200000, 0x0000000750200000|100%| E|CS|TAMS 0x0000000750100000, 0x0000000750100000| Complete 
| 230|0x0000000750200000, 0x0000000750300000, 0x0000000750300000|100%| E|CS|TAMS 0x0000000750200000, 0x0000000750200000| Complete 
| 231|0x0000000750300000, 0x0000000750400000, 0x0000000750400000|100%| E|CS|TAMS 0x0000000750300000, 0x0000000750300000| Complete 
| 232|0x0000000750400000, 0x0000000750500000, 0x0000000750500000|100%| E|CS|TAMS 0x0000000750400000, 0x0000000750400000| Complete 
| 233|0x0000000750500000, 0x0000000750600000, 0x0000000750600000|100%| E|CS|TAMS 0x0000000750500000, 0x0000000750500000| Complete 
| 234|0x0000000750600000, 0x0000000750700000, 0x0000000750700000|100%| E|CS|TAMS 0x0000000750600000, 0x0000000750600000| Complete 
| 235|0x0000000750700000, 0x0000000750800000, 0x0000000750800000|100%| E|CS|TAMS 0x0000000750700000, 0x0000000750700000| Complete 
| 236|0x0000000750800000, 0x0000000750900000, 0x0000000750900000|100%| E|CS|TAMS 0x0000000750800000, 0x0000000750800000| Complete 
| 237|0x0000000750900000, 0x0000000750a00000, 0x0000000750a00000|100%| E|CS|TAMS 0x0000000750900000, 0x0000000750900000| Complete 
| 238|0x0000000750a00000, 0x0000000750b00000, 0x0000000750b00000|100%| E|CS|TAMS 0x0000000750a00000, 0x0000000750a00000| Complete 
| 239|0x0000000750b00000, 0x0000000750c00000, 0x0000000750c00000|100%| E|CS|TAMS 0x0000000750b00000, 0x0000000750b00000| Complete 
| 240|0x0000000750c00000, 0x0000000750d00000, 0x0000000750d00000|100%| E|CS|TAMS 0x0000000750c00000, 0x0000000750c00000| Complete 
| 241|0x0000000750d00000, 0x0000000750e00000, 0x0000000750e00000|100%| E|CS|TAMS 0x0000000750d00000, 0x0000000750d00000| Complete 
| 242|0x0000000750e00000, 0x0000000750f00000, 0x0000000750f00000|100%| E|CS|TAMS 0x0000000750e00000, 0x0000000750e00000| Complete 
| 243|0x0000000750f00000, 0x0000000751000000, 0x0000000751000000|100%| E|CS|TAMS 0x0000000750f00000, 0x0000000750f00000| Complete 
| 244|0x0000000751000000, 0x0000000751100000, 0x0000000751100000|100%| E|CS|TAMS 0x0000000751000000, 0x0000000751000000| Complete 
| 245|0x0000000751100000, 0x0000000751200000, 0x0000000751200000|100%| E|CS|TAMS 0x0000000751100000, 0x0000000751100000| Complete 
| 246|0x0000000751200000, 0x0000000751300000, 0x0000000751300000|100%| E|CS|TAMS 0x0000000751200000, 0x0000000751200000| Complete 
| 247|0x0000000751300000, 0x0000000751400000, 0x0000000751400000|100%| E|CS|TAMS 0x0000000751300000, 0x0000000751300000| Complete 
| 248|0x0000000751400000, 0x0000000751500000, 0x0000000751500000|100%| E|CS|TAMS 0x0000000751400000, 0x0000000751400000| Complete 
| 249|0x0000000751500000, 0x0000000751600000, 0x0000000751600000|100%| E|CS|TAMS 0x0000000751500000, 0x0000000751500000| Complete 
| 250|0x0000000751600000, 0x0000000751700000, 0x0000000751700000|100%| E|CS|TAMS 0x0000000751600000, 0x0000000751600000| Complete 
| 251|0x0000000751700000, 0x0000000751800000, 0x0000000751800000|100%| E|CS|TAMS 0x0000000751700000, 0x0000000751700000| Complete 
| 252|0x0000000751800000, 0x0000000751900000, 0x0000000751900000|100%| E|CS|TAMS 0x0000000751800000, 0x0000000751800000| Complete 
| 253|0x0000000751900000, 0x0000000751a00000, 0x0000000751a00000|100%| E|CS|TAMS 0x0000000751900000, 0x0000000751900000| Complete 
| 254|0x0000000751a00000, 0x0000000751b00000, 0x0000000751b00000|100%| E|CS|TAMS 0x0000000751a00000, 0x0000000751a00000| Complete 
| 255|0x0000000751b00000, 0x0000000751c00000, 0x0000000751c00000|100%| E|CS|TAMS 0x0000000751b00000, 0x0000000751b00000| Complete 
| 256|0x0000000751c00000, 0x0000000751d00000, 0x0000000751d00000|100%| E|CS|TAMS 0x0000000751c00000, 0x0000000751c00000| Complete 
| 257|0x0000000751d00000, 0x0000000751e00000, 0x0000000751e00000|100%| E|CS|TAMS 0x0000000751d00000, 0x0000000751d00000| Complete 
| 258|0x0000000751e00000, 0x0000000751f00000, 0x0000000751f00000|100%| E|CS|TAMS 0x0000000751e00000, 0x0000000751e00000| Complete 
| 259|0x0000000751f00000, 0x0000000752000000, 0x0000000752000000|100%| E|CS|TAMS 0x0000000751f00000, 0x0000000751f00000| Complete 
| 260|0x0000000752000000, 0x0000000752100000, 0x0000000752100000|100%| E|CS|TAMS 0x0000000752000000, 0x0000000752000000| Complete 
| 261|0x0000000752100000, 0x0000000752200000, 0x0000000752200000|100%| E|CS|TAMS 0x0000000752100000, 0x0000000752100000| Complete 

Card table byte_map: [0x000001df7e7f0000,0x000001df7edf0000] _byte_map_base: 0x000001df7ade2000

Marking Bits (Prev, Next): (CMBitMap*) 0x000001df75f1c050, (CMBitMap*) 0x000001df75f1c018
 Prev Bits: [0x000001df11f90000, 0x000001df14f20000)
 Next Bits: [0x000001df0f000000, 0x000001df11f90000)

Polling page: 0x000001df73c40000

Metaspace:

Usage:
  Non-class:     22.34 MB capacity,    21.89 MB ( 98%) used,   381.96 KB (  2%) free+waste,    79.88 KB ( <1%) overhead. 
      Class:      2.82 MB capacity,     2.51 MB ( 89%) used,   282.13 KB ( 10%) free+waste,    39.88 KB (  1%) overhead. 
       Both:     25.16 MB capacity,    24.40 MB ( 97%) used,   664.09 KB (  3%) free+waste,   119.75 KB ( <1%) overhead. 

Virtual space:
  Non-class space:       24.00 MB reserved,      22.42 MB ( 93%) committed 
      Class space:        1.00 GB reserved,       2.95 MB ( <1%) committed 
             Both:        1.02 GB reserved,      25.37 MB (  2%) committed 

Chunk freelists:
   Non-Class:  2.25 KB
       Class:  2.88 KB
        Both:  5.13 KB

CodeHeap 'non-profiled nmethods': size=120064Kb used=2290Kb max_used=2290Kb free=117773Kb
 bounds [0x000001df07ac0000, 0x000001df07d30000, 0x000001df0f000000]
CodeHeap 'profiled nmethods': size=120000Kb used=7638Kb max_used=7638Kb free=112361Kb
 bounds [0x000001df00590000, 0x000001df00d10000, 0x000001df07ac0000]
CodeHeap 'non-nmethods': size=5696Kb used=1322Kb max_used=1363Kb free=4373Kb
 bounds [0x000001df00000000, 0x000001df00270000, 0x000001df00590000]
 total_blobs=5561 nmethods=3445 adapters=640
 compilation: enabled
              stopped_count=0, restarted_count=0
 full_count=0

Compilation events (10 events):
Event: 35.870 Thread 0x000001df7f9ad800 3704       1       java.lang.ClassValue$ClassValueMap::getCache (5 bytes)
Event: 35.870 Thread 0x000001df7f9ad800 nmethod 3704 0x000001df07cfbf90 code [0x000001df07cfc140, 0x000001df07cfc258]
Event: 35.870 Thread 0x000001df7f9ad800 3705       3       java.lang.invoke.DirectMethodHandle$Holder::invokeStatic (20 bytes)
Event: 35.871 Thread 0x000001df7f9ad800 nmethod 3705 0x000001df00d08690 code [0x000001df00d08880, 0x000001df00d08e80]
Event: 35.871 Thread 0x000001df7f9ad800 3706       3       java.lang.invoke.BoundMethodHandle$Species_LL::make (12 bytes)
Event: 35.871 Thread 0x000001df7f9ad800 nmethod 3706 0x000001df00d08f90 code [0x000001df00d09160, 0x000001df00d09490]
Event: 35.872 Thread 0x000001df7f9ad800 3707       3       java.nio.ByteBufferAsIntBufferB::get (26 bytes)
Event: 35.872 Thread 0x000001df7f9ad800 nmethod 3707 0x000001df00d09590 code [0x000001df00d09780, 0x000001df00d09c90]
Event: 35.872 Thread 0x000001df7f9ad800 3708       3       java.nio.ByteBufferAsIntBufferB::byteOffset (9 bytes)
Event: 35.872 Thread 0x000001df7f9ad800 nmethod 3708 0x000001df00d09e90 code [0x000001df00d0a040, 0x000001df00d0a1b8]

GC Heap History (10 events):
Event: 35.496 GC heap before
{Heap before GC invocations=85 (full 0):
 garbage-first heap   total 268288K, used 237699K [0x0000000741c00000, 0x0000000800000000)
  region size 1024K, 151 young (154624K), 1 survivors (1024K)
 Metaspace       used 24884K, capacity 25602K, committed 25852K, reserved 1073152K
  class space    used 2546K, capacity 2833K, committed 2892K, reserved 1048576K
}
Event: 35.497 GC heap after
{Heap after GC invocations=86 (full 0):
 garbage-first heap   total 268288K, used 84103K [0x0000000741c00000, 0x0000000800000000)
  region size 1024K, 1 young (1024K), 1 survivors (1024K)
 Metaspace       used 24884K, capacity 25602K, committed 25852K, reserved 1073152K
  class space    used 2546K, capacity 2833K, committed 2892K, reserved 1048576K
}
Event: 35.584 GC heap before
{Heap before GC invocations=86 (full 0):
 garbage-first heap   total 268288K, used 238727K [0x0000000741c00000, 0x0000000800000000)
  region size 1024K, 153 young (156672K), 1 survivors (1024K)
 Metaspace       used 24884K, capacity 25602K, committed 25852K, reserved 1073152K
  class space    used 2546K, capacity 2833K, committed 2892K, reserved 1048576K
}
Event: 35.585 GC heap after
{Heap after GC invocations=87 (full 0):
 garbage-first heap   total 268288K, used 84105K [0x0000000741c00000, 0x0000000800000000)
  region size 1024K, 1 young (1024K), 1 survivors (1024K)
 Metaspace       used 24884K, capacity 25602K, committed 25852K, reserved 1073152K
  class space    used 2546K, capacity 2833K, committed 2892K, reserved 1048576K
}
Event: 35.674 GC heap before
{Heap before GC invocations=87 (full 0):
 garbage-first heap   total 268288K, used 243849K [0x0000000741c00000, 0x0000000800000000)
  region size 1024K, 158 young (161792K), 1 survivors (1024K)
 Metaspace       used 24947K, capacity 25665K, committed 25852K, reserved 1073152K
  class space    used 2560K, capacity 2855K, committed 2892K, reserved 1048576K
}
Event: 35.675 GC heap after
{Heap after GC invocations=88 (full 0):
 garbage-first heap   total 268288K, used 84150K [0x0000000741c00000, 0x0000000800000000)
  region size 1024K, 1 young (1024K), 1 survivors (1024K)
 Metaspace       used 24947K, capacity 25665K, committed 25852K, reserved 1073152K
  class space    used 2560K, capacity 2855K, committed 2892K, reserved 1048576K
}
Event: 35.769 GC heap before
{Heap before GC invocations=88 (full 0):
 garbage-first heap   total 268288K, used 238774K [0x0000000741c00000, 0x0000000800000000)
  region size 1024K, 153 young (156672K), 1 survivors (1024K)
 Metaspace       used 24949K, capacity 25665K, committed 25852K, reserved 1073152K
  class space    used 2560K, capacity 2855K, committed 2892K, reserved 1048576K
}
Event: 35.770 GC heap after
{Heap after GC invocations=89 (full 0):
 garbage-first heap   total 268288K, used 84152K [0x0000000741c00000, 0x0000000800000000)
  region size 1024K, 1 young (1024K), 1 survivors (1024K)
 Metaspace       used 24949K, capacity 25665K, committed 25852K, reserved 1073152K
  class space    used 2560K, capacity 2855K, committed 2892K, reserved 1048576K
}
Event: 35.865 GC heap before
{Heap before GC invocations=89 (full 0):
 garbage-first heap   total 268288K, used 237752K [0x0000000741c00000, 0x0000000800000000)
  region size 1024K, 152 young (155648K), 1 survivors (1024K)
 Metaspace       used 24969K, capacity 25703K, committed 25980K, reserved 1073152K
  class space    used 2565K, capacity 2889K, committed 3020K, reserved 1048576K
}
Event: 35.866 GC heap after
{Heap after GC invocations=90 (full 0):
 garbage-first heap   total 268288K, used 84159K [0x0000000741c00000, 0x0000000800000000)
  region size 1024K, 1 young (1024K), 1 survivors (1024K)
 Metaspace       used 24969K, capacity 25703K, committed 25980K, reserved 1073152K
  class space    used 2565K, capacity 2889K, committed 3020K, reserved 1048576K
}

Deoptimization events (10 events):
Event: 31.054 Thread 0x000001df17bec800 Uncommon trap: reason=profile_predicate action=maybe_recompile pc=0x000001df07c8bce0 method=jdk.internal.math.FDBigInteger.cmp(Ljdk/internal/math/FDBigInteger;)I @ 48 c2
Event: 31.093 Thread 0x000001df17bec800 Uncommon trap: reason=profile_predicate action=maybe_recompile pc=0x000001df07c8e20c method=jdk.internal.math.FDBigInteger.cmp(Ljdk/internal/math/FDBigInteger;)I @ 48 c2
Event: 32.331 Thread 0x000001df17bf3000 Uncommon trap: reason=unstable_if action=reinterpret pc=0x000001df07c5703c method=java.math.BigDecimal.<init>([CIILjava/math/MathContext;)V @ 133 c2
Event: 32.902 Thread 0x000001df17bf3000 Uncommon trap: reason=class_check action=maybe_recompile pc=0x000001df07b18934 method=jdk.internal.misc.Unsafe.allocateUninitializedArray(Ljava/lang/Class;I)Ljava/lang/Object; @ 48 c2
Event: 32.902 Thread 0x000001df17bf3000 Uncommon trap: reason=class_check action=maybe_recompile pc=0x000001df07b18934 method=jdk.internal.misc.Unsafe.allocateUninitializedArray(Ljava/lang/Class;I)Ljava/lang/Object; @ 48 c2
Event: 32.902 Thread 0x000001df17bf3000 Uncommon trap: reason=class_check action=maybe_recompile pc=0x000001df07b18934 method=jdk.internal.misc.Unsafe.allocateUninitializedArray(Ljava/lang/Class;I)Ljava/lang/Object; @ 48 c2
Event: 32.902 Thread 0x000001df17bf3000 Uncommon trap: reason=class_check action=maybe_recompile pc=0x000001df07b18934 method=jdk.internal.misc.Unsafe.allocateUninitializedArray(Ljava/lang/Class;I)Ljava/lang/Object; @ 48 c2
Event: 35.548 Thread 0x000001df17bec800 Uncommon trap: reason=unstable_if action=reinterpret pc=0x000001df07cb4864 method=jdk.internal.math.FDBigInteger.cmp(Ljdk/internal/math/FDBigInteger;)I @ 22 c2
Event: 35.828 Thread 0x000001df17bf6800 Uncommon trap: reason=class_check action=maybe_recompile pc=0x000001df07c01b30 method=java.util.concurrent.locks.AbstractQueuedSynchronizer.release(I)Z @ 2 c2
Event: 35.870 Thread 0x000001df19494800 Uncommon trap: reason=unstable_if action=reinterpret pc=0x000001df07bf5ef4 method=java.lang.StringLatin1.regionMatchesCI([BI[BII)Z @ 66 c2

Classes redefined (0 events):
No events

Internal exceptions (10 events):
Event: 5.296 Thread 0x000001df75ecb000 Implicit null exception at 0x000001df07b18478 to 0x000001df07b1850a
Event: 17.370 Thread 0x000001df19494800 Exception <a 'java/lang/NoSuchMethodError'{0x000000074d7377a8}: java.lang.invoke.DirectMethodHandle$Holder.invokeSpecialIFC(Ljava/lang/Object;Ljava/lang/Object;I)I> (0x000000074d7377a8) thrown at [t:/workspace/open/src/hotspot/share/interpreter/linkResolv
Event: 26.245 Thread 0x000001df17bed800 Exception <a 'java/net/SocketException'{0x000000074c4b2380}: Socket closed> (0x000000074c4b2380) thrown at [t:/workspace/open/src/hotspot/share/prims/jni.cpp, line 636]
Event: 27.323 Thread 0x000001df19494800 Exception <a 'java/net/BindException'{0x000000074a2a7948}: Address already in use: NET_Bind> (0x000000074a2a7948) thrown at [t:/workspace/open/src/hotspot/share/prims/jni.cpp, line 636]
Event: 35.588 Thread 0x000001df17beb800 Exception <a 'java/lang/NoSuchMethodError'{0x0000000751c819b8}: java.lang.invoke.DirectMethodHandle$Holder.invokeStatic(Ljava/lang/Object;Ljava/lang/Object;Ljava/lang/Object;Ljava/lang/Object;Ljava/lang/Object;Ljava/lang/Object;Ljava/lang/Object;Ljava/lan
Event: 35.590 Thread 0x000001df17beb800 Exception <a 'java/lang/NoSuchMethodError'{0x0000000751900578}: java.lang.invoke.DirectMethodHandle$Holder.invokeStatic(Ljava/lang/Object;Ljava/lang/Object;Ljava/lang/Object;Ljava/lang/Object;Ljava/lang/Object;Ljava/lang/Object;Ljava/lang/Object;Ljava/lan
Event: 35.594 Thread 0x000001df17beb800 Exception <a 'java/lang/NoSuchMethodError'{0x00000007515809d8}: java.lang.invoke.DirectMethodHandle$Holder.invokeStatic(Ljava/lang/Object;Ljava/lang/Object;Ljava/lang/Object;Ljava/lang/Object;Ljava/lang/Object;Ljava/lang/Object;Ljava/lang/Object;Ljava/lan
Event: 35.828 Thread 0x000001df17bf6800 Exception <a 'java/lang/IllegalStateException'{0x000000074c205600}> (0x000000074c205600) thrown at [t:/workspace/open/src/hotspot/share/prims/jvm.cpp, line 1312]
Event: 35.868 Thread 0x000001df19494800 Exception <a 'java/io/FileNotFoundException'{0x0000000752081530}> (0x0000000752081530) thrown at [t:/workspace/open/src/hotspot/share/prims/jni.cpp, line 615]
Event: 35.873 Thread 0x000001df19494800 Exception <a 'java/io/FileNotFoundException'{0x0000000751c15d60}> (0x0000000751c15d60) thrown at [t:/workspace/open/src/hotspot/share/prims/jni.cpp, line 615]

Events (10 events):
Event: 35.869 Executing VM operation: RevokeBias done
Event: 35.870 loading class sun/font/SunFontManager$FamilyDescription
Event: 35.870 loading class sun/font/SunFontManager$FamilyDescription done
Event: 35.870 Thread 0x000001df19494800 Uncommon trap: trap_request=0xffffff4d fr.pc=0x000001df07bf5ef4 relative=0x00000000000004b4
Event: 35.870 Thread 0x000001df19494800 DEOPT PACKING pc=0x000001df07bf5ef4 sp=0x000000b6944fd410
Event: 35.870 Thread 0x000001df19494800 DEOPT UNPACKING pc=0x000001df000291af sp=0x000000b6944fd288 mode 2
Event: 35.870 loading class sun/font/SunFontManager$5
Event: 35.870 loading class sun/font/SunFontManager$5 done
Event: 35.873 loading class sun/font/NullFontScaler
Event: 35.874 loading class sun/font/NullFontScaler done


Dynamic libraries:
0x00007ff61a830000 - 0x00007ff61a877000 	C:\Program Files\Java\jdk-11\bin\java.exe
0x00007ffbdf910000 - 0x00007ffbdfafd000 	C:\Windows\SYSTEM32\ntdll.dll
0x00007ffbdd2a0000 - 0x00007ffbdd353000 	C:\Windows\System32\KERNEL32.DLL
0x00007ffbdbc80000 - 0x00007ffbdbf13000 	C:\Windows\System32\KERNELBASE.dll
0x00007ffbdee80000 - 0x00007ffbdef23000 	C:\Windows\System32\ADVAPI32.dll
0x00007ffbdf380000 - 0x00007ffbdf41e000 	C:\Windows\System32\msvcrt.dll
0x00007ffbdcbf0000 - 0x00007ffbdcc8e000 	C:\Windows\System32\sechost.dll
0x00007ffbdd170000 - 0x00007ffbdd293000 	C:\Windows\System32\RPCRT4.dll
0x00007ffbdf010000 - 0x00007ffbdf1a7000 	C:\Windows\System32\USER32.dll
0x00007ffbdbf20000 - 0x00007ffbdbf40000 	C:\Windows\System32\win32u.dll
0x00007ffbdee50000 - 0x00007ffbdee79000 	C:\Windows\System32\GDI32.dll
0x00007ffbdc970000 - 0x00007ffbdcb0a000 	C:\Windows\System32\gdi32full.dll
0x00007ffbdb9e0000 - 0x00007ffbdba80000 	C:\Windows\System32\msvcp_win.dll
0x00007ffbdc120000 - 0x00007ffbdc21c000 	C:\Windows\System32\ucrtbase.dll
0x00007ffbc94d0000 - 0x00007ffbc9749000 	C:\Windows\WinSxS\amd64_microsoft.windows.common-controls_6595b64144ccf1df_6.0.17763.134_none_05b3373a07211a5c\COMCTL32.dll
0x00007ffbcdbc0000 - 0x00007ffbcdbca000 	C:\Windows\SYSTEM32\VERSION.dll
0x00007ffbdd5c0000 - 0x00007ffbdd8ed000 	C:\Windows\System32\combase.dll
0x00007ffbdbfa0000 - 0x00007ffbdc01e000 	C:\Windows\System32\bcryptPrimitives.dll
0x00007ffbdf6d0000 - 0x00007ffbdf6fe000 	C:\Windows\System32\IMM32.DLL
0x00007ffb920c0000 - 0x00007ffb920d6000 	C:\Program Files\Java\jdk-11\bin\vcruntime140.dll
0x00007ffb92010000 - 0x00007ffb920ba000 	C:\Program Files\Java\jdk-11\bin\msvcp140.dll
0x00007ffb90f90000 - 0x00007ffb91ad2000 	C:\Program Files\Java\jdk-11\bin\server\jvm.dll
0x00007ffbdef90000 - 0x00007ffbdef98000 	C:\Windows\System32\PSAPI.DLL
0x00007ffbd81f0000 - 0x00007ffbd8214000 	C:\Windows\SYSTEM32\WINMM.dll
0x00007ffbd81c0000 - 0x00007ffbd81ed000 	C:\Windows\SYSTEM32\WINMMBASE.dll
0x00007ffbdc020000 - 0x00007ffbdc06a000 	C:\Windows\System32\cfgmgr32.dll
0x00007ffbd7bf0000 - 0x00007ffbd7bf9000 	C:\Windows\SYSTEM32\WSOCK32.dll
0x00007ffbdefa0000 - 0x00007ffbdf00d000 	C:\Windows\System32\WS2_32.dll
0x00007ffbdb9c0000 - 0x00007ffbdb9d1000 	C:\Windows\System32\kernel.appcore.dll
0x00007ffb8dd50000 - 0x00007ffb8dd61000 	C:\Program Files\Java\jdk-11\bin\verify.dll
0x00007ffbd5750000 - 0x00007ffbd593d000 	C:\Windows\SYSTEM32\DBGHELP.DLL
0x00007ffbd72a0000 - 0x00007ffbd72ca000 	C:\Windows\SYSTEM32\dbgcore.DLL
0x00007ffb8dd20000 - 0x00007ffb8dd49000 	C:\Program Files\Java\jdk-11\bin\java.dll
0x00007ffbc6950000 - 0x00007ffbc697f000 	C:\Program Files\Java\jdk-11\bin\instrument.dll
0x00007ffbba990000 - 0x00007ffbba9a6000 	C:\Program Files\Java\jdk-11\bin\zip.dll
0x00007ffbc6d90000 - 0x00007ffbc6d9a000 	C:\Program Files\Java\jdk-11\bin\jimage.dll
0x00007ffbdd8f0000 - 0x00007ffbdeddf000 	C:\Windows\System32\SHELL32.dll
0x00007ffbdd510000 - 0x00007ffbdd5b8000 	C:\Windows\System32\shcore.dll
0x00007ffbdc220000 - 0x00007ffbdc968000 	C:\Windows\System32\windows.storage.dll
0x00007ffbdb930000 - 0x00007ffbdb954000 	C:\Windows\System32\profapi.dll
0x00007ffbdb960000 - 0x00007ffbdb9bd000 	C:\Windows\System32\powrprof.dll
0x00007ffbdf700000 - 0x00007ffbdf752000 	C:\Windows\System32\shlwapi.dll
0x00007ffbdbc60000 - 0x00007ffbdbc77000 	C:\Windows\System32\cryptsp.dll
0x00007ffbd7a10000 - 0x00007ffbd7a29000 	C:\Program Files\Java\jdk-11\bin\net.dll
0x00007ffbd7910000 - 0x00007ffbd7a01000 	C:\Windows\SYSTEM32\WINHTTP.dll
0x00007ffbdb1a0000 - 0x00007ffbdb207000 	C:\Windows\system32\mswsock.dll
0x00007ffbc7570000 - 0x00007ffbc7583000 	C:\Program Files\Java\jdk-11\bin\nio.dll
0x00007ffbcdc60000 - 0x00007ffbcdc7a000 	C:\Program Files\JetBrains\IntelliJ IDEA 2018.3.4\bin\breakgen64.dll
0x00007ffba9d70000 - 0x00007ffba9f0f000 	C:\Program Files\Java\jdk-11\bin\awt.dll
0x00007ffbdf420000 - 0x00007ffbdf4eb000 	C:\Windows\System32\OLEAUT32.dll
0x00007ffbd8fc0000 - 0x00007ffbd957e000 	C:\Windows\SYSTEM32\d2d1.dll
0x00007ffbd9be0000 - 0x00007ffbd9c6c000 	C:\Windows\SYSTEM32\apphelp.dll
0x00007ffbd9cd0000 - 0x00007ffbd9d6c000 	C:\Windows\system32\uxtheme.dll
0x00007ffbdf770000 - 0x00007ffbdf8da000 	C:\Windows\System32\MSCTF.dll
0x00007ffbda010000 - 0x00007ffbda03e000 	C:\Windows\system32\dwmapi.dll
0x00007ffbdba80000 - 0x00007ffbdbc5b000 	C:\Windows\System32\CRYPT32.dll
0x00007ffbdb910000 - 0x00007ffbdb922000 	C:\Windows\System32\MSASN1.dll
0x00007ffbdf4f0000 - 0x00007ffbdf645000 	C:\Windows\System32\ole32.dll
0x000001df18130000 - 0x000001df18133000 	C:\Program Files\Java\jdk-11\bin\api-ms-win-core-console-l1-1-0.dll
0x000001df18140000 - 0x000001df18143000 	C:\Program Files\Java\jdk-11\bin\api-ms-win-core-datetime-l1-1-0.dll
0x000001df18150000 - 0x000001df18153000 	C:\Program Files\Java\jdk-11\bin\api-ms-win-core-debug-l1-1-0.dll
0x000001df18160000 - 0x000001df18163000 	C:\Program Files\Java\jdk-11\bin\api-ms-win-core-errorhandling-l1-1-0.dll
0x000001df18170000 - 0x000001df18174000 	C:\Program Files\Java\jdk-11\bin\api-ms-win-core-file-l1-1-0.dll
0x000001df18180000 - 0x000001df18183000 	C:\Program Files\Java\jdk-11\bin\api-ms-win-core-file-l1-2-0.dll
0x000001df18190000 - 0x000001df18193000 	C:\Program Files\Java\jdk-11\bin\api-ms-win-core-file-l2-1-0.dll
0x000001df181a0000 - 0x000001df181a3000 	C:\Program Files\Java\jdk-11\bin\api-ms-win-core-handle-l1-1-0.dll
0x000001df181b0000 - 0x000001df181b3000 	C:\Program Files\Java\jdk-11\bin\api-ms-win-core-heap-l1-1-0.dll
0x000001df181c0000 - 0x000001df181c3000 	C:\Program Files\Java\jdk-11\bin\api-ms-win-core-interlocked-l1-1-0.dll
0x000001df181d0000 - 0x000001df181d3000 	C:\Program Files\Java\jdk-11\bin\api-ms-win-core-libraryloader-l1-1-0.dll
0x000001df181e0000 - 0x000001df181e3000 	C:\Program Files\Java\jdk-11\bin\api-ms-win-core-localization-l1-2-0.dll
0x000001df181f0000 - 0x000001df181f3000 	C:\Program Files\Java\jdk-11\bin\api-ms-win-core-memory-l1-1-0.dll
0x000001df18200000 - 0x000001df18203000 	C:\Program Files\Java\jdk-11\bin\api-ms-win-core-namedpipe-l1-1-0.dll
0x000001df18210000 - 0x000001df18213000 	C:\Program Files\Java\jdk-11\bin\api-ms-win-core-processenvironment-l1-1-0.dll
0x000001df18220000 - 0x000001df18223000 	C:\Program Files\Java\jdk-11\bin\api-ms-win-core-processthreads-l1-1-0.dll
0x000001df18230000 - 0x000001df18233000 	C:\Program Files\Java\jdk-11\bin\api-ms-win-core-processthreads-l1-1-1.dll
0x000001df18240000 - 0x000001df18243000 	C:\Program Files\Java\jdk-11\bin\api-ms-win-core-profile-l1-1-0.dll
0x000001df18250000 - 0x000001df18253000 	C:\Program Files\Java\jdk-11\bin\api-ms-win-core-rtlsupport-l1-1-0.dll
0x000001df18260000 - 0x000001df18263000 	C:\Program Files\Java\jdk-11\bin\api-ms-win-core-string-l1-1-0.dll
0x000001df18270000 - 0x000001df18273000 	C:\Program Files\Java\jdk-11\bin\api-ms-win-core-synch-l1-1-0.dll
0x000001df18280000 - 0x000001df18283000 	C:\Program Files\Java\jdk-11\bin\api-ms-win-core-synch-l1-2-0.dll
0x000001df18290000 - 0x000001df18293000 	C:\Program Files\Java\jdk-11\bin\api-ms-win-core-sysinfo-l1-1-0.dll
0x000001df182a0000 - 0x000001df182a3000 	C:\Program Files\Java\jdk-11\bin\api-ms-win-core-timezone-l1-1-0.dll
0x000001df182b0000 - 0x000001df182b3000 	C:\Program Files\Java\jdk-11\bin\api-ms-win-core-util-l1-1-0.dll
0x000001df182c0000 - 0x000001df182c3000 	C:\Program Files\Java\jdk-11\bin\api-ms-win-crt-conio-l1-1-0.dll
0x000001df182d0000 - 0x000001df182d4000 	C:\Program Files\Java\jdk-11\bin\api-ms-win-crt-convert-l1-1-0.dll
0x000001df182e0000 - 0x000001df182e3000 	C:\Program Files\Java\jdk-11\bin\api-ms-win-crt-environment-l1-1-0.dll
0x000001df182f0000 - 0x000001df182f3000 	C:\Program Files\Java\jdk-11\bin\api-ms-win-crt-filesystem-l1-1-0.dll
0x000001df18f10000 - 0x000001df18f13000 	C:\Program Files\Java\jdk-11\bin\api-ms-win-crt-heap-l1-1-0.dll
0x000001df18f20000 - 0x000001df18f23000 	C:\Program Files\Java\jdk-11\bin\api-ms-win-crt-locale-l1-1-0.dll
0x000001df18f30000 - 0x000001df18f35000 	C:\Program Files\Java\jdk-11\bin\api-ms-win-crt-math-l1-1-0.dll
0x000001df18f40000 - 0x000001df18f45000 	C:\Program Files\Java\jdk-11\bin\api-ms-win-crt-multibyte-l1-1-0.dll
0x000001df18f50000 - 0x000001df18f60000 	C:\Program Files\Java\jdk-11\bin\api-ms-win-crt-private-l1-1-0.dll
0x000001df18f60000 - 0x000001df18f63000 	C:\Program Files\Java\jdk-11\bin\api-ms-win-crt-process-l1-1-0.dll
0x000001df18f70000 - 0x000001df18f74000 	C:\Program Files\Java\jdk-11\bin\api-ms-win-crt-runtime-l1-1-0.dll
0x000001df18f80000 - 0x000001df18f84000 	C:\Program Files\Java\jdk-11\bin\api-ms-win-crt-stdio-l1-1-0.dll
0x000001df18f90000 - 0x000001df18f94000 	C:\Program Files\Java\jdk-11\bin\api-ms-win-crt-string-l1-1-0.dll
0x000001df18fa0000 - 0x000001df18fa3000 	C:\Program Files\Java\jdk-11\bin\api-ms-win-crt-time-l1-1-0.dll
0x000001df18fb0000 - 0x000001df18fb3000 	C:\Program Files\Java\jdk-11\bin\api-ms-win-crt-utility-l1-1-0.dll
0x00007ffba9c70000 - 0x00007ffba9d6a000 	C:\Program Files\Java\jdk-11\bin\ucrtbase.dll
0x00007ffbc45e0000 - 0x00007ffbc4631000 	C:\Program Files\Java\jdk-11\bin\concrt140.dll
0x00007ffbc6880000 - 0x00007ffbc68a3000 	C:\Program Files\Java\jdk-11\bin\prism_d3d.dll
0x00007ffb92540000 - 0x00007ffb926de000 	C:\Windows\system32\d3d9.dll
0x00007ffbdcb10000 - 0x00007ffbdcb36000 	C:\Windows\System32\bcrypt.dll
0x00007ffbbdb00000 - 0x00007ffbbdb45000 	C:\Program Files\Java\jdk-11\bin\glass.dll
0x00007ffbdf1b0000 - 0x00007ffbdf2d7000 	C:\Windows\System32\COMDLG32.dll
0x00007ffbdad60000 - 0x00007ffbdad93000 	C:\Windows\system32\rsaenh.dll
0x00007ffbdb810000 - 0x00007ffbdb838000 	C:\Windows\SYSTEM32\USERENV.dll
0x00007ffbdb370000 - 0x00007ffbdb37c000 	C:\Windows\SYSTEM32\CRYPTBASE.dll
0x00007ffbdaf00000 - 0x00007ffbdaf3d000 	C:\Windows\SYSTEM32\IPHLPAPI.DLL
0x00007ffbdede0000 - 0x00007ffbdede8000 	C:\Windows\System32\NSI.dll
0x00007ffbd0640000 - 0x00007ffbd0656000 	C:\Windows\SYSTEM32\dhcpcsvc6.DLL
0x00007ffbd0620000 - 0x00007ffbd063c000 	C:\Windows\SYSTEM32\dhcpcsvc.DLL
0x00007ffbdaf40000 - 0x00007ffbdb006000 	C:\Windows\SYSTEM32\DNSAPI.dll
0x00007ffbd5350000 - 0x00007ffbd537d000 	C:\Program Files\Java\jdk-11\bin\javajpeg.dll
0x00007ffbb0f20000 - 0x00007ffbb0fa0000 	C:\Program Files\Java\jdk-11\bin\freetype.dll
0x00007ffba9c00000 - 0x00007ffba9c6f000 	C:\Program Files\Java\jdk-11\bin\fontmanager.dll
0x00007ffba9b50000 - 0x00007ffba9bf3000 	C:\Program Files\Java\jdk-11\bin\glib-lite.dll
0x00007ffba7920000 - 0x00007ffba79fe000 	C:\Program Files\Java\jdk-11\bin\gstreamer-lite.dll
0x00007ffbd1420000 - 0x00007ffbd14b6000 	C:\Windows\SYSTEM32\DSOUND.dll
0x00007ffbc0bc0000 - 0x00007ffbc0be6000 	C:\Program Files\Java\jdk-11\bin\jfxmedia.dll
0x00007ffbdcb40000 - 0x00007ffbdcbe2000 	C:\Windows\System32\clbcatq.dll
0x00007ffbd7e40000 - 0x00007ffbd7fe8000 	C:\Windows\system32\propsys.dll
0x00007ffbbdad0000 - 0x00007ffbbdaf2000 	C:\Program Files\Java\jdk-11\bin\fxplugins.dll
0x00007ffbd0070000 - 0x00007ffbd00e0000 	C:\Windows\System32\MMDevApi.dll
0x00007ffbdb720000 - 0x00007ffbdb749000 	C:\Windows\System32\DEVOBJ.dll
0x00007ffbcb790000 - 0x00007ffbcb8d8000 	C:\Windows\SYSTEM32\AUDIOSES.DLL
0x00007ffbd73f0000 - 0x00007ffbd7543000 	C:\Windows\SYSTEM32\wintypes.dll
0x00007ffbd71a0000 - 0x00007ffbd71aa000 	C:\Windows\SYSTEM32\AVRT.dll

dbghelp: loaded successfully - version: 4.0.5 - missing functions: none
symbol engine: initialized successfully - sym options: 0x614 - pdb path: .;C:\Program Files\Java\jdk-11\bin;C:\Windows\SYSTEM32;C:\Windows\WinSxS\amd64_microsoft.windows.common-controls_6595b64144ccf1df_6.0.17763.134_none_05b3373a07211a5c;C:\Program Files\Java\jdk-11\bin\server;C:\Program Files\JetBrains\IntelliJ IDEA 2018.3.4\bin;C:\Windows\System32\DriverStore\FileRepository\igdlh64.inf_amd64_463164d40c3d26ce;C:\Windows\System32\DriverStore\FileRepository\nvam.inf_amd64_c3cc1021ffb32d41

VM Arguments:
jvm_args: -javaagent:C:\Program Files\JetBrains\IntelliJ IDEA 2018.3.4\lib\idea_rt.jar=7846:C:\Program Files\JetBrains\IntelliJ IDEA 2018.3.4\bin -Dfile.encoding=UTF-8 
java_command: ir.farzinnasiri.Client.ClientMain
java_class_path (initial): D:\github\Chicken Invaders-Down of the new world\out\production\Chicken Invaders-Down of the new world;D:\github\Chicken Invaders-Down of the new world\lib\json-20180813.jar;D:\github\Chicken Invaders-Down of the new world\lib\javafx-swt.jar;D:\github\Chicken Invaders-Down of the new world\lib\javafx.base.jar;D:\github\Chicken Invaders-Down of the new world\lib\javafx.controls.jar;D:\github\Chicken Invaders-Down of the new world\lib\javafx.fxml.jar;D:\github\Chicken Invaders-Down of the new world\lib\javafx.graphics.jar;D:\github\Chicken Invaders-Down of the new world\lib\javafx.swing.jar;D:\github\Chicken Invaders-Down of the new world\lib\javafx.media.jar;D:\github\Chicken Invaders-Down of the new world\lib\javafx.web.jar;D:\github\Chicken Invaders-Down of the new world\lib\gson-2.8.5.jar
Launcher Type: SUN_STANDARD

[Global flags]
     intx CICompilerCount                          = 3                                         {product} {ergonomic}
     uint ConcGCThreads                            = 1                                         {product} {ergonomic}
     uint G1ConcRefinementThreads                  = 4                                         {product} {ergonomic}
   size_t G1HeapRegionSize                         = 1048576                                   {product} {ergonomic}
    uintx GCDrainStackTargetSize                   = 64                                        {product} {ergonomic}
   size_t InitialHeapSize                          = 201326592                                 {product} {ergonomic}
   size_t MarkStackSize                            = 4194304                                   {product} {ergonomic}
   size_t MaxHeapSize                              = 3191865344                                {product} {ergonomic}
   size_t MaxNewSize                               = 1914699776                                {product} {ergonomic}
   size_t MinHeapDeltaBytes                        = 1048576                                   {product} {ergonomic}
    uintx NonNMethodCodeHeapSize                   = 5830092                                {pd product} {ergonomic}
    uintx NonProfiledCodeHeapSize                  = 122914074                              {pd product} {ergonomic}
    uintx ProfiledCodeHeapSize                     = 122914074                              {pd product} {ergonomic}
    uintx ReservedCodeCacheSize                    = 251658240                              {pd product} {ergonomic}
     bool SegmentedCodeCache                       = true                                      {product} {ergonomic}
     bool UseCompressedClassPointers               = true                                 {lp64_product} {ergonomic}
     bool UseCompressedOops                        = true                                 {lp64_product} {ergonomic}
     bool UseG1GC                                  = true                                      {product} {ergonomic}
     bool UseLargePagesIndividualAllocation        = false                                  {pd product} {ergonomic}

Logging:
Log output configuration:
 #0: stdout all=warning uptime,level,tags
 #1: stderr all=off uptime,level,tags

Environment Variables:
PATH=C:\Program Files (x86)\Python37-32\Scripts\;C:\Program Files (x86)\Python37-32\;C:\Program Files\Python37\Scripts\;C:\Program Files\Python37\;C:\Program Files (x86)\Intel\iCLS Client\;C:\Program Files\Intel\iCLS Client\;C:\Windows\system32;C:\Windows;C:\Windows\System32\Wbem;C:\Windows\System32\WindowsPowerShell\v1.0\;C:\Windows\System32\OpenSSH\;C:\Program Files (x86)\NVIDIA Corporation\PhysX\Common;C:\Program Files (x86)\Intel\Intel(R) Management Engine Components\DAL;C:\Program Files\Intel\Intel(R) Management Engine Components\DAL;C:\Program Files (x86)\Intel\Intel(R) Management Engine Components\IPT;C:\Program Files\Intel\Intel(R) Management Engine Components\IPT;C:\Users\farzi\AppData\Local\Programs\Python\Python37;C:\Program Files\Java\jdk-11\bin;C:\Users\farzi\AppData\Local\Microsoft\WindowsApps;C:\Users\farzi\AppData\Local\GitHubDesktop\bin;C:\Program Files\JetBrains\WebStorm 2018.3.3\bin;;C:\Program Files\JetBrains\IntelliJ IDEA 2018.3.4\bin;
USERNAME=farzi
OS=Windows_NT
PROCESSOR_IDENTIFIER=Intel64 Family 6 Model 142 Stepping 9, GenuineIntel



---------------  S Y S T E M  ---------------

OS: Windows 10 , 64 bit Build 17763 (10.0.17763.1)

CPU:total 4 (initial active 4) (2 cores per cpu, 2 threads per core) family 6 model 142 stepping 9, cmov, cx8, fxsr, mmx, sse, sse2, sse3, ssse3, sse4.1, sse4.2, popcnt, avx, avx2, aes, clmul, erms, 3dnowpref, lzcnt, ht, tsc, tscinvbit, bmi1, bmi2, adx, fma

Memory: 4k page, system-wide physical 12169M (6069M free)
TotalPageFile size 14025M (AvailPageFile size 5977M)
current process WorkingSet (physical memory assigned to process): 390M, peak: 422M
current process commit charge ("private bytes"): 426M, peak: 466M

vm_info: Java HotSpot(TM) 64-Bit Server VM (11+28) for windows-amd64 JRE (11+28), built on Aug 23 2018 03:03:59 by "mach5one" with MS VC++ 15.5 (VS2017)

END.
